Scarab gitrev: 3541854
Scarab started at Thu Oct 17 19:07:12 2024

Initialized Ramulator. 
** Heartbeat:   5% -- { 1000000 } -- 0.00 KIPS (52.63 KIPS)
** Heartbeat:  10% -- { 2000000 } -- 66.67 KIPS (58.82 KIPS)
** Heartbeat:  15% -- { 3000000 } -- 58.82 KIPS (58.82 KIPS)
** Heartbeat:  20% -- { 4000000 } -- 71.43 KIPS (61.54 KIPS)
** Heartbeat:  25% -- { 5000000 } -- 83.33 KIPS (64.94 KIPS)
** Heartbeat:  30% -- { 6000000 } -- 83.33 KIPS (67.42 KIPS)
** Heartbeat:  35% -- { 7000000 } -- 76.92 KIPS (68.63 KIPS)
** Heartbeat:  40% -- { 8000000 } -- 66.67 KIPS (68.38 KIPS)
** Heartbeat:  45% -- { 9000000 } -- 83.33 KIPS (69.77 KIPS)
** Heartbeat:  50% -- { 10000000 } -- 71.43 KIPS (69.93 KIPS)
** Heartbeat:  55% -- { 11000000 } -- 66.67 KIPS (69.62 KIPS)
** Heartbeat:  60% -- { 12000000 } -- 62.50 KIPS (68.97 KIPS)
** Heartbeat:  65% -- { 13000000 } -- 62.50 KIPS (68.42 KIPS)
** Heartbeat:  70% -- { 14000000 } -- 66.67 KIPS (68.29 KIPS)
** Heartbeat:  75% -- { 15000000 } -- 47.62 KIPS (66.37 KIPS)
** Heartbeat:  80% -- { 16000000 } -- 76.92 KIPS (66.95 KIPS)
** Heartbeat:  85% -- { 17000000 } -- 62.50 KIPS (66.67 KIPS)
** Heartbeat:  90% -- { 18000005 } -- 83.33 KIPS (67.42 KIPS)
** Heartbeat:  95% -- { 19000009 } -- 50.00 KIPS (66.20 KIPS)
** Core 0 Finished:    insts:20000000    cycles:20685818    time:6464318125000       -- 0.97 IPC (0.97 IPC) --  N/A  KIPS (65.36 KIPS)
Scarab finished at Thu Oct 17 19:12:18 2024

