Scarab gitrev: 3541854
Scarab started at Mon Oct  7 22:54:19 2024

Initialized Ramulator. 
** Heartbeat:   5% -- { 1000001 } -- 0.00 KIPS (71.43 KIPS)
** Heartbeat:  10% -- { 2000001 } -- 83.33 KIPS (76.92 KIPS)
** Heartbeat:  15% -- { 3000003 } -- 90.91 KIPS (81.08 KIPS)
** Heartbeat:  20% -- { 4000007 } -- 55.56 KIPS (72.73 KIPS)
** Heartbeat:  25% -- { 5000008 } -- 55.56 KIPS (68.49 KIPS)
** Heartbeat:  30% -- { 6000010 } -- 66.67 KIPS (68.18 KIPS)
** Heartbeat:  35% -- { 7000014 } -- 66.67 KIPS (67.96 KIPS)
** Heartbeat:  40% -- { 8000018 } -- 62.50 KIPS (67.23 KIPS)
** Heartbeat:  45% -- { 9000020 } -- 58.82 KIPS (66.18 KIPS)
** Heartbeat:  50% -- { 10000021 } -- 71.43 KIPS (66.67 KIPS)
** Heartbeat:  55% -- { 11000022 } -- 52.63 KIPS (65.09 KIPS)
** Heartbeat:  60% -- { 12000025 } -- 50.00 KIPS (63.49 KIPS)
** Heartbeat:  65% -- { 13000028 } -- 58.82 KIPS (63.11 KIPS)
** Heartbeat:  70% -- { 14000031 } -- 62.50 KIPS (63.06 KIPS)
** Heartbeat:  75% -- { 15000035 } -- 52.63 KIPS (62.24 KIPS)
** Heartbeat:  80% -- { 16000036 } -- 52.63 KIPS (61.54 KIPS)
** Heartbeat:  85% -- { 17000038 } -- 38.46 KIPS (59.44 KIPS)
** Heartbeat:  90% -- { 18000043 } -- 47.62 KIPS (58.63 KIPS)
** Heartbeat:  95% -- { 19000047 } -- 52.63 KIPS (58.28 KIPS)
Warning could not fetch inst from frontend
Warning could not fetch inst from frontend
Warning could not fetch inst from frontend
Warning could not fetch inst from frontend
Warning could not fetch inst from frontend
Warning could not fetch inst from frontend
Warning could not fetch inst from frontend
Warning could not fetch inst from frontend
Warning could not fetch inst from frontend
Warning could not fetch inst from frontend
Warning could not fetch inst from frontend
Warning could not fetch inst from frontend
Warning could not fetch inst from frontend
Warning could not fetch inst from frontend
Warning could not fetch inst from frontend
Warning could not fetch inst from frontend
Warning could not fetch inst from frontend
Warning could not fetch inst from frontend
Warning could not fetch inst from frontend
Warning could not fetch inst from frontend
Warning could not fetch inst from frontend
Warning could not fetch inst from frontend
** Core 0 Finished:    insts:20000000    cycles:22173065    time:6929082812500       -- 0.90 IPC (0.90 IPC) --  N/A  KIPS (58.82 KIPS)
Scarab finished at Mon Oct  7 22:59:59 2024

