/* -*- Mode: c -*- */
####################################################################################################
Core 0
####################################################################################################
Cumulative:        Cycles: 14591091              Instructions: 20000000              IPC: 1.37070

Periodic:          Cycles: 7364586               Instructions: 10000000              IPC: 1.35785

EXECUTION_TIME                           2301433125000                  4559715937500              

NODE_CYCLE                                     7364586                       14591091              

NODE_INST_COUNT                               10000000                       20000000              

NODE_INST_COUNT_FETCHED                        9049239                       18262380              

NODE_UOP_COUNT                                14366670                       28263801              

FULL_WINDOW_STALL                              4620130       62.734%          8930949       61.208%

FULL_WINDOW_MEM_OP                             1451905       43.818%          2700848       41.776%
FULL_WINDOW_FP_OP                              1822899       55.014%          3684630       56.993%
FULL_WINDOW_OTHER_OP                             38700        1.168%            79552        1.230%
                                               3313504      100.000%          6465030      100.000%
                                                  0.57         0.36              0.59         0.35

RET_BLOCKED_DC_MISS                            1259671       17.104%          2342734       16.056%

RET_BLOCKED_L1_MISS                            1138562       15.460%          2088696       14.315%

RET_BLOCKED_L1_MISS_BW_PREF                     419273        5.693%           659775        4.522%

RET_BLOCKED_L1_ACCESS                           127973        1.738%           271886        1.863%

RET_BLOCKED_MEM_STALL                          1177478       15.988%          2166046       14.845%

RET_BLOCKED_OFFCHIP_DEMAND                           0        0.000%                0        0.000%

OP_ISSUED                                     14656992                       29217848              

OP_RETIRED                                    14366670                       28263801              

REPLAY_SIGNALED                                      0                              0              

REPLAY_COUNTED                                       0                              0              

OFF_CRITICAL_PATH                                    0         -nan%                0         -nan%
ON_CRITICAL_PATH                                     0         -nan%                0         -nan%
                                                     0         -nan%                0         -nan%
                                                  -nan         -nan              -nan         -nan

LD_NO_DEPENDENTS                                 54524        2.250%           111836        2.281%
LD_DEPENDENTS                                  2368245       97.750%          4790630       97.719%
                                               2422769      100.000%          4902466      100.000%
                                                  0.98         0.97              0.98         0.97

LD_EXEC_CYCLES_0                                     0        0.000%                0        0.000%
LD_EXEC_CYCLES_1                                     0        0.000%                0        0.000%
LD_EXEC_CYCLES_2                                     0        0.000%                0        0.000%
LD_EXEC_CYCLES_3                                 10834       40.089%            21747       40.380%
LD_EXEC_CYCLES_4                                 16191       59.911%            32109       59.620%
                                                 27025      100.000%            53856      100.000%
                                                  3.60         2.83              3.60         2.82

ICACHE_STAGE_STARVED                            418061       11.076%           782135       10.616%
ICACHE_STAGE_NOT_STARVED                       3356360       88.924%          6585083       89.384%
                                               3774421      100.000%          7367218      100.000%
                                                  0.89         0.85              0.89         0.85

ICACHE_STAGE_STALLED                           3543547       48.116%          6820927       46.747%
ICACHE_STAGE_NOT_STALLED                       3566464       48.427%          6978410       47.827%
ICACHE_STAGE_OFF_PATH                           254575        3.457%           791754        5.426%
                                               7364586      100.000%         14591091      100.000%
                                                  0.55         0.42              0.59         0.46

DECODE_STAGE_STARVED                           7006209       96.723%         13727891       96.826%
DECODE_STAGE_NOT_STARVED                        237355        3.277%           450020        3.174%
                                               7243564      100.000%         14177911      100.000%
                                                  0.03         0.18              0.03         0.17

DECODE_STAGE_STALLED                            247124        3.356%           435504        2.985%
DECODE_STAGE_NOT_STALLED                       6996440       95.001%         13742407       94.184%
DECODE_STAGE_OFF_PATH                           121022        1.643%           413180        2.832%
                                               7364586      100.000%         14591091      100.000%
                                                  0.98         0.18              1.00         0.24

UOPQ_STAGE_STARVED                              572257       15.416%          1272617       17.284%
UOPQ_STAGE_NOT_STARVED                         3139897       84.584%          6090212       82.716%
                                               3712154      100.000%          7362829      100.000%
                                                  0.85         0.79              0.83         0.77

UOPQ_STAGE_STALLED                             3456333       46.932%          6675725       45.752%
UOPQ_STAGE_NOT_STALLED                         3712154       50.405%          7362829       50.461%
UOPQ_STAGE_OFF_PATH                             196099        2.663%           552537        3.787%
                                               7364586      100.000%         14591091      100.000%
                                                  0.56         0.40              0.58         0.42

MAP_STAGE_STARVED                               238576        3.316%           508318        3.615%
MAP_STAGE_NOT_STARVED                          6955318       96.684%         13552738       96.385%
                                               7193894      100.000%         14061056      100.000%
                                                  0.97         0.95              0.96         0.95

MAP_STAGE_STALLED                              3593747       48.798%          6943553       47.588%
MAP_STAGE_NOT_STALLED                          3600147       48.885%          7117503       48.780%
MAP_STAGE_OFF_PATH                              170692        2.318%           530035        3.633%
                                               7364586      100.000%         14591091      100.000%
                                                  0.54         0.40              0.56         0.43

EXEC_STAGE_STARVED                             2447381       33.232%          4803788       32.923%
EXEC_STAGE_NOT_STARVED                         4831612       65.606%          9502050       65.122%
EXEC_STAGE_OFF_PATH                              85593        1.162%           285253        1.955%
                                               7364586      100.000%         14591091      100.000%
                                                  0.68         0.31              0.69         0.32

FU_BUSY_0                                      5839824                       11692458              

FU_BUSY_1                                      3332306                        6585278              

FU_BUSY_2                                      1451751                        2885637              

FU_BUSY_3                                      1330237                        2628126              

FU_BUSY_4                                      2361127                        4602255              

FU_BUSY_5                                      1250383                        2542140              

FU_BUSY_6                                      1642396                        3140712              

FU_BUSY_7                                      1674052                        3200752              

FU_BUSY_8                                            0                              0              

FU_BUSY_9                                            0                              0              

FU_BUSY_10                                           0                              0              

FU_BUSY_11                                           0                              0              

FU_BUSY_12                                           0                              0              

FU_BUSY_13                                           0                              0              

FU_BUSY_14                                           0                              0              

FU_BUSY_15                                           0                              0              

FU_BUSY_16                                           0                              0              

FU_BUSY_17                                           0                              0              

FU_BUSY_18                                           0                              0              

FU_BUSY_19                                           0                              0              

FU_BUSY_20                                           0                              0              

FU_BUSY_21                                           0                              0              

FU_BUSY_22                                           0                              0              

FU_BUSY_23                                           0                              0              

FU_BUSY_24                                           0                              0              

FU_BUSY_25                                           0                              0              

FU_BUSY_26                                           0                              0              

FU_BUSY_27                                           0                              0              

FU_BUSY_28                                           0                              0              

FU_BUSY_29                                           0                              0              

FU_BUSY_30                                           0                              0              

FU_BUSY_31                                           0                              0              

FU_REJECTED_OP_INV_NOT_SIMD                          0        0.000%                0        0.000%
FU_REJECTED_OP_NOP_NOT_SIMD                       9182        0.219%            20044        0.244%
FU_REJECTED_OP_CF_NOT_SIMD                      104866        2.497%           211040        2.570%
FU_REJECTED_OP_MOV_NOT_SIMD                      31947        0.761%            65250        0.795%
FU_REJECTED_OP_CMOV_NOT_SIMD                       677        0.016%             1324        0.016%
FU_REJECTED_OP_LDA_NOT_SIMD                      12284        0.293%            25217        0.307%
FU_REJECTED_OP_IMEM_NOT_SIMD                     75839        1.806%           122369        1.490%
FU_REJECTED_OP_IADD_NOT_SIMD                   1027556       24.470%          1894804       23.075%
FU_REJECTED_OP_IMUL_NOT_SIMD                    109645        2.611%           226823        2.762%
FU_REJECTED_OP_IDIV_NOT_SIMD                         3        0.000%               12        0.000%
FU_REJECTED_OP_ICMP_NOT_SIMD                         0        0.000%                0        0.000%
FU_REJECTED_OP_LOGIC_NOT_SIMD                    29393        0.700%            59329        0.722%
FU_REJECTED_OP_SHIFT_NOT_SIMD                    22352        0.532%            44811        0.546%
FU_REJECTED_OP_FMEM_NOT_SIMD                     30006        0.715%            60330        0.735%
FU_REJECTED_OP_FCVT_NOT_SIMD                         0        0.000%                0        0.000%
FU_REJECTED_OP_FADD_NOT_SIMD                         0        0.000%                0        0.000%
FU_REJECTED_OP_FMUL_NOT_SIMD                         0        0.000%                0        0.000%
FU_REJECTED_OP_FMA_NOT_SIMD                          0        0.000%                0        0.000%
FU_REJECTED_OP_FDIV_NOT_SIMD                         0        0.000%                0        0.000%
FU_REJECTED_OP_FCMP_NOT_SIMD                         0        0.000%                0        0.000%
FU_REJECTED_OP_FCMOV_NOT_SIMD                        0        0.000%                0        0.000%
FU_REJECTED_OP_GATHER_NOT_SIMD                       0        0.000%                0        0.000%
FU_REJECTED_OP_SCATTER_NOT_SIMD                      0        0.000%                0        0.000%
FU_REJECTED_OP_PIPELINED_FAST_NOT_SIMD               0        0.000%                0        0.000%
FU_REJECTED_OP_PIPELINED_MEDIUM_NOT_SIMD             0        0.000%                0        0.000%
FU_REJECTED_OP_PIPELINED_SLOW_NOT_SIMD               0        0.000%                0        0.000%
FU_REJECTED_OP_NOTPIPELINED_MEDIUM_NOT_SIMD             0        0.000%                0        0.000%
FU_REJECTED_OP_NOTPIPELINED_SLOW_NOT_SIMD             0        0.000%                0        0.000%
FU_REJECTED_OP_NOTPIPELINED_VERY_SLOW_NOT_SIMD            10        0.000%               13        0.000%
FU_REJECTED_OP_INV_SIMD                              0        0.000%                0        0.000%
FU_REJECTED_OP_NOP_SIMD                              0        0.000%                0        0.000%
FU_REJECTED_OP_CF_SIMD                               0        0.000%                0        0.000%
FU_REJECTED_OP_MOV_SIMD                          23178        0.552%            47734        0.581%
FU_REJECTED_OP_CMOV_SIMD                            93        0.002%              220        0.003%
FU_REJECTED_OP_LDA_SIMD                              0        0.000%                0        0.000%
FU_REJECTED_OP_IMEM_SIMD                             0        0.000%                0        0.000%
FU_REJECTED_OP_IADD_SIMD                             0        0.000%                0        0.000%
FU_REJECTED_OP_IMUL_SIMD                             0        0.000%                0        0.000%
FU_REJECTED_OP_IDIV_SIMD                             0        0.000%                0        0.000%
FU_REJECTED_OP_ICMP_SIMD                             0        0.000%                0        0.000%
FU_REJECTED_OP_LOGIC_SIMD                         6718        0.160%            13215        0.161%
FU_REJECTED_OP_SHIFT_SIMD                        41992        1.000%            86363        1.052%
FU_REJECTED_OP_FMEM_SIMD                             0        0.000%                0        0.000%
FU_REJECTED_OP_FCVT_SIMD                        225445        5.369%           348414        4.243%
FU_REJECTED_OP_FADD_SIMD                        166965        3.976%           336759        4.101%
FU_REJECTED_OP_FMUL_SIMD                          2807        0.067%             5521        0.067%
FU_REJECTED_OP_FMA_SIMD                          58348        1.389%           116205        1.415%
FU_REJECTED_OP_FDIV_SIMD                        118198        2.815%           239995        2.923%
FU_REJECTED_OP_FCMP_SIMD                        155957        3.714%           324420        3.951%
FU_REJECTED_OP_FCMOV_SIMD                      1898197       45.203%          3862429       47.036%
FU_REJECTED_OP_GATHER_SIMD                       47204        1.124%            98047        1.194%
FU_REJECTED_OP_SCATTER_SIMD                          0        0.000%                0        0.000%
FU_REJECTED_OP_PIPELINED_FAST_SIMD                   0        0.000%                0        0.000%
FU_REJECTED_OP_PIPELINED_MEDIUM_SIMD                 0        0.000%                0        0.000%
FU_REJECTED_OP_PIPELINED_SLOW_SIMD                 433        0.010%              939        0.011%
FU_REJECTED_OP_NOTPIPELINED_MEDIUM_SIMD              0        0.000%                0        0.000%
FU_REJECTED_OP_NOTPIPELINED_SLOW_SIMD                0        0.000%                0        0.000%
FU_REJECTED_OP_NOTPIPELINED_VERY_SLOW_SIMD             0        0.000%                0        0.000%
                                               4199295      100.000%          8211627      100.000%
                                                 33.56        19.62             34.17        19.48

OP_WAIT_0                                      7814533                       15403824              

OP_WAIT_1                                      2171831                        4410510              

OP_WAIT_2                                       649718                        1311848              

OP_WAIT_3                                       278773                         562337              

OP_WAIT_4                                       149959                         301300              

OP_WAIT_5                                       118378                         239083              

OP_WAIT_6                                        73161                         148332              

OP_WAIT_7                                        53722                         108088              

OP_WAIT_8                                        38768                          77492              

OP_WAIT_9                                        31488                          62905              

OP_WAIT_10                                       22261                          44805              

OP_WAIT_11                                       24437                          49224              

OP_WAIT_12                                       21064                          42495              

OP_WAIT_13                                       17657                          35349              

OP_WAIT_14                                       15855                          31760              

OP_WAIT_15                                       20725                          41833              

OP_WAIT_16                                       20850                          42314              

OP_WAIT_17                                      713237                        1300829              

OP_WAIT_18                                      247449                         453011              

OP_WAIT_19                                       13940                          27802              

OP_WAIT_20                                       14600                          29221              

OP_WAIT_21                                       11135                          21985              

OP_WAIT_22                                        9520                          18431              

OP_WAIT_23                                       10099                          19998              

OP_WAIT_24                                       10654                          21202              

OP_WAIT_25                                        8424                          16543              

OP_WAIT_26                                        8259                          16600              

OP_WAIT_27                                        6492                          12955              

OP_WAIT_28                                        6552                          13110              

OP_WAIT_29                                        6207                          12537              

OP_WAIT_30                                        6893                          13557              

OP_WAIT_31                                     1770029                        3372521              

ROW_SIZE_0                                     4137914                        8217757              

ROW_SIZE_1                                      243778                         502810              

ROW_SIZE_2                                      182181                         376428              

ROW_SIZE_3                                      133429                         276978              

ROW_SIZE_4                                      988899                        1825075              

ROW_SIZE_5                                       52375                         107975              

ROW_SIZE_6                                     1523462                        3056171              

ROW_SIZE_7                                           0                              0              

ROW_SIZE_8                                           0                              0              

ROW_SIZE_9                                           0                              0              

ROW_SIZE_10                                          0                              0              

ROW_SIZE_11                                          0                              0              

ROW_SIZE_12                                          0                              0              

ROW_SIZE_13                                          0                              0              

ROW_SIZE_14                                          0                              0              

ROW_SIZE_15                                          0                              0              

ROW_SIZE_16                                          0                              0              

ROW_SIZE_17                                          0                              0              

ROW_SIZE_18                                          0                              0              

ROW_SIZE_19                                          0                              0              

ROW_SIZE_20                                          0                              0              

ROW_SIZE_21                                          0                              0              

ROW_SIZE_22                                          0                              0              

ROW_SIZE_23                                          0                              0              

ROW_SIZE_24                                          0                              0              

ROW_SIZE_25                                          0                              0              

ROW_SIZE_26                                          0                              0              

ROW_SIZE_27                                          0                              0              

ROW_SIZE_28                                          0                              0              

ROW_SIZE_29                                          0                              0              

ROW_SIZE_30                                          0                              0              

ROW_SIZE_31                                          0                              0              

RET_OP_EXEC_COUNT_0                                  0        0.000%                0        0.000%
RET_OP_EXEC_COUNT_1                           14366670      100.000%         28263801      100.000%
RET_OP_EXEC_COUNT_2                                  0        0.000%                0        0.000%
RET_OP_EXEC_COUNT_3                                  0        0.000%                0        0.000%
RET_OP_EXEC_COUNT_4                                  0        0.000%                0        0.000%
RET_OP_EXEC_COUNT_5                                  0        0.000%                0        0.000%
RET_OP_EXEC_COUNT_6                                  0        0.000%                0        0.000%
RET_OP_EXEC_COUNT_7                                  0        0.000%                0        0.000%
RET_OP_EXEC_COUNT_8                                  0        0.000%                0        0.000%
RET_OP_EXEC_COUNT_9                                  0        0.000%                0        0.000%
RET_OP_EXEC_COUNT_10                                 0        0.000%                0        0.000%
RET_OP_EXEC_COUNT_11                                 0        0.000%                0        0.000%
RET_OP_EXEC_COUNT_12                                 0        0.000%                0        0.000%
RET_OP_EXEC_COUNT_13                                 0        0.000%                0        0.000%
RET_OP_EXEC_COUNT_14                                 0        0.000%                0        0.000%
RET_OP_EXEC_COUNT_15                                 0        0.000%                0        0.000%
RET_OP_EXEC_COUNT_16                                 0        0.000%                0        0.000%
RET_OP_EXEC_COUNT_17                                 0        0.000%                0        0.000%
RET_OP_EXEC_COUNT_18                                 0        0.000%                0        0.000%
RET_OP_EXEC_COUNT_19                                 0        0.000%                0        0.000%
RET_OP_EXEC_COUNT_20                                 0        0.000%                0        0.000%
RET_OP_EXEC_COUNT_21                                 0        0.000%                0        0.000%
RET_OP_EXEC_COUNT_22                                 0        0.000%                0        0.000%
RET_OP_EXEC_COUNT_23                                 0        0.000%                0        0.000%
RET_OP_EXEC_COUNT_24                                 0        0.000%                0        0.000%
RET_OP_EXEC_COUNT_25                                 0        0.000%                0        0.000%
RET_OP_EXEC_COUNT_26                                 0        0.000%                0        0.000%
RET_OP_EXEC_COUNT_27                                 0        0.000%                0        0.000%
RET_OP_EXEC_COUNT_28                                 0        0.000%                0        0.000%
RET_OP_EXEC_COUNT_29                                 0        0.000%                0        0.000%
RET_OP_EXEC_COUNT_30                                 0        0.000%                0        0.000%
RET_OP_EXEC_COUNT_31                                 0        0.000%                0        0.000%
RET_OP_EXEC_COUNT_32                                 0        0.000%                0        0.000%
                                              14366670      100.000%         28263801      100.000%
                                                  1.00         0.00              1.00         0.00

RET_STALL_LENGTH_0                            14363349       99.977%         28257279       99.977%
RET_STALL_LENGTH_100                              1834        0.013%             3935        0.014%
RET_STALL_LENGTH_200                               325        0.002%              662        0.002%
RET_STALL_LENGTH_300                               226        0.002%              390        0.001%
RET_STALL_LENGTH_400                               279        0.002%              459        0.002%
RET_STALL_LENGTH_500                               187        0.001%              313        0.001%
RET_STALL_LENGTH_600                               139        0.001%              226        0.001%
RET_STALL_LENGTH_700                               112        0.001%              172        0.001%
RET_STALL_LENGTH_800                                53        0.000%               80        0.000%
RET_STALL_LENGTH_900                                34        0.000%               59        0.000%
RET_STALL_LENGTH_1000                               26        0.000%               44        0.000%
RET_STALL_LENGTH_1100                               11        0.000%               18        0.000%
RET_STALL_LENGTH_1200                               28        0.000%               57        0.000%
RET_STALL_LENGTH_1300                               14        0.000%               24        0.000%
RET_STALL_LENGTH_1400                               11        0.000%               18        0.000%
RET_STALL_LENGTH_1500                                6        0.000%               10        0.000%
RET_STALL_LENGTH_1600                                4        0.000%               10        0.000%
RET_STALL_LENGTH_1700                               12        0.000%               15        0.000%
RET_STALL_LENGTH_1800                                5        0.000%                6        0.000%
RET_STALL_LENGTH_1900                                6        0.000%                7        0.000%
RET_STALL_LENGTH_2000                                2        0.000%                6        0.000%
RET_STALL_LENGTH_2100                                2        0.000%                3        0.000%
RET_STALL_LENGTH_2200                                1        0.000%                3        0.000%
RET_STALL_LENGTH_2300                                1        0.000%                1        0.000%
RET_STALL_LENGTH_2400                                0        0.000%                1        0.000%
RET_STALL_LENGTH_2500                                1        0.000%                1        0.000%
RET_STALL_LENGTH_2600                                1        0.000%                1        0.000%
RET_STALL_LENGTH_2700                                0        0.000%                0        0.000%
RET_STALL_LENGTH_2800                                0        0.000%                0        0.000%
RET_STALL_LENGTH_2900                                0        0.000%                0        0.000%
RET_STALL_LENGTH_3000                                0        0.000%                0        0.000%
RET_STALL_LENGTH_3100                                0        0.000%                0        0.000%
RET_STALL_LENGTH_3200                                0        0.000%                0        0.000%
RET_STALL_LENGTH_3300                                0        0.000%                0        0.000%
RET_STALL_LENGTH_3400                                0        0.000%                0        0.000%
RET_STALL_LENGTH_3500                                0        0.000%                0        0.000%
RET_STALL_LENGTH_3600                                1        0.000%                1        0.000%
RET_STALL_LENGTH_3700                                0        0.000%                0        0.000%
RET_STALL_LENGTH_3800                                0        0.000%                0        0.000%
RET_STALL_LENGTH_3900                                0        0.000%                0        0.000%
RET_STALL_LENGTH_4000                                0        0.000%                0        0.000%
RET_STALL_LENGTH_4100                                0        0.000%                0        0.000%
RET_STALL_LENGTH_4200                                0        0.000%                0        0.000%
RET_STALL_LENGTH_4300                                0        0.000%                0        0.000%
RET_STALL_LENGTH_4400                                0        0.000%                0        0.000%
RET_STALL_LENGTH_4500                                0        0.000%                0        0.000%
RET_STALL_LENGTH_4600                                0        0.000%                0        0.000%
RET_STALL_LENGTH_4700                                0        0.000%                0        0.000%
RET_STALL_LENGTH_4800                                0        0.000%                0        0.000%
RET_STALL_LENGTH_4900                                0        0.000%                0        0.000%
RET_STALL_LENGTH_5000                                0        0.000%                0        0.000%
                                              14366670      100.000%         28263801      100.000%
                                                  0.00         0.06              0.00         0.06

MEM_BLOCK_LENGTH_0                                4349       89.265%             7704       90.116%
MEM_BLOCK_LENGTH_100                               210        4.310%              354        4.141%
MEM_BLOCK_LENGTH_200                                40        0.821%               71        0.831%
MEM_BLOCK_LENGTH_300                                63        1.293%               95        1.111%
MEM_BLOCK_LENGTH_400                                92        1.888%              132        1.544%
MEM_BLOCK_LENGTH_500                                66        1.355%              106        1.240%
MEM_BLOCK_LENGTH_600                                31        0.636%               47        0.550%
MEM_BLOCK_LENGTH_700                                 8        0.164%               13        0.152%
MEM_BLOCK_LENGTH_800                                 0        0.000%                1        0.012%
MEM_BLOCK_LENGTH_900                                 0        0.000%                0        0.000%
MEM_BLOCK_LENGTH_1000                                0        0.000%                0        0.000%
MEM_BLOCK_LENGTH_1100                                2        0.041%                3        0.035%
MEM_BLOCK_LENGTH_1200                                1        0.021%                5        0.058%
MEM_BLOCK_LENGTH_1300                                4        0.082%                7        0.082%
MEM_BLOCK_LENGTH_1400                                2        0.041%                3        0.035%
MEM_BLOCK_LENGTH_1500                                1        0.021%                3        0.035%
MEM_BLOCK_LENGTH_1600                                2        0.041%                2        0.023%
MEM_BLOCK_LENGTH_1700                                1        0.021%                2        0.023%
MEM_BLOCK_LENGTH_1800                                0        0.000%                1        0.012%
MEM_BLOCK_LENGTH_1900                                0        0.000%                0        0.000%
MEM_BLOCK_LENGTH_2000                                0        0.000%                0        0.000%
MEM_BLOCK_LENGTH_2100                                0        0.000%                0        0.000%
MEM_BLOCK_LENGTH_2200                                0        0.000%                0        0.000%
MEM_BLOCK_LENGTH_2300                                0        0.000%                0        0.000%
MEM_BLOCK_LENGTH_2400                                0        0.000%                0        0.000%
MEM_BLOCK_LENGTH_2500                                0        0.000%                0        0.000%
MEM_BLOCK_LENGTH_2600                                0        0.000%                0        0.000%
MEM_BLOCK_LENGTH_2700                                0        0.000%                0        0.000%
MEM_BLOCK_LENGTH_2800                                0        0.000%                0        0.000%
MEM_BLOCK_LENGTH_2900                                0        0.000%                0        0.000%
MEM_BLOCK_LENGTH_3000                                0        0.000%                0        0.000%
MEM_BLOCK_LENGTH_3100                                0        0.000%                0        0.000%
MEM_BLOCK_LENGTH_3200                                0        0.000%                0        0.000%
MEM_BLOCK_LENGTH_3300                                0        0.000%                0        0.000%
MEM_BLOCK_LENGTH_3400                                0        0.000%                0        0.000%
MEM_BLOCK_LENGTH_3500                                0        0.000%                0        0.000%
MEM_BLOCK_LENGTH_3600                                0        0.000%                0        0.000%
MEM_BLOCK_LENGTH_3700                                0        0.000%                0        0.000%
MEM_BLOCK_LENGTH_3800                                0        0.000%                0        0.000%
MEM_BLOCK_LENGTH_3900                                0        0.000%                0        0.000%
MEM_BLOCK_LENGTH_4000                                0        0.000%                0        0.000%
MEM_BLOCK_LENGTH_4100                                0        0.000%                0        0.000%
MEM_BLOCK_LENGTH_4200                                0        0.000%                0        0.000%
MEM_BLOCK_LENGTH_4300                                0        0.000%                0        0.000%
MEM_BLOCK_LENGTH_4400                                0        0.000%                0        0.000%
MEM_BLOCK_LENGTH_4500                                0        0.000%                0        0.000%
MEM_BLOCK_LENGTH_4600                                0        0.000%                0        0.000%
MEM_BLOCK_LENGTH_4700                                0        0.000%                0        0.000%
MEM_BLOCK_LENGTH_4800                                0        0.000%                0        0.000%
MEM_BLOCK_LENGTH_4900                                0        0.000%                0        0.000%
MEM_BLOCK_LENGTH_5000                                0        0.000%                0        0.000%
                                                  4872      100.000%             8549      100.000%
                                                  0.33         1.20              0.30         1.19

FUS_BUSY_ON_PATH                              18757530        2.5470         36842549        2.5250

FUS_BUSY_OFF_PATH                               124546        0.0169           434809        0.0298

FU_BUSY_MEM_STALL                              1635535        0.2221          2967480        0.2034

FUS_EMPTY                                     40034612        5.4361         79451370        5.4452

FU_UNAVAILABLE                                 2703555        0.3671          5509457        0.3776

FU_MEM_UNAVAILABLE                             1495740        0.2031          2702170        0.1852

FU_REPLAY                                            0        0.0000                0        0.0000

FU_STARVED                                    40021526        5.4343         79404189        5.4420

CHIP_UTILIZATION                                     0        0.0000                0        0.0000

CYCLES_UNDER_MEM_REQ                                 0                              0              

CYCLES_UNDER_NO_MEM_REQ                              0                              0              

CYCLES_UNDER_CRITICAL_MEM_REQ                        0                              0              

CYCLES_UNDER_NONCRITICAL_MEM_REQ                     0                              0              

CHIP_UTILIZATION_UNDER_MEM_REQ                       0          -nan                0          -nan

CHIP_UTILIZATION_UNDER_NO_MEM_REQ                    0          -nan                0          -nan

CHIP_UTILIZATION_UNDER_CRITICAL_MEM_REQ              0          -nan                0          -nan

CHIP_UTILIZATION_UNDER_NONCRITICAL_MEM_REQ             0          -nan                0          -nan

CYCLES_NOT_WAITING_FOR_OFF_CHIP                      0        0.0000                0        0.0000

FUS_BUSY_NOT_WAITING_FOR_OFF_CHIP                    0          -nan                0          -nan

CYCLES_WAITING_FOR_OFF_CHIP                          0        0.0000                0        0.0000

FUS_BUSY_WAITING_FOR_OFF_CHIP                        0          -nan                0          -nan

TOTAL_OFF_CHIP_DELAYS_LEFT                           0                              0              

WRONG_IO_SCHED                                       0                              0              

DVFS_CONFIG_SWITCH                                   0                              0              

MAP_STAGE_RECEIVED_OPS_0                             0        0.000%                0        0.000%
MAP_STAGE_RECEIVED_OPS_1                        229965        6.844%           466475        7.071%
MAP_STAGE_RECEIVED_OPS_2                        335236        9.977%           673819       10.213%
MAP_STAGE_RECEIVED_OPS_3                        219360        6.528%           442232        6.703%
MAP_STAGE_RECEIVED_OPS_4                       1173919       34.937%          2187994       33.164%
MAP_STAGE_RECEIVED_OPS_5                        301719        8.980%           609461        9.238%
MAP_STAGE_RECEIVED_OPS_6                       1099867       32.733%          2217464       33.611%
MAP_STAGE_RECEIVED_OPS_7                             0        0.000%                0        0.000%
MAP_STAGE_RECEIVED_OPS_8                             0        0.000%                0        0.000%
MAP_STAGE_RECEIVED_OPS_MAX                           0        0.000%                0        0.000%
                                               3360066      100.000%          6597445      100.000%
                                                  4.27         1.55              4.28         1.57

MAP_STAGE_WAIT_FOR_DECODE                            0         -nan%                0         -nan%
MAP_STAGE_CONSUME_DECODE                             0         -nan%                0         -nan%
                                                     0         -nan%                0         -nan%
                                                  -nan         -nan              -nan         -nan

MAP_STAGE_WAIT_FOR_DECODE2                           0         -nan%                0         -nan%
MAP_STAGE_CONSUME_DECODE2                            0         -nan%                0         -nan%
                                                     0         -nan%                0         -nan%
                                                  -nan         -nan              -nan         -nan

FTQ_RECOVER_EXEC                                  4414                          15892              

FTQ_RECOVER_DECODE                                 945                           3517              

FTQ_OFFPATH_CYCLES                              362089                        1169491              

FTQ_CYCLES_OFFPATH                              725756                        1969476              

FTQ_CYCLES_ONPATH                              6638830                       12621615              

FTQ_FETCHED_INS_OFFPATH                        1937655                        8241369              

FTQ_FETCHED_INS_ONPATH                        14361397                       28244990              

FTQ_BREAK_FULL_FT_ONPATH                       6588626       99.324%         12487460       99.089%
FTQ_BREAK_MAX_CFS_TAKEN_ONPATH                   32897        0.496%            84417        0.670%
FTQ_BREAK_MAX_BYTES_ONPATH                       11948        0.180%            30329        0.241%
FTQ_BREAK_PRED_BR_ONPATH                             0        0.000%                0        0.000%
FTQ_BREAK_BAR_FETCH_ONPATH                           0        0.000%                0        0.000%
                                               6633471      100.000%         12602206      100.000%
                                                  0.01         0.11              0.01         0.13

FTQ_BREAK_FULL_FT_OFFPATH                       694864       95.042%          1813251       91.169%
FTQ_BREAK_MAX_CFS_TAKEN_OFFPATH                  21208        2.901%            78328        3.938%
FTQ_BREAK_MAX_BYTES_OFFPATH                      15043        2.058%            97306        4.892%
FTQ_BREAK_PRED_BR_OFFPATH                            0        0.000%                0        0.000%
FTQ_BREAK_BAR_FETCH_OFFPATH                          0        0.000%                0        0.000%
                                                731115      100.000%          1988885      100.000%
                                                  0.07         0.32              0.14         0.45



