/* -*- Mode: c -*- */
####################################################################################################
Core 0
####################################################################################################
Cumulative:        Cycles: 14591091              Instructions: 20000000              IPC: 1.37070

Periodic:          Cycles: 7364586               Instructions: 10000000              IPC: 1.35785

DCACHE_PREF_HIT                                      0                              0              

IFETCH_WB_FIRST_SCHEDULE                             0         -nan%                0         -nan%
PREFETCH_LAST_SCHEDULE                               0         -nan%                0         -nan%
DEMAND_PASS_PREF_SCHEDULE                            0         -nan%                0         -nan%
DEMAND_PASS_LOW_OP_SCHEDULE                          0         -nan%                0         -nan%
DEMAND_LAST_SCHEDULE                                 0         -nan%                0         -nan%
                                                     0         -nan%                0         -nan%
                                                  -nan         -nan              -nan         -nan

SEND_MISS_REQ_QUEUE                             100060                         200895              

L1_DATA_EVICT                                   102190                         171647              

STREAM_BUFFER_REQ                                    0                              0              

PREF_SEND_TO_MEM_REQ                                 0         -nan%                0         -nan%
PREF_SEND_TO_MEM_REQ_FAIL                            0         -nan%                0         -nan%
                                                     0         -nan%                0         -nan%
                                                  -nan         -nan              -nan         -nan

HIT_TRAIN_STREAM                                 42945       73.928%            82520       68.349%
MISS_TRAIN_STREAM                                15145       26.072%            38214       31.651%
                                                 58090      100.000%           120734      100.000%
                                                  0.26         0.40              0.32         0.42

STREAM_TRAIN_CREATE                               6717                          16080              

MEM_REQ_MISS_HWP_PREF_Q                              0         -nan%                0         -nan%
MEM_REQ_MISS_SW_PREF_Q                               0         -nan%                0         -nan%
MEM_REQ_MISS_IFETCH_Q                                0         -nan%                0         -nan%
MEM_REQ_MISS_DFETCH_Q                                0         -nan%                0         -nan%
MEM_REQ_MISS_DSTORE_Q                                0         -nan%                0         -nan%
MEM_REQ_MISS_DPRF_Q                                  0         -nan%                0         -nan%
MEM_REQ_MISS_WB_Q                                    0         -nan%                0         -nan%
                                                     0         -nan%                0         -nan%
                                                  -nan         -nan              -nan         -nan

PREF_HIT_BY_DEMAND_IFETCH                            0         -nan%                0         -nan%
PREF_HIT_BY_DEMAND_DFETCH                            0         -nan%                0         -nan%
PREF_HIT_BY_DEMAND_DSTORE                            0         -nan%                0         -nan%
PREF_HIT_BY_DEMAND_IPREF                             0         -nan%                0         -nan%
PREF_HIT_BY_DEMAND_DPRF                              0         -nan%                0         -nan%
PREF_HIT_BY_DEMAND_WB                                0         -nan%                0         -nan%
PREF_HIT_BY_PREF                                     0         -nan%                0         -nan%
                                                     0         -nan%                0         -nan%
                                                  -nan         -nan              -nan         -nan

PREF_HIT_DEMAND_IFETCH                               0         -nan%                0         -nan%
PREF_HIT_DEMAND_DFETCH                               0         -nan%                0         -nan%
PREF_HIT_DEMAND_DSTORE                               0         -nan%                0         -nan%
PREF_HIT_DEMAND_IPREF                                0         -nan%                0         -nan%
PREF_HIT_DEMAND_DPRF                                 0         -nan%                0         -nan%
PREF_HIT_DEMAND_WB                                   0         -nan%                0         -nan%
                                                     0         -nan%                0         -nan%
                                                  -nan         -nan              -nan         -nan

PREF_L1_FILL                                         0         -nan%                0         -nan%
DEMAND_L1_FILL                                       0         -nan%                0         -nan%
                                                     0         -nan%                0         -nan%
                                                  -nan         -nan              -nan         -nan

TOUCH_L1_REPLACE                                     0        0.000%                0        0.000%
NO_TOUCH_L1_REPLACE                             102190      100.000%           171647      100.000%
                                                102190      100.000%           171647      100.000%
                                                  1.00         1.00              1.00         1.00

PREF_REQ_QUE_FULL                                    0                              0              

STREAM_REQ_QUEUE_HIT_BY_DEMAND                       0                              0              

L2HIT_STREAM_PREF_REQ_QUE_FULL                       0                              0              

L2HIT_HIT_TRAIN_STREAM                               0         -nan%                0         -nan%
L2HIT_MISS_TRAIN_STREAM                              0         -nan%                0         -nan%
                                                     0         -nan%                0         -nan%
                                                  -nan         -nan              -nan         -nan

L2HIT_STREAM_TRAIN_CREATE                            0                              0              

L2HIT_STREAM_BUFFER_REQ                              0                              0              

L2HIT_STREAM_PREF_DCACHE_HIT                         0         -nan%                0         -nan%
L2HIT_STREAM_PREF_DCACHE_INSERT                      0         -nan%                0         -nan%
L2HIT_STREAM_L2_MISS                                 0         -nan%                0         -nan%
                                                     0         -nan%                0         -nan%
                                                  -nan         -nan              -nan         -nan

L2HIT_STREAM_DCACHE_PORT_FULL                        0                              0              

L2HIT_STREAM_PREF_L1_PORT_FULL                       0                              0              

L2HIT_TRAIN_HIT_DEMAND                               0         -nan%                0         -nan%
L2HIT_TRAIN_MISS_REQ                                 0         -nan%                0         -nan%
                                                     0         -nan%                0         -nan%
                                                  -nan         -nan              -nan         -nan

L2HIT_TRAIN_FILTER_MISS                              0         -nan%                0         -nan%
L2HIT_TRAIN_FILTER_HIT                               0         -nan%                0         -nan%
                                                     0         -nan%                0         -nan%
                                                  -nan         -nan              -nan         -nan

L2HIT_PREF_REQ_DCACHE_HIT                            0         -nan%                0         -nan%
L2HIT_PREF_REQ_DCACHE_MISS                           0         -nan%                0         -nan%
                                                     0         -nan%                0         -nan%
                                                  -nan         -nan              -nan         -nan

L2HIT_L2SEND_Q_FULL                                  0         -nan%                0         -nan%
L2HIT_L2SEND_Q_ENTER                                 0         -nan%                0         -nan%
                                                     0         -nan%                0         -nan%
                                                  -nan         -nan              -nan         -nan

L2HIT_MEM_REQ                                        0                              0              

REMOVE_REDUNDANT_STREAM_STAT                         0                              0              

REPLACE_OLD_STREAM                                6717                          16064              

REQ_SEND_QUEUE_STALL                                 0                              0              

STREAM_ENTER_RA                                      0                              0              

CORE_STREAM_LENGTH_0                               142        8.744%              390        8.545%
CORE_STREAM_LENGTH_10                              372       22.906%             1691       37.051%
CORE_STREAM_LENGTH_20                              540       33.251%             1423       31.179%
CORE_STREAM_LENGTH_30                              133        8.190%              262        5.741%
CORE_STREAM_LENGTH_40                              222       13.670%              384        8.414%
CORE_STREAM_LENGTH_50                               29        1.786%               62        1.358%
CORE_STREAM_LENGTH_60                                8        0.493%               26        0.570%
CORE_STREAM_LENGTH_70                               10        0.616%               19        0.416%
CORE_STREAM_LENGTH_80                                7        0.431%               14        0.307%
CORE_STREAM_LENGTH_90                               13        0.800%               40        0.876%
CORE_STREAM_LENGTH_100_P                           148        9.113%              253        5.543%
                                                  1624      100.000%             4564      100.000%
                                                  2.87         2.70              2.29         2.30

CORE_CUM_STREAM_LENGTH_0                          1049        0.814%             2809        1.192%
CORE_CUM_STREAM_LENGTH_10                         5580        4.331%            23368        9.919%
CORE_CUM_STREAM_LENGTH_20                        12327        9.567%            32504       13.797%
CORE_CUM_STREAM_LENGTH_30                         4613        3.580%             9155        3.886%
CORE_CUM_STREAM_LENGTH_40                        10053        7.802%            17245        7.320%
CORE_CUM_STREAM_LENGTH_50                         1531        1.188%             3318        1.408%
CORE_CUM_STREAM_LENGTH_60                          515        0.400%             1654        0.702%
CORE_CUM_STREAM_LENGTH_70                          732        0.568%             1402        0.595%
CORE_CUM_STREAM_LENGTH_80                          579        0.449%             1166        0.495%
CORE_CUM_STREAM_LENGTH_90                         1194        0.927%             3761        1.596%
CORE_CUM_STREAM_LENGTH_100_P                     90677       70.374%           139203       59.088%
                                                128850      100.000%           235585      100.000%
                                                  7.93         7.41              7.03         6.55

CORE_STREAM_TRAIN_HITS_0                          1131       69.643%             3284       71.954%
CORE_STREAM_TRAIN_HITS_10                          319       19.643%              917       20.092%
CORE_STREAM_TRAIN_HITS_20                           29        1.786%               76        1.665%
CORE_STREAM_TRAIN_HITS_30                           23        1.416%               66        1.446%
CORE_STREAM_TRAIN_HITS_40                           22        1.355%               44        0.964%
CORE_STREAM_TRAIN_HITS_50                            6        0.369%               12        0.263%
CORE_STREAM_TRAIN_HITS_60                           26        1.601%               44        0.964%
CORE_STREAM_TRAIN_HITS_70                            3        0.185%               10        0.219%
CORE_STREAM_TRAIN_HITS_80                            3        0.185%                3        0.066%
CORE_STREAM_TRAIN_HITS_90                            2        0.123%                3        0.066%
CORE_STREAM_TRAIN_HITS_100_P                        60        3.695%              105        2.301%
                                                  1624      100.000%             4564      100.000%
                                                  0.85         2.02              0.64         1.66

CORE_CUM_STREAM_TRAIN_HITS_0                      7396       14.084%            20958       20.797%
CORE_CUM_STREAM_TRAIN_HITS_10                     4277        8.145%            11861       11.770%
CORE_CUM_STREAM_TRAIN_HITS_20                      713        1.358%             1906        1.891%
CORE_CUM_STREAM_TRAIN_HITS_30                      776        1.478%             2301        2.283%
CORE_CUM_STREAM_TRAIN_HITS_40                      960        1.828%             1917        1.902%
CORE_CUM_STREAM_TRAIN_HITS_50                      330        0.628%              663        0.658%
CORE_CUM_STREAM_TRAIN_HITS_60                     1682        3.203%             2847        2.825%
CORE_CUM_STREAM_TRAIN_HITS_70                      227        0.432%              757        0.751%
CORE_CUM_STREAM_TRAIN_HITS_80                      257        0.489%              257        0.255%
CORE_CUM_STREAM_TRAIN_HITS_90                      182        0.347%              275        0.273%
CORE_CUM_STREAM_TRAIN_HITS_100_P                 35712       68.007%            57034       56.595%
                                                 52512      100.000%           100776      100.000%
                                                  7.35         6.77              6.26         5.84

CORE_STREAM_TRAIN_CREATE                          6717                          16080              



