/* -*- Mode: c -*- */
####################################################################################################
Core 0
####################################################################################################
Cumulative:        Cycles: 14148867              Instructions: 20000000              IPC: 1.41354

Periodic:          Cycles: 7332057               Instructions: 9999998               IPC: 1.36387

EXECUTION_TIME                           2291267812500                  4421520937500              

NODE_CYCLE                                     7332057                       14148867              

NODE_INST_COUNT                                9999998                       20000000              

NODE_INST_COUNT_FETCHED                        9999998                       20000000              

NODE_UOP_COUNT                                11969873                       23987086              

FULL_WINDOW_STALL                              4766612       65.011%          8978648       63.458%

FULL_WINDOW_MEM_OP                             3325711       76.518%          6295072       76.905%
FULL_WINDOW_FP_OP                              1020621       23.482%          1890453       23.095%
FULL_WINDOW_OTHER_OP                                 8        0.000%               18        0.000%
                                               4346340      100.000%          8185543      100.000%
                                                  0.23         0.37              0.23         0.37

RET_BLOCKED_DC_MISS                            2940255       40.101%          5613308       39.673%

RET_BLOCKED_L1_MISS                            2891907       39.442%          5511160       38.951%

RET_BLOCKED_L1_MISS_BW_PREF                    1166891       15.915%          2207482       15.602%

RET_BLOCKED_L1_ACCESS                            57519        0.784%           119035        0.841%

RET_BLOCKED_MEM_STALL                          2941679       40.121%          5596887       39.557%

RET_BLOCKED_OFFCHIP_DEMAND                           0        0.000%                0        0.000%

OP_ISSUED                                     11970741                       23995376              

OP_RETIRED                                    11969873                       23987086              

REPLAY_SIGNALED                                      0                              0              

REPLAY_COUNTED                                       0                              0              

OFF_CRITICAL_PATH                                    0         -nan%                0         -nan%
ON_CRITICAL_PATH                                     0         -nan%                0         -nan%
                                                     0         -nan%                0         -nan%
                                                  -nan         -nan              -nan         -nan

LD_NO_DEPENDENTS                                 33820        0.662%            60363        0.592%
LD_DEPENDENTS                                  5072950       99.338%         10135086       99.408%
                                               5106770      100.000%         10195449      100.000%
                                                  0.99         0.99              0.99         0.99

LD_EXEC_CYCLES_0                                     0        0.000%                0        0.000%
LD_EXEC_CYCLES_1                                     0        0.000%                0        0.000%
LD_EXEC_CYCLES_2                                     0        0.000%                0        0.000%
LD_EXEC_CYCLES_3                                 12206       49.038%            25318       49.189%
LD_EXEC_CYCLES_4                                 12685       50.962%            26153       50.811%
                                                 24891      100.000%            51471      100.000%
                                                  3.51         2.55              3.51         2.55

ICACHE_STAGE_STARVED                               110        0.004%             2446        0.047%
ICACHE_STAGE_NOT_STARVED                       2588568       99.996%          5212583       99.953%
                                               2588678      100.000%          5215029      100.000%
                                                  1.00         1.00              1.00         1.00

ICACHE_STAGE_STALLED                           4742601       64.683%          8926902       63.093%
ICACHE_STAGE_NOT_STALLED                       2588678       35.306%          5213863       36.850%
ICACHE_STAGE_OFF_PATH                              778        0.011%             8102        0.057%
                                               7332057      100.000%         14148867      100.000%
                                                  0.35         0.38              0.37         0.38

DECODE_STAGE_STARVED                           7331730       99.998%         14143231       99.993%
DECODE_STAGE_NOT_STARVED                           160        0.002%              976        0.007%
                                               7331890      100.000%         14144207      100.000%
                                                  0.00         0.00              0.00         0.01

DECODE_STAGE_STALLED                              1125        0.015%             2650        0.019%
DECODE_STAGE_NOT_STALLED                       7330765       99.982%         14141557       99.948%
DECODE_STAGE_OFF_PATH                              167        0.002%             4660        0.033%
                                               7332057      100.000%         14148867      100.000%
                                                  1.00         0.01              1.00         0.03

UOPQ_STAGE_STARVED                                 366        0.014%             5848        0.112%
UOPQ_STAGE_NOT_STARVED                         2588319       99.986%          5210510       99.888%
                                               2588685      100.000%          5216358      100.000%
                                                  1.00         1.00              1.00         1.00

UOPQ_STAGE_STALLED                             4742678       64.684%          8926748       63.092%
UOPQ_STAGE_NOT_STALLED                         2588685       35.306%          5216358       36.868%
UOPQ_STAGE_OFF_PATH                                694        0.009%             5761        0.041%
                                               7332057      100.000%         14148867      100.000%
                                                  0.35         0.38              0.37         0.38

MAP_STAGE_STARVED                                  208        0.003%             1843        0.013%
MAP_STAGE_NOT_STARVED                          7331376       99.997%         14141101       99.987%
                                               7331584      100.000%         14142944      100.000%
                                                  1.00         1.00              1.00         1.00

MAP_STAGE_STALLED                              4742774       64.685%          8928341       63.103%
MAP_STAGE_NOT_STALLED                          2588810       35.308%          5214603       36.855%
MAP_STAGE_OFF_PATH                                 473        0.006%             5923        0.042%
                                               7332057      100.000%         14148867      100.000%
                                                  0.35         0.38              0.37         0.38

EXEC_STAGE_STARVED                             3652203       49.811%          7067617       49.952%
EXEC_STAGE_NOT_STARVED                         3679734       50.187%          7078260       50.027%
EXEC_STAGE_OFF_PATH                                120        0.002%             2990        0.021%
                                               7332057      100.000%         14148867      100.000%
                                                  0.50         0.35              0.50         0.35

FU_BUSY_0                                      3824961                        7387566              

FU_BUSY_1                                      1974094                        3955831              

FU_BUSY_2                                      3038265                        6019475              

FU_BUSY_3                                      2753665                        5468644              

FU_BUSY_4                                      1314945                        2678344              

FU_BUSY_5                                       504776                        1012673              

FU_BUSY_6                                       420473                         786109              

FU_BUSY_7                                       424168                         791609              

FU_BUSY_8                                            0                              0              

FU_BUSY_9                                            0                              0              

FU_BUSY_10                                           0                              0              

FU_BUSY_11                                           0                              0              

FU_BUSY_12                                           0                              0              

FU_BUSY_13                                           0                              0              

FU_BUSY_14                                           0                              0              

FU_BUSY_15                                           0                              0              

FU_BUSY_16                                           0                              0              

FU_BUSY_17                                           0                              0              

FU_BUSY_18                                           0                              0              

FU_BUSY_19                                           0                              0              

FU_BUSY_20                                           0                              0              

FU_BUSY_21                                           0                              0              

FU_BUSY_22                                           0                              0              

FU_BUSY_23                                           0                              0              

FU_BUSY_24                                           0                              0              

FU_BUSY_25                                           0                              0              

FU_BUSY_26                                           0                              0              

FU_BUSY_27                                           0                              0              

FU_BUSY_28                                           0                              0              

FU_BUSY_29                                           0                              0              

FU_BUSY_30                                           0                              0              

FU_BUSY_31                                           0                              0              

FU_REJECTED_OP_INV_NOT_SIMD                          0        0.000%                0        0.000%
FU_REJECTED_OP_NOP_NOT_SIMD                          0        0.000%                0        0.000%
FU_REJECTED_OP_CF_NOT_SIMD                         101        0.005%              218        0.006%
FU_REJECTED_OP_MOV_NOT_SIMD                        219        0.010%              441        0.011%
FU_REJECTED_OP_CMOV_NOT_SIMD                         0        0.000%                0        0.000%
FU_REJECTED_OP_LDA_NOT_SIMD                       1046        0.049%             1626        0.042%
FU_REJECTED_OP_IMEM_NOT_SIMD                    139331        6.516%           272595        7.091%
FU_REJECTED_OP_IADD_NOT_SIMD                      2826        0.132%             6017        0.157%
FU_REJECTED_OP_IMUL_NOT_SIMD                        36        0.002%               47        0.001%
FU_REJECTED_OP_IDIV_NOT_SIMD                         0        0.000%                0        0.000%
FU_REJECTED_OP_ICMP_NOT_SIMD                         0        0.000%                0        0.000%
FU_REJECTED_OP_LOGIC_NOT_SIMD                       86        0.004%              192        0.005%
FU_REJECTED_OP_SHIFT_NOT_SIMD                        0        0.000%                0        0.000%
FU_REJECTED_OP_FMEM_NOT_SIMD                         0        0.000%                0        0.000%
FU_REJECTED_OP_FCVT_NOT_SIMD                         0        0.000%                0        0.000%
FU_REJECTED_OP_FADD_NOT_SIMD                         0        0.000%                0        0.000%
FU_REJECTED_OP_FMUL_NOT_SIMD                         0        0.000%                0        0.000%
FU_REJECTED_OP_FMA_NOT_SIMD                          0        0.000%                0        0.000%
FU_REJECTED_OP_FDIV_NOT_SIMD                         0        0.000%                0        0.000%
FU_REJECTED_OP_FCMP_NOT_SIMD                         0        0.000%                0        0.000%
FU_REJECTED_OP_FCMOV_NOT_SIMD                        0        0.000%                0        0.000%
FU_REJECTED_OP_GATHER_NOT_SIMD                       0        0.000%                0        0.000%
FU_REJECTED_OP_SCATTER_NOT_SIMD                      0        0.000%                0        0.000%
FU_REJECTED_OP_PIPELINED_FAST_NOT_SIMD               0        0.000%                0        0.000%
FU_REJECTED_OP_PIPELINED_MEDIUM_NOT_SIMD             0        0.000%                0        0.000%
FU_REJECTED_OP_PIPELINED_SLOW_NOT_SIMD               0        0.000%                0        0.000%
FU_REJECTED_OP_NOTPIPELINED_MEDIUM_NOT_SIMD             0        0.000%                0        0.000%
FU_REJECTED_OP_NOTPIPELINED_SLOW_NOT_SIMD             0        0.000%                0        0.000%
FU_REJECTED_OP_NOTPIPELINED_VERY_SLOW_NOT_SIMD             0        0.000%                0        0.000%
FU_REJECTED_OP_INV_SIMD                              0        0.000%                0        0.000%
FU_REJECTED_OP_NOP_SIMD                              0        0.000%                0        0.000%
FU_REJECTED_OP_CF_SIMD                               0        0.000%                0        0.000%
FU_REJECTED_OP_MOV_SIMD                              9        0.000%               12        0.000%
FU_REJECTED_OP_CMOV_SIMD                             0        0.000%                0        0.000%
FU_REJECTED_OP_LDA_SIMD                              0        0.000%                0        0.000%
FU_REJECTED_OP_IMEM_SIMD                             0        0.000%                0        0.000%
FU_REJECTED_OP_IADD_SIMD                             0        0.000%                0        0.000%
FU_REJECTED_OP_IMUL_SIMD                             0        0.000%                0        0.000%
FU_REJECTED_OP_IDIV_SIMD                             0        0.000%                0        0.000%
FU_REJECTED_OP_ICMP_SIMD                             0        0.000%                0        0.000%
FU_REJECTED_OP_LOGIC_SIMD                            0        0.000%                0        0.000%
FU_REJECTED_OP_SHIFT_SIMD                            0        0.000%                0        0.000%
FU_REJECTED_OP_FMEM_SIMD                             0        0.000%                0        0.000%
FU_REJECTED_OP_FCVT_SIMD                        501790       23.466%           941511       24.492%
FU_REJECTED_OP_FADD_SIMD                        200426        9.373%           359614        9.355%
FU_REJECTED_OP_FMUL_SIMD                             0        0.000%                0        0.000%
FU_REJECTED_OP_FMA_SIMD                            418        0.020%              749        0.019%
FU_REJECTED_OP_FDIV_SIMD                           172        0.008%              343        0.009%
FU_REJECTED_OP_FCMP_SIMD                             8        0.000%               11        0.000%
FU_REJECTED_OP_FCMOV_SIMD                      1291872       60.415%          2260788       58.811%
FU_REJECTED_OP_GATHER_SIMD                           0        0.000%                1        0.000%
FU_REJECTED_OP_SCATTER_SIMD                          0        0.000%                0        0.000%
FU_REJECTED_OP_PIPELINED_FAST_SIMD                   0        0.000%                0        0.000%
FU_REJECTED_OP_PIPELINED_MEDIUM_SIMD                 0        0.000%                0        0.000%
FU_REJECTED_OP_PIPELINED_SLOW_SIMD                   0        0.000%                0        0.000%
FU_REJECTED_OP_NOTPIPELINED_MEDIUM_SIMD              0        0.000%                0        0.000%
FU_REJECTED_OP_NOTPIPELINED_SLOW_SIMD                0        0.000%                0        0.000%
FU_REJECTED_OP_NOTPIPELINED_VERY_SLOW_SIMD             0        0.000%                0        0.000%
                                               2138340      100.000%          3844165      100.000%
                                                 44.23        10.59             43.92        10.98

OP_WAIT_0                                      5441967                       11065450              

OP_WAIT_1                                      1704853                        3381543              

OP_WAIT_2                                       906463                        1801348              

OP_WAIT_3                                       503404                        1029551              

OP_WAIT_4                                       388448                         789689              

OP_WAIT_5                                       266985                         548224              

OP_WAIT_6                                       216522                         442422              

OP_WAIT_7                                       167055                         335978              

OP_WAIT_8                                       150041                         298118              

OP_WAIT_9                                       142353                         279679              

OP_WAIT_10                                      147550                         286325              

OP_WAIT_11                                      127081                         246805              

OP_WAIT_12                                      124311                         237143              

OP_WAIT_13                                      119107                         227556              

OP_WAIT_14                                      114288                         218657              

OP_WAIT_15                                      110821                         211119              

OP_WAIT_16                                      120836                         229334              

OP_WAIT_17                                      109926                         212676              

OP_WAIT_18                                      100342                         195628              

OP_WAIT_19                                       96524                         189247              

OP_WAIT_20                                       82192                         162150              

OP_WAIT_21                                       74018                         146530              

OP_WAIT_22                                       66262                         131067              

OP_WAIT_23                                       56547                         111895              

OP_WAIT_24                                       47180                          92505              

OP_WAIT_25                                       39954                          78065              

OP_WAIT_26                                       35253                          68696              

OP_WAIT_27                                       30853                          59254              

OP_WAIT_28                                       25179                          48479              

OP_WAIT_29                                       22618                          43145              

OP_WAIT_30                                       20584                          39812              

OP_WAIT_31                                      410356                         778996              

ROW_SIZE_0                                     5023295                        9538270              

ROW_SIZE_1                                      300055                         578933              

ROW_SIZE_2                                       48938                         101973              

ROW_SIZE_3                                       25087                          49778              

ROW_SIZE_4                                       39290                          76714              

ROW_SIZE_5                                       32831                          64847              

ROW_SIZE_6                                     1862561                        3737297              

ROW_SIZE_7                                           0                              0              

ROW_SIZE_8                                           0                              0              

ROW_SIZE_9                                           0                              0              

ROW_SIZE_10                                          0                              0              

ROW_SIZE_11                                          0                              0              

ROW_SIZE_12                                          0                              0              

ROW_SIZE_13                                          0                              0              

ROW_SIZE_14                                          0                              0              

ROW_SIZE_15                                          0                              0              

ROW_SIZE_16                                          0                              0              

ROW_SIZE_17                                          0                              0              

ROW_SIZE_18                                          0                              0              

ROW_SIZE_19                                          0                              0              

ROW_SIZE_20                                          0                              0              

ROW_SIZE_21                                          0                              0              

ROW_SIZE_22                                          0                              0              

ROW_SIZE_23                                          0                              0              

ROW_SIZE_24                                          0                              0              

ROW_SIZE_25                                          0                              0              

ROW_SIZE_26                                          0                              0              

ROW_SIZE_27                                          0                              0              

ROW_SIZE_28                                          0                              0              

ROW_SIZE_29                                          0                              0              

ROW_SIZE_30                                          0                              0              

ROW_SIZE_31                                          0                              0              

RET_OP_EXEC_COUNT_0                                  0        0.000%                0        0.000%
RET_OP_EXEC_COUNT_1                           11969873      100.000%         23987086      100.000%
RET_OP_EXEC_COUNT_2                                  0        0.000%                0        0.000%
RET_OP_EXEC_COUNT_3                                  0        0.000%                0        0.000%
RET_OP_EXEC_COUNT_4                                  0        0.000%                0        0.000%
RET_OP_EXEC_COUNT_5                                  0        0.000%                0        0.000%
RET_OP_EXEC_COUNT_6                                  0        0.000%                0        0.000%
RET_OP_EXEC_COUNT_7                                  0        0.000%                0        0.000%
RET_OP_EXEC_COUNT_8                                  0        0.000%                0        0.000%
RET_OP_EXEC_COUNT_9                                  0        0.000%                0        0.000%
RET_OP_EXEC_COUNT_10                                 0        0.000%                0        0.000%
RET_OP_EXEC_COUNT_11                                 0        0.000%                0        0.000%
RET_OP_EXEC_COUNT_12                                 0        0.000%                0        0.000%
RET_OP_EXEC_COUNT_13                                 0        0.000%                0        0.000%
RET_OP_EXEC_COUNT_14                                 0        0.000%                0        0.000%
RET_OP_EXEC_COUNT_15                                 0        0.000%                0        0.000%
RET_OP_EXEC_COUNT_16                                 0        0.000%                0        0.000%
RET_OP_EXEC_COUNT_17                                 0        0.000%                0        0.000%
RET_OP_EXEC_COUNT_18                                 0        0.000%                0        0.000%
RET_OP_EXEC_COUNT_19                                 0        0.000%                0        0.000%
RET_OP_EXEC_COUNT_20                                 0        0.000%                0        0.000%
RET_OP_EXEC_COUNT_21                                 0        0.000%                0        0.000%
RET_OP_EXEC_COUNT_22                                 0        0.000%                0        0.000%
RET_OP_EXEC_COUNT_23                                 0        0.000%                0        0.000%
RET_OP_EXEC_COUNT_24                                 0        0.000%                0        0.000%
RET_OP_EXEC_COUNT_25                                 0        0.000%                0        0.000%
RET_OP_EXEC_COUNT_26                                 0        0.000%                0        0.000%
RET_OP_EXEC_COUNT_27                                 0        0.000%                0        0.000%
RET_OP_EXEC_COUNT_28                                 0        0.000%                0        0.000%
RET_OP_EXEC_COUNT_29                                 0        0.000%                0        0.000%
RET_OP_EXEC_COUNT_30                                 0        0.000%                0        0.000%
RET_OP_EXEC_COUNT_31                                 0        0.000%                0        0.000%
RET_OP_EXEC_COUNT_32                                 0        0.000%                0        0.000%
                                              11969873      100.000%         23987086      100.000%
                                                  1.00         0.00              1.00         0.00

RET_STALL_LENGTH_0                            11962262       99.936%         23972446       99.939%
RET_STALL_LENGTH_100                              3263        0.027%             6314        0.026%
RET_STALL_LENGTH_200                              1383        0.012%             2717        0.011%
RET_STALL_LENGTH_300                               882        0.007%             1728        0.007%
RET_STALL_LENGTH_400                               653        0.005%             1228        0.005%
RET_STALL_LENGTH_500                               426        0.004%              797        0.003%
RET_STALL_LENGTH_600                               303        0.003%              568        0.002%
RET_STALL_LENGTH_700                               194        0.002%              361        0.002%
RET_STALL_LENGTH_800                               129        0.001%              222        0.001%
RET_STALL_LENGTH_900                                86        0.001%              159        0.001%
RET_STALL_LENGTH_1000                               58        0.000%              102        0.000%
RET_STALL_LENGTH_1100                               45        0.000%               70        0.000%
RET_STALL_LENGTH_1200                               49        0.000%              100        0.000%
RET_STALL_LENGTH_1300                               29        0.000%               64        0.000%
RET_STALL_LENGTH_1400                               30        0.000%               53        0.000%
RET_STALL_LENGTH_1500                               16        0.000%               35        0.000%
RET_STALL_LENGTH_1600                               22        0.000%               40        0.000%
RET_STALL_LENGTH_1700                               10        0.000%               19        0.000%
RET_STALL_LENGTH_1800                               13        0.000%               23        0.000%
RET_STALL_LENGTH_1900                                8        0.000%               12        0.000%
RET_STALL_LENGTH_2000                                5        0.000%               11        0.000%
RET_STALL_LENGTH_2100                                2        0.000%                6        0.000%
RET_STALL_LENGTH_2200                                0        0.000%                3        0.000%
RET_STALL_LENGTH_2300                                3        0.000%                4        0.000%
RET_STALL_LENGTH_2400                                2        0.000%                4        0.000%
RET_STALL_LENGTH_2500                                0        0.000%                0        0.000%
RET_STALL_LENGTH_2600                                0        0.000%                0        0.000%
RET_STALL_LENGTH_2700                                0        0.000%                0        0.000%
RET_STALL_LENGTH_2800                                0        0.000%                0        0.000%
RET_STALL_LENGTH_2900                                0        0.000%                0        0.000%
RET_STALL_LENGTH_3000                                0        0.000%                0        0.000%
RET_STALL_LENGTH_3100                                0        0.000%                0        0.000%
RET_STALL_LENGTH_3200                                0        0.000%                0        0.000%
RET_STALL_LENGTH_3300                                0        0.000%                0        0.000%
RET_STALL_LENGTH_3400                                0        0.000%                0        0.000%
RET_STALL_LENGTH_3500                                0        0.000%                0        0.000%
RET_STALL_LENGTH_3600                                0        0.000%                0        0.000%
RET_STALL_LENGTH_3700                                0        0.000%                0        0.000%
RET_STALL_LENGTH_3800                                0        0.000%                0        0.000%
RET_STALL_LENGTH_3900                                0        0.000%                0        0.000%
RET_STALL_LENGTH_4000                                0        0.000%                0        0.000%
RET_STALL_LENGTH_4100                                0        0.000%                0        0.000%
RET_STALL_LENGTH_4200                                0        0.000%                0        0.000%
RET_STALL_LENGTH_4300                                0        0.000%                0        0.000%
RET_STALL_LENGTH_4400                                0        0.000%                0        0.000%
RET_STALL_LENGTH_4500                                0        0.000%                0        0.000%
RET_STALL_LENGTH_4600                                0        0.000%                0        0.000%
RET_STALL_LENGTH_4700                                0        0.000%                0        0.000%
RET_STALL_LENGTH_4800                                0        0.000%                0        0.000%
RET_STALL_LENGTH_4900                                0        0.000%                0        0.000%
RET_STALL_LENGTH_5000                                0        0.000%                0        0.000%
                                              11969873      100.000%         23987086      100.000%
                                                  0.00         0.10              0.00         0.10

MEM_BLOCK_LENGTH_0                               26264       96.641%            51721       96.977%
MEM_BLOCK_LENGTH_100                               570        2.097%             1000        1.875%
MEM_BLOCK_LENGTH_200                                94        0.346%              168        0.315%
MEM_BLOCK_LENGTH_300                               115        0.423%              208        0.390%
MEM_BLOCK_LENGTH_400                                67        0.247%              118        0.221%
MEM_BLOCK_LENGTH_500                                28        0.103%               44        0.083%
MEM_BLOCK_LENGTH_600                                12        0.044%               17        0.032%
MEM_BLOCK_LENGTH_700                                 3        0.011%               11        0.021%
MEM_BLOCK_LENGTH_800                                 1        0.004%                5        0.009%
MEM_BLOCK_LENGTH_900                                 5        0.018%                6        0.011%
MEM_BLOCK_LENGTH_1000                                3        0.011%                4        0.008%
MEM_BLOCK_LENGTH_1100                                3        0.011%                6        0.011%
MEM_BLOCK_LENGTH_1200                                6        0.022%               10        0.019%
MEM_BLOCK_LENGTH_1300                                1        0.004%                3        0.006%
MEM_BLOCK_LENGTH_1400                                0        0.000%                0        0.000%
MEM_BLOCK_LENGTH_1500                                1        0.004%                3        0.006%
MEM_BLOCK_LENGTH_1600                                3        0.011%                8        0.015%
MEM_BLOCK_LENGTH_1700                                1        0.004%                1        0.002%
MEM_BLOCK_LENGTH_1800                                0        0.000%                0        0.000%
MEM_BLOCK_LENGTH_1900                                0        0.000%                0        0.000%
MEM_BLOCK_LENGTH_2000                                0        0.000%                0        0.000%
MEM_BLOCK_LENGTH_2100                                0        0.000%                0        0.000%
MEM_BLOCK_LENGTH_2200                                0        0.000%                0        0.000%
MEM_BLOCK_LENGTH_2300                                0        0.000%                0        0.000%
MEM_BLOCK_LENGTH_2400                                0        0.000%                0        0.000%
MEM_BLOCK_LENGTH_2500                                0        0.000%                0        0.000%
MEM_BLOCK_LENGTH_2600                                0        0.000%                0        0.000%
MEM_BLOCK_LENGTH_2700                                0        0.000%                0        0.000%
MEM_BLOCK_LENGTH_2800                                0        0.000%                0        0.000%
MEM_BLOCK_LENGTH_2900                                0        0.000%                0        0.000%
MEM_BLOCK_LENGTH_3000                                0        0.000%                0        0.000%
MEM_BLOCK_LENGTH_3100                                0        0.000%                0        0.000%
MEM_BLOCK_LENGTH_3200                                0        0.000%                0        0.000%
MEM_BLOCK_LENGTH_3300                                0        0.000%                0        0.000%
MEM_BLOCK_LENGTH_3400                                0        0.000%                0        0.000%
MEM_BLOCK_LENGTH_3500                                0        0.000%                0        0.000%
MEM_BLOCK_LENGTH_3600                                0        0.000%                0        0.000%
MEM_BLOCK_LENGTH_3700                                0        0.000%                0        0.000%
MEM_BLOCK_LENGTH_3800                                0        0.000%                0        0.000%
MEM_BLOCK_LENGTH_3900                                0        0.000%                0        0.000%
MEM_BLOCK_LENGTH_4000                                0        0.000%                0        0.000%
MEM_BLOCK_LENGTH_4100                                0        0.000%                0        0.000%
MEM_BLOCK_LENGTH_4200                                0        0.000%                0        0.000%
MEM_BLOCK_LENGTH_4300                                0        0.000%                0        0.000%
MEM_BLOCK_LENGTH_4400                                0        0.000%                0        0.000%
MEM_BLOCK_LENGTH_4500                                0        0.000%                0        0.000%
MEM_BLOCK_LENGTH_4600                                0        0.000%                0        0.000%
MEM_BLOCK_LENGTH_4700                                0        0.000%                0        0.000%
MEM_BLOCK_LENGTH_4800                                0        0.000%                0        0.000%
MEM_BLOCK_LENGTH_4900                                0        0.000%                0        0.000%
MEM_BLOCK_LENGTH_5000                                0        0.000%                0        0.000%
                                                 27177      100.000%            53333      100.000%
                                                  0.07         0.53              0.06         0.52

FUS_BUSY_ON_PATH                              14255065        1.9442         28096938        1.9858

FUS_BUSY_OFF_PATH                                  282        0.0000             3313        0.0002

FU_BUSY_MEM_STALL                               991290        0.1352          1845173        0.1304

FUS_EMPTY                                     44401109        6.0558         85090685        6.0140

FU_UNAVAILABLE                                 1293967        0.1765          2264429        0.1600

FU_MEM_UNAVAILABLE                              844373        0.1152          1579736        0.1117

FU_REPLAY                                            0        0.0000                0        0.0000

FU_STARVED                                    44401038        6.0557         85090403        6.0139

CHIP_UTILIZATION                                     0        0.0000                0        0.0000

CYCLES_UNDER_MEM_REQ                                 0                              0              

CYCLES_UNDER_NO_MEM_REQ                              0                              0              

CYCLES_UNDER_CRITICAL_MEM_REQ                        0                              0              

CYCLES_UNDER_NONCRITICAL_MEM_REQ                     0                              0              

CHIP_UTILIZATION_UNDER_MEM_REQ                       0          -nan                0          -nan

CHIP_UTILIZATION_UNDER_NO_MEM_REQ                    0          -nan                0          -nan

CHIP_UTILIZATION_UNDER_CRITICAL_MEM_REQ              0          -nan                0          -nan

CHIP_UTILIZATION_UNDER_NONCRITICAL_MEM_REQ             0          -nan                0          -nan

CYCLES_NOT_WAITING_FOR_OFF_CHIP                      0        0.0000                0        0.0000

FUS_BUSY_NOT_WAITING_FOR_OFF_CHIP                    0          -nan                0          -nan

CYCLES_WAITING_FOR_OFF_CHIP                          0        0.0000                0        0.0000

FUS_BUSY_WAITING_FOR_OFF_CHIP                        0          -nan                0          -nan

TOTAL_OFF_CHIP_DELAYS_LEFT                           0                              0              

WRONG_IO_SCHED                                       0                              0              

DVFS_CONFIG_SWITCH                                   0                              0              

MAP_STAGE_RECEIVED_OPS_0                             0        0.000%                0        0.000%
MAP_STAGE_RECEIVED_OPS_1                        284689       10.998%           600374       11.518%
MAP_STAGE_RECEIVED_OPS_2                        393251       15.192%           785425       15.068%
MAP_STAGE_RECEIVED_OPS_3                         34533        1.334%            61789        1.185%
MAP_STAGE_RECEIVED_OPS_4                        136477        5.272%           293505        5.631%
MAP_STAGE_RECEIVED_OPS_5                        188984        7.301%           372979        7.155%
MAP_STAGE_RECEIVED_OPS_6                       1550653       59.903%          3098587       59.444%
MAP_STAGE_RECEIVED_OPS_7                             0        0.000%                0        0.000%
MAP_STAGE_RECEIVED_OPS_8                             0        0.000%                0        0.000%
MAP_STAGE_RECEIVED_OPS_MAX                           0        0.000%                0        0.000%
                                               2588587      100.000%          5212659      100.000%
                                                  4.62         1.92              4.60         1.93

MAP_STAGE_WAIT_FOR_DECODE                            0         -nan%                0         -nan%
MAP_STAGE_CONSUME_DECODE                             0         -nan%                0         -nan%
                                                     0         -nan%                0         -nan%
                                                  -nan         -nan              -nan         -nan

MAP_STAGE_WAIT_FOR_DECODE2                           0         -nan%                0         -nan%
MAP_STAGE_CONSUME_DECODE2                            0         -nan%                0         -nan%
                                                     0         -nan%                0         -nan%
                                                  -nan         -nan              -nan         -nan

FTQ_RECOVER_EXEC                                    15                            101              

FTQ_RECOVER_DECODE                                   0                              4              

FTQ_OFFPATH_CYCLES                                5584                          31061              

FTQ_CYCLES_OFFPATH                                5569                          31868              

FTQ_CYCLES_ONPATH                              7326488                       14116999              

FTQ_FETCHED_INS_OFFPATH                           7959                          60164              

FTQ_FETCHED_INS_ONPATH                        11969169                       23986981              

FTQ_BREAK_FULL_FT_ONPATH                       7326091       99.998%         14115539       99.992%
FTQ_BREAK_MAX_CFS_TAKEN_ONPATH                      54        0.001%              171        0.001%
FTQ_BREAK_MAX_BYTES_ONPATH                         126        0.002%              982        0.007%
FTQ_BREAK_PRED_BR_ONPATH                             0        0.000%                0        0.000%
FTQ_BREAK_BAR_FETCH_ONPATH                           0        0.000%                0        0.000%
                                               7326271      100.000%         14116692      100.000%
                                                  0.00         0.01              0.00         0.02

FTQ_BREAK_FULL_FT_OFFPATH                         5584      100.000%            31676       99.071%
FTQ_BREAK_MAX_CFS_TAKEN_OFFPATH                      0        0.000%                2        0.006%
FTQ_BREAK_MAX_BYTES_OFFPATH                          0        0.000%              295        0.923%
FTQ_BREAK_PRED_BR_OFFPATH                            0        0.000%                0        0.000%
FTQ_BREAK_BAR_FETCH_OFFPATH                          0        0.000%                0        0.000%
                                                  5584      100.000%            31973      100.000%
                                                  0.00         0.00              0.02         0.19



