/* -*- Mode: c -*- */
####################################################################################################
Core 0
####################################################################################################
Cumulative:        Cycles: 16604926              Instructions: 20000000              IPC: 1.20446

Periodic:          Cycles: 8349133               Instructions: 9999996               IPC: 1.19773

MISS_WAIT_TIME                              1072037520                     1520266532              

ICACHE_STAGE_MISS                                   93                            292              

ICACHE_CYCLE                                   8349133                       16604926              

TCACHE_CYCLE                                         0                              0              

ICACHE_CYCLE_ONPATH                            7238760       86.701%         14432171       86.915%
ICACHE_CYCLE_OFFPATH                           1110373       13.299%          2172755       13.085%
                                               8349133      100.000%         16604926      100.000%
                                                  0.13         0.32              0.13         0.32

FETCH_ON_PATH                                  2637715       88.037%          5281631       87.875%
FETCH_OFF_PATH                                  358421       11.963%           728726       12.125%
                                               2996136      100.000%          6010357      100.000%
                                                  0.12         0.31              0.12         0.31

FETCHED_OPS_ON_PATH                                  0         -nan%                0         -nan%
FETCHED_OPS_OFF_PATH                                 0         -nan%                0         -nan%
                                                     0         -nan%                0         -nan%
                                                  -nan         -nan              -nan         -nan

INST_LOST_FETCH                               11370833       22.734%         22729224       22.853%
INST_LOST_OFF_PATH                             1533026        3.065%          3122560        3.140%
INST_LOST_FULL_WINDOW                            12198        0.024%            25398        0.026%
INST_LOST_ROB_STALL_OTHER                     30811050       61.601%         60721710       61.053%
INST_LOST_ROB_STALL_WAIT_FOR_RECOVERY             9462        0.019%            18156        0.018%
INST_LOST_ROB_STALL_WAIT_FOR_REDIRECT                0        0.000%                0        0.000%
INST_LOST_ROB_STALL_WAIT_FOR_GAP_FILL                0        0.000%                0        0.000%
INST_LOST_ROB_STALL_WAIT_FOR_L1_MISS                 0        0.000%                0        0.000%
INST_LOST_ROB_STALL_WAIT_FOR_MEMORY                570        0.001%             4446        0.004%
INST_LOST_ROB_STALL_WAIT_FOR_DC_MISS           1284702        2.569%          2797704        2.813%
INST_LOST_ROB_BLOCK_ISSUE_FULL                       0        0.000%                0        0.000%
INST_LOST_ROB_BLOCK_ISSUE_GAP_TOO_LARGE              0        0.000%                0        0.000%
INST_LOST_BREAK_DONT                                 0        0.000%                0        0.000%
INST_LOST_BREAK_RENAME                               0        0.000%                0        0.000%
INST_LOST_BREAK_FT_UNAVAILABLE                     255        0.001%              255        0.000%
INST_LOST_BREAK_ICACHE_TO_UOP_CACHE_SWITCH         25490        0.051%            52911        0.053%
INST_LOST_BREAK_ICACHE_MISS_REQ_SUCCESS            400        0.001%             1186        0.001%
INST_LOST_BREAK_ICACHE_MISS_REQ_FAILURE            169        0.000%              169        0.000%
INST_LOST_BREAK_WAIT_FOR_MISS                    11200        0.022%            59490        0.060%
INST_LOST_BREAK_UOP_CACHE_READ_LIMIT           4925549        9.848%          9858730        9.912%
INST_LOST_BREAK_UOP_CACHE_READ_LIMIT_AND_ISSUE_WIDTH             0        0.000%                0        0.000%
INST_LOST_BREAK_ICACHE_READ_LIMIT                32353        0.065%            65900        0.066%
INST_LOST_BREAK_ICACHE_READ_LIMIT_AND_ISSUE_WIDTH             0        0.000%                0        0.000%
INST_LOST_BREAK_ISSUE_WIDTH                          0        0.000%                0        0.000%
INST_LOST_BREAK_BARRIERT                             0        0.000%                0        0.000%
INST_LOST_BREAK_WAIT_FOR_EMPTY_ROB                   0        0.000%                0        0.000%
INST_LOST_BREAK_APP_EXIT                             4        0.000%                4        0.000%
INST_LOST_BREAK_STALL                                0        0.000%                0        0.000%
                                              50017261      100.000%         99457843      100.000%
                                                  4.01         4.90              4.03         4.92

INST_LOST_TOTAL                               50017261                       99457843              

INST_LOST_WAIT_FOR_ICACHE_MISS_NOT_PREFETCHED          1040        9.816%            12965       23.785%
INST_LOST_WAIT_FOR_ICACHE_MISS_PREFETCHED_AND_EVICTED_BY_IFETCH             0        0.000%                0        0.000%
INST_LOST_WAIT_FOR_ICACHE_MISS_PREFETCHED_AND_EVICTED_BY_FDIP             0        0.000%                0        0.000%
INST_LOST_WAIT_FOR_ICACHE_MISS_MSHR_HIT_PREF_OFFPATH           515        4.861%             1525        2.798%
INST_LOST_WAIT_FOR_ICACHE_MISS_MSHR_HIT_PREF_ONPATH          9040       85.323%            40020       73.418%
                                                 10595      100.000%            54510      100.000%
                                                  3.56         3.31              3.02         2.72

FETCH_0_OPS                                    5357754       64.153%         10618945       63.904%
FETCH_1_OPS                                     294712        3.529%           591737        3.561%
FETCH_2_OPS                                     406419        4.866%           810094        4.875%
FETCH_3_OPS                                     395066        4.730%           792934        4.772%
FETCH_4_OPS                                     252950        3.029%           507720        3.055%
FETCH_5_OPS                                     268283        3.212%           544143        3.275%
FETCH_6_OPS                                    1376316       16.480%          2751577       16.559%
FETCH_7_OPS                                          0        0.000%                0        0.000%
FETCH_8_OPS                                          0        0.000%                0        0.000%
FETCH_9_OPS                                          0        0.000%                0        0.000%
FETCH_10_OPS                                         0        0.000%                0        0.000%
FETCH_11_OPS                                         0        0.000%                0        0.000%
FETCH_12_OPS                                         0        0.000%                0        0.000%
FETCH_13_OPS                                         0        0.000%                0        0.000%
FETCH_14_OPS                                         0        0.000%                0        0.000%
FETCH_15_OPS                                         0        0.000%                0        0.000%
FETCH_16_OPS                                         0        0.000%                0        0.000%
                                               8351500      100.000%         16617150      100.000%
                                                  1.55         1.99              1.56         1.99

ST_BREAK_DONT                                        0        0.000%                0        0.000%
ST_BREAK_RENAME                                      0        0.000%                0        0.000%
ST_BREAK_FT_UNAVAILABLE                             51        0.002%               51        0.001%
ST_BREAK_ICACHE_TO_UOP_CACHE_SWITCH               9583        0.320%            19939        0.332%
ST_BREAK_ICACHE_MISS_REQ_SUCCESS                    93        0.003%              292        0.005%
ST_BREAK_ICACHE_MISS_REQ_FAILURE                    34        0.001%               34        0.001%
ST_BREAK_WAIT_FOR_MISS                            2240        0.075%            11898        0.198%
ST_BREAK_UOP_CACHE_READ_LIMIT                  1542283       51.476%          3087067       51.362%
ST_BREAK_UOP_CACHE_READ_LIMIT_AND_ISSUE_WIDTH        188398        6.288%           383185        6.375%
ST_BREAK_ICACHE_READ_LIMIT                       11998        0.400%            24420        0.406%
ST_BREAK_ICACHE_READ_LIMIT_AND_ISSUE_WIDTH          2696        0.090%             5358        0.089%
ST_BREAK_ISSUE_WIDTH                           1238759       41.345%          2478112       41.231%
ST_BREAK_BARRIERT                                    0        0.000%                0        0.000%
ST_BREAK_WAIT_FOR_EMPTY_ROB                          0        0.000%                0        0.000%
ST_BREAK_APP_EXIT                                    1        0.000%                1        0.000%
ST_BREAK_STALL                                       0        0.000%                0        0.000%
                                               2996136      100.000%          6010357      100.000%
                                                  8.71         1.95              8.71         1.96

ORACLE_ON_PATH_INST                           11370833       88.120%         22729224       87.921%
ORACLE_OFF_PATH_INST                           1533026       11.880%          3122560       12.079%
                                              12903859      100.000%         25851784      100.000%
                                                  0.12         0.31              0.12         0.31

ORACLE_ON_PATH_INST_MEM                        4055807       31.431%          8103455       31.346%
ORACLE_ON_PATH_INST_NOTMEM                     7315026       56.689%         14625769       56.575%
ORACLE_OFF_PATH_INST_MEM                        461207        3.574%           934457        3.615%
ORACLE_OFF_PATH_INST_NOTMEM                    1071819        8.306%          2188103        8.464%
                                              12903859      100.000%         25851784      100.000%
                                                  0.89         0.70              0.89         0.70

ICACHE_CYCLE_NONRA_ONPATH                            0         -nan%                0         -nan%
ICACHE_CYCLE_NONRA_OFFPATH                           0         -nan%                0         -nan%
ICACHE_CYCLE_RA_ONPATH                               0         -nan%                0         -nan%
ICACHE_CYCLE_RA_OFFPATH                              0         -nan%                0         -nan%
                                                     0         -nan%                0         -nan%
                                                  -nan         -nan              -nan         -nan

ICACHE_CYCLE_ONPATH_NONRA                            0         -nan%                0         -nan%
ICACHE_CYCLE_OFFPATH_NONRA                           0         -nan%                0         -nan%
                                                     0         -nan%                0         -nan%
                                                  -nan         -nan              -nan         -nan

ICACHE_CYCLE_ONPATH_RA                               0         -nan%                0         -nan%
ICACHE_CYCLE_OFFPATH_RA                              0         -nan%                0         -nan%
                                                     0         -nan%                0         -nan%
                                                  -nan         -nan              -nan         -nan

INACCURATE_OFFPATH_CYCLES                            0        0.0000                0        0.0000

FETCH_ALL_INST                                12903859                       25851784              

EXEC_ALL_INST                                 11786781                       23577075              

RET_ALL_INST                                  11371085                       22729224              

EXEC_ON_PATH_INST                             11370911       96.472%         22729224       96.404%
EXEC_OFF_PATH_INST                              415870        3.528%           847851        3.596%
                                              11786781      100.000%         23577075      100.000%
                                                  0.04         0.18              0.04         0.18

EXEC_ON_PATH_INST_MEM                          4055836       34.410%          8103455       34.370%
EXEC_ON_PATH_INST_NOTMEM                       7315075       62.062%         14625769       62.034%
EXEC_OFF_PATH_INST_MEM                          161218        1.368%           324173        1.375%
EXEC_OFF_PATH_INST_NOTMEM                       254652        2.160%           523678        2.221%
                                              11786781      100.000%         23577075      100.000%
                                                  0.71         0.44              0.71         0.45

EXEC_RA_INST                                         0         -nan%                0         -nan%
EXEC_NONRA_INST                                      0         -nan%                0         -nan%
                                                     0         -nan%                0         -nan%
                                                  -nan         -nan              -nan         -nan

EXEC_ON_PATH_INST_RA                                 0         -nan%                0         -nan%
EXEC_OFF_PATH_INST_RA                                0         -nan%                0         -nan%
                                                     0         -nan%                0         -nan%
                                                  -nan         -nan              -nan         -nan

EXEC_ON_PATH_INST_NONRA                              0         -nan%                0         -nan%
EXEC_OFF_PATH_INST_NONRA                             0         -nan%                0         -nan%
                                                     0         -nan%                0         -nan%
                                                  -nan         -nan              -nan         -nan

EXEC_RA_ON_PATH_INST                                 0         -nan%                0         -nan%
EXEC_RA_OFF_PATH_INST                                0         -nan%                0         -nan%
EXEC_NONRA_ON_PATH_INST                              0         -nan%                0         -nan%
EXEC_NONRA_OFF_PATH_INST                             0         -nan%                0         -nan%
                                                     0         -nan%                0         -nan%
                                                  -nan         -nan              -nan         -nan

ICACHE_THROTTLE_CYCLE                                0                              0              

FETCH_ENABLE_THROTTLE_OFF_PATH                       0         -nan%                0         -nan%
FETCH_ENABLE_THROTTLE_ON_PATH                        0         -nan%                0         -nan%
                                                     0         -nan%                0         -nan%
                                                  -nan         -nan              -nan         -nan

FETCH_DISABLE_THROTTLE_OFF_PATH                      0         -nan%                0         -nan%
FETCH_DISABLE_THROTTLE_ON_PATH                       0         -nan%                0         -nan%
                                                     0         -nan%                0         -nan%
                                                  -nan         -nan              -nan         -nan

FETCH_TH_ADJUST__0                                   0         -nan%                0         -nan%
FETCH_TH_ADJUST__1                                   0         -nan%                0         -nan%
FETCH_TH_ADJUST__2                                   0         -nan%                0         -nan%
FETCH_TH_ADJUST__3                                   0         -nan%                0         -nan%
FETCH_TH_ADJUST__4                                   0         -nan%                0         -nan%
FETCH_TH_ADJUST__5                                   0         -nan%                0         -nan%
FETCH_TH_ADJUST__6                                   0         -nan%                0         -nan%
FETCH_TH_ADJUST__7                                   0         -nan%                0         -nan%
FETCH_TH_ADJUST__8                                   0         -nan%                0         -nan%
FETCH_TH_ADJUST__9                                   0         -nan%                0         -nan%
FETCH_TH_ADJUST__MAX                                 0         -nan%                0         -nan%
                                                     0         -nan%                0         -nan%
                                                  -nan         -nan              -nan         -nan

FETCH_TH_ADJUST_UP                                   0         -nan%                0         -nan%
FETCH_TH_ADJUST_DOWN                                 0         -nan%                0         -nan%
FETCH_TH_ADJUST_SAME                                 0         -nan%                0         -nan%
                                                     0         -nan%                0         -nan%
                                                  -nan         -nan              -nan         -nan

THROTTLE_ADJUST_CACHE_MISS_INFO                      0                              0              

LOW_CONF_COUNT_BP_MIS_0                              0         -nan%                0         -nan%
LOW_CONF_COUNT_BP_MIS_1                              0         -nan%                0         -nan%
LOW_CONF_COUNT_BP_MIS_2                              0         -nan%                0         -nan%
LOW_CONF_COUNT_BP_MIS_3                              0         -nan%                0         -nan%
LOW_CONF_COUNT_BP_MIS_4                              0         -nan%                0         -nan%
LOW_CONF_COUNT_BP_MIS_5                              0         -nan%                0         -nan%
LOW_CONF_COUNT_BP_MIS_6                              0         -nan%                0         -nan%
LOW_CONF_COUNT_BP_MIS_7                              0         -nan%                0         -nan%
LOW_CONF_COUNT_BP_MIS_8                              0         -nan%                0         -nan%
LOW_CONF_COUNT_BP_MIS_9                              0         -nan%                0         -nan%
LOW_CONF_COUNT_BP_MIS_10                             0         -nan%                0         -nan%
LOW_CONF_COUNT_BP_MIS_11                             0         -nan%                0         -nan%
LOW_CONF_COUNT_BP_MIS_12                             0         -nan%                0         -nan%
LOW_CONF_COUNT_BP_MIS_13                             0         -nan%                0         -nan%
LOW_CONF_COUNT_BP_MIS_14                             0         -nan%                0         -nan%
LOW_CONF_COUNT_BP_MIS_15                             0         -nan%                0         -nan%
LOW_CONF_COUNT_BP_MIS_16                             0         -nan%                0         -nan%
LOW_CONF_COUNT_BP_MIS_17                             0         -nan%                0         -nan%
LOW_CONF_COUNT_BP_MIS_18                             0         -nan%                0         -nan%
LOW_CONF_COUNT_BP_MIS_19                             0         -nan%                0         -nan%
LOW_CONF_COUNT_BP_MIS_20                             0         -nan%                0         -nan%
                                                     0         -nan%                0         -nan%
                                                  -nan         -nan              -nan         -nan

LOW_CONF_COUNT_RET_0                                 0         -nan%                0         -nan%
LOW_CONF_COUNT_RET_1                                 0         -nan%                0         -nan%
LOW_CONF_COUNT_RET_2                                 0         -nan%                0         -nan%
LOW_CONF_COUNT_RET_3                                 0         -nan%                0         -nan%
LOW_CONF_COUNT_RET_4                                 0         -nan%                0         -nan%
LOW_CONF_COUNT_RET_5                                 0         -nan%                0         -nan%
LOW_CONF_COUNT_RET_6                                 0         -nan%                0         -nan%
LOW_CONF_COUNT_RET_7                                 0         -nan%                0         -nan%
LOW_CONF_COUNT_RET_8                                 0         -nan%                0         -nan%
LOW_CONF_COUNT_RET_9                                 0         -nan%                0         -nan%
LOW_CONF_COUNT_RET_10                                0         -nan%                0         -nan%
LOW_CONF_COUNT_RET_11                                0         -nan%                0         -nan%
LOW_CONF_COUNT_RET_12                                0         -nan%                0         -nan%
LOW_CONF_COUNT_RET_13                                0         -nan%                0         -nan%
LOW_CONF_COUNT_RET_14                                0         -nan%                0         -nan%
LOW_CONF_COUNT_RET_15                                0         -nan%                0         -nan%
LOW_CONF_COUNT_RET_16                                0         -nan%                0         -nan%
LOW_CONF_COUNT_RET_17                                0         -nan%                0         -nan%
LOW_CONF_COUNT_RET_18                                0         -nan%                0         -nan%
LOW_CONF_COUNT_RET_19                                0         -nan%                0         -nan%
LOW_CONF_COUNT_RET_20                                0         -nan%                0         -nan%
                                                     0         -nan%                0         -nan%
                                                  -nan         -nan              -nan         -nan

CYCLES_RESTEER_MISPRED                               0         -nan%                0         -nan%
CYCLES_RESTEER_MISFETCH                              0         -nan%                0         -nan%
CYCLES_RESTEER_BTB_MISS                              0         -nan%                0         -nan%
                                                     0         -nan%                0         -nan%
                                                  -nan         -nan              -nan         -nan

CYCLES_RESTEER_MISPRED_SAVED_UC_FETCH                0         -nan%                0         -nan%
CYCLES_RESTEER_MISPRED_COULD_BE_SAVED_UC_FETCH             0         -nan%                0         -nan%
CYCLES_RESTEER_MISFETCH_SAVED_UC_FETCH               0         -nan%                0         -nan%
CYCLES_RESTEER_MISFETCH_COULD_BE_SAVED_UC_FETCH             0         -nan%                0         -nan%
CYCLES_RESTEER_BTB_MISS_SAVED_UC_FETCH               0         -nan%                0         -nan%
CYCLES_RESTEER_BTB_MISS_COULD_BE_SAVED_UC_FETCH             0         -nan%                0         -nan%
                                                     0         -nan%                0         -nan%
                                                  -nan         -nan              -nan         -nan

CYCLES_UOC_IC_SWITCH                                 0                              0              



