Scarab gitrev: 3541854
Scarab started at Thu Oct 17 19:59:23 2024

Initialized Ramulator. 
** Heartbeat:   5% -- { 1000005 } -- 0.00 KIPS (125.00 KIPS)
** Heartbeat:  10% -- { 2000010 } -- 200.00 KIPS (153.85 KIPS)
** Heartbeat:  15% -- { 3000013 } -- 142.86 KIPS (150.00 KIPS)
** Heartbeat:  20% -- { 4000015 } -- 142.86 KIPS (148.15 KIPS)
** Heartbeat:  25% -- { 5000019 } -- 111.11 KIPS (138.89 KIPS)
** Heartbeat:  30% -- { 6000020 } -- 166.67 KIPS (142.86 KIPS)
** Heartbeat:  35% -- { 7000022 } -- 90.91 KIPS (132.08 KIPS)
** Heartbeat:  40% -- { 8000024 } -- 142.86 KIPS (133.33 KIPS)
** Heartbeat:  45% -- { 9000027 } -- 125.00 KIPS (132.35 KIPS)
** Heartbeat:  50% -- { 10000028 } -- 71.43 KIPS (121.95 KIPS)
** Heartbeat:  55% -- { 11000032 } -- 125.00 KIPS (122.22 KIPS)
** Heartbeat:  60% -- { 12000037 } -- 100.00 KIPS (120.00 KIPS)
** Heartbeat:  65% -- { 13000039 } -- 100.00 KIPS (118.18 KIPS)
** Heartbeat:  70% -- { 14000042 } -- 125.00 KIPS (118.64 KIPS)
** Heartbeat:  75% -- { 15000043 } -- 142.86 KIPS (120.00 KIPS)
** Heartbeat:  80% -- { 16000047 } -- 125.00 KIPS (120.30 KIPS)
** Heartbeat:  85% -- { 17000051 } -- 142.86 KIPS (121.43 KIPS)
** Heartbeat:  90% -- { 18000053 } -- 142.86 KIPS (122.45 KIPS)
** Heartbeat:  95% -- { 19000055 } -- 200.00 KIPS (125.00 KIPS)
** Core 0 Finished:    insts:20000002    cycles:15462352    time:4831985000000       -- 1.29 IPC (1.29 IPC) --  N/A  KIPS (127.39 KIPS)
Scarab finished at Thu Oct 17 20:02:00 2024

