/* -*- Mode: c -*- */
####################################################################################################
Core 0
####################################################################################################
Cumulative:        Cycles: 21960248              Instructions: 20000000              IPC: 0.91074

Periodic:          Cycles: 10838431              Instructions: 10000000              IPC: 0.92264

EXECUTION_TIME                           3387009687500                  6862577500000              

NODE_CYCLE                                    10838431                       21960248              

NODE_INST_COUNT                               10000000                       20000000              

NODE_INST_COUNT_FETCHED                       10000000                       20000000              

NODE_UOP_COUNT                                12931172                       25864365              

FULL_WINDOW_STALL                                 1248        0.012%            17767        0.081%

FULL_WINDOW_MEM_OP                                1176       97.512%            17010       98.455%
FULL_WINDOW_FP_OP                                   30        2.488%              267        1.545%
FULL_WINDOW_OTHER_OP                                 0        0.000%                0        0.000%
                                                  1206      100.000%            17277      100.000%
                                                  0.02         0.15              0.02         0.12

RET_BLOCKED_DC_MISS                             448517        4.138%           975149        4.441%

RET_BLOCKED_L1_MISS                              10450        0.096%            97390        0.443%

RET_BLOCKED_L1_MISS_BW_PREF                         62        0.001%             1531        0.007%

RET_BLOCKED_L1_ACCESS                           438067        4.042%           877993        3.998%

RET_BLOCKED_MEM_STALL                            10450        0.096%            97413        0.444%

RET_BLOCKED_OFFCHIP_DEMAND                           0        0.000%                0        0.000%

OP_ISSUED                                     13088726                       26360885              

OP_RETIRED                                    12931172                       25864365              

REPLAY_SIGNALED                                      0                              0              

REPLAY_COUNTED                                       0                              0              

OFF_CRITICAL_PATH                                    0         -nan%                0         -nan%
ON_CRITICAL_PATH                                     0         -nan%                0         -nan%
                                                     0         -nan%                0         -nan%
                                                  -nan         -nan              -nan         -nan

LD_NO_DEPENDENTS                                384152       10.746%           776107       10.856%
LD_DEPENDENTS                                  3190552       89.254%          6373082       89.144%
                                               3574704      100.000%          7149189      100.000%
                                                  0.89         0.85              0.89         0.85

LD_EXEC_CYCLES_0                                     0        0.000%                0        0.000%
LD_EXEC_CYCLES_1                                     0        0.000%                0        0.000%
LD_EXEC_CYCLES_2                                     0        0.000%                0        0.000%
LD_EXEC_CYCLES_3                                  1082       58.900%             2062       57.905%
LD_EXEC_CYCLES_4                                   755       41.100%             1499       42.095%
                                                  1837      100.000%             3561      100.000%
                                                  3.41         2.24              3.42         2.27

ICACHE_STAGE_STARVED                             15760        0.149%            82269        0.388%
ICACHE_STAGE_NOT_STARVED                      10553291       99.851%         21113883       99.612%
                                              10569051      100.000%         21196152      100.000%
                                                  1.00         1.00              1.00         0.99

ICACHE_STAGE_STALLED                                25        0.000%             2311        0.011%
ICACHE_STAGE_NOT_STALLED                      10561596       97.446%         21156000       96.338%
ICACHE_STAGE_OFF_PATH                           276810        2.554%           801937        3.652%
                                              10838431      100.000%         21960248      100.000%
                                                  1.03         0.23              1.04         0.27

DECODE_STAGE_STARVED                           2786815       26.173%          5622062       26.297%
DECODE_STAGE_NOT_STARVED                       7860680       73.827%         15757012       73.703%
                                              10647495      100.000%         21379074      100.000%
                                                  0.74         0.67              0.74         0.67

DECODE_STAGE_STALLED                                26        0.000%             1914        0.009%
DECODE_STAGE_NOT_STALLED                      10647469       98.238%         21377160       97.345%
DECODE_STAGE_OFF_PATH                           190936        1.762%           581174        2.646%
                                              10838431      100.000%         21960248      100.000%
                                                  1.02         0.19              1.03         0.23

UOPQ_STAGE_STARVED                             8009025       74.858%         16178337       75.131%
UOPQ_STAGE_NOT_STARVED                         2689877       25.142%          5355113       24.869%
                                              10698902      100.000%         21533450      100.000%
                                                  0.25         0.40              0.25         0.39

UOPQ_STAGE_STALLED                                   0        0.000%              839        0.004%
UOPQ_STAGE_NOT_STALLED                        10698902       98.713%         21533450       98.056%
UOPQ_STAGE_OFF_PATH                             139529        1.287%           425959        1.940%
                                              10838431      100.000%         21960248      100.000%
                                                  1.01         0.16              1.02         0.20

MAP_STAGE_STARVED                                97596        0.914%           275350        1.284%
MAP_STAGE_NOT_STARVED                         10575890       99.086%         21175258       98.716%
                                              10673486      100.000%         21450608      100.000%
                                                  0.99         0.99              0.99         0.98

MAP_STAGE_STALLED                                   26        0.000%             2330        0.011%
MAP_STAGE_NOT_STALLED                         10673460       98.478%         21448278       97.669%
MAP_STAGE_OFF_PATH                              164945        1.522%           509640        2.321%
                                              10838431      100.000%         21960248      100.000%
                                                  1.02         0.18              1.02         0.22

EXEC_STAGE_STARVED                             9107675       84.031%         18412911       83.847%
EXEC_STAGE_NOT_STARVED                         1638386       15.116%          3230291       14.710%
EXEC_STAGE_OFF_PATH                              92370        0.852%           317046        1.444%
                                              10838431      100.000%         21960248      100.000%
                                                  0.17         0.37              0.18         0.39

FU_BUSY_0                                      6343396                       12757216              

FU_BUSY_1                                      1303321                        2603723              

FU_BUSY_2                                      2911329                        5862204              

FU_BUSY_3                                       702468                        1409885              

FU_BUSY_4                                       220760                         440324              

FU_BUSY_5                                       666054                        1338284              

FU_BUSY_6                                       454429                         916808              

FU_BUSY_7                                      1026293                        2071062              

FU_BUSY_8                                            0                              0              

FU_BUSY_9                                            0                              0              

FU_BUSY_10                                           0                              0              

FU_BUSY_11                                           0                              0              

FU_BUSY_12                                           0                              0              

FU_BUSY_13                                           0                              0              

FU_BUSY_14                                           0                              0              

FU_BUSY_15                                           0                              0              

FU_BUSY_16                                           0                              0              

FU_BUSY_17                                           0                              0              

FU_BUSY_18                                           0                              0              

FU_BUSY_19                                           0                              0              

FU_BUSY_20                                           0                              0              

FU_BUSY_21                                           0                              0              

FU_BUSY_22                                           0                              0              

FU_BUSY_23                                           0                              0              

FU_BUSY_24                                           0                              0              

FU_BUSY_25                                           0                              0              

FU_BUSY_26                                           0                              0              

FU_BUSY_27                                           0                              0              

FU_BUSY_28                                           0                              0              

FU_BUSY_29                                           0                              0              

FU_BUSY_30                                           0                              0              

FU_BUSY_31                                           0                              0              

FU_REJECTED_OP_INV_NOT_SIMD                          0        0.000%                0        0.000%
FU_REJECTED_OP_NOP_NOT_SIMD                      18875        3.553%            38214        3.608%
FU_REJECTED_OP_CF_NOT_SIMD                      123149       23.179%           246831       23.303%
FU_REJECTED_OP_MOV_NOT_SIMD                      65933       12.410%           134757       12.722%
FU_REJECTED_OP_CMOV_NOT_SIMD                      3450        0.649%             6938        0.655%
FU_REJECTED_OP_LDA_NOT_SIMD                       7385        1.390%            12989        1.226%
FU_REJECTED_OP_IMEM_NOT_SIMD                         0        0.000%               25        0.002%
FU_REJECTED_OP_IADD_NOT_SIMD                      3647        0.686%             7575        0.715%
FU_REJECTED_OP_IMUL_NOT_SIMD                    141068       26.552%           280585       26.490%
FU_REJECTED_OP_IDIV_NOT_SIMD                         0        0.000%                0        0.000%
FU_REJECTED_OP_ICMP_NOT_SIMD                         0        0.000%                0        0.000%
FU_REJECTED_OP_LOGIC_NOT_SIMD                     1535        0.289%             3103        0.293%
FU_REJECTED_OP_SHIFT_NOT_SIMD                   106131       19.976%           212975       20.107%
FU_REJECTED_OP_FMEM_NOT_SIMD                       425        0.080%              770        0.073%
FU_REJECTED_OP_FCVT_NOT_SIMD                         0        0.000%                0        0.000%
FU_REJECTED_OP_FADD_NOT_SIMD                         0        0.000%                0        0.000%
FU_REJECTED_OP_FMUL_NOT_SIMD                         0        0.000%                0        0.000%
FU_REJECTED_OP_FMA_NOT_SIMD                          0        0.000%                0        0.000%
FU_REJECTED_OP_FDIV_NOT_SIMD                         0        0.000%                0        0.000%
FU_REJECTED_OP_FCMP_NOT_SIMD                         0        0.000%                0        0.000%
FU_REJECTED_OP_FCMOV_NOT_SIMD                        0        0.000%                0        0.000%
FU_REJECTED_OP_GATHER_NOT_SIMD                       0        0.000%                0        0.000%
FU_REJECTED_OP_SCATTER_NOT_SIMD                      0        0.000%                0        0.000%
FU_REJECTED_OP_PIPELINED_FAST_NOT_SIMD               0        0.000%                0        0.000%
FU_REJECTED_OP_PIPELINED_MEDIUM_NOT_SIMD             0        0.000%                0        0.000%
FU_REJECTED_OP_PIPELINED_SLOW_NOT_SIMD               0        0.000%                0        0.000%
FU_REJECTED_OP_NOTPIPELINED_MEDIUM_NOT_SIMD             0        0.000%                0        0.000%
FU_REJECTED_OP_NOTPIPELINED_SLOW_NOT_SIMD             0        0.000%                0        0.000%
FU_REJECTED_OP_NOTPIPELINED_VERY_SLOW_NOT_SIMD             0        0.000%                0        0.000%
FU_REJECTED_OP_INV_SIMD                              0        0.000%                0        0.000%
FU_REJECTED_OP_NOP_SIMD                              0        0.000%                0        0.000%
FU_REJECTED_OP_CF_SIMD                               0        0.000%                0        0.000%
FU_REJECTED_OP_MOV_SIMD                           1750        0.329%             3496        0.330%
FU_REJECTED_OP_CMOV_SIMD                             0        0.000%                0        0.000%
FU_REJECTED_OP_LDA_SIMD                              0        0.000%                0        0.000%
FU_REJECTED_OP_IMEM_SIMD                             0        0.000%                0        0.000%
FU_REJECTED_OP_IADD_SIMD                             0        0.000%                0        0.000%
FU_REJECTED_OP_IMUL_SIMD                             0        0.000%                0        0.000%
FU_REJECTED_OP_IDIV_SIMD                             0        0.000%                0        0.000%
FU_REJECTED_OP_ICMP_SIMD                             0        0.000%                0        0.000%
FU_REJECTED_OP_LOGIC_SIMD                         1876        0.353%             3537        0.334%
FU_REJECTED_OP_SHIFT_SIMD                         1746        0.329%             3756        0.355%
FU_REJECTED_OP_FMEM_SIMD                             0        0.000%                0        0.000%
FU_REJECTED_OP_FCVT_SIMD                             0        0.000%              163        0.015%
FU_REJECTED_OP_FADD_SIMD                          9664        1.819%            21255        2.007%
FU_REJECTED_OP_FMUL_SIMD                          4629        0.871%             7932        0.749%
FU_REJECTED_OP_FMA_SIMD                           1822        0.343%             3502        0.331%
FU_REJECTED_OP_FDIV_SIMD                          2256        0.425%             4732        0.447%
FU_REJECTED_OP_FCMP_SIMD                          5198        0.978%            11446        1.081%
FU_REJECTED_OP_FCMOV_SIMD                        30163        5.677%            53520        5.053%
FU_REJECTED_OP_GATHER_SIMD                         583        0.110%             1121        0.106%
FU_REJECTED_OP_SCATTER_SIMD                          0        0.000%                0        0.000%
FU_REJECTED_OP_PIPELINED_FAST_SIMD                   0        0.000%                0        0.000%
FU_REJECTED_OP_PIPELINED_MEDIUM_SIMD                 0        0.000%                0        0.000%
FU_REJECTED_OP_PIPELINED_SLOW_SIMD                   0        0.000%                0        0.000%
FU_REJECTED_OP_NOTPIPELINED_MEDIUM_SIMD              0        0.000%                0        0.000%
FU_REJECTED_OP_NOTPIPELINED_SLOW_SIMD                0        0.000%                0        0.000%
FU_REJECTED_OP_NOTPIPELINED_VERY_SLOW_SIMD             0        0.000%                0        0.000%
                                                531285      100.000%          1059222      100.000%
                                                 10.82        13.33             10.62        13.09

OP_WAIT_0                                      6507870                       13001590              

OP_WAIT_1                                      6012903                       12054442              

OP_WAIT_2                                       279891                         550358              

OP_WAIT_3                                        74200                         145594              

OP_WAIT_4                                        19473                          38106              

OP_WAIT_5                                         9611                          19016              

OP_WAIT_6                                        16595                          32856              

OP_WAIT_7                                         2748                           5607              

OP_WAIT_8                                         2963                           5851              

OP_WAIT_9                                          860                           1639              

OP_WAIT_10                                         945                           1671              

OP_WAIT_11                                         256                            632              

OP_WAIT_12                                         517                           1174              

OP_WAIT_13                                          87                            218              

OP_WAIT_14                                         394                            839              

OP_WAIT_15                                         180                            401              

OP_WAIT_16                                         237                            530              

OP_WAIT_17                                          20                             83              

OP_WAIT_18                                          59                            192              

OP_WAIT_19                                          88                            277              

OP_WAIT_20                                         929                           1467              

OP_WAIT_21                                          20                             57              

OP_WAIT_22                                           3                             27              

OP_WAIT_23                                           8                             33              

OP_WAIT_24                                           2                             21              

OP_WAIT_25                                           7                             31              

OP_WAIT_26                                           6                             27              

OP_WAIT_27                                           7                             33              

OP_WAIT_28                                          10                             31              

OP_WAIT_29                                           4                             24              

OP_WAIT_30                                          56                            123              

OP_WAIT_31                                         223                           1415              

ROW_SIZE_0                                     3532025                        7247104              

ROW_SIZE_1                                     1496114                        3047671              

ROW_SIZE_2                                     5717529                       11408347              

ROW_SIZE_3                                           0                              0              

ROW_SIZE_4                                           0                              0              

ROW_SIZE_5                                           0                              0              

ROW_SIZE_6                                           0                              0              

ROW_SIZE_7                                           0                              0              

ROW_SIZE_8                                           0                              0              

ROW_SIZE_9                                           0                              0              

ROW_SIZE_10                                          0                              0              

ROW_SIZE_11                                          0                              0              

ROW_SIZE_12                                          0                              0              

ROW_SIZE_13                                          0                              0              

ROW_SIZE_14                                          0                              0              

ROW_SIZE_15                                          0                              0              

ROW_SIZE_16                                          0                              0              

ROW_SIZE_17                                          0                              0              

ROW_SIZE_18                                          0                              0              

ROW_SIZE_19                                          0                              0              

ROW_SIZE_20                                          0                              0              

ROW_SIZE_21                                          0                              0              

ROW_SIZE_22                                          0                              0              

ROW_SIZE_23                                          0                              0              

ROW_SIZE_24                                          0                              0              

ROW_SIZE_25                                          0                              0              

ROW_SIZE_26                                          0                              0              

ROW_SIZE_27                                          0                              0              

ROW_SIZE_28                                          0                              0              

ROW_SIZE_29                                          0                              0              

ROW_SIZE_30                                          0                              0              

ROW_SIZE_31                                          0                              0              

RET_OP_EXEC_COUNT_0                                  0        0.000%                0        0.000%
RET_OP_EXEC_COUNT_1                           12931172      100.000%         25864365      100.000%
RET_OP_EXEC_COUNT_2                                  0        0.000%                0        0.000%
RET_OP_EXEC_COUNT_3                                  0        0.000%                0        0.000%
RET_OP_EXEC_COUNT_4                                  0        0.000%                0        0.000%
RET_OP_EXEC_COUNT_5                                  0        0.000%                0        0.000%
RET_OP_EXEC_COUNT_6                                  0        0.000%                0        0.000%
RET_OP_EXEC_COUNT_7                                  0        0.000%                0        0.000%
RET_OP_EXEC_COUNT_8                                  0        0.000%                0        0.000%
RET_OP_EXEC_COUNT_9                                  0        0.000%                0        0.000%
RET_OP_EXEC_COUNT_10                                 0        0.000%                0        0.000%
RET_OP_EXEC_COUNT_11                                 0        0.000%                0        0.000%
RET_OP_EXEC_COUNT_12                                 0        0.000%                0        0.000%
RET_OP_EXEC_COUNT_13                                 0        0.000%                0        0.000%
RET_OP_EXEC_COUNT_14                                 0        0.000%                0        0.000%
RET_OP_EXEC_COUNT_15                                 0        0.000%                0        0.000%
RET_OP_EXEC_COUNT_16                                 0        0.000%                0        0.000%
RET_OP_EXEC_COUNT_17                                 0        0.000%                0        0.000%
RET_OP_EXEC_COUNT_18                                 0        0.000%                0        0.000%
RET_OP_EXEC_COUNT_19                                 0        0.000%                0        0.000%
RET_OP_EXEC_COUNT_20                                 0        0.000%                0        0.000%
RET_OP_EXEC_COUNT_21                                 0        0.000%                0        0.000%
RET_OP_EXEC_COUNT_22                                 0        0.000%                0        0.000%
RET_OP_EXEC_COUNT_23                                 0        0.000%                0        0.000%
RET_OP_EXEC_COUNT_24                                 0        0.000%                0        0.000%
RET_OP_EXEC_COUNT_25                                 0        0.000%                0        0.000%
RET_OP_EXEC_COUNT_26                                 0        0.000%                0        0.000%
RET_OP_EXEC_COUNT_27                                 0        0.000%                0        0.000%
RET_OP_EXEC_COUNT_28                                 0        0.000%                0        0.000%
RET_OP_EXEC_COUNT_29                                 0        0.000%                0        0.000%
RET_OP_EXEC_COUNT_30                                 0        0.000%                0        0.000%
RET_OP_EXEC_COUNT_31                                 0        0.000%                0        0.000%
RET_OP_EXEC_COUNT_32                                 0        0.000%                0        0.000%
                                              12931172      100.000%         25864365      100.000%
                                                  1.00         0.00              1.00         0.00

RET_STALL_LENGTH_0                            12931081       99.999%         25863619       99.997%
RET_STALL_LENGTH_100                                90        0.001%              700        0.003%
RET_STALL_LENGTH_200                                 0        0.000%               28        0.000%
RET_STALL_LENGTH_300                                 0        0.000%                2        0.000%
RET_STALL_LENGTH_400                                 0        0.000%                3        0.000%
RET_STALL_LENGTH_500                                 0        0.000%                3        0.000%
RET_STALL_LENGTH_600                                 0        0.000%                2        0.000%
RET_STALL_LENGTH_700                                 1        0.000%                3        0.000%
RET_STALL_LENGTH_800                                 0        0.000%                1        0.000%
RET_STALL_LENGTH_900                                 0        0.000%                0        0.000%
RET_STALL_LENGTH_1000                                0        0.000%                0        0.000%
RET_STALL_LENGTH_1100                                0        0.000%                0        0.000%
RET_STALL_LENGTH_1200                                0        0.000%                4        0.000%
RET_STALL_LENGTH_1300                                0        0.000%                0        0.000%
RET_STALL_LENGTH_1400                                0        0.000%                0        0.000%
RET_STALL_LENGTH_1500                                0        0.000%                0        0.000%
RET_STALL_LENGTH_1600                                0        0.000%                0        0.000%
RET_STALL_LENGTH_1700                                0        0.000%                0        0.000%
RET_STALL_LENGTH_1800                                0        0.000%                0        0.000%
RET_STALL_LENGTH_1900                                0        0.000%                0        0.000%
RET_STALL_LENGTH_2000                                0        0.000%                0        0.000%
RET_STALL_LENGTH_2100                                0        0.000%                0        0.000%
RET_STALL_LENGTH_2200                                0        0.000%                0        0.000%
RET_STALL_LENGTH_2300                                0        0.000%                0        0.000%
RET_STALL_LENGTH_2400                                0        0.000%                0        0.000%
RET_STALL_LENGTH_2500                                0        0.000%                0        0.000%
RET_STALL_LENGTH_2600                                0        0.000%                0        0.000%
RET_STALL_LENGTH_2700                                0        0.000%                0        0.000%
RET_STALL_LENGTH_2800                                0        0.000%                0        0.000%
RET_STALL_LENGTH_2900                                0        0.000%                0        0.000%
RET_STALL_LENGTH_3000                                0        0.000%                0        0.000%
RET_STALL_LENGTH_3100                                0        0.000%                0        0.000%
RET_STALL_LENGTH_3200                                0        0.000%                0        0.000%
RET_STALL_LENGTH_3300                                0        0.000%                0        0.000%
RET_STALL_LENGTH_3400                                0        0.000%                0        0.000%
RET_STALL_LENGTH_3500                                0        0.000%                0        0.000%
RET_STALL_LENGTH_3600                                0        0.000%                0        0.000%
RET_STALL_LENGTH_3700                                0        0.000%                0        0.000%
RET_STALL_LENGTH_3800                                0        0.000%                0        0.000%
RET_STALL_LENGTH_3900                                0        0.000%                0        0.000%
RET_STALL_LENGTH_4000                                0        0.000%                0        0.000%
RET_STALL_LENGTH_4100                                0        0.000%                0        0.000%
RET_STALL_LENGTH_4200                                0        0.000%                0        0.000%
RET_STALL_LENGTH_4300                                0        0.000%                0        0.000%
RET_STALL_LENGTH_4400                                0        0.000%                0        0.000%
RET_STALL_LENGTH_4500                                0        0.000%                0        0.000%
RET_STALL_LENGTH_4600                                0        0.000%                0        0.000%
RET_STALL_LENGTH_4700                                0        0.000%                0        0.000%
RET_STALL_LENGTH_4800                                0        0.000%                0        0.000%
RET_STALL_LENGTH_4900                                0        0.000%                0        0.000%
RET_STALL_LENGTH_5000                                0        0.000%                0        0.000%
                                              12931172      100.000%         25864365      100.000%
                                                  0.00         0.00              0.00         0.01

MEM_BLOCK_LENGTH_0                                   0         -nan%               11       91.667%
MEM_BLOCK_LENGTH_100                                 0         -nan%                1        8.333%
MEM_BLOCK_LENGTH_200                                 0         -nan%                0        0.000%
MEM_BLOCK_LENGTH_300                                 0         -nan%                0        0.000%
MEM_BLOCK_LENGTH_400                                 0         -nan%                0        0.000%
MEM_BLOCK_LENGTH_500                                 0         -nan%                0        0.000%
MEM_BLOCK_LENGTH_600                                 0         -nan%                0        0.000%
MEM_BLOCK_LENGTH_700                                 0         -nan%                0        0.000%
MEM_BLOCK_LENGTH_800                                 0         -nan%                0        0.000%
MEM_BLOCK_LENGTH_900                                 0         -nan%                0        0.000%
MEM_BLOCK_LENGTH_1000                                0         -nan%                0        0.000%
MEM_BLOCK_LENGTH_1100                                0         -nan%                0        0.000%
MEM_BLOCK_LENGTH_1200                                0         -nan%                0        0.000%
MEM_BLOCK_LENGTH_1300                                0         -nan%                0        0.000%
MEM_BLOCK_LENGTH_1400                                0         -nan%                0        0.000%
MEM_BLOCK_LENGTH_1500                                0         -nan%                0        0.000%
MEM_BLOCK_LENGTH_1600                                0         -nan%                0        0.000%
MEM_BLOCK_LENGTH_1700                                0         -nan%                0        0.000%
MEM_BLOCK_LENGTH_1800                                0         -nan%                0        0.000%
MEM_BLOCK_LENGTH_1900                                0         -nan%                0        0.000%
MEM_BLOCK_LENGTH_2000                                0         -nan%                0        0.000%
MEM_BLOCK_LENGTH_2100                                0         -nan%                0        0.000%
MEM_BLOCK_LENGTH_2200                                0         -nan%                0        0.000%
MEM_BLOCK_LENGTH_2300                                0         -nan%                0        0.000%
MEM_BLOCK_LENGTH_2400                                0         -nan%                0        0.000%
MEM_BLOCK_LENGTH_2500                                0         -nan%                0        0.000%
MEM_BLOCK_LENGTH_2600                                0         -nan%                0        0.000%
MEM_BLOCK_LENGTH_2700                                0         -nan%                0        0.000%
MEM_BLOCK_LENGTH_2800                                0         -nan%                0        0.000%
MEM_BLOCK_LENGTH_2900                                0         -nan%                0        0.000%
MEM_BLOCK_LENGTH_3000                                0         -nan%                0        0.000%
MEM_BLOCK_LENGTH_3100                                0         -nan%                0        0.000%
MEM_BLOCK_LENGTH_3200                                0         -nan%                0        0.000%
MEM_BLOCK_LENGTH_3300                                0         -nan%                0        0.000%
MEM_BLOCK_LENGTH_3400                                0         -nan%                0        0.000%
MEM_BLOCK_LENGTH_3500                                0         -nan%                0        0.000%
MEM_BLOCK_LENGTH_3600                                0         -nan%                0        0.000%
MEM_BLOCK_LENGTH_3700                                0         -nan%                0        0.000%
MEM_BLOCK_LENGTH_3800                                0         -nan%                0        0.000%
MEM_BLOCK_LENGTH_3900                                0         -nan%                0        0.000%
MEM_BLOCK_LENGTH_4000                                0         -nan%                0        0.000%
MEM_BLOCK_LENGTH_4100                                0         -nan%                0        0.000%
MEM_BLOCK_LENGTH_4200                                0         -nan%                0        0.000%
MEM_BLOCK_LENGTH_4300                                0         -nan%                0        0.000%
MEM_BLOCK_LENGTH_4400                                0         -nan%                0        0.000%
MEM_BLOCK_LENGTH_4500                                0         -nan%                0        0.000%
MEM_BLOCK_LENGTH_4600                                0         -nan%                0        0.000%
MEM_BLOCK_LENGTH_4700                                0         -nan%                0        0.000%
MEM_BLOCK_LENGTH_4800                                0         -nan%                0        0.000%
MEM_BLOCK_LENGTH_4900                                0         -nan%                0        0.000%
MEM_BLOCK_LENGTH_5000                                0         -nan%                0        0.000%
                                                     0         -nan%               12      100.000%
                                                  -nan         -nan              0.08         0.28

FUS_BUSY_ON_PATH                              13516900        1.2471         27034286        1.2311

FUS_BUSY_OFF_PATH                               111150        0.0103           365220        0.0166

FU_BUSY_MEM_STALL                                48431        0.0045           100441        0.0046

FUS_EMPTY                                     73079398        6.7426        148282478        6.7523

FU_UNAVAILABLE                                  517974        0.0478          1030209        0.0469

FU_MEM_UNAVAILABLE                               13311        0.0012            29013        0.0013

FU_REPLAY                                            0        0.0000                0        0.0000

FU_STARVED                                    73067169        6.7415        148249114        6.7508

CHIP_UTILIZATION                                     0        0.0000                0        0.0000

CYCLES_UNDER_MEM_REQ                                 0                              0              

CYCLES_UNDER_NO_MEM_REQ                              0                              0              

CYCLES_UNDER_CRITICAL_MEM_REQ                        0                              0              

CYCLES_UNDER_NONCRITICAL_MEM_REQ                     0                              0              

CHIP_UTILIZATION_UNDER_MEM_REQ                       0          -nan                0          -nan

CHIP_UTILIZATION_UNDER_NO_MEM_REQ                    0          -nan                0          -nan

CHIP_UTILIZATION_UNDER_CRITICAL_MEM_REQ              0          -nan                0          -nan

CHIP_UTILIZATION_UNDER_NONCRITICAL_MEM_REQ             0          -nan                0          -nan

CYCLES_NOT_WAITING_FOR_OFF_CHIP                      0        0.0000                0        0.0000

FUS_BUSY_NOT_WAITING_FOR_OFF_CHIP                    0          -nan                0          -nan

CYCLES_WAITING_FOR_OFF_CHIP                          0        0.0000                0        0.0000

FUS_BUSY_WAITING_FOR_OFF_CHIP                        0          -nan                0          -nan

TOTAL_OFF_CHIP_DELAYS_LEFT                           0                              0              

WRONG_IO_SCHED                                       0                              0              

DVFS_CONFIG_SWITCH                                   0                              0              

MAP_STAGE_RECEIVED_OPS_0                             0        0.000%                0        0.000%
MAP_STAGE_RECEIVED_OPS_1                       8198024       77.600%         16422740       77.674%
MAP_STAGE_RECEIVED_OPS_2                       2366422       22.400%          4720320       22.326%
MAP_STAGE_RECEIVED_OPS_3                             0        0.000%                0        0.000%
MAP_STAGE_RECEIVED_OPS_4                             0        0.000%                0        0.000%
MAP_STAGE_RECEIVED_OPS_5                             0        0.000%                0        0.000%
MAP_STAGE_RECEIVED_OPS_6                             0        0.000%                0        0.000%
MAP_STAGE_RECEIVED_OPS_7                             0        0.000%                0        0.000%
MAP_STAGE_RECEIVED_OPS_8                             0        0.000%                0        0.000%
MAP_STAGE_RECEIVED_OPS_MAX                           0        0.000%                0        0.000%
                                              10564446      100.000%         21143060      100.000%
                                                  1.22         0.42              1.22         0.42

MAP_STAGE_WAIT_FOR_DECODE                            0         -nan%                0         -nan%
MAP_STAGE_CONSUME_DECODE                             0         -nan%                0         -nan%
                                                     0         -nan%                0         -nan%
                                                  -nan         -nan              -nan         -nan

MAP_STAGE_WAIT_FOR_DECODE2                           0         -nan%                0         -nan%
MAP_STAGE_CONSUME_DECODE2                            0         -nan%                0         -nan%
                                                     0         -nan%                0         -nan%
                                                  -nan         -nan              -nan         -nan

FTQ_RECOVER_EXEC                                 11427                          29898              

FTQ_RECOVER_DECODE                                   4                            264              

FTQ_OFFPATH_CYCLES                             1058478                        2754286              

FTQ_CYCLES_OFFPATH                             1802278                        4395270              

FTQ_CYCLES_ONPATH                              9036153                       17564978              

FTQ_FETCHED_INS_OFFPATH                        3417941                        9103025              

FTQ_FETCHED_INS_ONPATH                        12919467                       25834203              

FTQ_BREAK_FULL_FT_ONPATH                       8939819       99.062%         17335715       98.866%
FTQ_BREAK_MAX_CFS_TAKEN_ONPATH                   67347        0.746%           160147        0.913%
FTQ_BREAK_MAX_BYTES_ONPATH                       17322        0.192%            38720        0.221%
FTQ_BREAK_PRED_BR_ONPATH                             0        0.000%                0        0.000%
FTQ_BREAK_BAR_FETCH_ONPATH                           0        0.000%                0        0.000%
                                               9024488      100.000%         17534582      100.000%
                                                  0.01         0.12              0.01         0.13

FTQ_BREAK_FULL_FT_OFFPATH                      1758992       96.983%          4254174       96.130%
FTQ_BREAK_MAX_CFS_TAKEN_OFFPATH                  42690        2.354%           133997        3.028%
FTQ_BREAK_MAX_BYTES_OFFPATH                      12027        0.663%            37261        0.842%
FTQ_BREAK_PRED_BR_OFFPATH                            0        0.000%                0        0.000%
FTQ_BREAK_BAR_FETCH_OFFPATH                          0        0.000%                0        0.000%
                                               1813709      100.000%          4425432      100.000%
                                                  0.04         0.22              0.05         0.24



