Scarab gitrev: 3541854
Scarab started at Mon Oct 21 23:09:15 2024

Initialized Ramulator. 
** Heartbeat:   5% -- { 1000000 } -- 0.00 KIPS (29.41 KIPS)
** Heartbeat:  10% -- { 2000000 } -- 34.48 KIPS (31.75 KIPS)
** Heartbeat:  15% -- { 3000000 } -- 33.33 KIPS (32.26 KIPS)
** Heartbeat:  20% -- { 4000000 } -- 43.48 KIPS (34.48 KIPS)
** Heartbeat:  25% -- { 5000000 } -- 29.41 KIPS (33.33 KIPS)
** Heartbeat:  30% -- { 6000000 } -- 38.46 KIPS (34.09 KIPS)
** Heartbeat:  35% -- { 7000000 } -- 32.26 KIPS (33.82 KIPS)
** Heartbeat:  40% -- { 8000000 } -- 33.33 KIPS (33.76 KIPS)
** Heartbeat:  45% -- { 9000000 } -- 27.78 KIPS (32.97 KIPS)
** Heartbeat:  50% -- { 10000000 } -- 41.67 KIPS (33.67 KIPS)
** Heartbeat:  55% -- { 11000000 } -- 30.30 KIPS (33.33 KIPS)
** Heartbeat:  60% -- { 12000000 } -- 31.25 KIPS (33.15 KIPS)
** Heartbeat:  65% -- { 13000000 } -- 32.26 KIPS (33.08 KIPS)
** Heartbeat:  70% -- { 14000000 } -- 32.26 KIPS (33.02 KIPS)
** Heartbeat:  75% -- { 15000000 } -- 32.26 KIPS (32.97 KIPS)
** Heartbeat:  80% -- { 16000000 } -- 38.46 KIPS (33.26 KIPS)
** Heartbeat:  85% -- { 17000000 } -- 33.33 KIPS (33.27 KIPS)
** Heartbeat:  90% -- { 18000005 } -- 43.48 KIPS (33.71 KIPS)
** Heartbeat:  95% -- { 19000009 } -- 33.33 KIPS (33.69 KIPS)
** Core 0 Finished:    insts:20000000    cycles:20785445    time:6495451562500       -- 0.96 IPC (0.96 IPC) --  N/A  KIPS (33.50 KIPS)
Scarab finished at Mon Oct 21 23:19:12 2024

