/* -*- Mode: c -*- */
####################################################################################################
Core 0
####################################################################################################
Cumulative:        Cycles: 26013958              Instructions: 20000000              IPC: 0.76882

Periodic:          Cycles: 13283046              Instructions: 10000000              IPC: 0.75284

ST_OP_INV                                            0        0.000%                0        0.000%
ST_OP_NOP                                       259447        1.656%          2648489        7.855%
ST_OP_CF                                       2339138       14.933%          4628184       13.726%
ST_OP_MOV                                      1131314        7.222%          2338532        6.935%
ST_OP_CMOV                                       43381        0.277%            90102        0.267%
ST_OP_LDA                                       307650        1.964%           651889        1.933%
ST_OP_ILD                                       831584        5.309%          1769623        5.248%
ST_OP_IST                                      1275861        8.145%          2441115        7.240%
ST_OP_IADD                                     3127639       19.967%          6045681       17.930%
ST_OP_IMUL                                       30602        0.195%            67723        0.201%
ST_OP_IDIV                                           7        0.000%               15        0.000%
ST_OP_ICMP                                      946791        6.044%          1952988        5.792%
ST_OP_LOGIC                                     394148        2.516%           832994        2.470%
ST_OP_SHIFT                                      89314        0.570%           186019        0.552%
ST_OP_FLD                                      1882812       12.020%          3880982       11.510%
ST_OP_FST                                       855443        5.461%          1763937        5.231%
ST_OP_FCVT                                       23154        0.148%            47212        0.140%
ST_OP_FADD                                      564953        3.607%          1155654        3.427%
ST_OP_FMUL                                      778926        4.973%          1596271        4.734%
ST_OP_FMA                                       490405        3.131%          1016442        3.014%
ST_OP_FDIV                                      162064        1.035%           335597        0.995%
ST_OP_FCMP                                      126087        0.805%           261994        0.777%
ST_OP_FCMOV                                          0        0.000%                0        0.000%
ST_OP_GATHER                                         0        0.000%                0        0.000%
ST_OP_SCATTER                                        0        0.000%                0        0.000%
ST_OP_PIPELINED_FAST                              2989        0.019%             6625        0.020%
ST_OP_PIPELINED_MEDIUM                              24        0.000%               63        0.000%
ST_OP_PIPELINED_SLOW                                 0        0.000%                0        0.000%
ST_OP_NOTPIPELINED_MEDIUM                          500        0.003%             1048        0.003%
ST_OP_NOTPIPELINED_SLOW                              0        0.000%                0        0.000%
ST_OP_NOTPIPELINED_VERY_SLOW                         0        0.000%                0        0.000%
                                              15664233      100.000%         33719179      100.000%
                                                  9.20         5.47              8.74         5.68

ST_NOT_CF                                     13325095       85.067%         29090995       86.274%
ST_CF_BR                                         46747        0.298%           100797        0.299%
ST_CF_CBR                                      2055931       13.125%          4031516       11.956%
ST_CF_CALL                                       80131        0.512%           168212        0.499%
ST_CF_IBR                                        78638        0.502%           163846        0.486%
ST_CF_ICALL                                          0        0.000%                0        0.000%
ST_CF_ICO                                            0        0.000%                0        0.000%
ST_CF_RET                                        77691        0.496%           163813        0.486%
ST_CF_SYS                                            0        0.000%                0        0.000%
                                              15664233      100.000%         33719179      100.000%
                                                  0.34         0.83              0.31         0.81

ST_BAR_NONE                                   15664233      100.000%         33719179      100.000%
ST_BAR_FETCH                                         0        0.000%                0        0.000%
ST_BAR_ISSUE                                         0        0.000%                0        0.000%
ST_BAR_BOTH                                          0        0.000%                0        0.000%
                                              15664233      100.000%         33719179      100.000%
                                                  0.00         0.00              0.00         0.00

ST_NOT_MEM                                    10818533       69.065%         23863522       70.771%
ST_MEM_LD                                      2714396       17.329%          5650605       16.758%
ST_MEM_ST                                      2131304       13.606%          4205052       12.471%
ST_MEM_PF                                            0        0.000%                0        0.000%
ST_MEM_WH                                            0        0.000%                0        0.000%
ST_MEM_EVICT                                         0        0.000%                0        0.000%
                                              15664233      100.000%         33719179      100.000%
                                                  0.45         0.62              0.42         0.61

ST_NOT_MEM_OFFPATH                              282225       66.331%          1764442       79.093%
ST_MEM_LD_OFFPATH                               101259       23.799%           318457       14.275%
ST_MEM_ST_OFFPATH                                41995        9.870%           147935        6.631%
ST_MEM_PF_OFFPATH                                    0        0.000%                0        0.000%
ST_MEM_WH_OFFPATH                                    0        0.000%                0        0.000%
ST_MEM_EVIC_OFFPATHT                                 0        0.000%                0        0.000%
                                                425479      100.000%          2230834      100.000%
                                                  0.44         0.56              0.28         0.52

ST_OP_ONPATH                                  15664233                       33719179              

ST_OP_OFFPATH                                   425479                        2230834              

ST_FAKE_OP_OFFPATH                               14030        3.297%           888076       39.809%
ST_NOT_FAKE_OP_OFFPATH                          411449       96.703%          1342758       60.191%
                                                425479      100.000%          2230834      100.000%
                                                  0.97         0.95              0.60         0.56

ST_FAKE_REASON_NOT_FAKE                         411449       96.703%          1342758       60.191%
ST_FAKE_REASON_REDIRECT_TO_NOT_INSTRUMENTED         14030        3.297%           888076       39.809%
ST_FAKE_REASON_RETURN_TO_NOT_INSTRUMENTED             0        0.000%                0        0.000%
ST_FAKE_REASON_NONRET_CF_TO_NOT_INSTRUMENTED             0        0.000%                0        0.000%
ST_FAKE_REASON_NOT_TAKEN_TO_NOT_INSTRUMENTED             0        0.000%                0        0.000%
ST_FAKE_REASON_WRONG_PATH_STORE_TO_NEW_REGION             0        0.000%                0        0.000%
                                                425479      100.000%          2230834      100.000%
                                                  0.03         0.18              0.40         0.38

ST_INST_ONPATH                                11117747                       24985309              

ST_INST_OFFPATH                                 366736                        2034103              

STATIC_PIN_NOP                                       0                              0              

DYNAMIC_PIN_REP_GREATER_256                          0                              0              

INST_MAP_UPDATE_JITTED                          535382       15.230%          1069657       15.506%
INST_MAP_UPDATE_NPC_INV                              0        0.000%                0        0.000%
INST_MAP_UPDATE_NPC_NOP                              0        0.000%                0        0.000%
INST_MAP_UPDATE_NPC_CF                               0        0.000%                0        0.000%
INST_MAP_UPDATE_NPC_MOV                              0        0.000%                0        0.000%
INST_MAP_UPDATE_NPC_CMOV                             0        0.000%                0        0.000%
INST_MAP_UPDATE_NPC_LDA                              0        0.000%                0        0.000%
INST_MAP_UPDATE_NPC_IMEM                             0        0.000%                0        0.000%
INST_MAP_UPDATE_NPC_IADD                             0        0.000%                0        0.000%
INST_MAP_UPDATE_NPC_IMUL                          6428        0.183%            12843        0.186%
INST_MAP_UPDATE_NPC_IDIV                             0        0.000%                0        0.000%
INST_MAP_UPDATE_NPC_ICMP                             0        0.000%                0        0.000%
INST_MAP_UPDATE_NPC_LOGIC                            0        0.000%                0        0.000%
INST_MAP_UPDATE_NPC_SHIFT                            0        0.000%                0        0.000%
INST_MAP_UPDATE_NPC_FMEM                             0        0.000%                0        0.000%
INST_MAP_UPDATE_NPC_FCVT                             0        0.000%                0        0.000%
INST_MAP_UPDATE_NPC_FADD                             0        0.000%                0        0.000%
INST_MAP_UPDATE_NPC_FMUL                             0        0.000%                0        0.000%
INST_MAP_UPDATE_NPC_FMA                              0        0.000%                0        0.000%
INST_MAP_UPDATE_NPC_FDIV                             0        0.000%                0        0.000%
INST_MAP_UPDATE_NPC_FCMP                             0        0.000%                0        0.000%
INST_MAP_UPDATE_NPC_FCMOV                            0        0.000%                0        0.000%
INST_MAP_UPDATE_NPC_GATHER                           0        0.000%                0        0.000%
INST_MAP_UPDATE_NPC_SCATTER                          0        0.000%                0        0.000%
INST_MAP_UPDATE_NPC_PIPELINED_FAST                   0        0.000%                0        0.000%
INST_MAP_UPDATE_NPC_PIPELINED_MEDIUM                 0        0.000%                0        0.000%
INST_MAP_UPDATE_NPC_PIPELINED_SLOW                   0        0.000%                0        0.000%
INST_MAP_UPDATE_NPC_NOTPIPELINED_MEDIUM              0        0.000%                0        0.000%
INST_MAP_UPDATE_NPC_NOTPIPELINED_SLOW                0        0.000%                0        0.000%
INST_MAP_UPDATE_NPC_NOTPIPELINED_VERY_SLOW             0        0.000%                0        0.000%
INST_MAP_UPDATE_MEM_INV                              0        0.000%                0        0.000%
INST_MAP_UPDATE_MEM_NOP                              0        0.000%                0        0.000%
INST_MAP_UPDATE_MEM_CF                               0        0.000%                0        0.000%
INST_MAP_UPDATE_MEM_MOV                        2256576       64.192%          4377384       63.455%
INST_MAP_UPDATE_MEM_CMOV                            24        0.001%               35        0.001%
INST_MAP_UPDATE_MEM_LDA                              0        0.000%                0        0.000%
INST_MAP_UPDATE_MEM_IMEM                             0        0.000%                0        0.000%
INST_MAP_UPDATE_MEM_IADD                             0        0.000%                0        0.000%
INST_MAP_UPDATE_MEM_IMUL                         29736        0.846%            59123        0.857%
INST_MAP_UPDATE_MEM_IDIV                           282        0.008%              547        0.008%
INST_MAP_UPDATE_MEM_ICMP                             0        0.000%                0        0.000%
INST_MAP_UPDATE_MEM_LOGIC                        14801        0.421%            29221        0.424%
INST_MAP_UPDATE_MEM_SHIFT                           20        0.001%               37        0.001%
INST_MAP_UPDATE_MEM_FMEM                            46        0.001%               91        0.001%
INST_MAP_UPDATE_MEM_FCVT                             0        0.000%                0        0.000%
INST_MAP_UPDATE_MEM_FADD                             0        0.000%                0        0.000%
INST_MAP_UPDATE_MEM_FMUL                           232        0.007%              452        0.007%
INST_MAP_UPDATE_MEM_FMA                         255132        7.258%           509867        7.391%
INST_MAP_UPDATE_MEM_FDIV                        240530        6.842%           483788        7.013%
INST_MAP_UPDATE_MEM_FCMP                        148645        4.228%           300406        4.355%
INST_MAP_UPDATE_MEM_FCMOV                         6163        0.175%            12164        0.176%
INST_MAP_UPDATE_MEM_GATHER                        7047        0.200%            13987        0.203%
INST_MAP_UPDATE_MEM_SCATTER                          0        0.000%                0        0.000%
INST_MAP_UPDATE_MEM_PIPELINED_FAST                   0        0.000%                0        0.000%
INST_MAP_UPDATE_MEM_PIPELINED_MEDIUM                 0        0.000%                0        0.000%
INST_MAP_UPDATE_MEM_PIPELINED_SLOW               14308        0.407%            28806        0.418%
INST_MAP_UPDATE_MEM_NOTPIPELINED_MEDIUM              4        0.000%                7        0.000%
INST_MAP_UPDATE_MEM_NOTPIPELINED_SLOW                0        0.000%                0        0.000%
INST_MAP_UPDATE_MEM_NOTPIPELINED_VERY_SLOW            10        0.000%               18        0.000%
                                               3515366      100.000%          6898433      100.000%
                                                 30.88         7.83             30.86         7.92



