Scarab gitrev: 3541854
Scarab started at Mon Oct 21 23:19:52 2024

Initialized Ramulator. 
** Heartbeat:   5% -- { 1000000 } -- 0.00 KIPS (31.25 KIPS)
** Heartbeat:  10% -- { 2000000 } -- 38.46 KIPS (34.48 KIPS)
** Heartbeat:  15% -- { 3000000 } -- 41.67 KIPS (36.59 KIPS)
** Heartbeat:  20% -- { 4000000 } -- 34.48 KIPS (36.04 KIPS)
** Heartbeat:  25% -- { 5000000 } -- 37.04 KIPS (36.23 KIPS)
** Heartbeat:  30% -- { 6000000 } -- 40.00 KIPS (36.81 KIPS)
** Heartbeat:  35% -- { 7000000 } -- 25.64 KIPS (34.65 KIPS)
** Heartbeat:  40% -- { 8000000 } -- 37.04 KIPS (34.93 KIPS)
** Heartbeat:  45% -- { 9000000 } -- 37.04 KIPS (35.16 KIPS)
** Heartbeat:  50% -- { 10000000 } -- 34.48 KIPS (35.09 KIPS)
** Heartbeat:  55% -- { 11000000 } -- 37.04 KIPS (35.26 KIPS)
** Heartbeat:  60% -- { 12000000 } -- 32.26 KIPS (34.99 KIPS)
** Heartbeat:  65% -- { 13000000 } -- 32.26 KIPS (34.76 KIPS)
** Heartbeat:  70% -- { 14000000 } -- 35.71 KIPS (34.83 KIPS)
** Heartbeat:  75% -- { 15000000 } -- 35.71 KIPS (34.88 KIPS)
** Heartbeat:  80% -- { 16000000 } -- 34.48 KIPS (34.86 KIPS)
** Heartbeat:  85% -- { 17000000 } -- 38.46 KIPS (35.05 KIPS)
** Heartbeat:  90% -- { 18000000 } -- 43.48 KIPS (35.43 KIPS)
** Heartbeat:  95% -- { 19000000 } -- 27.78 KIPS (34.93 KIPS)
** Heartbeat: 100% -- { 20000000 } -- 29.41 KIPS (34.60 KIPS)
** Core 0 Finished:    insts:20000000    cycles:20337096    time:6355342500000       -- 0.98 IPC (0.98 IPC) --  N/A  KIPS (34.60 KIPS)
Scarab finished at Mon Oct 21 23:29:30 2024

