Scarab gitrev: 3541854
Scarab started at Mon Oct 21 23:09:36 2024

Initialized Ramulator. 
** Heartbeat:   5% -- { 1000000 } -- 0.00 KIPS (33.33 KIPS)
** Heartbeat:  10% -- { 2000000 } -- 38.46 KIPS (35.71 KIPS)
** Heartbeat:  15% -- { 3000000 } -- 41.67 KIPS (37.50 KIPS)
** Heartbeat:  20% -- { 4000000 } -- 37.04 KIPS (37.38 KIPS)
** Heartbeat:  25% -- { 5000000 } -- 33.33 KIPS (36.50 KIPS)
** Heartbeat:  30% -- { 6000000 } -- 38.46 KIPS (36.81 KIPS)
** Heartbeat:  35% -- { 7000000 } -- 43.48 KIPS (37.63 KIPS)
** Heartbeat:  40% -- { 8000000 } -- 33.33 KIPS (37.04 KIPS)
** Heartbeat:  45% -- { 9000000 } -- 40.00 KIPS (37.34 KIPS)
** Heartbeat:  50% -- { 10000000 } -- 35.71 KIPS (37.17 KIPS)
** Heartbeat:  55% -- { 11000000 } -- 37.04 KIPS (37.16 KIPS)
** Heartbeat:  60% -- { 12000000 } -- 32.26 KIPS (36.70 KIPS)
** Heartbeat:  65% -- { 13000000 } -- 31.25 KIPS (36.21 KIPS)
** Heartbeat:  70% -- { 14000000 } -- 34.48 KIPS (36.08 KIPS)
** Heartbeat:  75% -- { 15000000 } -- 30.30 KIPS (35.63 KIPS)
** Heartbeat:  80% -- { 16000000 } -- 32.26 KIPS (35.40 KIPS)
** Heartbeat:  85% -- { 17000000 } -- 40.00 KIPS (35.64 KIPS)
** Heartbeat:  90% -- { 18000005 } -- 40.00 KIPS (35.86 KIPS)
** Heartbeat:  95% -- { 19000009 } -- 32.26 KIPS (35.65 KIPS)
** Core 0 Finished:    insts:20000000    cycles:20698518    time:6468286875000       -- 0.97 IPC (0.97 IPC) --  N/A  KIPS (35.40 KIPS)
Scarab finished at Mon Oct 21 23:19:01 2024

