/* -*- Mode: c -*- */
####################################################################################################
Core 0
####################################################################################################
Cumulative:        Cycles: 5189689               Instructions: 20000000              IPC: 3.85380

Periodic:          Cycles: 2576926               Instructions: 9999999               IPC: 3.88059

EXECUTION_TIME                            805289375000                  1621777812500              

NODE_CYCLE                                     2576926                        5189689              

NODE_INST_COUNT                                9999999                       20000000              

NODE_INST_COUNT_FETCHED                        9999999                       20000000              

NODE_UOP_COUNT                                10374252                       20763750              

FULL_WINDOW_STALL                               196949        7.643%           378280        7.289%

FULL_WINDOW_MEM_OP                              144276       99.681%           275034       99.664%
FULL_WINDOW_FP_OP                                    8        0.006%               15        0.005%
FULL_WINDOW_OTHER_OP                               454        0.314%              913        0.331%
                                                144738      100.000%           275962      100.000%
                                                  0.01         0.11              0.01         0.11

RET_BLOCKED_DC_MISS                             175892        6.826%           339244        6.537%

RET_BLOCKED_L1_MISS                             125243        4.860%           242481        4.672%

RET_BLOCKED_L1_MISS_BW_PREF                          0        0.000%              121        0.002%

RET_BLOCKED_L1_ACCESS                            50885        1.975%            97111        1.871%

RET_BLOCKED_MEM_STALL                           125299        4.862%           242646        4.676%

RET_BLOCKED_OFFCHIP_DEMAND                           0        0.000%                0        0.000%

OP_ISSUED                                     11216902                       22518262              

OP_RETIRED                                    10374252                       20763750              

REPLAY_SIGNALED                                      0                              0              

REPLAY_COUNTED                                       0                              0              

OFF_CRITICAL_PATH                                    0         -nan%                0         -nan%
ON_CRITICAL_PATH                                     0         -nan%                0         -nan%
                                                     0         -nan%                0         -nan%
                                                  -nan         -nan              -nan         -nan

LD_NO_DEPENDENTS                                 22371        0.935%            51307        1.094%
LD_DEPENDENTS                                  2369949       99.065%          4638057       98.906%
                                               2392320      100.000%          4689364      100.000%
                                                  0.99         0.99              0.99         0.98

LD_EXEC_CYCLES_0                                     0        0.000%                0        0.000%
LD_EXEC_CYCLES_1                                     0        0.000%                0        0.000%
LD_EXEC_CYCLES_2                                     0        0.000%                0        0.000%
LD_EXEC_CYCLES_3                                   554       61.419%              854       55.239%
LD_EXEC_CYCLES_4                                   348       38.581%              692       44.761%
                                                   902      100.000%             1546      100.000%
                                                  3.39         2.16              3.45         2.36

ICACHE_STAGE_STARVED                             23027        1.089%           118771        2.774%
ICACHE_STAGE_NOT_STARVED                       2091832       98.911%          4163114       97.226%
                                               2114859      100.000%          4281885      100.000%
                                                  0.99         0.98              0.97         0.96

ICACHE_STAGE_STALLED                            163084        6.329%           313007        6.031%
ICACHE_STAGE_NOT_STALLED                       2103622       81.633%          4223183       81.376%
ICACHE_STAGE_OFF_PATH                           310220       12.038%           653499       12.592%
                                               2576926      100.000%          5189689      100.000%
                                                  1.06         0.49              1.07         0.51

DECODE_STAGE_STARVED                           2198773       91.290%          4353939       90.354%
DECODE_STAGE_NOT_STARVED                        209794        8.710%           464832        9.646%
                                               2408567      100.000%          4818771      100.000%
                                                  0.09         0.27              0.10         0.28

DECODE_STAGE_STALLED                             15704        0.609%            31204        0.601%
DECODE_STAGE_NOT_STALLED                       2392863       92.857%          4787567       92.252%
DECODE_STAGE_OFF_PATH                           168359        6.533%           370918        7.147%
                                               2576926      100.000%          5189689      100.000%
                                                  1.06         0.37              1.07         0.38

UOPQ_STAGE_STARVED                              625328       28.137%          1194341       26.606%
UOPQ_STAGE_NOT_STARVED                         1597104       71.863%          3294575       73.394%
                                               2222432      100.000%          4488916      100.000%
                                                  0.72         0.65              0.73         0.67

UOPQ_STAGE_STALLED                              152156        5.905%           292753        5.641%
UOPQ_STAGE_NOT_STALLED                         2222432       86.244%          4488916       86.497%
UOPQ_STAGE_OFF_PATH                             202338        7.852%           408020        7.862%
                                               2576926      100.000%          5189689      100.000%
                                                  1.02         0.40              1.02         0.40

MAP_STAGE_STARVED                                81139        3.442%           214023        4.517%
MAP_STAGE_NOT_STARVED                          2276273       96.558%          4524609       95.483%
                                               2357412      100.000%          4738632      100.000%
                                                  0.97         0.95              0.95         0.93

MAP_STAGE_STALLED                               165520        6.423%           320728        6.180%
MAP_STAGE_NOT_STALLED                          2191892       85.058%          4417904       85.128%
MAP_STAGE_OFF_PATH                              219514        8.518%           451057        8.691%
                                               2576926      100.000%          5189689      100.000%
                                                  1.02         0.41              1.03         0.42

EXEC_STAGE_STARVED                             2210943       85.798%          4424879       85.263%
EXEC_STAGE_NOT_STARVED                          245328        9.520%           523984       10.097%
EXEC_STAGE_OFF_PATH                             120655        4.682%           240826        4.640%
                                               2576926      100.000%          5189689      100.000%
                                                  0.19         0.47              0.19         0.47

FU_BUSY_0                                      2269402                        4536607              

FU_BUSY_1                                      2026048                        4067857              

FU_BUSY_2                                      1288674                        2519836              

FU_BUSY_3                                      1192237                        2351280              

FU_BUSY_4                                      1627028                        3320028              

FU_BUSY_5                                      1618879                        3288556              

FU_BUSY_6                                       319201                         649155              

FU_BUSY_7                                       373825                         754844              

FU_BUSY_8                                            0                              0              

FU_BUSY_9                                            0                              0              

FU_BUSY_10                                           0                              0              

FU_BUSY_11                                           0                              0              

FU_BUSY_12                                           0                              0              

FU_BUSY_13                                           0                              0              

FU_BUSY_14                                           0                              0              

FU_BUSY_15                                           0                              0              

FU_BUSY_16                                           0                              0              

FU_BUSY_17                                           0                              0              

FU_BUSY_18                                           0                              0              

FU_BUSY_19                                           0                              0              

FU_BUSY_20                                           0                              0              

FU_BUSY_21                                           0                              0              

FU_BUSY_22                                           0                              0              

FU_BUSY_23                                           0                              0              

FU_BUSY_24                                           0                              0              

FU_BUSY_25                                           0                              0              

FU_BUSY_26                                           0                              0              

FU_BUSY_27                                           0                              0              

FU_BUSY_28                                           0                              0              

FU_BUSY_29                                           0                              0              

FU_BUSY_30                                           0                              0              

FU_BUSY_31                                           0                              0              

FU_REJECTED_OP_INV_NOT_SIMD                          0        0.000%                0        0.000%
FU_REJECTED_OP_NOP_NOT_SIMD                          0        0.000%                9        0.008%
FU_REJECTED_OP_CF_NOT_SIMD                         152        0.275%              317        0.265%
FU_REJECTED_OP_MOV_NOT_SIMD                        256        0.464%              663        0.555%
FU_REJECTED_OP_CMOV_NOT_SIMD                         7        0.013%               10        0.008%
FU_REJECTED_OP_LDA_NOT_SIMD                         95        0.172%              334        0.280%
FU_REJECTED_OP_IMEM_NOT_SIMD                       216        0.391%              432        0.362%
FU_REJECTED_OP_IADD_NOT_SIMD                     51800       93.829%           111854       93.632%
FU_REJECTED_OP_IMUL_NOT_SIMD                       596        1.080%             1346        1.127%
FU_REJECTED_OP_IDIV_NOT_SIMD                        22        0.040%               62        0.052%
FU_REJECTED_OP_ICMP_NOT_SIMD                         0        0.000%                0        0.000%
FU_REJECTED_OP_LOGIC_NOT_SIMD                      161        0.292%              289        0.242%
FU_REJECTED_OP_SHIFT_NOT_SIMD                      570        1.032%             1211        1.014%
FU_REJECTED_OP_FMEM_NOT_SIMD                       179        0.324%              494        0.414%
FU_REJECTED_OP_FCVT_NOT_SIMD                         0        0.000%                0        0.000%
FU_REJECTED_OP_FADD_NOT_SIMD                         0        0.000%                0        0.000%
FU_REJECTED_OP_FMUL_NOT_SIMD                         0        0.000%                0        0.000%
FU_REJECTED_OP_FMA_NOT_SIMD                          0        0.000%                0        0.000%
FU_REJECTED_OP_FDIV_NOT_SIMD                         0        0.000%                0        0.000%
FU_REJECTED_OP_FCMP_NOT_SIMD                         0        0.000%                0        0.000%
FU_REJECTED_OP_FCMOV_NOT_SIMD                        0        0.000%                0        0.000%
FU_REJECTED_OP_GATHER_NOT_SIMD                       0        0.000%                0        0.000%
FU_REJECTED_OP_SCATTER_NOT_SIMD                      0        0.000%                0        0.000%
FU_REJECTED_OP_PIPELINED_FAST_NOT_SIMD               0        0.000%                0        0.000%
FU_REJECTED_OP_PIPELINED_MEDIUM_NOT_SIMD             0        0.000%                0        0.000%
FU_REJECTED_OP_PIPELINED_SLOW_NOT_SIMD               0        0.000%                0        0.000%
FU_REJECTED_OP_NOTPIPELINED_MEDIUM_NOT_SIMD             0        0.000%                0        0.000%
FU_REJECTED_OP_NOTPIPELINED_SLOW_NOT_SIMD             0        0.000%                0        0.000%
FU_REJECTED_OP_NOTPIPELINED_VERY_SLOW_NOT_SIMD             0        0.000%                0        0.000%
FU_REJECTED_OP_INV_SIMD                              0        0.000%                0        0.000%
FU_REJECTED_OP_NOP_SIMD                              0        0.000%                0        0.000%
FU_REJECTED_OP_CF_SIMD                               0        0.000%                0        0.000%
FU_REJECTED_OP_MOV_SIMD                              0        0.000%                0        0.000%
FU_REJECTED_OP_CMOV_SIMD                             0        0.000%                0        0.000%
FU_REJECTED_OP_LDA_SIMD                              0        0.000%                0        0.000%
FU_REJECTED_OP_IMEM_SIMD                             0        0.000%                0        0.000%
FU_REJECTED_OP_IADD_SIMD                             0        0.000%                0        0.000%
FU_REJECTED_OP_IMUL_SIMD                             0        0.000%                0        0.000%
FU_REJECTED_OP_IDIV_SIMD                             0        0.000%                0        0.000%
FU_REJECTED_OP_ICMP_SIMD                             0        0.000%                0        0.000%
FU_REJECTED_OP_LOGIC_SIMD                            0        0.000%                0        0.000%
FU_REJECTED_OP_SHIFT_SIMD                            0        0.000%                0        0.000%
FU_REJECTED_OP_FMEM_SIMD                             0        0.000%                0        0.000%
FU_REJECTED_OP_FCVT_SIMD                            58        0.105%               59        0.049%
FU_REJECTED_OP_FADD_SIMD                          1095        1.983%             2381        1.993%
FU_REJECTED_OP_FMUL_SIMD                             0        0.000%                0        0.000%
FU_REJECTED_OP_FMA_SIMD                              0        0.000%                0        0.000%
FU_REJECTED_OP_FDIV_SIMD                             0        0.000%                0        0.000%
FU_REJECTED_OP_FCMP_SIMD                             0        0.000%                0        0.000%
FU_REJECTED_OP_FCMOV_SIMD                            0        0.000%                0        0.000%
FU_REJECTED_OP_GATHER_SIMD                           0        0.000%                0        0.000%
FU_REJECTED_OP_SCATTER_SIMD                          0        0.000%                0        0.000%
FU_REJECTED_OP_PIPELINED_FAST_SIMD                   0        0.000%                0        0.000%
FU_REJECTED_OP_PIPELINED_MEDIUM_SIMD                 0        0.000%                0        0.000%
FU_REJECTED_OP_PIPELINED_SLOW_SIMD                   0        0.000%                0        0.000%
FU_REJECTED_OP_NOTPIPELINED_MEDIUM_SIMD              0        0.000%                0        0.000%
FU_REJECTED_OP_NOTPIPELINED_SLOW_SIMD                0        0.000%                0        0.000%
FU_REJECTED_OP_NOTPIPELINED_VERY_SLOW_SIMD             0        0.000%                0        0.000%
                                                 55207      100.000%           119461      100.000%
                                                  7.83         5.33              7.81         5.28

OP_WAIT_0                                      6971963                       13895798              

OP_WAIT_1                                      1208809                        2300815              

OP_WAIT_2                                       556343                        1047110              

OP_WAIT_3                                       230405                         492020              

OP_WAIT_4                                       185070                         395950              

OP_WAIT_5                                       159929                         350281              

OP_WAIT_6                                       160253                         347395              

OP_WAIT_7                                       138312                         305351              

OP_WAIT_8                                       108955                         235659              

OP_WAIT_9                                        92562                         201184              

OP_WAIT_10                                       97060                         208746              

OP_WAIT_11                                       73507                         157022              

OP_WAIT_12                                       58674                         122594              

OP_WAIT_13                                       61328                         127161              

OP_WAIT_14                                       48723                          97522              

OP_WAIT_15                                       27078                          55830              

OP_WAIT_16                                       18160                          37929              

OP_WAIT_17                                       15117                          32856              

OP_WAIT_18                                       11968                          26700              

OP_WAIT_19                                       12681                          28465              

OP_WAIT_20                                        7658                          17479              

OP_WAIT_21                                        6811                          15761              

OP_WAIT_22                                        4308                          10443              

OP_WAIT_23                                        4092                           9715              

OP_WAIT_24                                        5601                          13001              

OP_WAIT_25                                        6603                          17404              

OP_WAIT_26                                       15795                          31598              

OP_WAIT_27                                       11441                          25336              

OP_WAIT_28                                        3660                           7993              

OP_WAIT_29                                       11040                          19787              

OP_WAIT_30                                        2185                           4815              

OP_WAIT_31                                       58161                         124030              

ROW_SIZE_0                                      484269                         952185              

ROW_SIZE_1                                      200200                         411538              

ROW_SIZE_2                                      103364                         228617              

ROW_SIZE_3                                       91006                         185799              

ROW_SIZE_4                                       91341                         171244              

ROW_SIZE_5                                       84200                         164973              

ROW_SIZE_6                                     1484657                        2971290              

ROW_SIZE_7                                           0                              0              

ROW_SIZE_8                                           0                              0              

ROW_SIZE_9                                           0                              0              

ROW_SIZE_10                                          0                              0              

ROW_SIZE_11                                          0                              0              

ROW_SIZE_12                                          0                              0              

ROW_SIZE_13                                          0                              0              

ROW_SIZE_14                                          0                              0              

ROW_SIZE_15                                          0                              0              

ROW_SIZE_16                                          0                              0              

ROW_SIZE_17                                          0                              0              

ROW_SIZE_18                                          0                              0              

ROW_SIZE_19                                          0                              0              

ROW_SIZE_20                                          0                              0              

ROW_SIZE_21                                          0                              0              

ROW_SIZE_22                                          0                              0              

ROW_SIZE_23                                          0                              0              

ROW_SIZE_24                                          0                              0              

ROW_SIZE_25                                          0                              0              

ROW_SIZE_26                                          0                              0              

ROW_SIZE_27                                          0                              0              

ROW_SIZE_28                                          0                              0              

ROW_SIZE_29                                          0                              0              

ROW_SIZE_30                                          0                              0              

ROW_SIZE_31                                          0                              0              

RET_OP_EXEC_COUNT_0                                  0        0.000%                0        0.000%
RET_OP_EXEC_COUNT_1                           10374252      100.000%         20763750      100.000%
RET_OP_EXEC_COUNT_2                                  0        0.000%                0        0.000%
RET_OP_EXEC_COUNT_3                                  0        0.000%                0        0.000%
RET_OP_EXEC_COUNT_4                                  0        0.000%                0        0.000%
RET_OP_EXEC_COUNT_5                                  0        0.000%                0        0.000%
RET_OP_EXEC_COUNT_6                                  0        0.000%                0        0.000%
RET_OP_EXEC_COUNT_7                                  0        0.000%                0        0.000%
RET_OP_EXEC_COUNT_8                                  0        0.000%                0        0.000%
RET_OP_EXEC_COUNT_9                                  0        0.000%                0        0.000%
RET_OP_EXEC_COUNT_10                                 0        0.000%                0        0.000%
RET_OP_EXEC_COUNT_11                                 0        0.000%                0        0.000%
RET_OP_EXEC_COUNT_12                                 0        0.000%                0        0.000%
RET_OP_EXEC_COUNT_13                                 0        0.000%                0        0.000%
RET_OP_EXEC_COUNT_14                                 0        0.000%                0        0.000%
RET_OP_EXEC_COUNT_15                                 0        0.000%                0        0.000%
RET_OP_EXEC_COUNT_16                                 0        0.000%                0        0.000%
RET_OP_EXEC_COUNT_17                                 0        0.000%                0        0.000%
RET_OP_EXEC_COUNT_18                                 0        0.000%                0        0.000%
RET_OP_EXEC_COUNT_19                                 0        0.000%                0        0.000%
RET_OP_EXEC_COUNT_20                                 0        0.000%                0        0.000%
RET_OP_EXEC_COUNT_21                                 0        0.000%                0        0.000%
RET_OP_EXEC_COUNT_22                                 0        0.000%                0        0.000%
RET_OP_EXEC_COUNT_23                                 0        0.000%                0        0.000%
RET_OP_EXEC_COUNT_24                                 0        0.000%                0        0.000%
RET_OP_EXEC_COUNT_25                                 0        0.000%                0        0.000%
RET_OP_EXEC_COUNT_26                                 0        0.000%                0        0.000%
RET_OP_EXEC_COUNT_27                                 0        0.000%                0        0.000%
RET_OP_EXEC_COUNT_28                                 0        0.000%                0        0.000%
RET_OP_EXEC_COUNT_29                                 0        0.000%                0        0.000%
RET_OP_EXEC_COUNT_30                                 0        0.000%                0        0.000%
RET_OP_EXEC_COUNT_31                                 0        0.000%                0        0.000%
RET_OP_EXEC_COUNT_32                                 0        0.000%                0        0.000%
                                              10374252      100.000%         20763750      100.000%
                                                  1.00         0.00              1.00         0.00

RET_STALL_LENGTH_0                            10373440       99.992%         20762153       99.992%
RET_STALL_LENGTH_100                               790        0.008%             1523        0.007%
RET_STALL_LENGTH_200                                 3        0.000%               27        0.000%
RET_STALL_LENGTH_300                                 3        0.000%                6        0.000%
RET_STALL_LENGTH_400                                 0        0.000%                4        0.000%
RET_STALL_LENGTH_500                                 0        0.000%                2        0.000%
RET_STALL_LENGTH_600                                 2        0.000%                3        0.000%
RET_STALL_LENGTH_700                                 1        0.000%                4        0.000%
RET_STALL_LENGTH_800                                 0        0.000%                0        0.000%
RET_STALL_LENGTH_900                                 1        0.000%                2        0.000%
RET_STALL_LENGTH_1000                                2        0.000%                2        0.000%
RET_STALL_LENGTH_1100                                4        0.000%                9        0.000%
RET_STALL_LENGTH_1200                                6        0.000%               13        0.000%
RET_STALL_LENGTH_1300                                0        0.000%                2        0.000%
RET_STALL_LENGTH_1400                                0        0.000%                0        0.000%
RET_STALL_LENGTH_1500                                0        0.000%                0        0.000%
RET_STALL_LENGTH_1600                                0        0.000%                0        0.000%
RET_STALL_LENGTH_1700                                0        0.000%                0        0.000%
RET_STALL_LENGTH_1800                                0        0.000%                0        0.000%
RET_STALL_LENGTH_1900                                0        0.000%                0        0.000%
RET_STALL_LENGTH_2000                                0        0.000%                0        0.000%
RET_STALL_LENGTH_2100                                0        0.000%                0        0.000%
RET_STALL_LENGTH_2200                                0        0.000%                0        0.000%
RET_STALL_LENGTH_2300                                0        0.000%                0        0.000%
RET_STALL_LENGTH_2400                                0        0.000%                0        0.000%
RET_STALL_LENGTH_2500                                0        0.000%                0        0.000%
RET_STALL_LENGTH_2600                                0        0.000%                0        0.000%
RET_STALL_LENGTH_2700                                0        0.000%                0        0.000%
RET_STALL_LENGTH_2800                                0        0.000%                0        0.000%
RET_STALL_LENGTH_2900                                0        0.000%                0        0.000%
RET_STALL_LENGTH_3000                                0        0.000%                0        0.000%
RET_STALL_LENGTH_3100                                0        0.000%                0        0.000%
RET_STALL_LENGTH_3200                                0        0.000%                0        0.000%
RET_STALL_LENGTH_3300                                0        0.000%                0        0.000%
RET_STALL_LENGTH_3400                                0        0.000%                0        0.000%
RET_STALL_LENGTH_3500                                0        0.000%                0        0.000%
RET_STALL_LENGTH_3600                                0        0.000%                0        0.000%
RET_STALL_LENGTH_3700                                0        0.000%                0        0.000%
RET_STALL_LENGTH_3800                                0        0.000%                0        0.000%
RET_STALL_LENGTH_3900                                0        0.000%                0        0.000%
RET_STALL_LENGTH_4000                                0        0.000%                0        0.000%
RET_STALL_LENGTH_4100                                0        0.000%                0        0.000%
RET_STALL_LENGTH_4200                                0        0.000%                0        0.000%
RET_STALL_LENGTH_4300                                0        0.000%                0        0.000%
RET_STALL_LENGTH_4400                                0        0.000%                0        0.000%
RET_STALL_LENGTH_4500                                0        0.000%                0        0.000%
RET_STALL_LENGTH_4600                                0        0.000%                0        0.000%
RET_STALL_LENGTH_4700                                0        0.000%                0        0.000%
RET_STALL_LENGTH_4800                                0        0.000%                0        0.000%
RET_STALL_LENGTH_4900                                0        0.000%                0        0.000%
RET_STALL_LENGTH_5000                                0        0.000%                0        0.000%
                                              10374252      100.000%         20763750      100.000%
                                                  0.00         0.02              0.00         0.02

MEM_BLOCK_LENGTH_0                                  10       90.909%               20       90.909%
MEM_BLOCK_LENGTH_100                                 1        9.091%                2        9.091%
MEM_BLOCK_LENGTH_200                                 0        0.000%                0        0.000%
MEM_BLOCK_LENGTH_300                                 0        0.000%                0        0.000%
MEM_BLOCK_LENGTH_400                                 0        0.000%                0        0.000%
MEM_BLOCK_LENGTH_500                                 0        0.000%                0        0.000%
MEM_BLOCK_LENGTH_600                                 0        0.000%                0        0.000%
MEM_BLOCK_LENGTH_700                                 0        0.000%                0        0.000%
MEM_BLOCK_LENGTH_800                                 0        0.000%                0        0.000%
MEM_BLOCK_LENGTH_900                                 0        0.000%                0        0.000%
MEM_BLOCK_LENGTH_1000                                0        0.000%                0        0.000%
MEM_BLOCK_LENGTH_1100                                0        0.000%                0        0.000%
MEM_BLOCK_LENGTH_1200                                0        0.000%                0        0.000%
MEM_BLOCK_LENGTH_1300                                0        0.000%                0        0.000%
MEM_BLOCK_LENGTH_1400                                0        0.000%                0        0.000%
MEM_BLOCK_LENGTH_1500                                0        0.000%                0        0.000%
MEM_BLOCK_LENGTH_1600                                0        0.000%                0        0.000%
MEM_BLOCK_LENGTH_1700                                0        0.000%                0        0.000%
MEM_BLOCK_LENGTH_1800                                0        0.000%                0        0.000%
MEM_BLOCK_LENGTH_1900                                0        0.000%                0        0.000%
MEM_BLOCK_LENGTH_2000                                0        0.000%                0        0.000%
MEM_BLOCK_LENGTH_2100                                0        0.000%                0        0.000%
MEM_BLOCK_LENGTH_2200                                0        0.000%                0        0.000%
MEM_BLOCK_LENGTH_2300                                0        0.000%                0        0.000%
MEM_BLOCK_LENGTH_2400                                0        0.000%                0        0.000%
MEM_BLOCK_LENGTH_2500                                0        0.000%                0        0.000%
MEM_BLOCK_LENGTH_2600                                0        0.000%                0        0.000%
MEM_BLOCK_LENGTH_2700                                0        0.000%                0        0.000%
MEM_BLOCK_LENGTH_2800                                0        0.000%                0        0.000%
MEM_BLOCK_LENGTH_2900                                0        0.000%                0        0.000%
MEM_BLOCK_LENGTH_3000                                0        0.000%                0        0.000%
MEM_BLOCK_LENGTH_3100                                0        0.000%                0        0.000%
MEM_BLOCK_LENGTH_3200                                0        0.000%                0        0.000%
MEM_BLOCK_LENGTH_3300                                0        0.000%                0        0.000%
MEM_BLOCK_LENGTH_3400                                0        0.000%                0        0.000%
MEM_BLOCK_LENGTH_3500                                0        0.000%                0        0.000%
MEM_BLOCK_LENGTH_3600                                0        0.000%                0        0.000%
MEM_BLOCK_LENGTH_3700                                0        0.000%                0        0.000%
MEM_BLOCK_LENGTH_3800                                0        0.000%                0        0.000%
MEM_BLOCK_LENGTH_3900                                0        0.000%                0        0.000%
MEM_BLOCK_LENGTH_4000                                0        0.000%                0        0.000%
MEM_BLOCK_LENGTH_4100                                0        0.000%                0        0.000%
MEM_BLOCK_LENGTH_4200                                0        0.000%                0        0.000%
MEM_BLOCK_LENGTH_4300                                0        0.000%                0        0.000%
MEM_BLOCK_LENGTH_4400                                0        0.000%                0        0.000%
MEM_BLOCK_LENGTH_4500                                0        0.000%                0        0.000%
MEM_BLOCK_LENGTH_4600                                0        0.000%                0        0.000%
MEM_BLOCK_LENGTH_4700                                0        0.000%                0        0.000%
MEM_BLOCK_LENGTH_4800                                0        0.000%                0        0.000%
MEM_BLOCK_LENGTH_4900                                0        0.000%                0        0.000%
MEM_BLOCK_LENGTH_5000                                0        0.000%                0        0.000%
                                                    11      100.000%               22      100.000%
                                                  0.09         0.29              0.09         0.28

FUS_BUSY_ON_PATH                              10454263        4.0569         20936859        4.0343

FUS_BUSY_OFF_PATH                               261031        0.1013           551304        0.1062

FU_BUSY_MEM_STALL                                83576        0.0324           180582        0.0348

FUS_EMPTY                                      9900114        3.8418         20029349        3.8595

FU_UNAVAILABLE                                    2160        0.0008             5002        0.0010

FU_MEM_UNAVAILABLE                               53047        0.0206           114459        0.0221

FU_REPLAY                                            0        0.0000                0        0.0000

FU_STARVED                                     9862997        3.8274         19951475        3.8444

CHIP_UTILIZATION                                     0        0.0000                0        0.0000

CYCLES_UNDER_MEM_REQ                                 0                              0              

CYCLES_UNDER_NO_MEM_REQ                              0                              0              

CYCLES_UNDER_CRITICAL_MEM_REQ                        0                              0              

CYCLES_UNDER_NONCRITICAL_MEM_REQ                     0                              0              

CHIP_UTILIZATION_UNDER_MEM_REQ                       0          -nan                0          -nan

CHIP_UTILIZATION_UNDER_NO_MEM_REQ                    0          -nan                0          -nan

CHIP_UTILIZATION_UNDER_CRITICAL_MEM_REQ              0          -nan                0          -nan

CHIP_UTILIZATION_UNDER_NONCRITICAL_MEM_REQ             0          -nan                0          -nan

CYCLES_NOT_WAITING_FOR_OFF_CHIP                      0        0.0000                0        0.0000

FUS_BUSY_NOT_WAITING_FOR_OFF_CHIP                    0          -nan                0          -nan

CYCLES_WAITING_FOR_OFF_CHIP                          0        0.0000                0        0.0000

FUS_BUSY_WAITING_FOR_OFF_CHIP                        0          -nan                0          -nan

TOTAL_OFF_CHIP_DELAYS_LEFT                           0                              0              

WRONG_IO_SCHED                                       0                              0              

DVFS_CONFIG_SWITCH                                   0                              0              

MAP_STAGE_RECEIVED_OPS_0                             0        0.000%                0        0.000%
MAP_STAGE_RECEIVED_OPS_1                        172276        8.208%           340876        8.157%
MAP_STAGE_RECEIVED_OPS_2                         72256        3.443%           130939        3.133%
MAP_STAGE_RECEIVED_OPS_3                        183394        8.738%           345007        8.256%
MAP_STAGE_RECEIVED_OPS_4                        116672        5.559%           242220        5.797%
MAP_STAGE_RECEIVED_OPS_5                        299418       14.265%           589933       14.118%
MAP_STAGE_RECEIVED_OPS_6                       1254908       59.788%          2529717       60.538%
MAP_STAGE_RECEIVED_OPS_7                             0        0.000%                0        0.000%
MAP_STAGE_RECEIVED_OPS_8                             0        0.000%                0        0.000%
MAP_STAGE_RECEIVED_OPS_MAX                           0        0.000%                0        0.000%
                                               2098924      100.000%          4178692      100.000%
                                                  4.94         1.62              4.96         1.61

MAP_STAGE_WAIT_FOR_DECODE                            0         -nan%                0         -nan%
MAP_STAGE_CONSUME_DECODE                             0         -nan%                0         -nan%
                                                     0         -nan%                0         -nan%
                                                  -nan         -nan              -nan         -nan

MAP_STAGE_WAIT_FOR_DECODE2                           0         -nan%                0         -nan%
MAP_STAGE_CONSUME_DECODE2                            0         -nan%                0         -nan%
                                                     0         -nan%                0         -nan%
                                                  -nan         -nan              -nan         -nan

FTQ_RECOVER_EXEC                                 11875                          25299              

FTQ_RECOVER_DECODE                                 105                            704              

FTQ_OFFPATH_CYCLES                              385069                         843122              

FTQ_CYCLES_OFFPATH                              595944                        1335143              

FTQ_CYCLES_ONPATH                              1980982                        3854546              

FTQ_FETCHED_INS_OFFPATH                        5378947                       11825816              

FTQ_FETCHED_INS_ONPATH                        10361461                       20737747              

FTQ_BREAK_FULL_FT_ONPATH                       1920720       97.555%          3716864       97.087%
FTQ_BREAK_MAX_CFS_TAKEN_ONPATH                   24499        1.244%            55041        1.438%
FTQ_BREAK_MAX_BYTES_ONPATH                       23641        1.201%            56496        1.476%
FTQ_BREAK_PRED_BR_ONPATH                             0        0.000%                0        0.000%
FTQ_BREAK_BAR_FETCH_ONPATH                           0        0.000%                0        0.000%
                                               1968860      100.000%          3828401      100.000%
                                                  0.04         0.24              0.04         0.26

FTQ_BREAK_FULL_FT_OFFPATH                       488547       80.363%          1105488       81.217%
FTQ_BREAK_MAX_CFS_TAKEN_OFFPATH                  74965       12.331%           155725       11.441%
FTQ_BREAK_MAX_BYTES_OFFPATH                      44412        7.306%            99933        7.342%
FTQ_BREAK_PRED_BR_OFFPATH                            0        0.000%                0        0.000%
FTQ_BREAK_BAR_FETCH_OFFPATH                          0        0.000%                0        0.000%
                                                607924      100.000%          1361146      100.000%
                                                  0.27         0.53              0.26         0.53



