/* -*- Mode: c -*- */
####################################################################################################
Core 0
####################################################################################################
Cumulative:        Cycles: 5189689               Instructions: 20000000              IPC: 3.85380

Periodic:          Cycles: 2576926               Instructions: 9999999               IPC: 3.88059

MISS_WAIT_TIME                              3067695814                     4389648227              

ICACHE_STAGE_MISS                                  821                           2533              

ICACHE_CYCLE                                   2576926                        5189689              

TCACHE_CYCLE                                         0                              0              

ICACHE_CYCLE_ONPATH                            2266706       87.962%          4536190       87.408%
ICACHE_CYCLE_OFFPATH                            310220       12.038%           653499       12.592%
                                               2576926      100.000%          5189689      100.000%
                                                  0.12         0.31              0.13         0.31

FETCH_ON_PATH                                  2115602       88.695%          4249186       88.133%
FETCH_OFF_PATH                                  269648       11.305%           572175       11.867%
                                               2385250      100.000%          4821361      100.000%
                                                  0.11         0.30              0.12         0.31

FETCHED_OPS_ON_PATH                                  0         -nan%                0         -nan%
FETCHED_OPS_OFF_PATH                                 0         -nan%                0         -nan%
                                                     0         -nan%                0         -nan%
                                                  -nan         -nan              -nan         -nan

INST_LOST_FETCH                               10374021       68.337%         20763750       68.157%
INST_LOST_OFF_PATH                             1301374        8.573%          2754960        9.043%
INST_LOST_FULL_WINDOW                            13656        0.090%            28692        0.094%
INST_LOST_ROB_STALL_OTHER                       259296        1.708%           505980        1.661%
INST_LOST_ROB_STALL_WAIT_FOR_RECOVERY             1002        0.007%             2214        0.007%
INST_LOST_ROB_STALL_WAIT_FOR_REDIRECT                0        0.000%                0        0.000%
INST_LOST_ROB_STALL_WAIT_FOR_GAP_FILL                0        0.000%                0        0.000%
INST_LOST_ROB_STALL_WAIT_FOR_L1_MISS                 0        0.000%                0        0.000%
INST_LOST_ROB_STALL_WAIT_FOR_MEMORY                 30        0.000%              270        0.001%
INST_LOST_ROB_STALL_WAIT_FOR_DC_MISS            876072        5.771%          1672812        5.491%
INST_LOST_ROB_BLOCK_ISSUE_FULL                       0        0.000%                0        0.000%
INST_LOST_ROB_BLOCK_ISSUE_GAP_TOO_LARGE              0        0.000%                0        0.000%
INST_LOST_BREAK_DONT                                 0        0.000%                0        0.000%
INST_LOST_BREAK_RENAME                               0        0.000%                0        0.000%
INST_LOST_BREAK_FT_UNAVAILABLE                     395        0.003%              395        0.001%
INST_LOST_BREAK_ICACHE_TO_UOP_CACHE_SWITCH         62275        0.410%           136709        0.449%
INST_LOST_BREAK_ICACHE_MISS_REQ_SUCCESS           3266        0.022%             9882        0.032%
INST_LOST_BREAK_ICACHE_MISS_REQ_FAILURE            369        0.002%              544        0.002%
INST_LOST_BREAK_WAIT_FOR_MISS                    64735        0.426%           324505        1.065%
INST_LOST_BREAK_UOP_CACHE_READ_LIMIT           2192455       14.442%          4194397       13.768%
INST_LOST_BREAK_UOP_CACHE_READ_LIMIT_AND_ISSUE_WIDTH             0        0.000%                0        0.000%
INST_LOST_BREAK_ICACHE_READ_LIMIT                31750        0.209%            69328        0.228%
INST_LOST_BREAK_ICACHE_READ_LIMIT_AND_ISSUE_WIDTH             0        0.000%                0        0.000%
INST_LOST_BREAK_ISSUE_WIDTH                          0        0.000%                0        0.000%
INST_LOST_BREAK_BARRIERT                             0        0.000%                0        0.000%
INST_LOST_BREAK_WAIT_FOR_EMPTY_ROB                   0        0.000%                0        0.000%
INST_LOST_BREAK_APP_EXIT                             3        0.000%                3        0.000%
INST_LOST_BREAK_STALL                                0        0.000%                0        0.000%
                                              15180699      100.000%         30464441      100.000%
                                                  3.59         6.22              3.57         6.21

INST_LOST_TOTAL                               15180699                       30464441              

INST_LOST_WAIT_FOR_ICACHE_MISS_NOT_PREFETCHED          4675        8.321%            70620       24.061%
INST_LOST_WAIT_FOR_ICACHE_MISS_PREFETCHED_AND_EVICTED_BY_IFETCH             0        0.000%                0        0.000%
INST_LOST_WAIT_FOR_ICACHE_MISS_PREFETCHED_AND_EVICTED_BY_FDIP             0        0.000%                0        0.000%
INST_LOST_WAIT_FOR_ICACHE_MISS_MSHR_HIT_PREF_OFFPATH          1215        2.162%             3955        1.347%
INST_LOST_WAIT_FOR_ICACHE_MISS_MSHR_HIT_PREF_ONPATH         50295       89.517%           218935       74.592%
                                                 56185      100.000%           293510      100.000%
                                                  3.65         3.47              3.02         2.74

FETCH_0_OPS                                     219096        8.457%           502328        9.555%
FETCH_1_OPS                                     188729        7.285%           374625        7.126%
FETCH_2_OPS                                      86011        3.320%           158140        3.008%
FETCH_3_OPS                                     204605        7.897%           387139        7.364%
FETCH_4_OPS                                     137365        5.302%           284735        5.416%
FETCH_5_OPS                                     378409       14.606%           774148       14.725%
FETCH_6_OPS                                    1376554       53.133%          2776118       52.806%
FETCH_7_OPS                                          0        0.000%                0        0.000%
FETCH_8_OPS                                          0        0.000%                0        0.000%
FETCH_9_OPS                                          0        0.000%                0        0.000%
FETCH_10_OPS                                         0        0.000%                0        0.000%
FETCH_11_OPS                                         0        0.000%                0        0.000%
FETCH_12_OPS                                         0        0.000%                0        0.000%
FETCH_13_OPS                                         0        0.000%                0        0.000%
FETCH_14_OPS                                         0        0.000%                0        0.000%
FETCH_15_OPS                                         0        0.000%                0        0.000%
FETCH_16_OPS                                         0        0.000%                0        0.000%
                                               2590769      100.000%          5257233      100.000%
                                                  4.51         1.59              4.47         1.58

ST_BREAK_DONT                                        0        0.000%                0        0.000%
ST_BREAK_RENAME                                      0        0.000%                0        0.000%
ST_BREAK_FT_UNAVAILABLE                             79        0.003%               79        0.002%
ST_BREAK_ICACHE_TO_UOP_CACHE_SWITCH              23657        0.992%            51808        1.075%
ST_BREAK_ICACHE_MISS_REQ_SUCCESS                   821        0.034%             2533        0.053%
ST_BREAK_ICACHE_MISS_REQ_FAILURE                    75        0.003%              110        0.002%
ST_BREAK_WAIT_FOR_MISS                           12947        0.543%            64901        1.346%
ST_BREAK_UOP_CACHE_READ_LIMIT                   727839       30.514%          1371550       28.447%
ST_BREAK_UOP_CACHE_READ_LIMIT_AND_ISSUE_WIDTH        172852        7.247%           326802        6.778%
ST_BREAK_ICACHE_READ_LIMIT                       14588        0.612%            31743        0.658%
ST_BREAK_ICACHE_READ_LIMIT_AND_ISSUE_WIDTH          5094        0.214%            10993        0.228%
ST_BREAK_ISSUE_WIDTH                           1427297       59.838%          2960841       61.411%
ST_BREAK_BARRIERT                                    0        0.000%                0        0.000%
ST_BREAK_WAIT_FOR_EMPTY_ROB                          0        0.000%                0        0.000%
ST_BREAK_APP_EXIT                                    1        0.000%                1        0.000%
ST_BREAK_STALL                                       0        0.000%                0        0.000%
                                               2385250      100.000%          4821361      100.000%
                                                  9.44         1.98              9.49         1.99

ORACLE_ON_PATH_INST                           10374021       88.854%         20763750       88.286%
ORACLE_OFF_PATH_INST                           1301374       11.146%          2754960       11.714%
                                              11675395      100.000%         23518710      100.000%
                                                  0.11         0.30              0.12         0.30

ORACLE_ON_PATH_INST_MEM                        2983076       25.550%          5872548       24.970%
ORACLE_ON_PATH_INST_NOTMEM                     7390945       63.304%         14891202       63.316%
ORACLE_OFF_PATH_INST_MEM                        398840        3.416%           860993        3.661%
ORACLE_OFF_PATH_INST_NOTMEM                     902534        7.730%          1893967        8.053%
                                              11675395      100.000%         23518710      100.000%
                                                  0.93         0.66              0.95         0.67

ICACHE_CYCLE_NONRA_ONPATH                            0         -nan%                0         -nan%
ICACHE_CYCLE_NONRA_OFFPATH                           0         -nan%                0         -nan%
ICACHE_CYCLE_RA_ONPATH                               0         -nan%                0         -nan%
ICACHE_CYCLE_RA_OFFPATH                              0         -nan%                0         -nan%
                                                     0         -nan%                0         -nan%
                                                  -nan         -nan              -nan         -nan

ICACHE_CYCLE_ONPATH_NONRA                            0         -nan%                0         -nan%
ICACHE_CYCLE_OFFPATH_NONRA                           0         -nan%                0         -nan%
                                                     0         -nan%                0         -nan%
                                                  -nan         -nan              -nan         -nan

ICACHE_CYCLE_ONPATH_RA                               0         -nan%                0         -nan%
ICACHE_CYCLE_OFFPATH_RA                              0         -nan%                0         -nan%
                                                     0         -nan%                0         -nan%
                                                  -nan         -nan              -nan         -nan

INACCURATE_OFFPATH_CYCLES                            0        0.0000                0        0.0000

FETCH_ALL_INST                                11675395                       23518710              

EXEC_ALL_INST                                 10631623                       21307391              

RET_ALL_INST                                  10374252                       20763750              

EXEC_ON_PATH_INST                             10374229       97.579%         20763750       97.449%
EXEC_OFF_PATH_INST                              257394        2.421%           543641        2.551%
                                              10631623      100.000%         21307391      100.000%
                                                  0.02         0.15              0.03         0.16

EXEC_ON_PATH_INST_MEM                          2983115       28.059%          5872548       27.561%
EXEC_ON_PATH_INST_NOTMEM                       7391114       69.520%         14891202       69.887%
EXEC_OFF_PATH_INST_MEM                          107246        1.009%           221985        1.042%
EXEC_OFF_PATH_INST_NOTMEM                       150148        1.412%           321656        1.510%
                                              10631623      100.000%         21307391      100.000%
                                                  0.76         0.37              0.76         0.37

EXEC_RA_INST                                         0         -nan%                0         -nan%
EXEC_NONRA_INST                                      0         -nan%                0         -nan%
                                                     0         -nan%                0         -nan%
                                                  -nan         -nan              -nan         -nan

EXEC_ON_PATH_INST_RA                                 0         -nan%                0         -nan%
EXEC_OFF_PATH_INST_RA                                0         -nan%                0         -nan%
                                                     0         -nan%                0         -nan%
                                                  -nan         -nan              -nan         -nan

EXEC_ON_PATH_INST_NONRA                              0         -nan%                0         -nan%
EXEC_OFF_PATH_INST_NONRA                             0         -nan%                0         -nan%
                                                     0         -nan%                0         -nan%
                                                  -nan         -nan              -nan         -nan

EXEC_RA_ON_PATH_INST                                 0         -nan%                0         -nan%
EXEC_RA_OFF_PATH_INST                                0         -nan%                0         -nan%
EXEC_NONRA_ON_PATH_INST                              0         -nan%                0         -nan%
EXEC_NONRA_OFF_PATH_INST                             0         -nan%                0         -nan%
                                                     0         -nan%                0         -nan%
                                                  -nan         -nan              -nan         -nan

ICACHE_THROTTLE_CYCLE                                0                              0              

FETCH_ENABLE_THROTTLE_OFF_PATH                       0         -nan%                0         -nan%
FETCH_ENABLE_THROTTLE_ON_PATH                        0         -nan%                0         -nan%
                                                     0         -nan%                0         -nan%
                                                  -nan         -nan              -nan         -nan

FETCH_DISABLE_THROTTLE_OFF_PATH                      0         -nan%                0         -nan%
FETCH_DISABLE_THROTTLE_ON_PATH                       0         -nan%                0         -nan%
                                                     0         -nan%                0         -nan%
                                                  -nan         -nan              -nan         -nan

FETCH_TH_ADJUST__0                                   0         -nan%                0         -nan%
FETCH_TH_ADJUST__1                                   0         -nan%                0         -nan%
FETCH_TH_ADJUST__2                                   0         -nan%                0         -nan%
FETCH_TH_ADJUST__3                                   0         -nan%                0         -nan%
FETCH_TH_ADJUST__4                                   0         -nan%                0         -nan%
FETCH_TH_ADJUST__5                                   0         -nan%                0         -nan%
FETCH_TH_ADJUST__6                                   0         -nan%                0         -nan%
FETCH_TH_ADJUST__7                                   0         -nan%                0         -nan%
FETCH_TH_ADJUST__8                                   0         -nan%                0         -nan%
FETCH_TH_ADJUST__9                                   0         -nan%                0         -nan%
FETCH_TH_ADJUST__MAX                                 0         -nan%                0         -nan%
                                                     0         -nan%                0         -nan%
                                                  -nan         -nan              -nan         -nan

FETCH_TH_ADJUST_UP                                   0         -nan%                0         -nan%
FETCH_TH_ADJUST_DOWN                                 0         -nan%                0         -nan%
FETCH_TH_ADJUST_SAME                                 0         -nan%                0         -nan%
                                                     0         -nan%                0         -nan%
                                                  -nan         -nan              -nan         -nan

THROTTLE_ADJUST_CACHE_MISS_INFO                      0                              0              

LOW_CONF_COUNT_BP_MIS_0                              0         -nan%                0         -nan%
LOW_CONF_COUNT_BP_MIS_1                              0         -nan%                0         -nan%
LOW_CONF_COUNT_BP_MIS_2                              0         -nan%                0         -nan%
LOW_CONF_COUNT_BP_MIS_3                              0         -nan%                0         -nan%
LOW_CONF_COUNT_BP_MIS_4                              0         -nan%                0         -nan%
LOW_CONF_COUNT_BP_MIS_5                              0         -nan%                0         -nan%
LOW_CONF_COUNT_BP_MIS_6                              0         -nan%                0         -nan%
LOW_CONF_COUNT_BP_MIS_7                              0         -nan%                0         -nan%
LOW_CONF_COUNT_BP_MIS_8                              0         -nan%                0         -nan%
LOW_CONF_COUNT_BP_MIS_9                              0         -nan%                0         -nan%
LOW_CONF_COUNT_BP_MIS_10                             0         -nan%                0         -nan%
LOW_CONF_COUNT_BP_MIS_11                             0         -nan%                0         -nan%
LOW_CONF_COUNT_BP_MIS_12                             0         -nan%                0         -nan%
LOW_CONF_COUNT_BP_MIS_13                             0         -nan%                0         -nan%
LOW_CONF_COUNT_BP_MIS_14                             0         -nan%                0         -nan%
LOW_CONF_COUNT_BP_MIS_15                             0         -nan%                0         -nan%
LOW_CONF_COUNT_BP_MIS_16                             0         -nan%                0         -nan%
LOW_CONF_COUNT_BP_MIS_17                             0         -nan%                0         -nan%
LOW_CONF_COUNT_BP_MIS_18                             0         -nan%                0         -nan%
LOW_CONF_COUNT_BP_MIS_19                             0         -nan%                0         -nan%
LOW_CONF_COUNT_BP_MIS_20                             0         -nan%                0         -nan%
                                                     0         -nan%                0         -nan%
                                                  -nan         -nan              -nan         -nan

LOW_CONF_COUNT_RET_0                                 0         -nan%                0         -nan%
LOW_CONF_COUNT_RET_1                                 0         -nan%                0         -nan%
LOW_CONF_COUNT_RET_2                                 0         -nan%                0         -nan%
LOW_CONF_COUNT_RET_3                                 0         -nan%                0         -nan%
LOW_CONF_COUNT_RET_4                                 0         -nan%                0         -nan%
LOW_CONF_COUNT_RET_5                                 0         -nan%                0         -nan%
LOW_CONF_COUNT_RET_6                                 0         -nan%                0         -nan%
LOW_CONF_COUNT_RET_7                                 0         -nan%                0         -nan%
LOW_CONF_COUNT_RET_8                                 0         -nan%                0         -nan%
LOW_CONF_COUNT_RET_9                                 0         -nan%                0         -nan%
LOW_CONF_COUNT_RET_10                                0         -nan%                0         -nan%
LOW_CONF_COUNT_RET_11                                0         -nan%                0         -nan%
LOW_CONF_COUNT_RET_12                                0         -nan%                0         -nan%
LOW_CONF_COUNT_RET_13                                0         -nan%                0         -nan%
LOW_CONF_COUNT_RET_14                                0         -nan%                0         -nan%
LOW_CONF_COUNT_RET_15                                0         -nan%                0         -nan%
LOW_CONF_COUNT_RET_16                                0         -nan%                0         -nan%
LOW_CONF_COUNT_RET_17                                0         -nan%                0         -nan%
LOW_CONF_COUNT_RET_18                                0         -nan%                0         -nan%
LOW_CONF_COUNT_RET_19                                0         -nan%                0         -nan%
LOW_CONF_COUNT_RET_20                                0         -nan%                0         -nan%
                                                     0         -nan%                0         -nan%
                                                  -nan         -nan              -nan         -nan

CYCLES_RESTEER_MISPRED                               0         -nan%                0         -nan%
CYCLES_RESTEER_MISFETCH                              0         -nan%                0         -nan%
CYCLES_RESTEER_BTB_MISS                              0         -nan%                0         -nan%
                                                     0         -nan%                0         -nan%
                                                  -nan         -nan              -nan         -nan

CYCLES_RESTEER_MISPRED_SAVED_UC_FETCH                0         -nan%                0         -nan%
CYCLES_RESTEER_MISPRED_COULD_BE_SAVED_UC_FETCH             0         -nan%                0         -nan%
CYCLES_RESTEER_MISFETCH_SAVED_UC_FETCH               0         -nan%                0         -nan%
CYCLES_RESTEER_MISFETCH_COULD_BE_SAVED_UC_FETCH             0         -nan%                0         -nan%
CYCLES_RESTEER_BTB_MISS_SAVED_UC_FETCH               0         -nan%                0         -nan%
CYCLES_RESTEER_BTB_MISS_COULD_BE_SAVED_UC_FETCH             0         -nan%                0         -nan%
                                                     0         -nan%                0         -nan%
                                                  -nan         -nan              -nan         -nan

CYCLES_UOC_IC_SWITCH                                 0                              0              



