/* -*- Mode: c -*- */
####################################################################################################
Core 0
####################################################################################################
Cumulative:        Cycles: 20546540              Instructions: 20000000              IPC: 0.97340

Periodic:          Cycles: 10281382              Instructions: 9999999               IPC: 0.97263

MISS_WAIT_TIME                             10327939783                    13260688648              

ICACHE_STAGE_MISS                                  723                           1956              

ICACHE_CYCLE                                  10281382                       20546540              

TCACHE_CYCLE                                         0                              0              

ICACHE_CYCLE_ONPATH                            6436449       62.603%         12680919       61.718%
ICACHE_CYCLE_OFFPATH                           3844933       37.397%          7865621       38.282%
                                              10281382      100.000%         20546540      100.000%
                                                  0.37         0.45              0.38         0.45

FETCH_ON_PATH                                  2943644       67.926%          5900372       67.273%
FETCH_OFF_PATH                                 1389977       32.074%          2870369       32.727%
                                               4333621      100.000%          8770741      100.000%
                                                  0.32         0.43              0.33         0.43

FETCHED_OPS_ON_PATH                                  0         -nan%                0         -nan%
FETCHED_OPS_OFF_PATH                                 0         -nan%                0         -nan%
                                                     0         -nan%                0         -nan%
                                                  -nan         -nan              -nan         -nan

INST_LOST_FETCH                               12906813       21.485%         25810997       21.508%
INST_LOST_OFF_PATH                             6138155       10.218%         12634917       10.529%
INST_LOST_FULL_WINDOW                           325830        0.542%           653118        0.544%
INST_LOST_ROB_STALL_OTHER                      1384608        2.305%          2805180        2.338%
INST_LOST_ROB_STALL_WAIT_FOR_RECOVERY            39738        0.066%            83730        0.070%
INST_LOST_ROB_STALL_WAIT_FOR_REDIRECT                0        0.000%                0        0.000%
INST_LOST_ROB_STALL_WAIT_FOR_GAP_FILL                0        0.000%                0        0.000%
INST_LOST_ROB_STALL_WAIT_FOR_L1_MISS                 0        0.000%                0        0.000%
INST_LOST_ROB_STALL_WAIT_FOR_MEMORY                864        0.001%             1614        0.001%
INST_LOST_ROB_STALL_WAIT_FOR_DC_MISS          33935526       56.490%         67111152       55.924%
INST_LOST_ROB_BLOCK_ISSUE_FULL                       0        0.000%                0        0.000%
INST_LOST_ROB_BLOCK_ISSUE_GAP_TOO_LARGE              0        0.000%                0        0.000%
INST_LOST_BREAK_DONT                                 0        0.000%                0        0.000%
INST_LOST_BREAK_RENAME                               0        0.000%                0        0.000%
INST_LOST_BREAK_FT_UNAVAILABLE                      85        0.000%               85        0.000%
INST_LOST_BREAK_ICACHE_TO_UOP_CACHE_SWITCH        442337        0.736%           883272        0.736%
INST_LOST_BREAK_ICACHE_MISS_REQ_SUCCESS           2661        0.004%             7316        0.006%
INST_LOST_BREAK_ICACHE_MISS_REQ_FAILURE              0        0.000%                0        0.000%
INST_LOST_BREAK_WAIT_FOR_MISS                   176945        0.295%           449115        0.374%
INST_LOST_BREAK_UOP_CACHE_READ_LIMIT           4302870        7.163%          8724075        7.270%
INST_LOST_BREAK_UOP_CACHE_READ_LIMIT_AND_ISSUE_WIDTH             0        0.000%                0        0.000%
INST_LOST_BREAK_ICACHE_READ_LIMIT               416926        0.694%           840684        0.701%
INST_LOST_BREAK_ICACHE_READ_LIMIT_AND_ISSUE_WIDTH             0        0.000%                0        0.000%
INST_LOST_BREAK_ISSUE_WIDTH                          0        0.000%                0        0.000%
INST_LOST_BREAK_BARRIERT                             0        0.000%                0        0.000%
INST_LOST_BREAK_WAIT_FOR_EMPTY_ROB                   0        0.000%                0        0.000%
INST_LOST_BREAK_APP_EXIT                             5        0.000%                5        0.000%
INST_LOST_BREAK_STALL                                0        0.000%                0        0.000%
                                              60073363      100.000%        120005260      100.000%
                                                  6.94         4.37              6.93         4.42

INST_LOST_TOTAL                               60073363                      120005260              

INST_LOST_WAIT_FOR_ICACHE_MISS_NOT_PREFETCHED         10385        6.351%            51300       13.458%
INST_LOST_WAIT_FOR_ICACHE_MISS_PREFETCHED_AND_EVICTED_BY_IFETCH             0        0.000%                0        0.000%
INST_LOST_WAIT_FOR_ICACHE_MISS_PREFETCHED_AND_EVICTED_BY_FDIP             0        0.000%                0        0.000%
INST_LOST_WAIT_FOR_ICACHE_MISS_MSHR_HIT_PREF_OFFPATH         10720        6.556%            15110        3.964%
INST_LOST_WAIT_FOR_ICACHE_MISS_MSHR_HIT_PREF_ONPATH        142405       87.093%           314790       82.579%
                                                163510      100.000%           381200      100.000%
                                                  3.68         3.45              3.42         3.15

FETCH_0_OPS                                    6019602       58.344%         11958216       57.942%
FETCH_1_OPS                                     361227        3.501%           736006        3.566%
FETCH_2_OPS                                     308433        2.989%           618791        2.998%
FETCH_3_OPS                                     374280        3.628%           758382        3.675%
FETCH_4_OPS                                     575548        5.578%          1158336        5.613%
FETCH_5_OPS                                    1428581       13.846%          2887692       13.992%
FETCH_6_OPS                                    1249823       12.114%          2520896       12.215%
FETCH_7_OPS                                          0        0.000%                0        0.000%
FETCH_8_OPS                                          0        0.000%                0        0.000%
FETCH_9_OPS                                          0        0.000%                0        0.000%
FETCH_10_OPS                                         0        0.000%                0        0.000%
FETCH_11_OPS                                         0        0.000%                0        0.000%
FETCH_12_OPS                                         0        0.000%                0        0.000%
FETCH_13_OPS                                         0        0.000%                0        0.000%
FETCH_14_OPS                                         0        0.000%                0        0.000%
FETCH_15_OPS                                         0        0.000%                0        0.000%
FETCH_16_OPS                                         0        0.000%                0        0.000%
                                              10317494      100.000%         20638319      100.000%
                                                  1.85         1.95              1.86         1.95

ST_BREAK_DONT                                        0        0.000%                0        0.000%
ST_BREAK_RENAME                                      0        0.000%                0        0.000%
ST_BREAK_FT_UNAVAILABLE                             17        0.000%               17        0.000%
ST_BREAK_ICACHE_TO_UOP_CACHE_SWITCH             171905        3.967%           343914        3.921%
ST_BREAK_ICACHE_MISS_REQ_SUCCESS                   723        0.017%             1956        0.022%
ST_BREAK_ICACHE_MISS_REQ_FAILURE                     0        0.000%                0        0.000%
ST_BREAK_WAIT_FOR_MISS                           35389        0.817%            89823        1.024%
ST_BREAK_UOP_CACHE_READ_LIMIT                  1468868       33.895%          2975864       33.929%
ST_BREAK_UOP_CACHE_READ_LIMIT_AND_ISSUE_WIDTH        163313        3.769%           326236        3.720%
ST_BREAK_ICACHE_READ_LIMIT                      185157        4.273%           372875        4.251%
ST_BREAK_ICACHE_READ_LIMIT_AND_ISSUE_WIDTH         63524        1.466%           127528        1.454%
ST_BREAK_ISSUE_WIDTH                           2244724       51.798%          4532527       51.678%
ST_BREAK_BARRIERT                                    0        0.000%                0        0.000%
ST_BREAK_WAIT_FOR_EMPTY_ROB                          0        0.000%                0        0.000%
ST_BREAK_APP_EXIT                                    1        0.000%                1        0.000%
ST_BREAK_STALL                                       0        0.000%                0        0.000%
                                               4333621      100.000%          8770741      100.000%
                                                  9.07         2.23              9.07         2.23

ORACLE_ON_PATH_INST                           12906813       67.770%         25810997       67.136%
ORACLE_OFF_PATH_INST                           6138155       32.230%         12634917       32.864%
                                              19044968      100.000%         38445914      100.000%
                                                  0.32         0.43              0.33         0.43

ORACLE_ON_PATH_INST_MEM                        4814490       25.280%          9633986       25.059%
ORACLE_ON_PATH_INST_NOTMEM                     8092323       42.491%         16177011       42.077%
ORACLE_OFF_PATH_INST_MEM                       2096285       11.007%          4307017       11.203%
ORACLE_OFF_PATH_INST_NOTMEM                    4041870       21.223%          8327900       21.661%
                                              19044968      100.000%         38445914      100.000%
                                                  1.28         1.03              1.29         1.04

ICACHE_CYCLE_NONRA_ONPATH                            0         -nan%                0         -nan%
ICACHE_CYCLE_NONRA_OFFPATH                           0         -nan%                0         -nan%
ICACHE_CYCLE_RA_ONPATH                               0         -nan%                0         -nan%
ICACHE_CYCLE_RA_OFFPATH                              0         -nan%                0         -nan%
                                                     0         -nan%                0         -nan%
                                                  -nan         -nan              -nan         -nan

ICACHE_CYCLE_ONPATH_NONRA                            0         -nan%                0         -nan%
ICACHE_CYCLE_OFFPATH_NONRA                           0         -nan%                0         -nan%
                                                     0         -nan%                0         -nan%
                                                  -nan         -nan              -nan         -nan

ICACHE_CYCLE_ONPATH_RA                               0         -nan%                0         -nan%
ICACHE_CYCLE_OFFPATH_RA                              0         -nan%                0         -nan%
                                                     0         -nan%                0         -nan%
                                                  -nan         -nan              -nan         -nan

INACCURATE_OFFPATH_CYCLES                            0        0.0000                0        0.0000

FETCH_ALL_INST                                19044968                       38445914              

EXEC_ALL_INST                                 16260971                       32737866              

RET_ALL_INST                                  12906867                       25810997              

EXEC_ON_PATH_INST                             12906820       79.373%         25810997       78.841%
EXEC_OFF_PATH_INST                             3354151       20.627%          6926869       21.159%
                                              16260971      100.000%         32737866      100.000%
                                                  0.21         0.37              0.21         0.38

EXEC_ON_PATH_INST_MEM                          4814491       29.608%          9633986       29.428%
EXEC_ON_PATH_INST_NOTMEM                       8092329       49.765%         16177011       49.414%
EXEC_OFF_PATH_INST_MEM                         1180733        7.261%          2432360        7.430%
EXEC_OFF_PATH_INST_NOTMEM                      2173418       13.366%          4494509       13.729%
                                              16260971      100.000%         32737866      100.000%
                                                  1.04         0.85              1.05         0.86

EXEC_RA_INST                                         0         -nan%                0         -nan%
EXEC_NONRA_INST                                      0         -nan%                0         -nan%
                                                     0         -nan%                0         -nan%
                                                  -nan         -nan              -nan         -nan

EXEC_ON_PATH_INST_RA                                 0         -nan%                0         -nan%
EXEC_OFF_PATH_INST_RA                                0         -nan%                0         -nan%
                                                     0         -nan%                0         -nan%
                                                  -nan         -nan              -nan         -nan

EXEC_ON_PATH_INST_NONRA                              0         -nan%                0         -nan%
EXEC_OFF_PATH_INST_NONRA                             0         -nan%                0         -nan%
                                                     0         -nan%                0         -nan%
                                                  -nan         -nan              -nan         -nan

EXEC_RA_ON_PATH_INST                                 0         -nan%                0         -nan%
EXEC_RA_OFF_PATH_INST                                0         -nan%                0         -nan%
EXEC_NONRA_ON_PATH_INST                              0         -nan%                0         -nan%
EXEC_NONRA_OFF_PATH_INST                             0         -nan%                0         -nan%
                                                     0         -nan%                0         -nan%
                                                  -nan         -nan              -nan         -nan

ICACHE_THROTTLE_CYCLE                                0                              0              

FETCH_ENABLE_THROTTLE_OFF_PATH                       0         -nan%                0         -nan%
FETCH_ENABLE_THROTTLE_ON_PATH                        0         -nan%                0         -nan%
                                                     0         -nan%                0         -nan%
                                                  -nan         -nan              -nan         -nan

FETCH_DISABLE_THROTTLE_OFF_PATH                      0         -nan%                0         -nan%
FETCH_DISABLE_THROTTLE_ON_PATH                       0         -nan%                0         -nan%
                                                     0         -nan%                0         -nan%
                                                  -nan         -nan              -nan         -nan

FETCH_TH_ADJUST__0                                   0         -nan%                0         -nan%
FETCH_TH_ADJUST__1                                   0         -nan%                0         -nan%
FETCH_TH_ADJUST__2                                   0         -nan%                0         -nan%
FETCH_TH_ADJUST__3                                   0         -nan%                0         -nan%
FETCH_TH_ADJUST__4                                   0         -nan%                0         -nan%
FETCH_TH_ADJUST__5                                   0         -nan%                0         -nan%
FETCH_TH_ADJUST__6                                   0         -nan%                0         -nan%
FETCH_TH_ADJUST__7                                   0         -nan%                0         -nan%
FETCH_TH_ADJUST__8                                   0         -nan%                0         -nan%
FETCH_TH_ADJUST__9                                   0         -nan%                0         -nan%
FETCH_TH_ADJUST__MAX                                 0         -nan%                0         -nan%
                                                     0         -nan%                0         -nan%
                                                  -nan         -nan              -nan         -nan

FETCH_TH_ADJUST_UP                                   0         -nan%                0         -nan%
FETCH_TH_ADJUST_DOWN                                 0         -nan%                0         -nan%
FETCH_TH_ADJUST_SAME                                 0         -nan%                0         -nan%
                                                     0         -nan%                0         -nan%
                                                  -nan         -nan              -nan         -nan

THROTTLE_ADJUST_CACHE_MISS_INFO                      0                              0              

LOW_CONF_COUNT_BP_MIS_0                              0         -nan%                0         -nan%
LOW_CONF_COUNT_BP_MIS_1                              0         -nan%                0         -nan%
LOW_CONF_COUNT_BP_MIS_2                              0         -nan%                0         -nan%
LOW_CONF_COUNT_BP_MIS_3                              0         -nan%                0         -nan%
LOW_CONF_COUNT_BP_MIS_4                              0         -nan%                0         -nan%
LOW_CONF_COUNT_BP_MIS_5                              0         -nan%                0         -nan%
LOW_CONF_COUNT_BP_MIS_6                              0         -nan%                0         -nan%
LOW_CONF_COUNT_BP_MIS_7                              0         -nan%                0         -nan%
LOW_CONF_COUNT_BP_MIS_8                              0         -nan%                0         -nan%
LOW_CONF_COUNT_BP_MIS_9                              0         -nan%                0         -nan%
LOW_CONF_COUNT_BP_MIS_10                             0         -nan%                0         -nan%
LOW_CONF_COUNT_BP_MIS_11                             0         -nan%                0         -nan%
LOW_CONF_COUNT_BP_MIS_12                             0         -nan%                0         -nan%
LOW_CONF_COUNT_BP_MIS_13                             0         -nan%                0         -nan%
LOW_CONF_COUNT_BP_MIS_14                             0         -nan%                0         -nan%
LOW_CONF_COUNT_BP_MIS_15                             0         -nan%                0         -nan%
LOW_CONF_COUNT_BP_MIS_16                             0         -nan%                0         -nan%
LOW_CONF_COUNT_BP_MIS_17                             0         -nan%                0         -nan%
LOW_CONF_COUNT_BP_MIS_18                             0         -nan%                0         -nan%
LOW_CONF_COUNT_BP_MIS_19                             0         -nan%                0         -nan%
LOW_CONF_COUNT_BP_MIS_20                             0         -nan%                0         -nan%
                                                     0         -nan%                0         -nan%
                                                  -nan         -nan              -nan         -nan

LOW_CONF_COUNT_RET_0                                 0         -nan%                0         -nan%
LOW_CONF_COUNT_RET_1                                 0         -nan%                0         -nan%
LOW_CONF_COUNT_RET_2                                 0         -nan%                0         -nan%
LOW_CONF_COUNT_RET_3                                 0         -nan%                0         -nan%
LOW_CONF_COUNT_RET_4                                 0         -nan%                0         -nan%
LOW_CONF_COUNT_RET_5                                 0         -nan%                0         -nan%
LOW_CONF_COUNT_RET_6                                 0         -nan%                0         -nan%
LOW_CONF_COUNT_RET_7                                 0         -nan%                0         -nan%
LOW_CONF_COUNT_RET_8                                 0         -nan%                0         -nan%
LOW_CONF_COUNT_RET_9                                 0         -nan%                0         -nan%
LOW_CONF_COUNT_RET_10                                0         -nan%                0         -nan%
LOW_CONF_COUNT_RET_11                                0         -nan%                0         -nan%
LOW_CONF_COUNT_RET_12                                0         -nan%                0         -nan%
LOW_CONF_COUNT_RET_13                                0         -nan%                0         -nan%
LOW_CONF_COUNT_RET_14                                0         -nan%                0         -nan%
LOW_CONF_COUNT_RET_15                                0         -nan%                0         -nan%
LOW_CONF_COUNT_RET_16                                0         -nan%                0         -nan%
LOW_CONF_COUNT_RET_17                                0         -nan%                0         -nan%
LOW_CONF_COUNT_RET_18                                0         -nan%                0         -nan%
LOW_CONF_COUNT_RET_19                                0         -nan%                0         -nan%
LOW_CONF_COUNT_RET_20                                0         -nan%                0         -nan%
                                                     0         -nan%                0         -nan%
                                                  -nan         -nan              -nan         -nan

CYCLES_RESTEER_MISPRED                               0         -nan%                0         -nan%
CYCLES_RESTEER_MISFETCH                              0         -nan%                0         -nan%
CYCLES_RESTEER_BTB_MISS                              0         -nan%                0         -nan%
                                                     0         -nan%                0         -nan%
                                                  -nan         -nan              -nan         -nan

CYCLES_RESTEER_MISPRED_SAVED_UC_FETCH                0         -nan%                0         -nan%
CYCLES_RESTEER_MISPRED_COULD_BE_SAVED_UC_FETCH             0         -nan%                0         -nan%
CYCLES_RESTEER_MISFETCH_SAVED_UC_FETCH               0         -nan%                0         -nan%
CYCLES_RESTEER_MISFETCH_COULD_BE_SAVED_UC_FETCH             0         -nan%                0         -nan%
CYCLES_RESTEER_BTB_MISS_SAVED_UC_FETCH               0         -nan%                0         -nan%
CYCLES_RESTEER_BTB_MISS_COULD_BE_SAVED_UC_FETCH             0         -nan%                0         -nan%
                                                     0         -nan%                0         -nan%
                                                  -nan         -nan              -nan         -nan

CYCLES_UOC_IC_SWITCH                                 0                              0              



