/* -*- Mode: c -*- */
####################################################################################################
Core 0
####################################################################################################
Cumulative:        Cycles: 20774421              Instructions: 20000000              IPC: 0.96272

Periodic:          Cycles: 10311291              Instructions: 10000000              IPC: 0.96981

DCACHE_PREF_HIT                                      0                              0              

IFETCH_WB_FIRST_SCHEDULE                             0         -nan%                0         -nan%
PREFETCH_LAST_SCHEDULE                               0         -nan%                0         -nan%
DEMAND_PASS_PREF_SCHEDULE                            0         -nan%                0         -nan%
DEMAND_PASS_LOW_OP_SCHEDULE                          0         -nan%                0         -nan%
DEMAND_LAST_SCHEDULE                                 0         -nan%                0         -nan%
                                                     0         -nan%                0         -nan%
                                                  -nan         -nan              -nan         -nan

SEND_MISS_REQ_QUEUE                             160082                         327203              

L1_DATA_EVICT                                   160084                         294431              

STREAM_BUFFER_REQ                                    0                              0              

PREF_SEND_TO_MEM_REQ                                 0         -nan%                0         -nan%
PREF_SEND_TO_MEM_REQ_FAIL                            0         -nan%                0         -nan%
                                                     0         -nan%                0         -nan%
                                                  -nan         -nan              -nan         -nan

HIT_TRAIN_STREAM                                148944       98.590%           300486       98.548%
MISS_TRAIN_STREAM                                 2130        1.410%             4428        1.452%
                                                151074      100.000%           304914      100.000%
                                                  0.01         0.12              0.01         0.12

STREAM_TRAIN_CREATE                               1327                           2805              

MEM_REQ_MISS_HWP_PREF_Q                              0         -nan%                0         -nan%
MEM_REQ_MISS_SW_PREF_Q                               0         -nan%                0         -nan%
MEM_REQ_MISS_IFETCH_Q                                0         -nan%                0         -nan%
MEM_REQ_MISS_DFETCH_Q                                0         -nan%                0         -nan%
MEM_REQ_MISS_DSTORE_Q                                0         -nan%                0         -nan%
MEM_REQ_MISS_DPRF_Q                                  0         -nan%                0         -nan%
MEM_REQ_MISS_WB_Q                                    0         -nan%                0         -nan%
                                                     0         -nan%                0         -nan%
                                                  -nan         -nan              -nan         -nan

PREF_HIT_BY_DEMAND_IFETCH                            0         -nan%                0         -nan%
PREF_HIT_BY_DEMAND_DFETCH                            0         -nan%                0         -nan%
PREF_HIT_BY_DEMAND_DSTORE                            0         -nan%                0         -nan%
PREF_HIT_BY_DEMAND_IPREF                             0         -nan%                0         -nan%
PREF_HIT_BY_DEMAND_DPRF                              0         -nan%                0         -nan%
PREF_HIT_BY_DEMAND_WB                                0         -nan%                0         -nan%
PREF_HIT_BY_PREF                                     0         -nan%                0         -nan%
                                                     0         -nan%                0         -nan%
                                                  -nan         -nan              -nan         -nan

PREF_HIT_DEMAND_IFETCH                               0         -nan%                0         -nan%
PREF_HIT_DEMAND_DFETCH                               0         -nan%                0         -nan%
PREF_HIT_DEMAND_DSTORE                               0         -nan%                0         -nan%
PREF_HIT_DEMAND_IPREF                                0         -nan%                0         -nan%
PREF_HIT_DEMAND_DPRF                                 0         -nan%                0         -nan%
PREF_HIT_DEMAND_WB                                   0         -nan%                0         -nan%
                                                     0         -nan%                0         -nan%
                                                  -nan         -nan              -nan         -nan

PREF_L1_FILL                                         0         -nan%                0         -nan%
DEMAND_L1_FILL                                       0         -nan%                0         -nan%
                                                     0         -nan%                0         -nan%
                                                  -nan         -nan              -nan         -nan

TOUCH_L1_REPLACE                                     0        0.000%                0        0.000%
NO_TOUCH_L1_REPLACE                             160084      100.000%           294431      100.000%
                                                160084      100.000%           294431      100.000%
                                                  1.00         1.00              1.00         1.00

PREF_REQ_QUE_FULL                                    0                              0              

STREAM_REQ_QUEUE_HIT_BY_DEMAND                       0                              0              

L2HIT_STREAM_PREF_REQ_QUE_FULL                       0                              0              

L2HIT_HIT_TRAIN_STREAM                               0         -nan%                0         -nan%
L2HIT_MISS_TRAIN_STREAM                              0         -nan%                0         -nan%
                                                     0         -nan%                0         -nan%
                                                  -nan         -nan              -nan         -nan

L2HIT_STREAM_TRAIN_CREATE                            0                              0              

L2HIT_STREAM_BUFFER_REQ                              0                              0              

L2HIT_STREAM_PREF_DCACHE_HIT                         0         -nan%                0         -nan%
L2HIT_STREAM_PREF_DCACHE_INSERT                      0         -nan%                0         -nan%
L2HIT_STREAM_L2_MISS                                 0         -nan%                0         -nan%
                                                     0         -nan%                0         -nan%
                                                  -nan         -nan              -nan         -nan

L2HIT_STREAM_DCACHE_PORT_FULL                        0                              0              

L2HIT_STREAM_PREF_L1_PORT_FULL                       0                              0              

L2HIT_TRAIN_HIT_DEMAND                               0         -nan%                0         -nan%
L2HIT_TRAIN_MISS_REQ                                 0         -nan%                0         -nan%
                                                     0         -nan%                0         -nan%
                                                  -nan         -nan              -nan         -nan

L2HIT_TRAIN_FILTER_MISS                              0         -nan%                0         -nan%
L2HIT_TRAIN_FILTER_HIT                               0         -nan%                0         -nan%
                                                     0         -nan%                0         -nan%
                                                  -nan         -nan              -nan         -nan

L2HIT_PREF_REQ_DCACHE_HIT                            0         -nan%                0         -nan%
L2HIT_PREF_REQ_DCACHE_MISS                           0         -nan%                0         -nan%
                                                     0         -nan%                0         -nan%
                                                  -nan         -nan              -nan         -nan

L2HIT_L2SEND_Q_FULL                                  0         -nan%                0         -nan%
L2HIT_L2SEND_Q_ENTER                                 0         -nan%                0         -nan%
                                                     0         -nan%                0         -nan%
                                                  -nan         -nan              -nan         -nan

L2HIT_MEM_REQ                                        0                              0              

REMOVE_REDUNDANT_STREAM_STAT                         0                              0              

REPLACE_OLD_STREAM                                1327                           2789              

REQ_SEND_QUEUE_STALL                                 0                              0              

STREAM_ENTER_RA                                      0                              0              

CORE_STREAM_LENGTH_0                                 7        9.459%               20       12.821%
CORE_STREAM_LENGTH_10                               18       24.324%               37       23.718%
CORE_STREAM_LENGTH_20                               13       17.568%               30       19.231%
CORE_STREAM_LENGTH_30                                5        6.757%               10        6.410%
CORE_STREAM_LENGTH_40                                4        5.405%               11        7.051%
CORE_STREAM_LENGTH_50                                0        0.000%                0        0.000%
CORE_STREAM_LENGTH_60                                3        4.054%                6        3.846%
CORE_STREAM_LENGTH_70                                0        0.000%                1        0.641%
CORE_STREAM_LENGTH_80                                2        2.703%                5        3.205%
CORE_STREAM_LENGTH_90                                6        8.108%                8        5.128%
CORE_STREAM_LENGTH_100_P                            16       21.622%               28       17.949%
                                                    74      100.000%              156      100.000%
                                                  4.36         4.16              3.88         3.79

CORE_CUM_STREAM_LENGTH_0                            59        0.039%              154        0.050%
CORE_CUM_STREAM_LENGTH_10                          278        0.183%              529        0.173%
CORE_CUM_STREAM_LENGTH_20                          316        0.208%              733        0.240%
CORE_CUM_STREAM_LENGTH_30                          167        0.110%              336        0.110%
CORE_CUM_STREAM_LENGTH_40                          175        0.115%              495        0.162%
CORE_CUM_STREAM_LENGTH_50                            0        0.000%                0        0.000%
CORE_CUM_STREAM_LENGTH_60                          196        0.129%              380        0.124%
CORE_CUM_STREAM_LENGTH_70                            0        0.000%               74        0.024%
CORE_CUM_STREAM_LENGTH_80                          166        0.109%              426        0.140%
CORE_CUM_STREAM_LENGTH_90                          573        0.377%              761        0.249%
CORE_CUM_STREAM_LENGTH_100_P                    149983       98.730%           301389       98.726%
                                                151913      100.000%           305277      100.000%
                                                  9.94         9.89              9.93         9.89

CORE_STREAM_TRAIN_HITS_0                            38       51.351%               87       55.769%
CORE_STREAM_TRAIN_HITS_10                           12       16.216%               24       15.385%
CORE_STREAM_TRAIN_HITS_20                            2        2.703%                7        4.487%
CORE_STREAM_TRAIN_HITS_30                            8       10.811%               12        7.692%
CORE_STREAM_TRAIN_HITS_40                            2        2.703%                2        1.282%
CORE_STREAM_TRAIN_HITS_50                            0        0.000%                0        0.000%
CORE_STREAM_TRAIN_HITS_60                            0        0.000%                0        0.000%
CORE_STREAM_TRAIN_HITS_70                            0        0.000%                0        0.000%
CORE_STREAM_TRAIN_HITS_80                            0        0.000%                0        0.000%
CORE_STREAM_TRAIN_HITS_90                            0        0.000%                0        0.000%
CORE_STREAM_TRAIN_HITS_100_P                        12       16.216%               24       15.385%
                                                    74      100.000%              156      100.000%
                                                  2.27         3.33              2.06         3.27

CORE_CUM_STREAM_TRAIN_HITS_0                       243        0.162%              546        0.181%
CORE_CUM_STREAM_TRAIN_HITS_10                      160        0.107%              335        0.111%
CORE_CUM_STREAM_TRAIN_HITS_20                       42        0.028%              171        0.057%
CORE_CUM_STREAM_TRAIN_HITS_30                      265        0.177%              393        0.131%
CORE_CUM_STREAM_TRAIN_HITS_40                       90        0.060%               90        0.030%
CORE_CUM_STREAM_TRAIN_HITS_50                        0        0.000%                0        0.000%
CORE_CUM_STREAM_TRAIN_HITS_60                        0        0.000%                0        0.000%
CORE_CUM_STREAM_TRAIN_HITS_70                        0        0.000%                0        0.000%
CORE_CUM_STREAM_TRAIN_HITS_80                        0        0.000%                0        0.000%
CORE_CUM_STREAM_TRAIN_HITS_90                        0        0.000%                0        0.000%
CORE_CUM_STREAM_TRAIN_HITS_100_P                148794       99.465%           299575       99.490%
                                                149594      100.000%           301110      100.000%
                                                  9.96         9.94              9.96         9.94

CORE_STREAM_TRAIN_CREATE                          1327                           2805              



