/* -*- Mode: c -*- */
####################################################################################################
Core 0
####################################################################################################
Cumulative:        Cycles: 20178160              Instructions: 20000000              IPC: 0.99117

Periodic:          Cycles: 10087279              Instructions: 10000000              IPC: 0.99135

EXECUTION_TIME                           3152274687500                  6305675000000              

NODE_CYCLE                                    10087279                       20178160              

NODE_INST_COUNT                               10000000                       20000000              

NODE_INST_COUNT_FETCHED                       10000000                       20000000              

NODE_UOP_COUNT                                14411996                       28823983              

FULL_WINDOW_STALL                                73337        0.727%           147596        0.731%

FULL_WINDOW_MEM_OP                               54604       82.306%           109183       81.963%
FULL_WINDOW_FP_OP                                11739       17.694%            24027       18.037%
FULL_WINDOW_OTHER_OP                                 0        0.000%                0        0.000%
                                                 66343      100.000%           133210      100.000%
                                                  0.18         0.35              0.18         0.35

RET_BLOCKED_DC_MISS                             212015        2.102%           425589        2.109%

RET_BLOCKED_L1_MISS                               6635        0.066%            13556        0.067%

RET_BLOCKED_L1_MISS_BW_PREF                         88        0.001%              385        0.002%

RET_BLOCKED_L1_ACCESS                           205380        2.036%           412033        2.042%

RET_BLOCKED_MEM_STALL                            12461        0.124%            27224        0.135%

RET_BLOCKED_OFFCHIP_DEMAND                           0        0.000%                0        0.000%

OP_ISSUED                                     14411907                       28825545              

OP_RETIRED                                    14411996                       28823983              

REPLAY_SIGNALED                                      0                              0              

REPLAY_COUNTED                                       0                              0              

OFF_CRITICAL_PATH                                    0         -nan%                0         -nan%
ON_CRITICAL_PATH                                     0         -nan%                0         -nan%
                                                     0         -nan%                0         -nan%
                                                  -nan         -nan              -nan         -nan

LD_NO_DEPENDENTS                                     0        0.000%               19        0.000%
LD_DEPENDENTS                                  7821988      100.000%         15643944      100.000%
                                               7821988      100.000%         15643963      100.000%
                                                  1.00         1.00              1.00         1.00

LD_EXEC_CYCLES_0                                     0        0.000%                0        0.000%
LD_EXEC_CYCLES_1                                     0        0.000%                0        0.000%
LD_EXEC_CYCLES_2                                     0        0.000%                0        0.000%
LD_EXEC_CYCLES_3                                   299        2.938%              588        2.898%
LD_EXEC_CYCLES_4                                  9877       97.062%            19703       97.102%
                                                 10176      100.000%            20291      100.000%
                                                  3.97         3.92              3.97         3.92

ICACHE_STAGE_STARVED                               119        0.001%             2257        0.011%
ICACHE_STAGE_NOT_STARVED                      10016031       99.999%         20032334       99.989%
                                              10016150      100.000%         20034591      100.000%
                                                  1.00         1.00              1.00         1.00

ICACHE_STAGE_STALLED                             71059        0.704%           142737        0.707%
ICACHE_STAGE_NOT_STALLED                      10016150       99.295%         20033526       99.283%
ICACHE_STAGE_OFF_PATH                               70        0.001%             1897        0.009%
                                              10087279      100.000%         20178160      100.000%
                                                  0.99         0.01              0.99         0.02

DECODE_STAGE_STARVED                           4728826       46.879%          9457858       46.876%
DECODE_STAGE_NOT_STARVED                       5358417       53.121%         10718684       53.124%
                                              10087243      100.000%         20176542      100.000%
                                                  0.53         0.52              0.53         0.52

DECODE_STAGE_STALLED                             59495        0.590%           120890        0.599%
DECODE_STAGE_NOT_STALLED                      10027748       99.410%         20055652       99.393%
DECODE_STAGE_OFF_PATH                               36        0.000%             1618        0.008%
                                              10087279      100.000%         20178160      100.000%
                                                  0.99         0.01              0.99         0.01

UOPQ_STAGE_STARVED                             5358349       53.200%         10720660       53.209%
UOPQ_STAGE_NOT_STARVED                         4713764       46.800%          9427540       46.791%
                                              10072113      100.000%         20148200      100.000%
                                                  0.47         0.48              0.47         0.48

UOPQ_STAGE_STALLED                               15102        0.150%            29128        0.144%
UOPQ_STAGE_NOT_STALLED                        10072113       99.850%         20148200       99.852%
UOPQ_STAGE_OFF_PATH                                 64        0.001%              832        0.004%
                                              10087279      100.000%         20178160      100.000%
                                                  1.00         0.00              1.00         0.01

MAP_STAGE_STARVED                                  127        0.001%             1424        0.007%
MAP_STAGE_NOT_STARVED                         10087102       99.999%         20175167       99.993%
                                              10087229      100.000%         20176591      100.000%
                                                  1.00         1.00              1.00         1.00

MAP_STAGE_STALLED                                71059        0.704%           142774        0.708%
MAP_STAGE_NOT_STALLED                         10016170       99.295%         20033817       99.285%
MAP_STAGE_OFF_PATH                                  50        0.000%             1569        0.008%
                                              10087279      100.000%         20178160      100.000%
                                                  0.99         0.01              0.99         0.01

EXEC_STAGE_STARVED                             6561303       65.045%         13124098       65.041%
EXEC_STAGE_NOT_STARVED                         3525938       34.954%          7052668       34.952%
EXEC_STAGE_OFF_PATH                                 38        0.000%             1394        0.007%
                                              10087279      100.000%         20178160      100.000%
                                                  0.35         0.38              0.35         0.38

FU_BUSY_0                                      4578813                        9157903              

FU_BUSY_1                                      1744436                        3489434              

FU_BUSY_2                                      5972408                       11950441              

FU_BUSY_3                                      2259220                        4516403              

FU_BUSY_4                                       186415                         373037              

FU_BUSY_5                                        67063                         134105              

FU_BUSY_6                                       196118                         393954              

FU_BUSY_7                                       536105                        1072814              

FU_BUSY_8                                            0                              0              

FU_BUSY_9                                            0                              0              

FU_BUSY_10                                           0                              0              

FU_BUSY_11                                           0                              0              

FU_BUSY_12                                           0                              0              

FU_BUSY_13                                           0                              0              

FU_BUSY_14                                           0                              0              

FU_BUSY_15                                           0                              0              

FU_BUSY_16                                           0                              0              

FU_BUSY_17                                           0                              0              

FU_BUSY_18                                           0                              0              

FU_BUSY_19                                           0                              0              

FU_BUSY_20                                           0                              0              

FU_BUSY_21                                           0                              0              

FU_BUSY_22                                           0                              0              

FU_BUSY_23                                           0                              0              

FU_BUSY_24                                           0                              0              

FU_BUSY_25                                           0                              0              

FU_BUSY_26                                           0                              0              

FU_BUSY_27                                           0                              0              

FU_BUSY_28                                           0                              0              

FU_BUSY_29                                           0                              0              

FU_BUSY_30                                           0                              0              

FU_BUSY_31                                           0                              0              

FU_REJECTED_OP_INV_NOT_SIMD                          0        0.000%                0        0.000%
FU_REJECTED_OP_NOP_NOT_SIMD                          1        0.000%                6        0.000%
FU_REJECTED_OP_CF_NOT_SIMD                           0        0.000%                0        0.000%
FU_REJECTED_OP_MOV_NOT_SIMD                     114222       12.029%           228444       12.003%
FU_REJECTED_OP_CMOV_NOT_SIMD                         0        0.000%                0        0.000%
FU_REJECTED_OP_LDA_NOT_SIMD                        578        0.061%             1143        0.060%
FU_REJECTED_OP_IMEM_NOT_SIMD                     64563        6.799%           131009        6.884%
FU_REJECTED_OP_IADD_NOT_SIMD                      3886        0.409%             9184        0.483%
FU_REJECTED_OP_IMUL_NOT_SIMD                       572        0.060%             1095        0.058%
FU_REJECTED_OP_IDIV_NOT_SIMD                    138769       14.615%           277528       14.582%
FU_REJECTED_OP_ICMP_NOT_SIMD                    217665       22.923%           435218       22.868%
FU_REJECTED_OP_LOGIC_NOT_SIMD                      195        0.021%              391        0.021%
FU_REJECTED_OP_SHIFT_NOT_SIMD                      459        0.048%              919        0.048%
FU_REJECTED_OP_FMEM_NOT_SIMD                         0        0.000%                0        0.000%
FU_REJECTED_OP_FCVT_NOT_SIMD                         0        0.000%                0        0.000%
FU_REJECTED_OP_FADD_NOT_SIMD                         0        0.000%                0        0.000%
FU_REJECTED_OP_FMUL_NOT_SIMD                         0        0.000%                0        0.000%
FU_REJECTED_OP_FMA_NOT_SIMD                          0        0.000%                0        0.000%
FU_REJECTED_OP_FDIV_NOT_SIMD                         0        0.000%                0        0.000%
FU_REJECTED_OP_FCMP_NOT_SIMD                         0        0.000%                0        0.000%
FU_REJECTED_OP_FCMOV_NOT_SIMD                        0        0.000%                0        0.000%
FU_REJECTED_OP_GATHER_NOT_SIMD                       0        0.000%                0        0.000%
FU_REJECTED_OP_SCATTER_NOT_SIMD                      0        0.000%                0        0.000%
FU_REJECTED_OP_PIPELINED_FAST_NOT_SIMD               0        0.000%                0        0.000%
FU_REJECTED_OP_PIPELINED_MEDIUM_NOT_SIMD             0        0.000%                0        0.000%
FU_REJECTED_OP_PIPELINED_SLOW_NOT_SIMD               0        0.000%                0        0.000%
FU_REJECTED_OP_NOTPIPELINED_MEDIUM_NOT_SIMD             0        0.000%                0        0.000%
FU_REJECTED_OP_NOTPIPELINED_SLOW_NOT_SIMD             0        0.000%                0        0.000%
FU_REJECTED_OP_NOTPIPELINED_VERY_SLOW_NOT_SIMD             0        0.000%                0        0.000%
FU_REJECTED_OP_INV_SIMD                              0        0.000%                0        0.000%
FU_REJECTED_OP_NOP_SIMD                              0        0.000%                0        0.000%
FU_REJECTED_OP_CF_SIMD                               0        0.000%                0        0.000%
FU_REJECTED_OP_MOV_SIMD                             37        0.004%               65        0.003%
FU_REJECTED_OP_CMOV_SIMD                             0        0.000%                0        0.000%
FU_REJECTED_OP_LDA_SIMD                              0        0.000%                0        0.000%
FU_REJECTED_OP_IMEM_SIMD                             0        0.000%                0        0.000%
FU_REJECTED_OP_IADD_SIMD                             0        0.000%                0        0.000%
FU_REJECTED_OP_IMUL_SIMD                             0        0.000%                0        0.000%
FU_REJECTED_OP_IDIV_SIMD                             0        0.000%                0        0.000%
FU_REJECTED_OP_ICMP_SIMD                             0        0.000%                0        0.000%
FU_REJECTED_OP_LOGIC_SIMD                            0        0.000%                0        0.000%
FU_REJECTED_OP_SHIFT_SIMD                            0        0.000%                4        0.000%
FU_REJECTED_OP_FMEM_SIMD                             0        0.000%                0        0.000%
FU_REJECTED_OP_FCVT_SIMD                        342569       36.078%           686197       36.056%
FU_REJECTED_OP_FADD_SIMD                            21        0.002%               30        0.002%
FU_REJECTED_OP_FMUL_SIMD                             0        0.000%                0        0.000%
FU_REJECTED_OP_FMA_SIMD                              0        0.000%                0        0.000%
FU_REJECTED_OP_FDIV_SIMD                             0        0.000%                0        0.000%
FU_REJECTED_OP_FCMP_SIMD                         65991        6.950%           131930        6.932%
FU_REJECTED_OP_FCMOV_SIMD                            0        0.000%                0        0.000%
FU_REJECTED_OP_GATHER_SIMD                           0        0.000%                0        0.000%
FU_REJECTED_OP_SCATTER_SIMD                          0        0.000%                0        0.000%
FU_REJECTED_OP_PIPELINED_FAST_SIMD                   0        0.000%                0        0.000%
FU_REJECTED_OP_PIPELINED_MEDIUM_SIMD                 0        0.000%                0        0.000%
FU_REJECTED_OP_PIPELINED_SLOW_SIMD                   0        0.000%                0        0.000%
FU_REJECTED_OP_NOTPIPELINED_MEDIUM_SIMD              0        0.000%                0        0.000%
FU_REJECTED_OP_NOTPIPELINED_SLOW_SIMD                0        0.000%                0        0.000%
FU_REJECTED_OP_NOTPIPELINED_VERY_SLOW_SIMD             0        0.000%                0        0.000%
                                                949528      100.000%          1903163      100.000%
                                                 23.27        18.01             23.26        18.01

OP_WAIT_0                                      5734780                       11469468              

OP_WAIT_1                                      7391556                       14782971              

OP_WAIT_2                                      1048840                        2097779              

OP_WAIT_3                                        32910                          65545              

OP_WAIT_4                                         9403                          18825              

OP_WAIT_5                                         7229                          14487              

OP_WAIT_6                                         6399                          12788              

OP_WAIT_7                                        21403                          42736              

OP_WAIT_8                                        21148                          42461              

OP_WAIT_9                                         4877                           9726              

OP_WAIT_10                                        4733                           9554              

OP_WAIT_11                                        4720                           9537              

OP_WAIT_12                                        4273                           8570              

OP_WAIT_13                                       19956                          39985              

OP_WAIT_14                                        3664                           7393              

OP_WAIT_15                                        3219                           6457              

OP_WAIT_16                                        3074                           6191              

OP_WAIT_17                                        2970                           6039              

OP_WAIT_18                                        3132                           6278              

OP_WAIT_19                                        2770                           5538              

OP_WAIT_20                                        2675                           5329              

OP_WAIT_21                                        2457                           4876              

OP_WAIT_22                                        2394                           4850              

OP_WAIT_23                                        2290                           4648              

OP_WAIT_24                                        2277                           4680              

OP_WAIT_25                                        2122                           4214              

OP_WAIT_26                                        1873                           3832              

OP_WAIT_27                                        1715                           3457              

OP_WAIT_28                                        1592                           3119              

OP_WAIT_29                                        1624                           3225              

OP_WAIT_30                                        1753                           3445              

OP_WAIT_31                                       58168                         115980              

ROW_SIZE_0                                     2789119                        5580610              

ROW_SIZE_1                                      184324                         368987              

ROW_SIZE_2                                     7113836                       14227498              

ROW_SIZE_3                                           0                              0              

ROW_SIZE_4                                           0                              0              

ROW_SIZE_5                                           0                              0              

ROW_SIZE_6                                           0                              0              

ROW_SIZE_7                                           0                              0              

ROW_SIZE_8                                           0                              0              

ROW_SIZE_9                                           0                              0              

ROW_SIZE_10                                          0                              0              

ROW_SIZE_11                                          0                              0              

ROW_SIZE_12                                          0                              0              

ROW_SIZE_13                                          0                              0              

ROW_SIZE_14                                          0                              0              

ROW_SIZE_15                                          0                              0              

ROW_SIZE_16                                          0                              0              

ROW_SIZE_17                                          0                              0              

ROW_SIZE_18                                          0                              0              

ROW_SIZE_19                                          0                              0              

ROW_SIZE_20                                          0                              0              

ROW_SIZE_21                                          0                              0              

ROW_SIZE_22                                          0                              0              

ROW_SIZE_23                                          0                              0              

ROW_SIZE_24                                          0                              0              

ROW_SIZE_25                                          0                              0              

ROW_SIZE_26                                          0                              0              

ROW_SIZE_27                                          0                              0              

ROW_SIZE_28                                          0                              0              

ROW_SIZE_29                                          0                              0              

ROW_SIZE_30                                          0                              0              

ROW_SIZE_31                                          0                              0              

RET_OP_EXEC_COUNT_0                                  0        0.000%                0        0.000%
RET_OP_EXEC_COUNT_1                           14411996      100.000%         28823983      100.000%
RET_OP_EXEC_COUNT_2                                  0        0.000%                0        0.000%
RET_OP_EXEC_COUNT_3                                  0        0.000%                0        0.000%
RET_OP_EXEC_COUNT_4                                  0        0.000%                0        0.000%
RET_OP_EXEC_COUNT_5                                  0        0.000%                0        0.000%
RET_OP_EXEC_COUNT_6                                  0        0.000%                0        0.000%
RET_OP_EXEC_COUNT_7                                  0        0.000%                0        0.000%
RET_OP_EXEC_COUNT_8                                  0        0.000%                0        0.000%
RET_OP_EXEC_COUNT_9                                  0        0.000%                0        0.000%
RET_OP_EXEC_COUNT_10                                 0        0.000%                0        0.000%
RET_OP_EXEC_COUNT_11                                 0        0.000%                0        0.000%
RET_OP_EXEC_COUNT_12                                 0        0.000%                0        0.000%
RET_OP_EXEC_COUNT_13                                 0        0.000%                0        0.000%
RET_OP_EXEC_COUNT_14                                 0        0.000%                0        0.000%
RET_OP_EXEC_COUNT_15                                 0        0.000%                0        0.000%
RET_OP_EXEC_COUNT_16                                 0        0.000%                0        0.000%
RET_OP_EXEC_COUNT_17                                 0        0.000%                0        0.000%
RET_OP_EXEC_COUNT_18                                 0        0.000%                0        0.000%
RET_OP_EXEC_COUNT_19                                 0        0.000%                0        0.000%
RET_OP_EXEC_COUNT_20                                 0        0.000%                0        0.000%
RET_OP_EXEC_COUNT_21                                 0        0.000%                0        0.000%
RET_OP_EXEC_COUNT_22                                 0        0.000%                0        0.000%
RET_OP_EXEC_COUNT_23                                 0        0.000%                0        0.000%
RET_OP_EXEC_COUNT_24                                 0        0.000%                0        0.000%
RET_OP_EXEC_COUNT_25                                 0        0.000%                0        0.000%
RET_OP_EXEC_COUNT_26                                 0        0.000%                0        0.000%
RET_OP_EXEC_COUNT_27                                 0        0.000%                0        0.000%
RET_OP_EXEC_COUNT_28                                 0        0.000%                0        0.000%
RET_OP_EXEC_COUNT_29                                 0        0.000%                0        0.000%
RET_OP_EXEC_COUNT_30                                 0        0.000%                0        0.000%
RET_OP_EXEC_COUNT_31                                 0        0.000%                0        0.000%
RET_OP_EXEC_COUNT_32                                 0        0.000%                0        0.000%
                                              14411996      100.000%         28823983      100.000%
                                                  1.00         0.00              1.00         0.00

RET_STALL_LENGTH_0                            14411931      100.000%         28823841      100.000%
RET_STALL_LENGTH_100                                46        0.000%               97        0.000%
RET_STALL_LENGTH_200                                 7        0.000%               17        0.000%
RET_STALL_LENGTH_300                                 9        0.000%               25        0.000%
RET_STALL_LENGTH_400                                 0        0.000%                0        0.000%
RET_STALL_LENGTH_500                                 0        0.000%                0        0.000%
RET_STALL_LENGTH_600                                 0        0.000%                0        0.000%
RET_STALL_LENGTH_700                                 0        0.000%                0        0.000%
RET_STALL_LENGTH_800                                 0        0.000%                0        0.000%
RET_STALL_LENGTH_900                                 1        0.000%                1        0.000%
RET_STALL_LENGTH_1000                                0        0.000%                0        0.000%
RET_STALL_LENGTH_1100                                1        0.000%                1        0.000%
RET_STALL_LENGTH_1200                                1        0.000%                1        0.000%
RET_STALL_LENGTH_1300                                0        0.000%                0        0.000%
RET_STALL_LENGTH_1400                                0        0.000%                0        0.000%
RET_STALL_LENGTH_1500                                0        0.000%                0        0.000%
RET_STALL_LENGTH_1600                                0        0.000%                0        0.000%
RET_STALL_LENGTH_1700                                0        0.000%                0        0.000%
RET_STALL_LENGTH_1800                                0        0.000%                0        0.000%
RET_STALL_LENGTH_1900                                0        0.000%                0        0.000%
RET_STALL_LENGTH_2000                                0        0.000%                0        0.000%
RET_STALL_LENGTH_2100                                0        0.000%                0        0.000%
RET_STALL_LENGTH_2200                                0        0.000%                0        0.000%
RET_STALL_LENGTH_2300                                0        0.000%                0        0.000%
RET_STALL_LENGTH_2400                                0        0.000%                0        0.000%
RET_STALL_LENGTH_2500                                0        0.000%                0        0.000%
RET_STALL_LENGTH_2600                                0        0.000%                0        0.000%
RET_STALL_LENGTH_2700                                0        0.000%                0        0.000%
RET_STALL_LENGTH_2800                                0        0.000%                0        0.000%
RET_STALL_LENGTH_2900                                0        0.000%                0        0.000%
RET_STALL_LENGTH_3000                                0        0.000%                0        0.000%
RET_STALL_LENGTH_3100                                0        0.000%                0        0.000%
RET_STALL_LENGTH_3200                                0        0.000%                0        0.000%
RET_STALL_LENGTH_3300                                0        0.000%                0        0.000%
RET_STALL_LENGTH_3400                                0        0.000%                0        0.000%
RET_STALL_LENGTH_3500                                0        0.000%                0        0.000%
RET_STALL_LENGTH_3600                                0        0.000%                0        0.000%
RET_STALL_LENGTH_3700                                0        0.000%                0        0.000%
RET_STALL_LENGTH_3800                                0        0.000%                0        0.000%
RET_STALL_LENGTH_3900                                0        0.000%                0        0.000%
RET_STALL_LENGTH_4000                                0        0.000%                0        0.000%
RET_STALL_LENGTH_4100                                0        0.000%                0        0.000%
RET_STALL_LENGTH_4200                                0        0.000%                0        0.000%
RET_STALL_LENGTH_4300                                0        0.000%                0        0.000%
RET_STALL_LENGTH_4400                                0        0.000%                0        0.000%
RET_STALL_LENGTH_4500                                0        0.000%                0        0.000%
RET_STALL_LENGTH_4600                                0        0.000%                0        0.000%
RET_STALL_LENGTH_4700                                0        0.000%                0        0.000%
RET_STALL_LENGTH_4800                                0        0.000%                0        0.000%
RET_STALL_LENGTH_4900                                0        0.000%                0        0.000%
RET_STALL_LENGTH_5000                                0        0.000%                0        0.000%
                                              14411996      100.000%         28823983      100.000%
                                                  0.00         0.01              0.00         0.01

MEM_BLOCK_LENGTH_0                                1800       72.435%             3539       71.785%
MEM_BLOCK_LENGTH_100                               335       13.481%              680       13.793%
MEM_BLOCK_LENGTH_200                                96        3.863%              210        4.260%
MEM_BLOCK_LENGTH_300                               102        4.105%              199        4.037%
MEM_BLOCK_LENGTH_400                               102        4.105%              205        4.158%
MEM_BLOCK_LENGTH_500                                40        1.610%               81        1.643%
MEM_BLOCK_LENGTH_600                                10        0.402%               16        0.325%
MEM_BLOCK_LENGTH_700                                 0        0.000%                0        0.000%
MEM_BLOCK_LENGTH_800                                 0        0.000%                0        0.000%
MEM_BLOCK_LENGTH_900                                 0        0.000%                0        0.000%
MEM_BLOCK_LENGTH_1000                                0        0.000%                0        0.000%
MEM_BLOCK_LENGTH_1100                                0        0.000%                0        0.000%
MEM_BLOCK_LENGTH_1200                                0        0.000%                0        0.000%
MEM_BLOCK_LENGTH_1300                                0        0.000%                0        0.000%
MEM_BLOCK_LENGTH_1400                                0        0.000%                0        0.000%
MEM_BLOCK_LENGTH_1500                                0        0.000%                0        0.000%
MEM_BLOCK_LENGTH_1600                                0        0.000%                0        0.000%
MEM_BLOCK_LENGTH_1700                                0        0.000%                0        0.000%
MEM_BLOCK_LENGTH_1800                                0        0.000%                0        0.000%
MEM_BLOCK_LENGTH_1900                                0        0.000%                0        0.000%
MEM_BLOCK_LENGTH_2000                                0        0.000%                0        0.000%
MEM_BLOCK_LENGTH_2100                                0        0.000%                0        0.000%
MEM_BLOCK_LENGTH_2200                                0        0.000%                0        0.000%
MEM_BLOCK_LENGTH_2300                                0        0.000%                0        0.000%
MEM_BLOCK_LENGTH_2400                                0        0.000%                0        0.000%
MEM_BLOCK_LENGTH_2500                                0        0.000%                0        0.000%
MEM_BLOCK_LENGTH_2600                                0        0.000%                0        0.000%
MEM_BLOCK_LENGTH_2700                                0        0.000%                0        0.000%
MEM_BLOCK_LENGTH_2800                                0        0.000%                0        0.000%
MEM_BLOCK_LENGTH_2900                                0        0.000%                0        0.000%
MEM_BLOCK_LENGTH_3000                                0        0.000%                0        0.000%
MEM_BLOCK_LENGTH_3100                                0        0.000%                0        0.000%
MEM_BLOCK_LENGTH_3200                                0        0.000%                0        0.000%
MEM_BLOCK_LENGTH_3300                                0        0.000%                0        0.000%
MEM_BLOCK_LENGTH_3400                                0        0.000%                0        0.000%
MEM_BLOCK_LENGTH_3500                                0        0.000%                0        0.000%
MEM_BLOCK_LENGTH_3600                                0        0.000%                0        0.000%
MEM_BLOCK_LENGTH_3700                                0        0.000%                0        0.000%
MEM_BLOCK_LENGTH_3800                                0        0.000%                0        0.000%
MEM_BLOCK_LENGTH_3900                                0        0.000%                0        0.000%
MEM_BLOCK_LENGTH_4000                                0        0.000%                0        0.000%
MEM_BLOCK_LENGTH_4100                                0        0.000%                0        0.000%
MEM_BLOCK_LENGTH_4200                                0        0.000%                0        0.000%
MEM_BLOCK_LENGTH_4300                                0        0.000%                0        0.000%
MEM_BLOCK_LENGTH_4400                                0        0.000%                0        0.000%
MEM_BLOCK_LENGTH_4500                                0        0.000%                0        0.000%
MEM_BLOCK_LENGTH_4600                                0        0.000%                0        0.000%
MEM_BLOCK_LENGTH_4700                                0        0.000%                0        0.000%
MEM_BLOCK_LENGTH_4800                                0        0.000%                0        0.000%
MEM_BLOCK_LENGTH_4900                                0        0.000%                0        0.000%
MEM_BLOCK_LENGTH_5000                                0        0.000%                0        0.000%
                                                  2485      100.000%             4930      100.000%
                                                  0.60         1.11              0.61         1.10

FUS_BUSY_ON_PATH                              15540512        1.5406         31086744        1.5406

FUS_BUSY_OFF_PATH                                   66        0.0000             1347        0.0001

FU_BUSY_MEM_STALL                               488539        0.0484           982542        0.0487

FUS_EMPTY                                     65157654        6.4594        130337189        6.4593

FU_UNAVAILABLE                                  538489        0.0534          1076743        0.0534

FU_MEM_UNAVAILABLE                              411039        0.0407           826420        0.0410

FU_REPLAY                                            0        0.0000                0        0.0000

FU_STARVED                                    65157650        6.4594        130337140        6.4593

CHIP_UTILIZATION                                     0        0.0000                0        0.0000

CYCLES_UNDER_MEM_REQ                                 0                              0              

CYCLES_UNDER_NO_MEM_REQ                              0                              0              

CYCLES_UNDER_CRITICAL_MEM_REQ                        0                              0              

CYCLES_UNDER_NONCRITICAL_MEM_REQ                     0                              0              

CHIP_UTILIZATION_UNDER_MEM_REQ                       0          -nan                0          -nan

CHIP_UTILIZATION_UNDER_NO_MEM_REQ                    0          -nan                0          -nan

CHIP_UTILIZATION_UNDER_CRITICAL_MEM_REQ              0          -nan                0          -nan

CHIP_UTILIZATION_UNDER_NONCRITICAL_MEM_REQ             0          -nan                0          -nan

CYCLES_NOT_WAITING_FOR_OFF_CHIP                      0        0.0000                0        0.0000

FUS_BUSY_NOT_WAITING_FOR_OFF_CHIP                    0          -nan                0          -nan

CYCLES_WAITING_FOR_OFF_CHIP                          0        0.0000                0        0.0000

FUS_BUSY_WAITING_FOR_OFF_CHIP                        0          -nan                0          -nan

TOTAL_OFF_CHIP_DELAYS_LEFT                           0                              0              

WRONG_IO_SCHED                                       0                              0              

DVFS_CONFIG_SWITCH                                   0                              0              

MAP_STAGE_RECEIVED_OPS_0                             0        0.000%                0        0.000%
MAP_STAGE_RECEIVED_OPS_1                       5620250       56.112%         11240745       56.113%
MAP_STAGE_RECEIVED_OPS_2                       4395791       43.888%          8791619       43.887%
MAP_STAGE_RECEIVED_OPS_3                             0        0.000%                0        0.000%
MAP_STAGE_RECEIVED_OPS_4                             0        0.000%                0        0.000%
MAP_STAGE_RECEIVED_OPS_5                             0        0.000%                0        0.000%
MAP_STAGE_RECEIVED_OPS_6                             0        0.000%                0        0.000%
MAP_STAGE_RECEIVED_OPS_7                             0        0.000%                0        0.000%
MAP_STAGE_RECEIVED_OPS_8                             0        0.000%                0        0.000%
MAP_STAGE_RECEIVED_OPS_MAX                           0        0.000%                0        0.000%
                                              10016041      100.000%         20032364      100.000%
                                                  1.44         0.50              1.44         0.50

MAP_STAGE_WAIT_FOR_DECODE                            0         -nan%                0         -nan%
MAP_STAGE_CONSUME_DECODE                             0         -nan%                0         -nan%
                                                     0         -nan%                0         -nan%
                                                  -nan         -nan              -nan         -nan

MAP_STAGE_WAIT_FOR_DECODE2                           0         -nan%                0         -nan%
MAP_STAGE_CONSUME_DECODE2                            0         -nan%                0         -nan%
                                                     0         -nan%                0         -nan%
                                                  -nan         -nan              -nan         -nan

FTQ_RECOVER_EXEC                                     2                             29              

FTQ_RECOVER_DECODE                                   0                              1              

FTQ_OFFPATH_CYCLES                                 686                           7548              

FTQ_CYCLES_OFFPATH                                 684                           8228              

FTQ_CYCLES_ONPATH                             10086595                       20169932              

FTQ_FETCHED_INS_OFFPATH                            968                          16620              

FTQ_FETCHED_INS_ONPATH                        14411380                       28823953              

FTQ_BREAK_FULL_FT_ONPATH                      10086145      100.000%         20169261       99.999%
FTQ_BREAK_MAX_CFS_TAKEN_ONPATH                       6        0.000%               52        0.000%
FTQ_BREAK_MAX_BYTES_ONPATH                          20        0.000%              167        0.001%
FTQ_BREAK_PRED_BR_ONPATH                             0        0.000%                0        0.000%
FTQ_BREAK_BAR_FETCH_ONPATH                           0        0.000%                0        0.000%
                                              10086171      100.000%         20169480      100.000%
                                                  0.00         0.00              0.00         0.01

FTQ_BREAK_FULL_FT_OFFPATH                          686      100.000%             8071       97.736%
FTQ_BREAK_MAX_CFS_TAKEN_OFFPATH                      0        0.000%                9        0.109%
FTQ_BREAK_MAX_BYTES_OFFPATH                          0        0.000%              178        2.155%
FTQ_BREAK_PRED_BR_OFFPATH                            0        0.000%                0        0.000%
FTQ_BREAK_BAR_FETCH_OFFPATH                          0        0.000%                0        0.000%
                                                   686      100.000%             8258      100.000%
                                                  0.00         0.00              0.04         0.29



