               ramulator.active_cycles_0             6139206                                      # Total active cycles for level _0
                 ramulator.busy_cycles_0             6139206                                      # (All-bank refresh only. busy cycles only include refresh time in rank level) The sum of cycles that the DRAM part is active or under refresh for level _0
            ramulator.serving_requests_0            23138085                                      # The sum of read and write requests that are served in this DRAM element per memory cycle for level _0
    ramulator.average_serving_requests_0            3.057838                                      # The average of read and write requests that are served in this DRAM element per memory cycle for level _0
             ramulator.active_cycles_0_0             6139206                                      # Total active cycles for level _0_0
               ramulator.busy_cycles_0_0             6373566                                      # (All-bank refresh only. busy cycles only include refresh time in rank level) The sum of cycles that the DRAM part is active or under refresh for level _0_0
          ramulator.serving_requests_0_0            23138085                                      # The sum of read and write requests that are served in this DRAM element per memory cycle for level _0_0
  ramulator.average_serving_requests_0_0            3.057838                                      # The average of read and write requests that are served in this DRAM element per memory cycle for level _0_0
           ramulator.active_cycles_0_0_0             3550548                                      # Total active cycles for level _0_0_0
             ramulator.busy_cycles_0_0_0             3550548                                      # (All-bank refresh only. busy cycles only include refresh time in rank level) The sum of cycles that the DRAM part is active or under refresh for level _0_0_0
        ramulator.serving_requests_0_0_0             5661056                                      # The sum of read and write requests that are served in this DRAM element per memory cycle for level _0_0_0
ramulator.average_serving_requests_0_0_0            0.748143                                      # The average of read and write requests that are served in this DRAM element per memory cycle for level _0_0_0
         ramulator.active_cycles_0_0_0_0             1237102                                      # Total active cycles for level _0_0_0_0
           ramulator.busy_cycles_0_0_0_0             1237102                                      # (All-bank refresh only. busy cycles only include refresh time in rank level) The sum of cycles that the DRAM part is active or under refresh for level _0_0_0_0
      ramulator.serving_requests_0_0_0_0             1458096                                      # The sum of read and write requests that are served in this DRAM element per memory cycle for level _0_0_0_0
ramulator.average_serving_requests_0_0_0_0            0.192696                                      # The average of read and write requests that are served in this DRAM element per memory cycle for level _0_0_0_0
         ramulator.active_cycles_0_0_0_1             1147534                                      # Total active cycles for level _0_0_0_1
           ramulator.busy_cycles_0_0_0_1             1147534                                      # (All-bank refresh only. busy cycles only include refresh time in rank level) The sum of cycles that the DRAM part is active or under refresh for level _0_0_0_1
      ramulator.serving_requests_0_0_0_1             1367926                                      # The sum of read and write requests that are served in this DRAM element per memory cycle for level _0_0_0_1
ramulator.average_serving_requests_0_0_0_1            0.180780                                      # The average of read and write requests that are served in this DRAM element per memory cycle for level _0_0_0_1
         ramulator.active_cycles_0_0_0_2             1186146                                      # Total active cycles for level _0_0_0_2
           ramulator.busy_cycles_0_0_0_2             1186146                                      # (All-bank refresh only. busy cycles only include refresh time in rank level) The sum of cycles that the DRAM part is active or under refresh for level _0_0_0_2
      ramulator.serving_requests_0_0_0_2             1415970                                      # The sum of read and write requests that are served in this DRAM element per memory cycle for level _0_0_0_2
ramulator.average_serving_requests_0_0_0_2            0.187129                                      # The average of read and write requests that are served in this DRAM element per memory cycle for level _0_0_0_2
         ramulator.active_cycles_0_0_0_3             1181656                                      # Total active cycles for level _0_0_0_3
           ramulator.busy_cycles_0_0_0_3             1181656                                      # (All-bank refresh only. busy cycles only include refresh time in rank level) The sum of cycles that the DRAM part is active or under refresh for level _0_0_0_3
      ramulator.serving_requests_0_0_0_3             1419031                                      # The sum of read and write requests that are served in this DRAM element per memory cycle for level _0_0_0_3
ramulator.average_serving_requests_0_0_0_3            0.187534                                      # The average of read and write requests that are served in this DRAM element per memory cycle for level _0_0_0_3
           ramulator.active_cycles_0_0_1             3547738                                      # Total active cycles for level _0_0_1
             ramulator.busy_cycles_0_0_1             3547738                                      # (All-bank refresh only. busy cycles only include refresh time in rank level) The sum of cycles that the DRAM part is active or under refresh for level _0_0_1
        ramulator.serving_requests_0_0_1             5808082                                      # The sum of read and write requests that are served in this DRAM element per memory cycle for level _0_0_1
ramulator.average_serving_requests_0_0_1            0.767573                                      # The average of read and write requests that are served in this DRAM element per memory cycle for level _0_0_1
         ramulator.active_cycles_0_0_1_0             1227319                                      # Total active cycles for level _0_0_1_0
           ramulator.busy_cycles_0_0_1_0             1227319                                      # (All-bank refresh only. busy cycles only include refresh time in rank level) The sum of cycles that the DRAM part is active or under refresh for level _0_0_1_0
      ramulator.serving_requests_0_0_1_0             1461204                                      # The sum of read and write requests that are served in this DRAM element per memory cycle for level _0_0_1_0
ramulator.average_serving_requests_0_0_1_0            0.193107                                      # The average of read and write requests that are served in this DRAM element per memory cycle for level _0_0_1_0
         ramulator.active_cycles_0_0_1_1             1293626                                      # Total active cycles for level _0_0_1_1
           ramulator.busy_cycles_0_0_1_1             1293626                                      # (All-bank refresh only. busy cycles only include refresh time in rank level) The sum of cycles that the DRAM part is active or under refresh for level _0_0_1_1
      ramulator.serving_requests_0_0_1_1             1564985                                      # The sum of read and write requests that are served in this DRAM element per memory cycle for level _0_0_1_1
ramulator.average_serving_requests_0_0_1_1            0.206822                                      # The average of read and write requests that are served in this DRAM element per memory cycle for level _0_0_1_1
         ramulator.active_cycles_0_0_1_2             1144674                                      # Total active cycles for level _0_0_1_2
           ramulator.busy_cycles_0_0_1_2             1144674                                      # (All-bank refresh only. busy cycles only include refresh time in rank level) The sum of cycles that the DRAM part is active or under refresh for level _0_0_1_2
      ramulator.serving_requests_0_0_1_2             1361840                                      # The sum of read and write requests that are served in this DRAM element per memory cycle for level _0_0_1_2
ramulator.average_serving_requests_0_0_1_2            0.179975                                      # The average of read and write requests that are served in this DRAM element per memory cycle for level _0_0_1_2
         ramulator.active_cycles_0_0_1_3             1191042                                      # Total active cycles for level _0_0_1_3
           ramulator.busy_cycles_0_0_1_3             1191042                                      # (All-bank refresh only. busy cycles only include refresh time in rank level) The sum of cycles that the DRAM part is active or under refresh for level _0_0_1_3
      ramulator.serving_requests_0_0_1_3             1420053                                      # The sum of read and write requests that are served in this DRAM element per memory cycle for level _0_0_1_3
ramulator.average_serving_requests_0_0_1_3            0.187669                                      # The average of read and write requests that are served in this DRAM element per memory cycle for level _0_0_1_3
           ramulator.active_cycles_0_0_2             3586931                                      # Total active cycles for level _0_0_2
             ramulator.busy_cycles_0_0_2             3586931                                      # (All-bank refresh only. busy cycles only include refresh time in rank level) The sum of cycles that the DRAM part is active or under refresh for level _0_0_2
        ramulator.serving_requests_0_0_2             5808160                                      # The sum of read and write requests that are served in this DRAM element per memory cycle for level _0_0_2
ramulator.average_serving_requests_0_0_2            0.767583                                      # The average of read and write requests that are served in this DRAM element per memory cycle for level _0_0_2
         ramulator.active_cycles_0_0_2_0             1223132                                      # Total active cycles for level _0_0_2_0
           ramulator.busy_cycles_0_0_2_0             1223132                                      # (All-bank refresh only. busy cycles only include refresh time in rank level) The sum of cycles that the DRAM part is active or under refresh for level _0_0_2_0
      ramulator.serving_requests_0_0_2_0             1457986                                      # The sum of read and write requests that are served in this DRAM element per memory cycle for level _0_0_2_0
ramulator.average_serving_requests_0_0_2_0            0.192682                                      # The average of read and write requests that are served in this DRAM element per memory cycle for level _0_0_2_0
         ramulator.active_cycles_0_0_2_1             1181415                                      # Total active cycles for level _0_0_2_1
           ramulator.busy_cycles_0_0_2_1             1181415                                      # (All-bank refresh only. busy cycles only include refresh time in rank level) The sum of cycles that the DRAM part is active or under refresh for level _0_0_2_1
      ramulator.serving_requests_0_0_2_1             1403095                                      # The sum of read and write requests that are served in this DRAM element per memory cycle for level _0_0_2_1
ramulator.average_serving_requests_0_0_2_1            0.185427                                      # The average of read and write requests that are served in this DRAM element per memory cycle for level _0_0_2_1
         ramulator.active_cycles_0_0_2_2             1239547                                      # Total active cycles for level _0_0_2_2
           ramulator.busy_cycles_0_0_2_2             1239547                                      # (All-bank refresh only. busy cycles only include refresh time in rank level) The sum of cycles that the DRAM part is active or under refresh for level _0_0_2_2
      ramulator.serving_requests_0_0_2_2             1487775                                      # The sum of read and write requests that are served in this DRAM element per memory cycle for level _0_0_2_2
ramulator.average_serving_requests_0_0_2_2            0.196618                                      # The average of read and write requests that are served in this DRAM element per memory cycle for level _0_0_2_2
         ramulator.active_cycles_0_0_2_3             1229099                                      # Total active cycles for level _0_0_2_3
           ramulator.busy_cycles_0_0_2_3             1229099                                      # (All-bank refresh only. busy cycles only include refresh time in rank level) The sum of cycles that the DRAM part is active or under refresh for level _0_0_2_3
      ramulator.serving_requests_0_0_2_3             1459291                                      # The sum of read and write requests that are served in this DRAM element per memory cycle for level _0_0_2_3
ramulator.average_serving_requests_0_0_2_3            0.192854                                      # The average of read and write requests that are served in this DRAM element per memory cycle for level _0_0_2_3
           ramulator.active_cycles_0_0_3             3618446                                      # Total active cycles for level _0_0_3
             ramulator.busy_cycles_0_0_3             3618446                                      # (All-bank refresh only. busy cycles only include refresh time in rank level) The sum of cycles that the DRAM part is active or under refresh for level _0_0_3
        ramulator.serving_requests_0_0_3             5860764                                      # The sum of read and write requests that are served in this DRAM element per memory cycle for level _0_0_3
ramulator.average_serving_requests_0_0_3            0.774535                                      # The average of read and write requests that are served in this DRAM element per memory cycle for level _0_0_3
         ramulator.active_cycles_0_0_3_0             1191712                                      # Total active cycles for level _0_0_3_0
           ramulator.busy_cycles_0_0_3_0             1191712                                      # (All-bank refresh only. busy cycles only include refresh time in rank level) The sum of cycles that the DRAM part is active or under refresh for level _0_0_3_0
      ramulator.serving_requests_0_0_3_0             1423761                                      # The sum of read and write requests that are served in this DRAM element per memory cycle for level _0_0_3_0
ramulator.average_serving_requests_0_0_3_0            0.188159                                      # The average of read and write requests that are served in this DRAM element per memory cycle for level _0_0_3_0
         ramulator.active_cycles_0_0_3_1             1278986                                      # Total active cycles for level _0_0_3_1
           ramulator.busy_cycles_0_0_3_1             1278986                                      # (All-bank refresh only. busy cycles only include refresh time in rank level) The sum of cycles that the DRAM part is active or under refresh for level _0_0_3_1
      ramulator.serving_requests_0_0_3_1             1552563                                      # The sum of read and write requests that are served in this DRAM element per memory cycle for level _0_0_3_1
ramulator.average_serving_requests_0_0_3_1            0.205181                                      # The average of read and write requests that are served in this DRAM element per memory cycle for level _0_0_3_1
         ramulator.active_cycles_0_0_3_2             1181894                                      # Total active cycles for level _0_0_3_2
           ramulator.busy_cycles_0_0_3_2             1181894                                      # (All-bank refresh only. busy cycles only include refresh time in rank level) The sum of cycles that the DRAM part is active or under refresh for level _0_0_3_2
      ramulator.serving_requests_0_0_3_2             1412347                                      # The sum of read and write requests that are served in this DRAM element per memory cycle for level _0_0_3_2
ramulator.average_serving_requests_0_0_3_2            0.186650                                      # The average of read and write requests that are served in this DRAM element per memory cycle for level _0_0_3_2
         ramulator.active_cycles_0_0_3_3             1234422                                      # Total active cycles for level _0_0_3_3
           ramulator.busy_cycles_0_0_3_3             1234422                                      # (All-bank refresh only. busy cycles only include refresh time in rank level) The sum of cycles that the DRAM part is active or under refresh for level _0_0_3_3
      ramulator.serving_requests_0_0_3_3             1472081                                      # The sum of read and write requests that are served in this DRAM element per memory cycle for level _0_0_3_3
ramulator.average_serving_requests_0_0_3_3            0.194544                                      # The average of read and write requests that are served in this DRAM element per memory cycle for level _0_0_3_3
      ramulator.read_transaction_bytes_0            52155072                                      # The total byte of read transaction per channel
     ramulator.write_transaction_bytes_0             1267968                                      # The total byte of write transaction per channel
       ramulator.row_hits_channel_0_core              650917                                      # Number of row hits per channel per core
     ramulator.row_misses_channel_0_core               24866                                      # Number of row misses per channel per core
  ramulator.row_conflicts_channel_0_core              158952                                      # Number of row conflicts per channel per core
  ramulator.read_row_hits_channel_0_core              632392                                      # Number of row hits for read requests per channel per core
                                     [0]            632392.0                                      # 
ramulator.read_row_misses_channel_0_core               24508                                      # Number of row misses for read requests per channel per core
                                     [0]             24508.0                                      # 
ramulator.read_row_conflicts_channel_0_core              158023                                      # Number of row conflicts for read requests per channel per core
                                     [0]            158023.0                                      # 
 ramulator.write_row_hits_channel_0_core               18525                                      # Number of row hits for write requests per channel per core
                                     [0]             18525.0                                      # 
ramulator.write_row_misses_channel_0_core                 358                                      # Number of row misses for write requests per channel per core
                                     [0]               358.0                                      # 
ramulator.write_row_conflicts_channel_0_core                 929                                      # Number of row conflicts for write requests per channel per core
                                     [0]               929.0                                      # 
      ramulator.useless_activates_0_core                  16                                      # Number of useless activations. E.g, ACT -> PRE w/o RD or WR
            ramulator.read_latency_avg_0           86.871928                                      # The average memory latency cycles (in memory time domain) per request for all read requests in this channel
            ramulator.read_latency_sum_0            70794193                                      # The memory latency cycles (in memory time domain) sum for all read requests in this channel
        ramulator.req_queue_length_avg_0           23.105163                                      # Average of read and write queue length per memory cycle per channel.
        ramulator.req_queue_length_sum_0           174832450                                      # Sum of read and write queue length per memory cycle per channel.
   ramulator.read_req_queue_length_avg_0            8.943630                                      # Read queue length average per memory cycle per channel.
   ramulator.read_req_queue_length_sum_0            67674779                                      # Read queue length sum per memory cycle per channel.
  ramulator.write_req_queue_length_avg_0           14.161533                                      # Write queue length average per memory cycle per channel.
  ramulator.write_req_queue_length_sum_0           107157671                                      # Write queue length sum per memory cycle per channel.
              ramulator.record_read_hits                 0.0                                      # record read hit count for this core when it reaches request limit or to the end
                                     [0]                 0.0                                      # 
            ramulator.record_read_misses                 0.0                                      # record_read_miss count for this core when it reaches request limit or to the end
                                     [0]                 0.0                                      # 
         ramulator.record_read_conflicts                 0.0                                      # record read conflict count for this core when it reaches request limit or to the end
                                     [0]                 0.0                                      # 
             ramulator.record_write_hits                 0.0                                      # record write hit count for this core when it reaches request limit or to the end
                                     [0]                 0.0                                      # 
           ramulator.record_write_misses                 0.0                                      # record write miss count for this core when it reaches request limit or to the end
                                     [0]                 0.0                                      # 
        ramulator.record_write_conflicts                 0.0                                      # record write conflict for this core when it reaches request limit or to the end
                                     [0]                 0.0                                      # 
                 ramulator.dram_capacity          8589934592                                      # Number of bytes in simulated DRAM
                   ramulator.dram_cycles             7566813                                      # Number of DRAM cycles simulated
             ramulator.incoming_requests              834756                                      # Number of incoming requests to DRAM
                 ramulator.read_requests              814926                                      # Number of incoming read requests to DRAM per core
                                     [0]            814926.0                                      # 
                ramulator.write_requests               19830                                      # Number of incoming write requests to DRAM per core
                                     [0]             19830.0                                      # 
       ramulator.ramulator_active_cycles             6139207                                      # The total number of cycles that the DRAM part is active (serving R/W)
 ramulator.incoming_requests_per_channel            834756.0                                      # Number of incoming requests to each DRAM channel
                                     [0]            834756.0                                      # 
ramulator.incoming_read_reqs_per_channel            814926.0                                      # Number of incoming read requests to each DRAM channel
                                     [0]            814926.0                                      # 
     ramulator.physical_page_replacement                   0                                      # The number of times that physical page replacement happens.
             ramulator.maximum_bandwidth         19200000000                                      # The theoretical maximum bandwidth (Bps)
          ramulator.in_queue_req_num_sum           174832450                                      # Sum of read/write queue length
     ramulator.in_queue_read_req_num_sum            67674779                                      # Sum of read queue length
    ramulator.in_queue_write_req_num_sum           107157671                                      # Sum of write queue length
          ramulator.in_queue_req_num_avg           23.105163                                      # Average of read/write queue length per memory cycle
     ramulator.in_queue_read_req_num_avg            8.943630                                      # Average of read queue length per memory cycle
    ramulator.in_queue_write_req_num_avg           14.161533                                      # Average of write queue length per memory cycle
          ramulator.record_read_requests                 0.0                                      # record read requests for this core when it reaches request limit or to the end
                                     [0]                 0.0                                      # 
         ramulator.record_write_requests                 0.0                                      # record write requests for this core when it reaches request limit or to the end
                                     [0]                 0.0                                      # 
