Scarab gitrev: 3541854
Scarab started at Thu Oct 17 19:18:36 2024

Initialized Ramulator. 
** Heartbeat:   5% -- { 1000000 } -- 0.00 KIPS (66.67 KIPS)
** Heartbeat:  10% -- { 2000000 } -- 43.48 KIPS (52.63 KIPS)
** Heartbeat:  15% -- { 3000000 } -- 66.67 KIPS (56.60 KIPS)
** Heartbeat:  20% -- { 4000000 } -- 83.33 KIPS (61.54 KIPS)
** Heartbeat:  25% -- { 5000000 } -- 83.33 KIPS (64.94 KIPS)
** Heartbeat:  30% -- { 6000000 } -- 62.50 KIPS (64.52 KIPS)
** Heartbeat:  35% -- { 7000000 } -- 55.56 KIPS (63.06 KIPS)
** Heartbeat:  40% -- { 8000000 } -- 76.92 KIPS (64.52 KIPS)
** Heartbeat:  45% -- { 9000000 } -- 58.82 KIPS (63.83 KIPS)
** Heartbeat:  50% -- { 10000000 } -- 71.43 KIPS (64.52 KIPS)
** Heartbeat:  55% -- { 11000000 } -- 55.56 KIPS (63.58 KIPS)
** Heartbeat:  60% -- { 12000000 } -- 58.82 KIPS (63.16 KIPS)
** Heartbeat:  65% -- { 13000000 } -- 52.63 KIPS (62.20 KIPS)
** Heartbeat:  70% -- { 14000000 } -- 66.67 KIPS (62.50 KIPS)
** Heartbeat:  75% -- { 15000000 } -- 58.82 KIPS (62.24 KIPS)
** Heartbeat:  80% -- { 16000000 } -- 47.62 KIPS (61.07 KIPS)
** Heartbeat:  85% -- { 17000000 } -- 58.82 KIPS (60.93 KIPS)
** Heartbeat:  90% -- { 18000000 } -- 83.33 KIPS (61.86 KIPS)
** Heartbeat:  95% -- { 19000000 } -- 62.50 KIPS (61.89 KIPS)
** Heartbeat: 100% -- { 20000000 } -- 47.62 KIPS (60.98 KIPS)
** Core 0 Finished:    insts:20000000    cycles:20337537    time:6355480312500       -- 0.98 IPC (0.98 IPC) --  N/A  KIPS (60.98 KIPS)
Scarab finished at Thu Oct 17 19:24:04 2024

