/* -*- Mode: c -*- */
####################################################################################################
Core 0
####################################################################################################
Cumulative:        Cycles: 12119595              Instructions: 20000000              IPC: 1.65022

Periodic:          Cycles: 6138154               Instructions: 9999997               IPC: 1.62915

DCACHE_PREF_HIT                                      0                              0              

IFETCH_WB_FIRST_SCHEDULE                             0         -nan%                0         -nan%
PREFETCH_LAST_SCHEDULE                               0         -nan%                0         -nan%
DEMAND_PASS_PREF_SCHEDULE                            0         -nan%                0         -nan%
DEMAND_PASS_LOW_OP_SCHEDULE                          0         -nan%                0         -nan%
DEMAND_LAST_SCHEDULE                                 0         -nan%                0         -nan%
                                                     0         -nan%                0         -nan%
                                                  -nan         -nan              -nan         -nan

SEND_MISS_REQ_QUEUE                              32107                          90326              

L1_DATA_EVICT                                    31993                          58228              

STREAM_BUFFER_REQ                                    0                              0              

PREF_SEND_TO_MEM_REQ                                 0         -nan%                0         -nan%
PREF_SEND_TO_MEM_REQ_FAIL                            0         -nan%                0         -nan%
                                                     0         -nan%                0         -nan%
                                                  -nan         -nan              -nan         -nan

HIT_TRAIN_STREAM                                 66519       97.688%           132893       96.844%
MISS_TRAIN_STREAM                                 1574        2.312%             4331        3.156%
                                                 68093      100.000%           137224      100.000%
                                                  0.02         0.15              0.03         0.17

STREAM_TRAIN_CREATE                                809                           2237              

MEM_REQ_MISS_HWP_PREF_Q                              0         -nan%                0         -nan%
MEM_REQ_MISS_SW_PREF_Q                               0         -nan%                0         -nan%
MEM_REQ_MISS_IFETCH_Q                                0         -nan%                0         -nan%
MEM_REQ_MISS_DFETCH_Q                                0         -nan%                0         -nan%
MEM_REQ_MISS_DSTORE_Q                                0         -nan%                0         -nan%
MEM_REQ_MISS_DPRF_Q                                  0         -nan%                0         -nan%
MEM_REQ_MISS_WB_Q                                    0         -nan%                0         -nan%
                                                     0         -nan%                0         -nan%
                                                  -nan         -nan              -nan         -nan

PREF_HIT_BY_DEMAND_IFETCH                            0         -nan%                0         -nan%
PREF_HIT_BY_DEMAND_DFETCH                            0         -nan%                0         -nan%
PREF_HIT_BY_DEMAND_DSTORE                            0         -nan%                0         -nan%
PREF_HIT_BY_DEMAND_IPREF                             0         -nan%                0         -nan%
PREF_HIT_BY_DEMAND_DPRF                              0         -nan%                0         -nan%
PREF_HIT_BY_DEMAND_WB                                0         -nan%                0         -nan%
PREF_HIT_BY_PREF                                     0         -nan%                0         -nan%
                                                     0         -nan%                0         -nan%
                                                  -nan         -nan              -nan         -nan

PREF_HIT_DEMAND_IFETCH                               0         -nan%                0         -nan%
PREF_HIT_DEMAND_DFETCH                               0         -nan%                0         -nan%
PREF_HIT_DEMAND_DSTORE                               0         -nan%                0         -nan%
PREF_HIT_DEMAND_IPREF                                0         -nan%                0         -nan%
PREF_HIT_DEMAND_DPRF                                 0         -nan%                0         -nan%
PREF_HIT_DEMAND_WB                                   0         -nan%                0         -nan%
                                                     0         -nan%                0         -nan%
                                                  -nan         -nan              -nan         -nan

PREF_L1_FILL                                         0         -nan%                0         -nan%
DEMAND_L1_FILL                                       0         -nan%                0         -nan%
                                                     0         -nan%                0         -nan%
                                                  -nan         -nan              -nan         -nan

TOUCH_L1_REPLACE                                     0        0.000%                0        0.000%
NO_TOUCH_L1_REPLACE                              31993      100.000%            58228      100.000%
                                                 31993      100.000%            58228      100.000%
                                                  1.00         1.00              1.00         1.00

PREF_REQ_QUE_FULL                                    0                              0              

STREAM_REQ_QUEUE_HIT_BY_DEMAND                       0                              0              

L2HIT_STREAM_PREF_REQ_QUE_FULL                       0                              0              

L2HIT_HIT_TRAIN_STREAM                               0         -nan%                0         -nan%
L2HIT_MISS_TRAIN_STREAM                              0         -nan%                0         -nan%
                                                     0         -nan%                0         -nan%
                                                  -nan         -nan              -nan         -nan

L2HIT_STREAM_TRAIN_CREATE                            0                              0              

L2HIT_STREAM_BUFFER_REQ                              0                              0              

L2HIT_STREAM_PREF_DCACHE_HIT                         0         -nan%                0         -nan%
L2HIT_STREAM_PREF_DCACHE_INSERT                      0         -nan%                0         -nan%
L2HIT_STREAM_L2_MISS                                 0         -nan%                0         -nan%
                                                     0         -nan%                0         -nan%
                                                  -nan         -nan              -nan         -nan

L2HIT_STREAM_DCACHE_PORT_FULL                        0                              0              

L2HIT_STREAM_PREF_L1_PORT_FULL                       0                              0              

L2HIT_TRAIN_HIT_DEMAND                               0         -nan%                0         -nan%
L2HIT_TRAIN_MISS_REQ                                 0         -nan%                0         -nan%
                                                     0         -nan%                0         -nan%
                                                  -nan         -nan              -nan         -nan

L2HIT_TRAIN_FILTER_MISS                              0         -nan%                0         -nan%
L2HIT_TRAIN_FILTER_HIT                               0         -nan%                0         -nan%
                                                     0         -nan%                0         -nan%
                                                  -nan         -nan              -nan         -nan

L2HIT_PREF_REQ_DCACHE_HIT                            0         -nan%                0         -nan%
L2HIT_PREF_REQ_DCACHE_MISS                           0         -nan%                0         -nan%
                                                     0         -nan%                0         -nan%
                                                  -nan         -nan              -nan         -nan

L2HIT_L2SEND_Q_FULL                                  0         -nan%                0         -nan%
L2HIT_L2SEND_Q_ENTER                                 0         -nan%                0         -nan%
                                                     0         -nan%                0         -nan%
                                                  -nan         -nan              -nan         -nan

L2HIT_MEM_REQ                                        0                              0              

REMOVE_REDUNDANT_STREAM_STAT                         0                              0              

REPLACE_OLD_STREAM                                 809                           2221              

REQ_SEND_QUEUE_STALL                                 0                              0              

STREAM_ENTER_RA                                      0                              0              

CORE_STREAM_LENGTH_0                                15       11.364%               64       17.631%
CORE_STREAM_LENGTH_10                               39       29.545%              134       36.915%
CORE_STREAM_LENGTH_20                               14       10.606%               39       10.744%
CORE_STREAM_LENGTH_30                                5        3.788%               15        4.132%
CORE_STREAM_LENGTH_40                                5        3.788%               13        3.581%
CORE_STREAM_LENGTH_50                                0        0.000%                2        0.551%
CORE_STREAM_LENGTH_60                                1        0.758%                8        2.204%
CORE_STREAM_LENGTH_70                                2        1.515%                2        0.551%
CORE_STREAM_LENGTH_80                                5        3.788%                7        1.928%
CORE_STREAM_LENGTH_90                                7        5.303%                8        2.204%
CORE_STREAM_LENGTH_100_P                            39       29.545%               71       19.559%
                                                   132      100.000%              363      100.000%
                                                  4.66         4.62              3.36         3.81

CORE_CUM_STREAM_LENGTH_0                           125        0.145%              495        0.346%
CORE_CUM_STREAM_LENGTH_10                          553        0.642%             1827        1.279%
CORE_CUM_STREAM_LENGTH_20                          352        0.409%              939        0.657%
CORE_CUM_STREAM_LENGTH_30                          172        0.200%              511        0.358%
CORE_CUM_STREAM_LENGTH_40                          214        0.249%              560        0.392%
CORE_CUM_STREAM_LENGTH_50                            0        0.000%              102        0.071%
CORE_CUM_STREAM_LENGTH_60                           66        0.077%              514        0.360%
CORE_CUM_STREAM_LENGTH_70                          150        0.174%              150        0.105%
CORE_CUM_STREAM_LENGTH_80                          425        0.494%              586        0.410%
CORE_CUM_STREAM_LENGTH_90                          676        0.785%              775        0.542%
CORE_CUM_STREAM_LENGTH_100_P                     83374       96.826%           136441       95.480%
                                                 86107      100.000%           142900      100.000%
                                                  9.84         9.73              9.71         9.59

CORE_STREAM_TRAIN_HITS_0                            70       53.030%              225       61.983%
CORE_STREAM_TRAIN_HITS_10                           11        8.333%               39       10.744%
CORE_STREAM_TRAIN_HITS_20                            9        6.818%               17        4.683%
CORE_STREAM_TRAIN_HITS_30                            3        2.273%                8        2.204%
CORE_STREAM_TRAIN_HITS_40                            4        3.030%                7        1.928%
CORE_STREAM_TRAIN_HITS_50                            0        0.000%                0        0.000%
CORE_STREAM_TRAIN_HITS_60                            0        0.000%                0        0.000%
CORE_STREAM_TRAIN_HITS_70                            0        0.000%                0        0.000%
CORE_STREAM_TRAIN_HITS_80                            0        0.000%                0        0.000%
CORE_STREAM_TRAIN_HITS_90                            0        0.000%                0        0.000%
CORE_STREAM_TRAIN_HITS_100_P                        35       26.515%               67       18.457%
                                                   132      100.000%              363      100.000%
                                                  3.06         3.98              2.19         3.52

CORE_CUM_STREAM_TRAIN_HITS_0                       441        0.545%             1446        1.076%
CORE_CUM_STREAM_TRAIN_HITS_10                      142        0.176%              466        0.347%
CORE_CUM_STREAM_TRAIN_HITS_20                      227        0.281%              417        0.310%
CORE_CUM_STREAM_TRAIN_HITS_30                       93        0.115%              275        0.205%
CORE_CUM_STREAM_TRAIN_HITS_40                      185        0.229%              315        0.234%
CORE_CUM_STREAM_TRAIN_HITS_50                        0        0.000%                0        0.000%
CORE_CUM_STREAM_TRAIN_HITS_60                        0        0.000%                0        0.000%
CORE_CUM_STREAM_TRAIN_HITS_70                        0        0.000%                0        0.000%
CORE_CUM_STREAM_TRAIN_HITS_80                        0        0.000%                0        0.000%
CORE_CUM_STREAM_TRAIN_HITS_90                        0        0.000%                0        0.000%
CORE_CUM_STREAM_TRAIN_HITS_100_P                 79793       98.655%           131426       97.827%
                                                 80881      100.000%           134345      100.000%
                                                  9.89         9.84              9.81         9.74

CORE_STREAM_TRAIN_CREATE                           809                           2237              



