/* -*- Mode: c -*- */
####################################################################################################
Core 0
####################################################################################################
Cumulative:        Cycles: 12453579              Instructions: 20000000              IPC: 1.60596

Periodic:          Cycles: 6228455               Instructions: 9999996               IPC: 1.60553

EXECUTION_TIME                           1946392187500                  3891743437500              

NODE_CYCLE                                     6228455                       12453579              

NODE_INST_COUNT                                9999996                       20000000              

NODE_INST_COUNT_FETCHED                        9999996                       20000000              

NODE_UOP_COUNT                                14411991                       28823983              

FULL_WINDOW_STALL                              3187943       51.184%          6370291       51.152%

FULL_WINDOW_MEM_OP                              323650       13.234%           646048       13.220%
FULL_WINDOW_FP_OP                              2121861       86.764%          4240929       86.780%
FULL_WINDOW_OTHER_OP                                31        0.001%               35        0.001%
                                               2445542      100.000%          4887012      100.000%
                                                  0.87         0.12              0.87         0.12

RET_BLOCKED_DC_MISS                             116968        1.878%           231684        1.860%

RET_BLOCKED_L1_MISS                               5887        0.095%            15432        0.124%

RET_BLOCKED_L1_MISS_BW_PREF                       1694        0.027%             5125        0.041%

RET_BLOCKED_L1_ACCESS                           111081        1.783%           216260        1.737%

RET_BLOCKED_MEM_STALL                            26642        0.428%            57608        0.463%

RET_BLOCKED_OFFCHIP_DEMAND                           0        0.000%                0        0.000%

OP_ISSUED                                     14411897                       28827242              

OP_RETIRED                                    14411991                       28823983              

REPLAY_SIGNALED                                      0                              0              

REPLAY_COUNTED                                       0                              0              

OFF_CRITICAL_PATH                                    0         -nan%                0         -nan%
ON_CRITICAL_PATH                                     0         -nan%                0         -nan%
                                                     0         -nan%                0         -nan%
                                                  -nan         -nan              -nan         -nan

LD_NO_DEPENDENTS                                     0        0.000%                4        0.000%
LD_DEPENDENTS                                  7821984      100.000%         15643959      100.000%
                                               7821984      100.000%         15643963      100.000%
                                                  1.00         1.00              1.00         1.00

LD_EXEC_CYCLES_0                                     0        0.000%                0        0.000%
LD_EXEC_CYCLES_1                                     0        0.000%                0        0.000%
LD_EXEC_CYCLES_2                                     0        0.000%                0        0.000%
LD_EXEC_CYCLES_3                                 10142       50.101%            20172       49.784%
LD_EXEC_CYCLES_4                                 10101       49.899%            20347       50.216%
                                                 20243      100.000%            40519      100.000%
                                                  3.50         2.52              3.50         2.53

ICACHE_STAGE_STARVED                               155        0.005%             2337        0.038%
ICACHE_STAGE_NOT_STARVED                       3093190       99.995%          6186512       99.962%
                                               3093345      100.000%          6188849      100.000%
                                                  1.00         1.00              1.00         1.00

ICACHE_STAGE_STALLED                           3134965       50.333%          6263257       50.293%
ICACHE_STAGE_NOT_STALLED                       3093345       49.665%          6187761       49.687%
ICACHE_STAGE_OFF_PATH                              145        0.002%             2561        0.021%
                                               6228455      100.000%         12453579      100.000%
                                                  0.50         0.35              0.50         0.36

DECODE_STAGE_STARVED                           6228452      100.000%         12451720       99.999%
DECODE_STAGE_NOT_STARVED                             3        0.000%              147        0.001%
                                               6228455      100.000%         12451867      100.000%
                                                  0.00         0.00              0.00         0.00

DECODE_STAGE_STALLED                                24        0.000%               29        0.000%
DECODE_STAGE_NOT_STALLED                       6228431      100.000%         12451838       99.986%
DECODE_STAGE_OFF_PATH                                0        0.000%             1712        0.014%
                                               6228455      100.000%         12453579      100.000%
                                                  1.00         0.00              1.00         0.02

UOPQ_STAGE_STARVED                                 277        0.009%             2850        0.046%
UOPQ_STAGE_NOT_STARVED                         3093074       99.991%          6185989       99.954%
                                               3093351      100.000%          6188839      100.000%
                                                  1.00         1.00              1.00         1.00

UOPQ_STAGE_STALLED                             3134987       50.333%          6263303       50.293%
UOPQ_STAGE_NOT_STALLED                         3093351       49.665%          6188839       49.695%
UOPQ_STAGE_OFF_PATH                                117        0.002%             1437        0.012%
                                               6228455      100.000%         12453579      100.000%
                                                  0.50         0.35              0.50         0.35

MAP_STAGE_STARVED                                  125        0.002%             1380        0.011%
MAP_STAGE_NOT_STARVED                          6228285       99.998%         12450361       99.989%
                                               6228410      100.000%         12451741      100.000%
                                                  1.00         1.00              1.00         1.00

MAP_STAGE_STALLED                              3135097       50.335%          6263812       50.297%
MAP_STAGE_NOT_STALLED                          3093313       49.664%          6187929       49.688%
MAP_STAGE_OFF_PATH                                  45        0.001%             1838        0.015%
                                               6228455      100.000%         12453579      100.000%
                                                  0.50         0.35              0.50         0.35

EXEC_STAGE_STARVED                             2684113       43.094%          5369143       43.113%
EXEC_STAGE_NOT_STARVED                         3544305       56.905%          7082772       56.873%
EXEC_STAGE_OFF_PATH                                 37        0.001%             1664        0.013%
                                               6228455      100.000%         12453579      100.000%
                                                  0.57         0.33              0.57         0.33

FU_BUSY_0                                      3951886                        7903595              

FU_BUSY_1                                      1955816                        3912227              

FU_BUSY_2                                      4686899                        9365332              

FU_BUSY_3                                      4566499                        9123434              

FU_BUSY_4                                       513455                        1027840              

FU_BUSY_5                                       155578                         311329              

FU_BUSY_6                                       404705                         812640              

FU_BUSY_7                                       388922                         780153              

FU_BUSY_8                                            0                              0              

FU_BUSY_9                                            0                              0              

FU_BUSY_10                                           0                              0              

FU_BUSY_11                                           0                              0              

FU_BUSY_12                                           0                              0              

FU_BUSY_13                                           0                              0              

FU_BUSY_14                                           0                              0              

FU_BUSY_15                                           0                              0              

FU_BUSY_16                                           0                              0              

FU_BUSY_17                                           0                              0              

FU_BUSY_18                                           0                              0              

FU_BUSY_19                                           0                              0              

FU_BUSY_20                                           0                              0              

FU_BUSY_21                                           0                              0              

FU_BUSY_22                                           0                              0              

FU_BUSY_23                                           0                              0              

FU_BUSY_24                                           0                              0              

FU_BUSY_25                                           0                              0              

FU_BUSY_26                                           0                              0              

FU_BUSY_27                                           0                              0              

FU_BUSY_28                                           0                              0              

FU_BUSY_29                                           0                              0              

FU_BUSY_30                                           0                              0              

FU_BUSY_31                                           0                              0              

FU_REJECTED_OP_INV_NOT_SIMD                          0        0.000%                0        0.000%
FU_REJECTED_OP_NOP_NOT_SIMD                       1053        0.051%             2104        0.052%
FU_REJECTED_OP_CF_NOT_SIMD                           0        0.000%                0        0.000%
FU_REJECTED_OP_MOV_NOT_SIMD                      21451        1.047%            43166        1.059%
FU_REJECTED_OP_CMOV_NOT_SIMD                         0        0.000%                0        0.000%
FU_REJECTED_OP_LDA_NOT_SIMD                       9743        0.476%            19644        0.482%
FU_REJECTED_OP_IMEM_NOT_SIMD                    407659       19.903%           809248       19.848%
FU_REJECTED_OP_IADD_NOT_SIMD                     33819        1.651%            69459        1.704%
FU_REJECTED_OP_IMUL_NOT_SIMD                     42691        2.084%            85783        2.104%
FU_REJECTED_OP_IDIV_NOT_SIMD                    200822        9.805%           402422        9.870%
FU_REJECTED_OP_ICMP_NOT_SIMD                    187283        9.144%           373658        9.165%
FU_REJECTED_OP_LOGIC_NOT_SIMD                    13538        0.661%            27188        0.667%
FU_REJECTED_OP_SHIFT_NOT_SIMD                     7935        0.387%            15921        0.390%
FU_REJECTED_OP_FMEM_NOT_SIMD                         0        0.000%                0        0.000%
FU_REJECTED_OP_FCVT_NOT_SIMD                         0        0.000%                0        0.000%
FU_REJECTED_OP_FADD_NOT_SIMD                         0        0.000%                0        0.000%
FU_REJECTED_OP_FMUL_NOT_SIMD                         0        0.000%                0        0.000%
FU_REJECTED_OP_FMA_NOT_SIMD                          0        0.000%                0        0.000%
FU_REJECTED_OP_FDIV_NOT_SIMD                         0        0.000%                0        0.000%
FU_REJECTED_OP_FCMP_NOT_SIMD                         0        0.000%                0        0.000%
FU_REJECTED_OP_FCMOV_NOT_SIMD                        0        0.000%                0        0.000%
FU_REJECTED_OP_GATHER_NOT_SIMD                       0        0.000%                0        0.000%
FU_REJECTED_OP_SCATTER_NOT_SIMD                      0        0.000%                0        0.000%
FU_REJECTED_OP_PIPELINED_FAST_NOT_SIMD               0        0.000%                0        0.000%
FU_REJECTED_OP_PIPELINED_MEDIUM_NOT_SIMD             0        0.000%                0        0.000%
FU_REJECTED_OP_PIPELINED_SLOW_NOT_SIMD               0        0.000%                0        0.000%
FU_REJECTED_OP_NOTPIPELINED_MEDIUM_NOT_SIMD             0        0.000%                0        0.000%
FU_REJECTED_OP_NOTPIPELINED_SLOW_NOT_SIMD             0        0.000%                0        0.000%
FU_REJECTED_OP_NOTPIPELINED_VERY_SLOW_NOT_SIMD             0        0.000%                0        0.000%
FU_REJECTED_OP_INV_SIMD                              0        0.000%                0        0.000%
FU_REJECTED_OP_NOP_SIMD                              0        0.000%                0        0.000%
FU_REJECTED_OP_CF_SIMD                               0        0.000%                0        0.000%
FU_REJECTED_OP_MOV_SIMD                           2905        0.142%             5859        0.144%
FU_REJECTED_OP_CMOV_SIMD                             0        0.000%                0        0.000%
FU_REJECTED_OP_LDA_SIMD                              0        0.000%                0        0.000%
FU_REJECTED_OP_IMEM_SIMD                             0        0.000%                0        0.000%
FU_REJECTED_OP_IADD_SIMD                             0        0.000%                0        0.000%
FU_REJECTED_OP_IMUL_SIMD                             0        0.000%                0        0.000%
FU_REJECTED_OP_IDIV_SIMD                             0        0.000%                0        0.000%
FU_REJECTED_OP_ICMP_SIMD                             0        0.000%                0        0.000%
FU_REJECTED_OP_LOGIC_SIMD                            0        0.000%                0        0.000%
FU_REJECTED_OP_SHIFT_SIMD                         3111        0.152%             6308        0.155%
FU_REJECTED_OP_FMEM_SIMD                             0        0.000%                0        0.000%
FU_REJECTED_OP_FCVT_SIMD                       1014349       49.523%          2015786       49.440%
FU_REJECTED_OP_FADD_SIMD                         17278        0.844%            31658        0.776%
FU_REJECTED_OP_FMUL_SIMD                             0        0.000%                0        0.000%
FU_REJECTED_OP_FMA_SIMD                              0        0.000%                0        0.000%
FU_REJECTED_OP_FDIV_SIMD                             0        0.000%                0        0.000%
FU_REJECTED_OP_FCMP_SIMD                         84583        4.130%           169018        4.145%
FU_REJECTED_OP_FCMOV_SIMD                            0        0.000%                0        0.000%
FU_REJECTED_OP_GATHER_SIMD                           0        0.000%                0        0.000%
FU_REJECTED_OP_SCATTER_SIMD                          0        0.000%                0        0.000%
FU_REJECTED_OP_PIPELINED_FAST_SIMD                   0        0.000%                0        0.000%
FU_REJECTED_OP_PIPELINED_MEDIUM_SIMD                 0        0.000%                0        0.000%
FU_REJECTED_OP_PIPELINED_SLOW_SIMD                   0        0.000%                0        0.000%
FU_REJECTED_OP_NOTPIPELINED_MEDIUM_SIMD              0        0.000%                0        0.000%
FU_REJECTED_OP_NOTPIPELINED_SLOW_SIMD                0        0.000%                0        0.000%
FU_REJECTED_OP_NOTPIPELINED_VERY_SLOW_SIMD             0        0.000%                0        0.000%
                                               2048220      100.000%          4077222      100.000%
                                                 27.20        17.86             27.16        17.87

OP_WAIT_0                                      6349394                       12698113              

OP_WAIT_1                                      2077082                        4156777              

OP_WAIT_2                                      1183495                        2367104              

OP_WAIT_3                                       841329                        1682320              

OP_WAIT_4                                       436177                         872867              

OP_WAIT_5                                       355202                         710193              

OP_WAIT_6                                       313258                         627387              

OP_WAIT_7                                       244608                         488198              

OP_WAIT_8                                       291933                         585681              

OP_WAIT_9                                       262010                         525058              

OP_WAIT_10                                      202309                         405745              

OP_WAIT_11                                      181527                         363353              

OP_WAIT_12                                      180127                         360863              

OP_WAIT_13                                      133752                         266884              

OP_WAIT_14                                      113689                         227312              

OP_WAIT_15                                      126433                         252583              

OP_WAIT_16                                       94399                         188956              

OP_WAIT_17                                      101969                         203573              

OP_WAIT_18                                      100003                         199783              

OP_WAIT_19                                       83878                         167691              

OP_WAIT_20                                       78784                         157461              

OP_WAIT_21                                       53013                         106348              

OP_WAIT_22                                       57111                         114310              

OP_WAIT_23                                       41863                          84182              

OP_WAIT_24                                       31852                          63641              

OP_WAIT_25                                       27982                          55895              

OP_WAIT_26                                       22927                          46078              

OP_WAIT_27                                       19341                          38747              

OP_WAIT_28                                       17081                          34259              

OP_WAIT_29                                       16350                          32491              

OP_WAIT_30                                       16426                          32712              

OP_WAIT_31                                      356687                         707418              

ROW_SIZE_0                                     3388624                        6773794              

ROW_SIZE_1                                       19147                          37894              

ROW_SIZE_2                                      568985                        1137324              

ROW_SIZE_3                                       17054                          33816              

ROW_SIZE_4                                       15339                          30395              

ROW_SIZE_5                                      173480                         347315              

ROW_SIZE_6                                     2045826                        4091973              

ROW_SIZE_7                                           0                              0              

ROW_SIZE_8                                           0                              0              

ROW_SIZE_9                                           0                              0              

ROW_SIZE_10                                          0                              0              

ROW_SIZE_11                                          0                              0              

ROW_SIZE_12                                          0                              0              

ROW_SIZE_13                                          0                              0              

ROW_SIZE_14                                          0                              0              

ROW_SIZE_15                                          0                              0              

ROW_SIZE_16                                          0                              0              

ROW_SIZE_17                                          0                              0              

ROW_SIZE_18                                          0                              0              

ROW_SIZE_19                                          0                              0              

ROW_SIZE_20                                          0                              0              

ROW_SIZE_21                                          0                              0              

ROW_SIZE_22                                          0                              0              

ROW_SIZE_23                                          0                              0              

ROW_SIZE_24                                          0                              0              

ROW_SIZE_25                                          0                              0              

ROW_SIZE_26                                          0                              0              

ROW_SIZE_27                                          0                              0              

ROW_SIZE_28                                          0                              0              

ROW_SIZE_29                                          0                              0              

ROW_SIZE_30                                          0                              0              

ROW_SIZE_31                                          0                              0              

RET_OP_EXEC_COUNT_0                                  0        0.000%                0        0.000%
RET_OP_EXEC_COUNT_1                           14411991      100.000%         28823983      100.000%
RET_OP_EXEC_COUNT_2                                  0        0.000%                0        0.000%
RET_OP_EXEC_COUNT_3                                  0        0.000%                0        0.000%
RET_OP_EXEC_COUNT_4                                  0        0.000%                0        0.000%
RET_OP_EXEC_COUNT_5                                  0        0.000%                0        0.000%
RET_OP_EXEC_COUNT_6                                  0        0.000%                0        0.000%
RET_OP_EXEC_COUNT_7                                  0        0.000%                0        0.000%
RET_OP_EXEC_COUNT_8                                  0        0.000%                0        0.000%
RET_OP_EXEC_COUNT_9                                  0        0.000%                0        0.000%
RET_OP_EXEC_COUNT_10                                 0        0.000%                0        0.000%
RET_OP_EXEC_COUNT_11                                 0        0.000%                0        0.000%
RET_OP_EXEC_COUNT_12                                 0        0.000%                0        0.000%
RET_OP_EXEC_COUNT_13                                 0        0.000%                0        0.000%
RET_OP_EXEC_COUNT_14                                 0        0.000%                0        0.000%
RET_OP_EXEC_COUNT_15                                 0        0.000%                0        0.000%
RET_OP_EXEC_COUNT_16                                 0        0.000%                0        0.000%
RET_OP_EXEC_COUNT_17                                 0        0.000%                0        0.000%
RET_OP_EXEC_COUNT_18                                 0        0.000%                0        0.000%
RET_OP_EXEC_COUNT_19                                 0        0.000%                0        0.000%
RET_OP_EXEC_COUNT_20                                 0        0.000%                0        0.000%
RET_OP_EXEC_COUNT_21                                 0        0.000%                0        0.000%
RET_OP_EXEC_COUNT_22                                 0        0.000%                0        0.000%
RET_OP_EXEC_COUNT_23                                 0        0.000%                0        0.000%
RET_OP_EXEC_COUNT_24                                 0        0.000%                0        0.000%
RET_OP_EXEC_COUNT_25                                 0        0.000%                0        0.000%
RET_OP_EXEC_COUNT_26                                 0        0.000%                0        0.000%
RET_OP_EXEC_COUNT_27                                 0        0.000%                0        0.000%
RET_OP_EXEC_COUNT_28                                 0        0.000%                0        0.000%
RET_OP_EXEC_COUNT_29                                 0        0.000%                0        0.000%
RET_OP_EXEC_COUNT_30                                 0        0.000%                0        0.000%
RET_OP_EXEC_COUNT_31                                 0        0.000%                0        0.000%
RET_OP_EXEC_COUNT_32                                 0        0.000%                0        0.000%
                                              14411991      100.000%         28823983      100.000%
                                                  1.00         0.00              1.00         0.00

RET_STALL_LENGTH_0                            14411757       99.998%         28823474       99.998%
RET_STALL_LENGTH_100                               133        0.001%              290        0.001%
RET_STALL_LENGTH_200                                42        0.000%              103        0.000%
RET_STALL_LENGTH_300                                16        0.000%               31        0.000%
RET_STALL_LENGTH_400                                17        0.000%               33        0.000%
RET_STALL_LENGTH_500                                12        0.000%               28        0.000%
RET_STALL_LENGTH_600                                13        0.000%               22        0.000%
RET_STALL_LENGTH_700                                 0        0.000%                0        0.000%
RET_STALL_LENGTH_800                                 0        0.000%                1        0.000%
RET_STALL_LENGTH_900                                 0        0.000%                0        0.000%
RET_STALL_LENGTH_1000                                0        0.000%                0        0.000%
RET_STALL_LENGTH_1100                                0        0.000%                0        0.000%
RET_STALL_LENGTH_1200                                0        0.000%                0        0.000%
RET_STALL_LENGTH_1300                                0        0.000%                0        0.000%
RET_STALL_LENGTH_1400                                1        0.000%                1        0.000%
RET_STALL_LENGTH_1500                                0        0.000%                0        0.000%
RET_STALL_LENGTH_1600                                0        0.000%                0        0.000%
RET_STALL_LENGTH_1700                                0        0.000%                0        0.000%
RET_STALL_LENGTH_1800                                0        0.000%                0        0.000%
RET_STALL_LENGTH_1900                                0        0.000%                0        0.000%
RET_STALL_LENGTH_2000                                0        0.000%                0        0.000%
RET_STALL_LENGTH_2100                                0        0.000%                0        0.000%
RET_STALL_LENGTH_2200                                0        0.000%                0        0.000%
RET_STALL_LENGTH_2300                                0        0.000%                0        0.000%
RET_STALL_LENGTH_2400                                0        0.000%                0        0.000%
RET_STALL_LENGTH_2500                                0        0.000%                0        0.000%
RET_STALL_LENGTH_2600                                0        0.000%                0        0.000%
RET_STALL_LENGTH_2700                                0        0.000%                0        0.000%
RET_STALL_LENGTH_2800                                0        0.000%                0        0.000%
RET_STALL_LENGTH_2900                                0        0.000%                0        0.000%
RET_STALL_LENGTH_3000                                0        0.000%                0        0.000%
RET_STALL_LENGTH_3100                                0        0.000%                0        0.000%
RET_STALL_LENGTH_3200                                0        0.000%                0        0.000%
RET_STALL_LENGTH_3300                                0        0.000%                0        0.000%
RET_STALL_LENGTH_3400                                0        0.000%                0        0.000%
RET_STALL_LENGTH_3500                                0        0.000%                0        0.000%
RET_STALL_LENGTH_3600                                0        0.000%                0        0.000%
RET_STALL_LENGTH_3700                                0        0.000%                0        0.000%
RET_STALL_LENGTH_3800                                0        0.000%                0        0.000%
RET_STALL_LENGTH_3900                                0        0.000%                0        0.000%
RET_STALL_LENGTH_4000                                0        0.000%                0        0.000%
RET_STALL_LENGTH_4100                                0        0.000%                0        0.000%
RET_STALL_LENGTH_4200                                0        0.000%                0        0.000%
RET_STALL_LENGTH_4300                                0        0.000%                0        0.000%
RET_STALL_LENGTH_4400                                0        0.000%                0        0.000%
RET_STALL_LENGTH_4500                                0        0.000%                0        0.000%
RET_STALL_LENGTH_4600                                0        0.000%                0        0.000%
RET_STALL_LENGTH_4700                                0        0.000%                0        0.000%
RET_STALL_LENGTH_4800                                0        0.000%                0        0.000%
RET_STALL_LENGTH_4900                                0        0.000%                0        0.000%
RET_STALL_LENGTH_5000                                0        0.000%                0        0.000%
                                              14411991      100.000%         28823983      100.000%
                                                  0.00         0.01              0.00         0.01

MEM_BLOCK_LENGTH_0                               18091       91.300%            36657       91.711%
MEM_BLOCK_LENGTH_100                              1252        6.318%             2350        5.879%
MEM_BLOCK_LENGTH_200                               164        0.828%              340        0.851%
MEM_BLOCK_LENGTH_300                               103        0.520%              220        0.550%
MEM_BLOCK_LENGTH_400                                59        0.298%              123        0.308%
MEM_BLOCK_LENGTH_500                                42        0.212%               97        0.243%
MEM_BLOCK_LENGTH_600                                92        0.464%              149        0.373%
MEM_BLOCK_LENGTH_700                                12        0.061%               33        0.083%
MEM_BLOCK_LENGTH_800                                 0        0.000%                1        0.003%
MEM_BLOCK_LENGTH_900                                 0        0.000%                0        0.000%
MEM_BLOCK_LENGTH_1000                                0        0.000%                0        0.000%
MEM_BLOCK_LENGTH_1100                                0        0.000%                0        0.000%
MEM_BLOCK_LENGTH_1200                                0        0.000%                0        0.000%
MEM_BLOCK_LENGTH_1300                                0        0.000%                0        0.000%
MEM_BLOCK_LENGTH_1400                                0        0.000%                0        0.000%
MEM_BLOCK_LENGTH_1500                                0        0.000%                0        0.000%
MEM_BLOCK_LENGTH_1600                                0        0.000%                0        0.000%
MEM_BLOCK_LENGTH_1700                                0        0.000%                0        0.000%
MEM_BLOCK_LENGTH_1800                                0        0.000%                0        0.000%
MEM_BLOCK_LENGTH_1900                                0        0.000%                0        0.000%
MEM_BLOCK_LENGTH_2000                                0        0.000%                0        0.000%
MEM_BLOCK_LENGTH_2100                                0        0.000%                0        0.000%
MEM_BLOCK_LENGTH_2200                                0        0.000%                0        0.000%
MEM_BLOCK_LENGTH_2300                                0        0.000%                0        0.000%
MEM_BLOCK_LENGTH_2400                                0        0.000%                0        0.000%
MEM_BLOCK_LENGTH_2500                                0        0.000%                0        0.000%
MEM_BLOCK_LENGTH_2600                                0        0.000%                0        0.000%
MEM_BLOCK_LENGTH_2700                                0        0.000%                0        0.000%
MEM_BLOCK_LENGTH_2800                                0        0.000%                0        0.000%
MEM_BLOCK_LENGTH_2900                                0        0.000%                0        0.000%
MEM_BLOCK_LENGTH_3000                                0        0.000%                0        0.000%
MEM_BLOCK_LENGTH_3100                                0        0.000%                0        0.000%
MEM_BLOCK_LENGTH_3200                                0        0.000%                0        0.000%
MEM_BLOCK_LENGTH_3300                                0        0.000%                0        0.000%
MEM_BLOCK_LENGTH_3400                                0        0.000%                0        0.000%
MEM_BLOCK_LENGTH_3500                                0        0.000%                0        0.000%
MEM_BLOCK_LENGTH_3600                                0        0.000%                0        0.000%
MEM_BLOCK_LENGTH_3700                                0        0.000%                0        0.000%
MEM_BLOCK_LENGTH_3800                                0        0.000%                0        0.000%
MEM_BLOCK_LENGTH_3900                                0        0.000%                0        0.000%
MEM_BLOCK_LENGTH_4000                                0        0.000%                0        0.000%
MEM_BLOCK_LENGTH_4100                                0        0.000%                0        0.000%
MEM_BLOCK_LENGTH_4200                                0        0.000%                0        0.000%
MEM_BLOCK_LENGTH_4300                                0        0.000%                0        0.000%
MEM_BLOCK_LENGTH_4400                                0        0.000%                0        0.000%
MEM_BLOCK_LENGTH_4500                                0        0.000%                0        0.000%
MEM_BLOCK_LENGTH_4600                                0        0.000%                0        0.000%
MEM_BLOCK_LENGTH_4700                                0        0.000%                0        0.000%
MEM_BLOCK_LENGTH_4800                                0        0.000%                0        0.000%
MEM_BLOCK_LENGTH_4900                                0        0.000%                0        0.000%
MEM_BLOCK_LENGTH_5000                                0        0.000%                0        0.000%
                                                 19815      100.000%            39970      100.000%
                                                  0.15         0.63              0.15         0.62

FUS_BUSY_ON_PATH                              16623624        2.6690         33234423        2.6687

FUS_BUSY_OFF_PATH                                  136        0.0000             2127        0.0002

FU_BUSY_MEM_STALL                              1571730        0.2523          3130243        0.2514

FUS_EMPTY                                     33203880        5.3310         66392082        5.3312

FU_UNAVAILABLE                                  575115        0.0923          1151071        0.0924

FU_MEM_UNAVAILABLE                             1473105        0.2365          2926151        0.2350

FU_REPLAY                                            0        0.0000                0        0.0000

FU_STARVED                                    33203874        5.3310         66391995        5.3312

CHIP_UTILIZATION                                     0        0.0000                0        0.0000

CYCLES_UNDER_MEM_REQ                                 0                              0              

CYCLES_UNDER_NO_MEM_REQ                              0                              0              

CYCLES_UNDER_CRITICAL_MEM_REQ                        0                              0              

CYCLES_UNDER_NONCRITICAL_MEM_REQ                     0                              0              

CHIP_UTILIZATION_UNDER_MEM_REQ                       0          -nan                0          -nan

CHIP_UTILIZATION_UNDER_NO_MEM_REQ                    0          -nan                0          -nan

CHIP_UTILIZATION_UNDER_CRITICAL_MEM_REQ              0          -nan                0          -nan

CHIP_UTILIZATION_UNDER_NONCRITICAL_MEM_REQ             0          -nan                0          -nan

CYCLES_NOT_WAITING_FOR_OFF_CHIP                      0        0.0000                0        0.0000

FUS_BUSY_NOT_WAITING_FOR_OFF_CHIP                    0          -nan                0          -nan

CYCLES_WAITING_FOR_OFF_CHIP                          0        0.0000                0        0.0000

FUS_BUSY_WAITING_FOR_OFF_CHIP                        0          -nan                0          -nan

TOTAL_OFF_CHIP_DELAYS_LEFT                           0                              0              

WRONG_IO_SCHED                                       0                              0              

DVFS_CONFIG_SWITCH                                   0                              0              

MAP_STAGE_RECEIVED_OPS_0                             0        0.000%                0        0.000%
MAP_STAGE_RECEIVED_OPS_1                        351666       11.369%           703337       11.369%
MAP_STAGE_RECEIVED_OPS_2                        451214       14.587%           902448       14.587%
MAP_STAGE_RECEIVED_OPS_3                        100239        3.241%           200476        3.241%
MAP_STAGE_RECEIVED_OPS_4                         99963        3.232%           199942        3.232%
MAP_STAGE_RECEIVED_OPS_5                         83674        2.705%           167452        2.707%
MAP_STAGE_RECEIVED_OPS_6                       2006444       64.866%          4012879       64.865%
MAP_STAGE_RECEIVED_OPS_7                             0        0.000%                0        0.000%
MAP_STAGE_RECEIVED_OPS_8                             0        0.000%                0        0.000%
MAP_STAGE_RECEIVED_OPS_MAX                           0        0.000%                0        0.000%
                                               3093200      100.000%          6186534      100.000%
                                                  4.66         1.96              4.66         1.96

MAP_STAGE_WAIT_FOR_DECODE                            0         -nan%                0         -nan%
MAP_STAGE_CONSUME_DECODE                             0         -nan%                0         -nan%
                                                     0         -nan%                0         -nan%
                                                  -nan         -nan              -nan         -nan

MAP_STAGE_WAIT_FOR_DECODE2                           0         -nan%                0         -nan%
MAP_STAGE_CONSUME_DECODE2                            0         -nan%                0         -nan%
                                                     0         -nan%                0         -nan%
                                                  -nan         -nan              -nan         -nan

FTQ_RECOVER_EXEC                                     2                             29              

FTQ_RECOVER_DECODE                                   0                              1              

FTQ_OFFPATH_CYCLES                                 443                           5968              

FTQ_CYCLES_OFFPATH                                 441                           6614              

FTQ_CYCLES_ONPATH                              6228014                       12446965              

FTQ_FETCHED_INS_OFFPATH                           1198                          19363              

FTQ_FETCHED_INS_ONPATH                        14411228                       28823953              

FTQ_BREAK_FULL_FT_ONPATH                       6227682      100.000%         12446400       99.998%
FTQ_BREAK_MAX_CFS_TAKEN_ONPATH                       6        0.000%               52        0.000%
FTQ_BREAK_MAX_BYTES_ONPATH                          22        0.000%              181        0.001%
FTQ_BREAK_PRED_BR_ONPATH                             0        0.000%                0        0.000%
FTQ_BREAK_BAR_FETCH_ONPATH                           0        0.000%                0        0.000%
                                               6227710      100.000%         12446633      100.000%
                                                  0.00         0.00              0.00         0.01

FTQ_BREAK_FULL_FT_OFFPATH                          443      100.000%             6443       96.975%
FTQ_BREAK_MAX_CFS_TAKEN_OFFPATH                      0        0.000%               10        0.151%
FTQ_BREAK_MAX_BYTES_OFFPATH                          0        0.000%              191        2.875%
FTQ_BREAK_PRED_BR_OFFPATH                            0        0.000%                0        0.000%
FTQ_BREAK_BAR_FETCH_OFFPATH                          0        0.000%                0        0.000%
                                                   443      100.000%             6644      100.000%
                                                  0.00         0.00              0.06         0.33



