               ramulator.active_cycles_0             4507402                                      # Total active cycles for level _0
                 ramulator.busy_cycles_0             4507402                                      # (All-bank refresh only. busy cycles only include refresh time in rank level) The sum of cycles that the DRAM part is active or under refresh for level _0
            ramulator.serving_requests_0            22374600                                      # The sum of read and write requests that are served in this DRAM element per memory cycle for level _0
    ramulator.average_serving_requests_0            4.791039                                      # The average of read and write requests that are served in this DRAM element per memory cycle for level _0
             ramulator.active_cycles_0_0             4507402                                      # Total active cycles for level _0_0
               ramulator.busy_cycles_0_0             4604002                                      # (All-bank refresh only. busy cycles only include refresh time in rank level) The sum of cycles that the DRAM part is active or under refresh for level _0_0
          ramulator.serving_requests_0_0            22374600                                      # The sum of read and write requests that are served in this DRAM element per memory cycle for level _0_0
  ramulator.average_serving_requests_0_0            4.791039                                      # The average of read and write requests that are served in this DRAM element per memory cycle for level _0_0
           ramulator.active_cycles_0_0_0             3076192                                      # Total active cycles for level _0_0_0
             ramulator.busy_cycles_0_0_0             3076192                                      # (All-bank refresh only. busy cycles only include refresh time in rank level) The sum of cycles that the DRAM part is active or under refresh for level _0_0_0
        ramulator.serving_requests_0_0_0             5474262                                      # The sum of read and write requests that are served in this DRAM element per memory cycle for level _0_0_0
ramulator.average_serving_requests_0_0_0            1.172196                                      # The average of read and write requests that are served in this DRAM element per memory cycle for level _0_0_0
         ramulator.active_cycles_0_0_0_0             1146906                                      # Total active cycles for level _0_0_0_0
           ramulator.busy_cycles_0_0_0_0             1146906                                      # (All-bank refresh only. busy cycles only include refresh time in rank level) The sum of cycles that the DRAM part is active or under refresh for level _0_0_0_0
      ramulator.serving_requests_0_0_0_0             1418550                                      # The sum of read and write requests that are served in this DRAM element per memory cycle for level _0_0_0_0
ramulator.average_serving_requests_0_0_0_0            0.303752                                      # The average of read and write requests that are served in this DRAM element per memory cycle for level _0_0_0_0
         ramulator.active_cycles_0_0_0_1             1054485                                      # Total active cycles for level _0_0_0_1
           ramulator.busy_cycles_0_0_0_1             1054485                                      # (All-bank refresh only. busy cycles only include refresh time in rank level) The sum of cycles that the DRAM part is active or under refresh for level _0_0_0_1
      ramulator.serving_requests_0_0_0_1             1320746                                      # The sum of read and write requests that are served in this DRAM element per memory cycle for level _0_0_0_1
ramulator.average_serving_requests_0_0_0_1            0.282809                                      # The average of read and write requests that are served in this DRAM element per memory cycle for level _0_0_0_1
         ramulator.active_cycles_0_0_0_2             1088076                                      # Total active cycles for level _0_0_0_2
           ramulator.busy_cycles_0_0_0_2             1088076                                      # (All-bank refresh only. busy cycles only include refresh time in rank level) The sum of cycles that the DRAM part is active or under refresh for level _0_0_0_2
      ramulator.serving_requests_0_0_0_2             1361969                                      # The sum of read and write requests that are served in this DRAM element per memory cycle for level _0_0_0_2
ramulator.average_serving_requests_0_0_0_2            0.291636                                      # The average of read and write requests that are served in this DRAM element per memory cycle for level _0_0_0_2
         ramulator.active_cycles_0_0_0_3             1090853                                      # Total active cycles for level _0_0_0_3
           ramulator.busy_cycles_0_0_0_3             1090853                                      # (All-bank refresh only. busy cycles only include refresh time in rank level) The sum of cycles that the DRAM part is active or under refresh for level _0_0_0_3
      ramulator.serving_requests_0_0_0_3             1372968                                      # The sum of read and write requests that are served in this DRAM element per memory cycle for level _0_0_0_3
ramulator.average_serving_requests_0_0_0_3            0.293992                                      # The average of read and write requests that are served in this DRAM element per memory cycle for level _0_0_0_3
           ramulator.active_cycles_0_0_1             3051059                                      # Total active cycles for level _0_0_1
             ramulator.busy_cycles_0_0_1             3051059                                      # (All-bank refresh only. busy cycles only include refresh time in rank level) The sum of cycles that the DRAM part is active or under refresh for level _0_0_1
        ramulator.serving_requests_0_0_1             5612203                                      # The sum of read and write requests that are served in this DRAM element per memory cycle for level _0_0_1
ramulator.average_serving_requests_0_0_1            1.201733                                      # The average of read and write requests that are served in this DRAM element per memory cycle for level _0_0_1
         ramulator.active_cycles_0_0_1_0             1128047                                      # Total active cycles for level _0_0_1_0
           ramulator.busy_cycles_0_0_1_0             1128047                                      # (All-bank refresh only. busy cycles only include refresh time in rank level) The sum of cycles that the DRAM part is active or under refresh for level _0_0_1_0
      ramulator.serving_requests_0_0_1_0             1410733                                      # The sum of read and write requests that are served in this DRAM element per memory cycle for level _0_0_1_0
ramulator.average_serving_requests_0_0_1_0            0.302078                                      # The average of read and write requests that are served in this DRAM element per memory cycle for level _0_0_1_0
         ramulator.active_cycles_0_0_1_1             1182615                                      # Total active cycles for level _0_0_1_1
           ramulator.busy_cycles_0_0_1_1             1182615                                      # (All-bank refresh only. busy cycles only include refresh time in rank level) The sum of cycles that the DRAM part is active or under refresh for level _0_0_1_1
      ramulator.serving_requests_0_0_1_1             1506758                                      # The sum of read and write requests that are served in this DRAM element per memory cycle for level _0_0_1_1
ramulator.average_serving_requests_0_0_1_1            0.322640                                      # The average of read and write requests that are served in this DRAM element per memory cycle for level _0_0_1_1
         ramulator.active_cycles_0_0_1_2             1052690                                      # Total active cycles for level _0_0_1_2
           ramulator.busy_cycles_0_0_1_2             1052690                                      # (All-bank refresh only. busy cycles only include refresh time in rank level) The sum of cycles that the DRAM part is active or under refresh for level _0_0_1_2
      ramulator.serving_requests_0_0_1_2             1320343                                      # The sum of read and write requests that are served in this DRAM element per memory cycle for level _0_0_1_2
ramulator.average_serving_requests_0_0_1_2            0.282723                                      # The average of read and write requests that are served in this DRAM element per memory cycle for level _0_0_1_2
         ramulator.active_cycles_0_0_1_3             1098105                                      # Total active cycles for level _0_0_1_3
           ramulator.busy_cycles_0_0_1_3             1098105                                      # (All-bank refresh only. busy cycles only include refresh time in rank level) The sum of cycles that the DRAM part is active or under refresh for level _0_0_1_3
      ramulator.serving_requests_0_0_1_3             1374369                                      # The sum of read and write requests that are served in this DRAM element per memory cycle for level _0_0_1_3
ramulator.average_serving_requests_0_0_1_3            0.294292                                      # The average of read and write requests that are served in this DRAM element per memory cycle for level _0_0_1_3
           ramulator.active_cycles_0_0_2             3122343                                      # Total active cycles for level _0_0_2
             ramulator.busy_cycles_0_0_2             3122343                                      # (All-bank refresh only. busy cycles only include refresh time in rank level) The sum of cycles that the DRAM part is active or under refresh for level _0_0_2
        ramulator.serving_requests_0_0_2             5619312                                      # The sum of read and write requests that are served in this DRAM element per memory cycle for level _0_0_2
ramulator.average_serving_requests_0_0_2            1.203255                                      # The average of read and write requests that are served in this DRAM element per memory cycle for level _0_0_2
         ramulator.active_cycles_0_0_2_0             1125777                                      # Total active cycles for level _0_0_2_0
           ramulator.busy_cycles_0_0_2_0             1125777                                      # (All-bank refresh only. busy cycles only include refresh time in rank level) The sum of cycles that the DRAM part is active or under refresh for level _0_0_2_0
      ramulator.serving_requests_0_0_2_0             1406602                                      # The sum of read and write requests that are served in this DRAM element per memory cycle for level _0_0_2_0
ramulator.average_serving_requests_0_0_2_0            0.301194                                      # The average of read and write requests that are served in this DRAM element per memory cycle for level _0_0_2_0
         ramulator.active_cycles_0_0_2_1             1101930                                      # Total active cycles for level _0_0_2_1
           ramulator.busy_cycles_0_0_2_1             1101930                                      # (All-bank refresh only. busy cycles only include refresh time in rank level) The sum of cycles that the DRAM part is active or under refresh for level _0_0_2_1
      ramulator.serving_requests_0_0_2_1             1365612                                      # The sum of read and write requests that are served in this DRAM element per memory cycle for level _0_0_2_1
ramulator.average_serving_requests_0_0_2_1            0.292416                                      # The average of read and write requests that are served in this DRAM element per memory cycle for level _0_0_2_1
         ramulator.active_cycles_0_0_2_2             1134525                                      # Total active cycles for level _0_0_2_2
           ramulator.busy_cycles_0_0_2_2             1134525                                      # (All-bank refresh only. busy cycles only include refresh time in rank level) The sum of cycles that the DRAM part is active or under refresh for level _0_0_2_2
      ramulator.serving_requests_0_0_2_2             1432150                                      # The sum of read and write requests that are served in this DRAM element per memory cycle for level _0_0_2_2
ramulator.average_serving_requests_0_0_2_2            0.306664                                      # The average of read and write requests that are served in this DRAM element per memory cycle for level _0_0_2_2
         ramulator.active_cycles_0_0_2_3             1134513                                      # Total active cycles for level _0_0_2_3
           ramulator.busy_cycles_0_0_2_3             1134513                                      # (All-bank refresh only. busy cycles only include refresh time in rank level) The sum of cycles that the DRAM part is active or under refresh for level _0_0_2_3
      ramulator.serving_requests_0_0_2_3             1414942                                      # The sum of read and write requests that are served in this DRAM element per memory cycle for level _0_0_2_3
ramulator.average_serving_requests_0_0_2_3            0.302979                                      # The average of read and write requests that are served in this DRAM element per memory cycle for level _0_0_2_3
           ramulator.active_cycles_0_0_3             3130930                                      # Total active cycles for level _0_0_3
             ramulator.busy_cycles_0_0_3             3130930                                      # (All-bank refresh only. busy cycles only include refresh time in rank level) The sum of cycles that the DRAM part is active or under refresh for level _0_0_3
        ramulator.serving_requests_0_0_3             5668795                                      # The sum of read and write requests that are served in this DRAM element per memory cycle for level _0_0_3
ramulator.average_serving_requests_0_0_3            1.213851                                      # The average of read and write requests that are served in this DRAM element per memory cycle for level _0_0_3
         ramulator.active_cycles_0_0_3_0             1108465                                      # Total active cycles for level _0_0_3_0
           ramulator.busy_cycles_0_0_3_0             1108465                                      # (All-bank refresh only. busy cycles only include refresh time in rank level) The sum of cycles that the DRAM part is active or under refresh for level _0_0_3_0
      ramulator.serving_requests_0_0_3_0             1392014                                      # The sum of read and write requests that are served in this DRAM element per memory cycle for level _0_0_3_0
ramulator.average_serving_requests_0_0_3_0            0.298070                                      # The average of read and write requests that are served in this DRAM element per memory cycle for level _0_0_3_0
         ramulator.active_cycles_0_0_3_1             1173318                                      # Total active cycles for level _0_0_3_1
           ramulator.busy_cycles_0_0_3_1             1173318                                      # (All-bank refresh only. busy cycles only include refresh time in rank level) The sum of cycles that the DRAM part is active or under refresh for level _0_0_3_1
      ramulator.serving_requests_0_0_3_1             1491882                                      # The sum of read and write requests that are served in this DRAM element per memory cycle for level _0_0_3_1
ramulator.average_serving_requests_0_0_3_1            0.319454                                      # The average of read and write requests that are served in this DRAM element per memory cycle for level _0_0_3_1
         ramulator.active_cycles_0_0_3_2             1085236                                      # Total active cycles for level _0_0_3_2
           ramulator.busy_cycles_0_0_3_2             1085236                                      # (All-bank refresh only. busy cycles only include refresh time in rank level) The sum of cycles that the DRAM part is active or under refresh for level _0_0_3_2
      ramulator.serving_requests_0_0_3_2             1362605                                      # The sum of read and write requests that are served in this DRAM element per memory cycle for level _0_0_3_2
ramulator.average_serving_requests_0_0_3_2            0.291773                                      # The average of read and write requests that are served in this DRAM element per memory cycle for level _0_0_3_2
         ramulator.active_cycles_0_0_3_3             1133850                                      # Total active cycles for level _0_0_3_3
           ramulator.busy_cycles_0_0_3_3             1133850                                      # (All-bank refresh only. busy cycles only include refresh time in rank level) The sum of cycles that the DRAM part is active or under refresh for level _0_0_3_3
      ramulator.serving_requests_0_0_3_3             1422286                                      # The sum of read and write requests that are served in this DRAM element per memory cycle for level _0_0_3_3
ramulator.average_serving_requests_0_0_3_3            0.304552                                      # The average of read and write requests that are served in this DRAM element per memory cycle for level _0_0_3_3
      ramulator.read_transaction_bytes_0            52154688                                      # The total byte of read transaction per channel
     ramulator.write_transaction_bytes_0             1267840                                      # The total byte of write transaction per channel
       ramulator.row_hits_channel_0_core              678967                                      # Number of row hits per channel per core
     ramulator.row_misses_channel_0_core               20461                                      # Number of row misses per channel per core
  ramulator.row_conflicts_channel_0_core              135299                                      # Number of row conflicts per channel per core
  ramulator.read_row_hits_channel_0_core              660466                                      # Number of row hits for read requests per channel per core
                                     [0]            660466.0                                      # 
ramulator.read_row_misses_channel_0_core               20179                                      # Number of row misses for read requests per channel per core
                                     [0]             20179.0                                      # 
ramulator.read_row_conflicts_channel_0_core              134272                                      # Number of row conflicts for read requests per channel per core
                                     [0]            134272.0                                      # 
 ramulator.write_row_hits_channel_0_core               18501                                      # Number of row hits for write requests per channel per core
                                     [0]             18501.0                                      # 
ramulator.write_row_misses_channel_0_core                 282                                      # Number of row misses for write requests per channel per core
                                     [0]               282.0                                      # 
ramulator.write_row_conflicts_channel_0_core                1027                                      # Number of row conflicts for write requests per channel per core
                                     [0]              1027.0                                      # 
      ramulator.useless_activates_0_core                  38                                      # Number of useless activations. E.g, ACT -> PRE w/o RD or WR
            ramulator.read_latency_avg_0          101.743906                                      # The average memory latency cycles (in memory time domain) per request for all read requests in this channel
            ramulator.read_latency_sum_0            82914263                                      # The memory latency cycles (in memory time domain) sum for all read requests in this channel
        ramulator.req_queue_length_avg_0           31.303184                                      # Average of read and write queue length per memory cycle per channel.
        ramulator.req_queue_length_sum_0           146188780                                      # Sum of read and write queue length per memory cycle per channel.
   ramulator.read_req_queue_length_avg_0           17.169429                                      # Read queue length average per memory cycle per channel.
   ramulator.read_req_queue_length_sum_0            80182832                                      # Read queue length sum per memory cycle per channel.
  ramulator.write_req_queue_length_avg_0           14.133755                                      # Write queue length average per memory cycle per channel.
  ramulator.write_req_queue_length_sum_0            66005948                                      # Write queue length sum per memory cycle per channel.
              ramulator.record_read_hits                 0.0                                      # record read hit count for this core when it reaches request limit or to the end
                                     [0]                 0.0                                      # 
            ramulator.record_read_misses                 0.0                                      # record_read_miss count for this core when it reaches request limit or to the end
                                     [0]                 0.0                                      # 
         ramulator.record_read_conflicts                 0.0                                      # record read conflict count for this core when it reaches request limit or to the end
                                     [0]                 0.0                                      # 
             ramulator.record_write_hits                 0.0                                      # record write hit count for this core when it reaches request limit or to the end
                                     [0]                 0.0                                      # 
           ramulator.record_write_misses                 0.0                                      # record write miss count for this core when it reaches request limit or to the end
                                     [0]                 0.0                                      # 
        ramulator.record_write_conflicts                 0.0                                      # record write conflict for this core when it reaches request limit or to the end
                                     [0]                 0.0                                      # 
                 ramulator.dram_capacity          8589934592                                      # Number of bytes in simulated DRAM
                   ramulator.dram_cycles             4670093                                      # Number of DRAM cycles simulated
             ramulator.incoming_requests              834761                                      # Number of incoming requests to DRAM
                 ramulator.read_requests              814931                                      # Number of incoming read requests to DRAM per core
                                     [0]            814931.0                                      # 
                ramulator.write_requests               19830                                      # Number of incoming write requests to DRAM per core
                                     [0]             19830.0                                      # 
       ramulator.ramulator_active_cycles             4507402                                      # The total number of cycles that the DRAM part is active (serving R/W)
 ramulator.incoming_requests_per_channel            834761.0                                      # Number of incoming requests to each DRAM channel
                                     [0]            834761.0                                      # 
ramulator.incoming_read_reqs_per_channel            814931.0                                      # Number of incoming read requests to each DRAM channel
                                     [0]            814931.0                                      # 
     ramulator.physical_page_replacement                   0                                      # The number of times that physical page replacement happens.
             ramulator.maximum_bandwidth         19200000000                                      # The theoretical maximum bandwidth (Bps)
          ramulator.in_queue_req_num_sum           146188780                                      # Sum of read/write queue length
     ramulator.in_queue_read_req_num_sum            80182832                                      # Sum of read queue length
    ramulator.in_queue_write_req_num_sum            66005948                                      # Sum of write queue length
          ramulator.in_queue_req_num_avg           31.303184                                      # Average of read/write queue length per memory cycle
     ramulator.in_queue_read_req_num_avg           17.169429                                      # Average of read queue length per memory cycle
    ramulator.in_queue_write_req_num_avg           14.133755                                      # Average of write queue length per memory cycle
          ramulator.record_read_requests                 0.0                                      # record read requests for this core when it reaches request limit or to the end
                                     [0]                 0.0                                      # 
         ramulator.record_write_requests                 0.0                                      # record write requests for this core when it reaches request limit or to the end
                                     [0]                 0.0                                      # 
