Scarab gitrev: 3541854
Scarab started at Thu Oct 17 19:59:10 2024

Initialized Ramulator. 
** Heartbeat:   5% -- { 1000005 } -- 0.00 KIPS (166.67 KIPS)
** Heartbeat:  10% -- { 2000010 } -- 166.67 KIPS (166.67 KIPS)
** Heartbeat:  15% -- { 3000013 } -- 111.11 KIPS (142.86 KIPS)
** Heartbeat:  20% -- { 4000015 } -- 100.00 KIPS (129.03 KIPS)
** Heartbeat:  25% -- { 5000019 } -- 100.00 KIPS (121.95 KIPS)
** Heartbeat:  30% -- { 6000020 } -- 111.11 KIPS (120.00 KIPS)
** Heartbeat:  35% -- { 7000022 } -- 83.33 KIPS (112.90 KIPS)
** Heartbeat:  40% -- { 8000024 } -- 90.91 KIPS (109.59 KIPS)
** Heartbeat:  45% -- { 9000027 } -- 125.00 KIPS (111.11 KIPS)
** Heartbeat:  50% -- { 10000028 } -- 111.11 KIPS (111.11 KIPS)
** Heartbeat:  55% -- { 11000028 } -- 100.00 KIPS (110.00 KIPS)
** Heartbeat:  60% -- { 12000031 } -- 66.67 KIPS (104.35 KIPS)
** Heartbeat:  65% -- { 13000031 } -- 125.00 KIPS (105.69 KIPS)
** Heartbeat:  70% -- { 14000031 } -- 142.86 KIPS (107.69 KIPS)
** Heartbeat:  75% -- { 15000036 } -- 100.00 KIPS (107.14 KIPS)
** Heartbeat:  80% -- { 16000041 } -- 166.67 KIPS (109.59 KIPS)
** Heartbeat:  85% -- { 17000041 } -- 142.86 KIPS (111.11 KIPS)
** Heartbeat:  90% -- { 18000041 } -- 142.86 KIPS (112.50 KIPS)
** Heartbeat:  95% -- { 19000041 } -- 200.00 KIPS (115.15 KIPS)
** Core 0 Finished:    insts:20000002    cycles:16012488    time:5003902500000       -- 1.25 IPC (1.25 IPC) --  N/A  KIPS (116.96 KIPS)
Scarab finished at Thu Oct 17 20:02:01 2024

