/* -*- Mode: c -*- */
####################################################################################################
Core 0
####################################################################################################
Cumulative:        Cycles: 20774421              Instructions: 20000000              IPC: 0.96272

Periodic:          Cycles: 10311291              Instructions: 10000000              IPC: 0.96981

ST_OP_INV                                            0        0.000%                0        0.000%
ST_OP_NOP                                       103252        0.263%           535161        0.676%
ST_OP_CF                                       9713055       24.758%         19541781       24.673%
ST_OP_MOV                                        90421        0.230%           154237        0.195%
ST_OP_CMOV                                        2070        0.005%             4028        0.005%
ST_OP_LDA                                        29849        0.076%            53074        0.067%
ST_OP_ILD                                       228768        0.583%           398805        0.504%
ST_OP_IST                                      9653896       24.607%         19446767       24.553%
ST_OP_IADD                                    19246245       49.058%         38782195       48.966%
ST_OP_IMUL                                        1168        0.003%             2052        0.003%
ST_OP_IDIV                                         115        0.000%              232        0.000%
ST_OP_ICMP                                       60072        0.153%           104549        0.132%
ST_OP_LOGIC                                      89190        0.227%           154155        0.195%
ST_OP_SHIFT                                      10294        0.026%            18148        0.023%
ST_OP_FLD                                          980        0.002%             2129        0.003%
ST_OP_FST                                         2160        0.006%             4655        0.006%
ST_OP_FCVT                                           0        0.000%                0        0.000%
ST_OP_FADD                                           0        0.000%                0        0.000%
ST_OP_FMUL                                           0        0.000%                0        0.000%
ST_OP_FMA                                            0        0.000%                0        0.000%
ST_OP_FDIV                                           0        0.000%                0        0.000%
ST_OP_FCMP                                           0        0.000%                0        0.000%
ST_OP_FCMOV                                          0        0.000%                0        0.000%
ST_OP_GATHER                                         0        0.000%                0        0.000%
ST_OP_SCATTER                                        0        0.000%                0        0.000%
ST_OP_PIPELINED_FAST                                14        0.000%               22        0.000%
ST_OP_PIPELINED_MEDIUM                               0        0.000%                0        0.000%
ST_OP_PIPELINED_SLOW                                 0        0.000%                0        0.000%
ST_OP_NOTPIPELINED_MEDIUM                           14        0.000%               24        0.000%
ST_OP_NOTPIPELINED_SLOW                              0        0.000%                0        0.000%
ST_OP_NOTPIPELINED_VERY_SLOW                         0        0.000%                0        0.000%
                                              39231563      100.000%         79202014      100.000%
                                                  6.24         2.52              6.22         2.53

ST_NOT_CF                                     29518508       75.242%         59660233       75.327%
ST_CF_BR                                         12250        0.031%            20158        0.025%
ST_CF_CBR                                      9658298       24.619%         19448765       24.556%
ST_CF_CALL                                       18937        0.048%            32385        0.041%
ST_CF_IBR                                         3069        0.008%             5458        0.007%
ST_CF_ICALL                                        805        0.002%             1361        0.002%
ST_CF_ICO                                            0        0.000%                0        0.000%
ST_CF_RET                                        19696        0.050%            33654        0.042%
ST_CF_SYS                                            0        0.000%                0        0.000%
                                              39231563      100.000%         79202014      100.000%
                                                  0.50         0.76              0.50         0.76

ST_BAR_NONE                                   39231563      100.000%         79202014      100.000%
ST_BAR_FETCH                                         0        0.000%                0        0.000%
ST_BAR_ISSUE                                         0        0.000%                0        0.000%
ST_BAR_BOTH                                          0        0.000%                0        0.000%
                                              39231563      100.000%         79202014      100.000%
                                                  0.00         0.00              0.00         0.00

ST_NOT_MEM                                    29345759       74.801%         59349658       74.935%
ST_MEM_LD                                       229748        0.586%           400934        0.506%
ST_MEM_ST                                      9656056       24.613%         19451422       24.559%
ST_MEM_PF                                            0        0.000%                0        0.000%
ST_MEM_WH                                            0        0.000%                0        0.000%
ST_MEM_EVICT                                         0        0.000%                0        0.000%
                                              39231563      100.000%         79202014      100.000%
                                                  0.50         0.75              0.50         0.75

ST_NOT_MEM_OFFPATH                              381720       69.302%          1227823       77.527%
ST_MEM_LD_OFFPATH                               110889       20.132%           230615       14.561%
ST_MEM_ST_OFFPATH                                58199       10.566%           125299        7.912%
ST_MEM_PF_OFFPATH                                    0        0.000%                0        0.000%
ST_MEM_WH_OFFPATH                                    0        0.000%                0        0.000%
ST_MEM_EVIC_OFFPATHT                                 0        0.000%                0        0.000%
                                                550808      100.000%          1583737      100.000%
                                                  0.41         0.58              0.30         0.55

ST_OP_ONPATH                                  39231563                       79202014              

ST_OP_OFFPATH                                   550808                        1583737              

ST_FAKE_OP_OFFPATH                               74719       13.565%           590132       37.262%
ST_NOT_FAKE_OP_OFFPATH                          476089       86.435%           993605       62.738%
                                                550808      100.000%          1583737      100.000%
                                                  0.86         0.81              0.63         0.58

ST_FAKE_REASON_NOT_FAKE                         476089       86.435%           993605       62.738%
ST_FAKE_REASON_REDIRECT_TO_NOT_INSTRUMENTED         74719       13.565%           590132       37.262%
ST_FAKE_REASON_RETURN_TO_NOT_INSTRUMENTED             0        0.000%                0        0.000%
ST_FAKE_REASON_NONRET_CF_TO_NOT_INSTRUMENTED             0        0.000%                0        0.000%
ST_FAKE_REASON_NOT_TAKEN_TO_NOT_INSTRUMENTED             0        0.000%                0        0.000%
ST_FAKE_REASON_WRONG_PATH_STORE_TO_NEW_REGION             0        0.000%                0        0.000%
                                                550808      100.000%          1583737      100.000%
                                                  0.14         0.32              0.37         0.38

ST_INST_ONPATH                                10402248                       21102085              

ST_INST_OFFPATH                                 445871                        1366545              

STATIC_PIN_NOP                                       0                              0              

DYNAMIC_PIN_REP_GREATER_256                          0                              0              

INST_MAP_UPDATE_JITTED                           23224        0.241%            37284        0.192%
INST_MAP_UPDATE_NPC_INV                              0        0.000%                0        0.000%
INST_MAP_UPDATE_NPC_NOP                              0        0.000%                0        0.000%
INST_MAP_UPDATE_NPC_CF                               0        0.000%                0        0.000%
INST_MAP_UPDATE_NPC_MOV                              0        0.000%                0        0.000%
INST_MAP_UPDATE_NPC_CMOV                             0        0.000%                0        0.000%
INST_MAP_UPDATE_NPC_LDA                              0        0.000%                0        0.000%
INST_MAP_UPDATE_NPC_IMEM                             0        0.000%                0        0.000%
INST_MAP_UPDATE_NPC_IADD                             0        0.000%                0        0.000%
INST_MAP_UPDATE_NPC_IMUL                          1220        0.013%             1864        0.010%
INST_MAP_UPDATE_NPC_IDIV                             0        0.000%                0        0.000%
INST_MAP_UPDATE_NPC_ICMP                             0        0.000%                0        0.000%
INST_MAP_UPDATE_NPC_LOGIC                            0        0.000%                0        0.000%
INST_MAP_UPDATE_NPC_SHIFT                            0        0.000%                0        0.000%
INST_MAP_UPDATE_NPC_FMEM                             0        0.000%                0        0.000%
INST_MAP_UPDATE_NPC_FCVT                             0        0.000%                0        0.000%
INST_MAP_UPDATE_NPC_FADD                             0        0.000%                0        0.000%
INST_MAP_UPDATE_NPC_FMUL                             0        0.000%                0        0.000%
INST_MAP_UPDATE_NPC_FMA                              0        0.000%                0        0.000%
INST_MAP_UPDATE_NPC_FDIV                             0        0.000%                0        0.000%
INST_MAP_UPDATE_NPC_FCMP                             0        0.000%                0        0.000%
INST_MAP_UPDATE_NPC_FCMOV                            0        0.000%                0        0.000%
INST_MAP_UPDATE_NPC_GATHER                           0        0.000%                0        0.000%
INST_MAP_UPDATE_NPC_SCATTER                          0        0.000%                0        0.000%
INST_MAP_UPDATE_NPC_PIPELINED_FAST                   0        0.000%                0        0.000%
INST_MAP_UPDATE_NPC_PIPELINED_MEDIUM                 0        0.000%                0        0.000%
INST_MAP_UPDATE_NPC_PIPELINED_SLOW                   0        0.000%                0        0.000%
INST_MAP_UPDATE_NPC_NOTPIPELINED_MEDIUM              0        0.000%                0        0.000%
INST_MAP_UPDATE_NPC_NOTPIPELINED_SLOW                0        0.000%                0        0.000%
INST_MAP_UPDATE_NPC_NOTPIPELINED_VERY_SLOW             0        0.000%                0        0.000%
INST_MAP_UPDATE_MEM_INV                              0        0.000%                0        0.000%
INST_MAP_UPDATE_MEM_NOP                              0        0.000%                0        0.000%
INST_MAP_UPDATE_MEM_CF                               0        0.000%                0        0.000%
INST_MAP_UPDATE_MEM_MOV                        9577078       99.388%         19305311       99.499%
INST_MAP_UPDATE_MEM_CMOV                             7        0.000%                9        0.000%
INST_MAP_UPDATE_MEM_LDA                              0        0.000%                0        0.000%
INST_MAP_UPDATE_MEM_IMEM                             0        0.000%                0        0.000%
INST_MAP_UPDATE_MEM_IADD                             0        0.000%                0        0.000%
INST_MAP_UPDATE_MEM_IMUL                         26788        0.278%            46468        0.239%
INST_MAP_UPDATE_MEM_IDIV                             0        0.000%                0        0.000%
INST_MAP_UPDATE_MEM_ICMP                             0        0.000%                0        0.000%
INST_MAP_UPDATE_MEM_LOGIC                         6497        0.067%             9506        0.049%
INST_MAP_UPDATE_MEM_SHIFT                          796        0.008%             1330        0.007%
INST_MAP_UPDATE_MEM_FMEM                            84        0.001%              128        0.001%
INST_MAP_UPDATE_MEM_FCVT                             0        0.000%                0        0.000%
INST_MAP_UPDATE_MEM_FADD                             0        0.000%                0        0.000%
INST_MAP_UPDATE_MEM_FMUL                             0        0.000%                0        0.000%
INST_MAP_UPDATE_MEM_FMA                              0        0.000%                0        0.000%
INST_MAP_UPDATE_MEM_FDIV                             0        0.000%                0        0.000%
INST_MAP_UPDATE_MEM_FCMP                             0        0.000%                0        0.000%
INST_MAP_UPDATE_MEM_FCMOV                            0        0.000%                0        0.000%
INST_MAP_UPDATE_MEM_GATHER                           0        0.000%                0        0.000%
INST_MAP_UPDATE_MEM_SCATTER                          0        0.000%                0        0.000%
INST_MAP_UPDATE_MEM_PIPELINED_FAST                   0        0.000%                0        0.000%
INST_MAP_UPDATE_MEM_PIPELINED_MEDIUM                 0        0.000%                0        0.000%
INST_MAP_UPDATE_MEM_PIPELINED_SLOW                 357        0.004%              607        0.003%
INST_MAP_UPDATE_MEM_NOTPIPELINED_MEDIUM              0        0.000%                0        0.000%
INST_MAP_UPDATE_MEM_NOTPIPELINED_SLOW                0        0.000%                0        0.000%
INST_MAP_UPDATE_MEM_NOTPIPELINED_VERY_SLOW             0        0.000%                0        0.000%
                                               9636051      100.000%         19402507      100.000%
                                                 32.94         0.47             32.95         0.41



