Scarab gitrev: 3541854
Scarab started at Mon Oct 21 23:26:11 2024

Initialized Ramulator. 
** Heartbeat:   5% -- { 1000000 } -- 0.00 KIPS (31.25 KIPS)
** Heartbeat:  10% -- { 2000000 } -- 37.04 KIPS (33.90 KIPS)
** Heartbeat:  15% -- { 3000000 } -- 31.25 KIPS (32.97 KIPS)
** Heartbeat:  20% -- { 4000000 } -- 34.48 KIPS (33.33 KIPS)
** Heartbeat:  25% -- { 5000000 } -- 33.33 KIPS (33.33 KIPS)
** Heartbeat:  30% -- { 6000000 } -- 37.04 KIPS (33.90 KIPS)
** Heartbeat:  35% -- { 7000000 } -- 32.26 KIPS (33.65 KIPS)
** Heartbeat:  40% -- { 8000000 } -- 35.71 KIPS (33.90 KIPS)
** Heartbeat:  45% -- { 9000000 } -- 33.33 KIPS (33.83 KIPS)
** Heartbeat:  50% -- { 10000000 } -- 35.71 KIPS (34.01 KIPS)
** Heartbeat:  55% -- { 11000000 } -- 34.48 KIPS (34.06 KIPS)
** Heartbeat:  60% -- { 12000000 } -- 37.04 KIPS (34.29 KIPS)
** Heartbeat:  65% -- { 13000000 } -- 34.48 KIPS (34.30 KIPS)
** Heartbeat:  70% -- { 14000000 } -- 40.00 KIPS (34.65 KIPS)
** Heartbeat:  75% -- { 15000000 } -- 30.30 KIPS (34.32 KIPS)
** Heartbeat:  80% -- { 16000000 } -- 38.46 KIPS (34.56 KIPS)
** Heartbeat:  85% -- { 17000000 } -- 41.67 KIPS (34.91 KIPS)
** Heartbeat:  90% -- { 18000000 } -- 35.71 KIPS (34.95 KIPS)
** Heartbeat:  95% -- { 19000000 } -- 41.67 KIPS (35.25 KIPS)
** Heartbeat: 100% -- { 20000000 } -- 38.46 KIPS (35.40 KIPS)
** Core 0 Finished:    insts:20000000    cycles:20337395    time:6355435937500       -- 0.98 IPC (0.98 IPC) --  N/A  KIPS (35.40 KIPS)
Scarab finished at Mon Oct 21 23:35:36 2024

