/* -*- Mode: c -*- */
####################################################################################################
Core 0
####################################################################################################
Cumulative:        Cycles: 29471172              Instructions: 20000000              IPC: 0.67863

Periodic:          Cycles: 13605788              Instructions: 10000000              IPC: 0.73498

DCACHE_PREF_HIT                                      0                              0              

IFETCH_WB_FIRST_SCHEDULE                             0         -nan%                0         -nan%
PREFETCH_LAST_SCHEDULE                               0         -nan%                0         -nan%
DEMAND_PASS_PREF_SCHEDULE                            0         -nan%                0         -nan%
DEMAND_PASS_LOW_OP_SCHEDULE                          0         -nan%                0         -nan%
DEMAND_LAST_SCHEDULE                                 0         -nan%                0         -nan%
                                                     0         -nan%                0         -nan%
                                                  -nan         -nan              -nan         -nan

SEND_MISS_REQ_QUEUE                             449027                         856392              

L1_DATA_EVICT                                   449030                         823627              

STREAM_BUFFER_REQ                                    0                              0              

PREF_SEND_TO_MEM_REQ                                 0         -nan%                0         -nan%
PREF_SEND_TO_MEM_REQ_FAIL                            0         -nan%                0         -nan%
                                                     0         -nan%                0         -nan%
                                                  -nan         -nan              -nan         -nan

HIT_TRAIN_STREAM                                157575       72.374%           282374       60.776%
MISS_TRAIN_STREAM                                60149       27.626%           182237       39.224%
                                                217724      100.000%           464611      100.000%
                                                  0.28         0.41              0.39         0.45

STREAM_TRAIN_CREATE                              19924                          61515              

MEM_REQ_MISS_HWP_PREF_Q                              0         -nan%                0         -nan%
MEM_REQ_MISS_SW_PREF_Q                               0         -nan%                0         -nan%
MEM_REQ_MISS_IFETCH_Q                                0         -nan%                0         -nan%
MEM_REQ_MISS_DFETCH_Q                                0         -nan%                0         -nan%
MEM_REQ_MISS_DSTORE_Q                                0         -nan%                0         -nan%
MEM_REQ_MISS_DPRF_Q                                  0         -nan%                0         -nan%
MEM_REQ_MISS_WB_Q                                    0         -nan%                0         -nan%
                                                     0         -nan%                0         -nan%
                                                  -nan         -nan              -nan         -nan

PREF_HIT_BY_DEMAND_IFETCH                            0         -nan%                0         -nan%
PREF_HIT_BY_DEMAND_DFETCH                            0         -nan%                0         -nan%
PREF_HIT_BY_DEMAND_DSTORE                            0         -nan%                0         -nan%
PREF_HIT_BY_DEMAND_IPREF                             0         -nan%                0         -nan%
PREF_HIT_BY_DEMAND_DPRF                              0         -nan%                0         -nan%
PREF_HIT_BY_DEMAND_WB                                0         -nan%                0         -nan%
PREF_HIT_BY_PREF                                     0         -nan%                0         -nan%
                                                     0         -nan%                0         -nan%
                                                  -nan         -nan              -nan         -nan

PREF_HIT_DEMAND_IFETCH                               0         -nan%                0         -nan%
PREF_HIT_DEMAND_DFETCH                               0         -nan%                0         -nan%
PREF_HIT_DEMAND_DSTORE                               0         -nan%                0         -nan%
PREF_HIT_DEMAND_IPREF                                0         -nan%                0         -nan%
PREF_HIT_DEMAND_DPRF                                 0         -nan%                0         -nan%
PREF_HIT_DEMAND_WB                                   0         -nan%                0         -nan%
                                                     0         -nan%                0         -nan%
                                                  -nan         -nan              -nan         -nan

PREF_L1_FILL                                         0         -nan%                0         -nan%
DEMAND_L1_FILL                                       0         -nan%                0         -nan%
                                                     0         -nan%                0         -nan%
                                                  -nan         -nan              -nan         -nan

TOUCH_L1_REPLACE                                     0        0.000%                0        0.000%
NO_TOUCH_L1_REPLACE                             449030      100.000%           823627      100.000%
                                                449030      100.000%           823627      100.000%
                                                  1.00         1.00              1.00         1.00

PREF_REQ_QUE_FULL                                    0                              0              

STREAM_REQ_QUEUE_HIT_BY_DEMAND                       0                              0              

L2HIT_STREAM_PREF_REQ_QUE_FULL                       0                              0              

L2HIT_HIT_TRAIN_STREAM                               0         -nan%                0         -nan%
L2HIT_MISS_TRAIN_STREAM                              0         -nan%                0         -nan%
                                                     0         -nan%                0         -nan%
                                                  -nan         -nan              -nan         -nan

L2HIT_STREAM_TRAIN_CREATE                            0                              0              

L2HIT_STREAM_BUFFER_REQ                              0                              0              

L2HIT_STREAM_PREF_DCACHE_HIT                         0         -nan%                0         -nan%
L2HIT_STREAM_PREF_DCACHE_INSERT                      0         -nan%                0         -nan%
L2HIT_STREAM_L2_MISS                                 0         -nan%                0         -nan%
                                                     0         -nan%                0         -nan%
                                                  -nan         -nan              -nan         -nan

L2HIT_STREAM_DCACHE_PORT_FULL                        0                              0              

L2HIT_STREAM_PREF_L1_PORT_FULL                       0                              0              

L2HIT_TRAIN_HIT_DEMAND                               0         -nan%                0         -nan%
L2HIT_TRAIN_MISS_REQ                                 0         -nan%                0         -nan%
                                                     0         -nan%                0         -nan%
                                                  -nan         -nan              -nan         -nan

L2HIT_TRAIN_FILTER_MISS                              0         -nan%                0         -nan%
L2HIT_TRAIN_FILTER_HIT                               0         -nan%                0         -nan%
                                                     0         -nan%                0         -nan%
                                                  -nan         -nan              -nan         -nan

L2HIT_PREF_REQ_DCACHE_HIT                            0         -nan%                0         -nan%
L2HIT_PREF_REQ_DCACHE_MISS                           0         -nan%                0         -nan%
                                                     0         -nan%                0         -nan%
                                                  -nan         -nan              -nan         -nan

L2HIT_L2SEND_Q_FULL                                  0         -nan%                0         -nan%
L2HIT_L2SEND_Q_ENTER                                 0         -nan%                0         -nan%
                                                     0         -nan%                0         -nan%
                                                  -nan         -nan              -nan         -nan

L2HIT_MEM_REQ                                        0                              0              

REMOVE_REDUNDANT_STREAM_STAT                         0                              0              

REPLACE_OLD_STREAM                               19924                          61499              

REQ_SEND_QUEUE_STALL                                 0                              0              

STREAM_ENTER_RA                                      0                              0              

CORE_STREAM_LENGTH_0                              2908       27.107%            13345       43.550%
CORE_STREAM_LENGTH_10                             2482       23.136%             7374       24.064%
CORE_STREAM_LENGTH_20                             1367       12.742%             3349       10.929%
CORE_STREAM_LENGTH_30                              382        3.561%              737        2.405%
CORE_STREAM_LENGTH_40                              583        5.434%              988        3.224%
CORE_STREAM_LENGTH_50                              385        3.589%              686        2.239%
CORE_STREAM_LENGTH_60                              359        3.346%              604        1.971%
CORE_STREAM_LENGTH_70                              331        3.085%              539        1.759%
CORE_STREAM_LENGTH_80                              267        2.489%              425        1.387%
CORE_STREAM_LENGTH_90                              289        2.694%              419        1.367%
CORE_STREAM_LENGTH_100_P                          1375       12.817%             2177        7.104%
                                                 10728      100.000%            30643      100.000%
                                                  3.13         3.31              1.96         2.72

CORE_CUM_STREAM_LENGTH_0                         16569        3.610%            75480        8.776%
CORE_CUM_STREAM_LENGTH_10                        36168        7.881%           107780       12.532%
CORE_CUM_STREAM_LENGTH_20                        32750        7.136%            78396        9.115%
CORE_CUM_STREAM_LENGTH_30                        13015        2.836%            25247        2.935%
CORE_CUM_STREAM_LENGTH_40                        26168        5.702%            44230        5.143%
CORE_CUM_STREAM_LENGTH_50                        21018        4.580%            37403        4.349%
CORE_CUM_STREAM_LENGTH_60                        23150        5.044%            38830        4.515%
CORE_CUM_STREAM_LENGTH_70                        24449        5.327%            39850        4.633%
CORE_CUM_STREAM_LENGTH_80                        22552        4.914%            35936        4.178%
CORE_CUM_STREAM_LENGTH_90                        27310        5.951%            39603        4.605%
CORE_CUM_STREAM_LENGTH_100_P                    215794       47.020%           337305       39.219%
                                                458943      100.000%           860060      100.000%
                                                  7.07         5.81              6.08         5.14

CORE_STREAM_TRAIN_HITS_0                          5555       51.780%            21222       69.256%
CORE_STREAM_TRAIN_HITS_10                         2458       22.912%             4984       16.265%
CORE_STREAM_TRAIN_HITS_20                          791        7.373%             1288        4.203%
CORE_STREAM_TRAIN_HITS_30                          532        4.959%              894        2.917%
CORE_STREAM_TRAIN_HITS_40                          429        3.999%              709        2.314%
CORE_STREAM_TRAIN_HITS_50                          284        2.647%              471        1.537%
CORE_STREAM_TRAIN_HITS_60                          194        1.808%              311        1.015%
CORE_STREAM_TRAIN_HITS_70                          165        1.538%              270        0.881%
CORE_STREAM_TRAIN_HITS_80                          100        0.932%              161        0.525%
CORE_STREAM_TRAIN_HITS_90                           68        0.634%              105        0.343%
CORE_STREAM_TRAIN_HITS_100_P                       152        1.417%              228        0.744%
                                                 10728      100.000%            30643      100.000%
                                                  1.31         1.91              0.77         1.58

CORE_CUM_STREAM_TRAIN_HITS_0                     34518       17.216%           125188       30.915%
CORE_CUM_STREAM_TRAIN_HITS_10                    32732       16.325%            64440       15.913%
CORE_CUM_STREAM_TRAIN_HITS_20                    19417        9.684%            31598        7.803%
CORE_CUM_STREAM_TRAIN_HITS_30                    18234        9.094%            30608        7.559%
CORE_CUM_STREAM_TRAIN_HITS_40                    18930        9.441%            31335        7.738%
CORE_CUM_STREAM_TRAIN_HITS_50                    15382        7.672%            25535        6.306%
CORE_CUM_STREAM_TRAIN_HITS_60                    12533        6.251%            20036        4.948%
CORE_CUM_STREAM_TRAIN_HITS_70                    12203        6.086%            19994        4.937%
CORE_CUM_STREAM_TRAIN_HITS_80                     8420        4.199%            13549        3.346%
CORE_CUM_STREAM_TRAIN_HITS_90                     6405        3.194%             9889        2.442%
CORE_CUM_STREAM_TRAIN_HITS_100_P                 21729       10.837%            32774        8.093%
                                                200503      100.000%           404946      100.000%
                                                  3.90         3.16              3.11         2.92

CORE_STREAM_TRAIN_CREATE                         19924                          61515              



