Scarab gitrev: 3541854
Scarab started at Thu Oct 17 19:13:07 2024

Initialized Ramulator. 
** Heartbeat:   5% -- { 1000000 } -- 0.00 KIPS (83.33 KIPS)
** Heartbeat:  10% -- { 2000000 } -- 58.82 KIPS (68.97 KIPS)
** Heartbeat:  15% -- { 3000000 } -- 83.33 KIPS (73.17 KIPS)
** Heartbeat:  20% -- { 4000000 } -- 83.33 KIPS (75.47 KIPS)
** Heartbeat:  25% -- { 5000000 } -- 62.50 KIPS (72.46 KIPS)
** Heartbeat:  30% -- { 6000000 } -- 52.63 KIPS (68.18 KIPS)
** Heartbeat:  35% -- { 7000000 } -- 40.00 KIPS (61.95 KIPS)
** Heartbeat:  40% -- { 8000000 } -- 55.56 KIPS (61.07 KIPS)
** Heartbeat:  45% -- { 9000000 } -- 62.50 KIPS (61.22 KIPS)
** Heartbeat:  50% -- { 10000000 } -- 83.33 KIPS (62.89 KIPS)
** Heartbeat:  55% -- { 11000000 } -- 45.45 KIPS (60.77 KIPS)
** Heartbeat:  60% -- { 12000000 } -- 76.92 KIPS (61.86 KIPS)
** Heartbeat:  65% -- { 13000000 } -- 76.92 KIPS (62.80 KIPS)
** Heartbeat:  70% -- { 14000000 } -- 76.92 KIPS (63.64 KIPS)
** Heartbeat:  75% -- { 15000000 } -- 83.33 KIPS (64.66 KIPS)
** Heartbeat:  80% -- { 16000000 } -- 45.45 KIPS (62.99 KIPS)
** Heartbeat:  85% -- { 17000000 } -- 76.92 KIPS (63.67 KIPS)
** Heartbeat:  90% -- { 18000000 } -- 58.82 KIPS (63.38 KIPS)
** Heartbeat:  95% -- { 19000000 } -- 71.43 KIPS (63.76 KIPS)
** Heartbeat: 100% -- { 20000000 } -- 37.04 KIPS (61.54 KIPS)
** Core 0 Finished:    insts:20000000    cycles:20338041    time:6355637812500       -- 0.98 IPC (0.98 IPC) --  N/A  KIPS (61.54 KIPS)
Scarab finished at Thu Oct 17 19:18:32 2024

