/* -*- Mode: c -*- */
####################################################################################################
Core 0
####################################################################################################
Cumulative:        Cycles: 4792484               Instructions: 20000000              IPC: 4.17320

Periodic:          Cycles: 2392743               Instructions: 9999998               IPC: 4.17930

EXECUTION_TIME                            747732187500                  1497651250000              

NODE_CYCLE                                     2392743                        4792484              

NODE_INST_COUNT                                9999998                       20000000              

NODE_INST_COUNT_FETCHED                        9999998                       20000000              

NODE_UOP_COUNT                                10021203                       20042575              

FULL_WINDOW_STALL                               347097       14.506%           700219       14.611%

FULL_WINDOW_MEM_OP                              113329       46.502%           221412       45.270%
FULL_WINDOW_FP_OP                               130378       53.498%           267685       54.730%
FULL_WINDOW_OTHER_OP                                 0        0.000%                0        0.000%
                                                243707      100.000%           489097      100.000%
                                                  0.53         0.34              0.55         0.33

RET_BLOCKED_DC_MISS                             199460        8.336%           398390        8.313%

RET_BLOCKED_L1_MISS                              88804        3.711%           159292        3.324%

RET_BLOCKED_L1_MISS_BW_PREF                          0        0.000%                0        0.000%

RET_BLOCKED_L1_ACCESS                           110656        4.625%           239100        4.989%

RET_BLOCKED_MEM_STALL                            88804        3.711%           159292        3.324%

RET_BLOCKED_OFFCHIP_DEMAND                           0        0.000%                0        0.000%

OP_ISSUED                                     10025630                       20053862              

OP_RETIRED                                    10021203                       20042575              

REPLAY_SIGNALED                                      0                              0              

REPLAY_COUNTED                                       0                              0              

OFF_CRITICAL_PATH                                    0         -nan%                0         -nan%
ON_CRITICAL_PATH                                     0         -nan%                0         -nan%
                                                     0         -nan%                0         -nan%
                                                  -nan         -nan              -nan         -nan

LD_NO_DEPENDENTS                                   105        0.005%              209        0.005%
LD_DEPENDENTS                                  2087223       99.995%          4174537       99.995%
                                               2087328      100.000%          4174746      100.000%
                                                  1.00         1.00              1.00         1.00

LD_EXEC_CYCLES_0                                     0        0.000%                0        0.000%
LD_EXEC_CYCLES_1                                     0        0.000%                0        0.000%
LD_EXEC_CYCLES_2                                     0        0.000%                0        0.000%
LD_EXEC_CYCLES_3                                 59883       48.258%           119028       48.087%
LD_EXEC_CYCLES_4                                 64207       51.742%           128497       51.913%
                                                124090      100.000%           247525      100.000%
                                                  3.52         2.58              3.52         2.58

ICACHE_STAGE_STARVED                                95        0.005%             2571        0.062%
ICACHE_STAGE_NOT_STARVED                       2085625       99.995%          4171366       99.938%
                                               2085720      100.000%          4173937      100.000%
                                                  1.00         1.00              1.00         1.00

ICACHE_STAGE_STALLED                            305610       12.772%           615753       12.848%
ICACHE_STAGE_NOT_STALLED                       2085720       87.169%          4172703       87.068%
ICACHE_STAGE_OFF_PATH                             1413        0.059%             4028        0.084%
                                               2392743      100.000%          4792484      100.000%
                                                  0.87         0.12              0.87         0.13

DECODE_STAGE_STARVED                           2392506       99.999%          4790849       99.997%
DECODE_STAGE_NOT_STARVED                            30        0.001%              120        0.003%
                                               2392536      100.000%          4790969      100.000%
                                                  0.00         0.00              0.00         0.01

DECODE_STAGE_STALLED                                 0        0.000%                3        0.000%
DECODE_STAGE_NOT_STALLED                       2392536       99.991%          4790966       99.968%
DECODE_STAGE_OFF_PATH                              207        0.009%             1515        0.032%
                                               2392743      100.000%          4792484      100.000%
                                                  1.00         0.01              1.00         0.03

UOPQ_STAGE_STARVED                                5058        0.242%            11237        0.269%
UOPQ_STAGE_NOT_STARVED                         2080774       99.758%          4162100       99.731%
                                               2085832      100.000%          4173337      100.000%
                                                  1.00         1.00              1.00         1.00

UOPQ_STAGE_STALLED                              305615       12.773%           615760       12.848%
UOPQ_STAGE_NOT_STALLED                         2085832       87.173%          4173337       87.081%
UOPQ_STAGE_OFF_PATH                               1296        0.054%             3387        0.071%
                                               2392743      100.000%          4792484      100.000%
                                                  0.87         0.12              0.87         0.13

MAP_STAGE_STARVED                                  152        0.006%             1626        0.034%
MAP_STAGE_NOT_STARVED                          2391371       99.994%          4787483       99.966%
                                               2391523      100.000%          4789109      100.000%
                                                  1.00         1.00              1.00         1.00

MAP_STAGE_STALLED                               305705       12.776%           616021       12.854%
MAP_STAGE_NOT_STALLED                          2085818       87.173%          4173088       87.076%
MAP_STAGE_OFF_PATH                                1220        0.051%             3375        0.070%
                                               2392743      100.000%          4792484      100.000%
                                                  0.87         0.12              0.87         0.13

EXEC_STAGE_STARVED                              340727       14.240%           696153       14.526%
EXEC_STAGE_NOT_STARVED                         2051495       85.738%          4094951       85.445%
EXEC_STAGE_OFF_PATH                                521        0.022%             1380        0.029%
                                               2392743      100.000%          4792484      100.000%
                                                  0.86         0.13              0.86         0.14

FU_BUSY_0                                      2253596                        4499943              

FU_BUSY_1                                      2151354                        4301831              

FU_BUSY_2                                      1161542                        2321063              

FU_BUSY_3                                       926499                        1854869              

FU_BUSY_4                                      2067794                        4138724              

FU_BUSY_5                                      1460846                        2927617              

FU_BUSY_6                                          509                            992              

FU_BUSY_7                                          599                           1132              

FU_BUSY_8                                            0                              0              

FU_BUSY_9                                            0                              0              

FU_BUSY_10                                           0                              0              

FU_BUSY_11                                           0                              0              

FU_BUSY_12                                           0                              0              

FU_BUSY_13                                           0                              0              

FU_BUSY_14                                           0                              0              

FU_BUSY_15                                           0                              0              

FU_BUSY_16                                           0                              0              

FU_BUSY_17                                           0                              0              

FU_BUSY_18                                           0                              0              

FU_BUSY_19                                           0                              0              

FU_BUSY_20                                           0                              0              

FU_BUSY_21                                           0                              0              

FU_BUSY_22                                           0                              0              

FU_BUSY_23                                           0                              0              

FU_BUSY_24                                           0                              0              

FU_BUSY_25                                           0                              0              

FU_BUSY_26                                           0                              0              

FU_BUSY_27                                           0                              0              

FU_BUSY_28                                           0                              0              

FU_BUSY_29                                           0                              0              

FU_BUSY_30                                           0                              0              

FU_BUSY_31                                           0                              0              

FU_REJECTED_OP_INV_NOT_SIMD                          0        0.000%                0        0.000%
FU_REJECTED_OP_NOP_NOT_SIMD                          0        0.000%                0        0.000%
FU_REJECTED_OP_CF_NOT_SIMD                           0        0.000%                0        0.000%
FU_REJECTED_OP_MOV_NOT_SIMD                          0        0.000%                0        0.000%
FU_REJECTED_OP_CMOV_NOT_SIMD                         0        0.000%                0        0.000%
FU_REJECTED_OP_LDA_NOT_SIMD                          0        0.000%                0        0.000%
FU_REJECTED_OP_IMEM_NOT_SIMD                         0        0.000%                0        0.000%
FU_REJECTED_OP_IADD_NOT_SIMD                         2       50.000%                7       58.333%
FU_REJECTED_OP_IMUL_NOT_SIMD                         0        0.000%                0        0.000%
FU_REJECTED_OP_IDIV_NOT_SIMD                         0        0.000%                0        0.000%
FU_REJECTED_OP_ICMP_NOT_SIMD                         0        0.000%                0        0.000%
FU_REJECTED_OP_LOGIC_NOT_SIMD                        0        0.000%                0        0.000%
FU_REJECTED_OP_SHIFT_NOT_SIMD                        0        0.000%                0        0.000%
FU_REJECTED_OP_FMEM_NOT_SIMD                         0        0.000%                0        0.000%
FU_REJECTED_OP_FCVT_NOT_SIMD                         0        0.000%                0        0.000%
FU_REJECTED_OP_FADD_NOT_SIMD                         0        0.000%                0        0.000%
FU_REJECTED_OP_FMUL_NOT_SIMD                         0        0.000%                0        0.000%
FU_REJECTED_OP_FMA_NOT_SIMD                          0        0.000%                0        0.000%
FU_REJECTED_OP_FDIV_NOT_SIMD                         0        0.000%                0        0.000%
FU_REJECTED_OP_FCMP_NOT_SIMD                         0        0.000%                0        0.000%
FU_REJECTED_OP_FCMOV_NOT_SIMD                        0        0.000%                0        0.000%
FU_REJECTED_OP_GATHER_NOT_SIMD                       0        0.000%                0        0.000%
FU_REJECTED_OP_SCATTER_NOT_SIMD                      0        0.000%                0        0.000%
FU_REJECTED_OP_PIPELINED_FAST_NOT_SIMD               0        0.000%                0        0.000%
FU_REJECTED_OP_PIPELINED_MEDIUM_NOT_SIMD             0        0.000%                0        0.000%
FU_REJECTED_OP_PIPELINED_SLOW_NOT_SIMD               0        0.000%                0        0.000%
FU_REJECTED_OP_NOTPIPELINED_MEDIUM_NOT_SIMD             0        0.000%                0        0.000%
FU_REJECTED_OP_NOTPIPELINED_SLOW_NOT_SIMD             0        0.000%                0        0.000%
FU_REJECTED_OP_NOTPIPELINED_VERY_SLOW_NOT_SIMD             0        0.000%                0        0.000%
FU_REJECTED_OP_INV_SIMD                              0        0.000%                0        0.000%
FU_REJECTED_OP_NOP_SIMD                              0        0.000%                0        0.000%
FU_REJECTED_OP_CF_SIMD                               0        0.000%                0        0.000%
FU_REJECTED_OP_MOV_SIMD                              0        0.000%                0        0.000%
FU_REJECTED_OP_CMOV_SIMD                             0        0.000%                0        0.000%
FU_REJECTED_OP_LDA_SIMD                              0        0.000%                0        0.000%
FU_REJECTED_OP_IMEM_SIMD                             0        0.000%                0        0.000%
FU_REJECTED_OP_IADD_SIMD                             0        0.000%                0        0.000%
FU_REJECTED_OP_IMUL_SIMD                             0        0.000%                0        0.000%
FU_REJECTED_OP_IDIV_SIMD                             0        0.000%                0        0.000%
FU_REJECTED_OP_ICMP_SIMD                             0        0.000%                0        0.000%
FU_REJECTED_OP_LOGIC_SIMD                            2       50.000%                2       16.667%
FU_REJECTED_OP_SHIFT_SIMD                            0        0.000%                1        8.333%
FU_REJECTED_OP_FMEM_SIMD                             0        0.000%                0        0.000%
FU_REJECTED_OP_FCVT_SIMD                             0        0.000%                0        0.000%
FU_REJECTED_OP_FADD_SIMD                             0        0.000%                0        0.000%
FU_REJECTED_OP_FMUL_SIMD                             0        0.000%                1        8.333%
FU_REJECTED_OP_FMA_SIMD                              0        0.000%                1        8.333%
FU_REJECTED_OP_FDIV_SIMD                             0        0.000%                0        0.000%
FU_REJECTED_OP_FCMP_SIMD                             0        0.000%                0        0.000%
FU_REJECTED_OP_FCMOV_SIMD                            0        0.000%                0        0.000%
FU_REJECTED_OP_GATHER_SIMD                           0        0.000%                0        0.000%
FU_REJECTED_OP_SCATTER_SIMD                          0        0.000%                0        0.000%
FU_REJECTED_OP_PIPELINED_FAST_SIMD                   0        0.000%                0        0.000%
FU_REJECTED_OP_PIPELINED_MEDIUM_SIMD                 0        0.000%                0        0.000%
FU_REJECTED_OP_PIPELINED_SLOW_SIMD                   0        0.000%                0        0.000%
FU_REJECTED_OP_NOTPIPELINED_MEDIUM_SIMD              0        0.000%                0        0.000%
FU_REJECTED_OP_NOTPIPELINED_SLOW_SIMD                0        0.000%                0        0.000%
FU_REJECTED_OP_NOTPIPELINED_VERY_SLOW_SIMD             0        0.000%                0        0.000%
                                                     4      100.000%               12      100.000%
                                                 23.50        19.05             21.75        18.31

OP_WAIT_0                                      5186868                       10361492              

OP_WAIT_1                                      1492460                        2982045              

OP_WAIT_2                                       938504                        1879412              

OP_WAIT_3                                       523310                        1047730              

OP_WAIT_4                                       373439                         746874              

OP_WAIT_5                                       313436                         626893              

OP_WAIT_6                                       280159                         564430              

OP_WAIT_7                                       259740                         523950              

OP_WAIT_8                                       134624                         271260              

OP_WAIT_9                                       116309                         231584              

OP_WAIT_10                                      101113                         201179              

OP_WAIT_11                                       56629                         114149              

OP_WAIT_12                                       61333                         122676              

OP_WAIT_13                                       48505                          98358              

OP_WAIT_14                                       30383                          60833              

OP_WAIT_15                                       13848                          27328              

OP_WAIT_16                                       22802                          44948              

OP_WAIT_17                                        8184                          16197              

OP_WAIT_18                                        5033                          10600              

OP_WAIT_19                                         532                           1195              

OP_WAIT_20                                        1791                           3453              

OP_WAIT_21                                         772                           1492              

OP_WAIT_22                                        1228                           1894              

OP_WAIT_23                                         838                           1404              

OP_WAIT_24                                         821                           1266              

OP_WAIT_25                                         377                            562              

OP_WAIT_26                                         461                            866              

OP_WAIT_27                                         477                            842              

OP_WAIT_28                                         328                            533              

OP_WAIT_29                                         276                            431              

OP_WAIT_30                                         704                           1337              

OP_WAIT_31                                       45919                          95362              

ROW_SIZE_0                                      537887                        1080096              

ROW_SIZE_1                                      155801                         312853              

ROW_SIZE_2                                       30742                          62484              

ROW_SIZE_3                                        3347                           6389              

ROW_SIZE_4                                       49192                          98402              

ROW_SIZE_5                                       97199                         196091              

ROW_SIZE_6                                     1518519                        3035254              

ROW_SIZE_7                                           0                              0              

ROW_SIZE_8                                           0                              0              

ROW_SIZE_9                                           0                              0              

ROW_SIZE_10                                          0                              0              

ROW_SIZE_11                                          0                              0              

ROW_SIZE_12                                          0                              0              

ROW_SIZE_13                                          0                              0              

ROW_SIZE_14                                          0                              0              

ROW_SIZE_15                                          0                              0              

ROW_SIZE_16                                          0                              0              

ROW_SIZE_17                                          0                              0              

ROW_SIZE_18                                          0                              0              

ROW_SIZE_19                                          0                              0              

ROW_SIZE_20                                          0                              0              

ROW_SIZE_21                                          0                              0              

ROW_SIZE_22                                          0                              0              

ROW_SIZE_23                                          0                              0              

ROW_SIZE_24                                          0                              0              

ROW_SIZE_25                                          0                              0              

ROW_SIZE_26                                          0                              0              

ROW_SIZE_27                                          0                              0              

ROW_SIZE_28                                          0                              0              

ROW_SIZE_29                                          0                              0              

ROW_SIZE_30                                          0                              0              

ROW_SIZE_31                                          0                              0              

RET_OP_EXEC_COUNT_0                                  0        0.000%                0        0.000%
RET_OP_EXEC_COUNT_1                           10021203      100.000%         20042575      100.000%
RET_OP_EXEC_COUNT_2                                  0        0.000%                0        0.000%
RET_OP_EXEC_COUNT_3                                  0        0.000%                0        0.000%
RET_OP_EXEC_COUNT_4                                  0        0.000%                0        0.000%
RET_OP_EXEC_COUNT_5                                  0        0.000%                0        0.000%
RET_OP_EXEC_COUNT_6                                  0        0.000%                0        0.000%
RET_OP_EXEC_COUNT_7                                  0        0.000%                0        0.000%
RET_OP_EXEC_COUNT_8                                  0        0.000%                0        0.000%
RET_OP_EXEC_COUNT_9                                  0        0.000%                0        0.000%
RET_OP_EXEC_COUNT_10                                 0        0.000%                0        0.000%
RET_OP_EXEC_COUNT_11                                 0        0.000%                0        0.000%
RET_OP_EXEC_COUNT_12                                 0        0.000%                0        0.000%
RET_OP_EXEC_COUNT_13                                 0        0.000%                0        0.000%
RET_OP_EXEC_COUNT_14                                 0        0.000%                0        0.000%
RET_OP_EXEC_COUNT_15                                 0        0.000%                0        0.000%
RET_OP_EXEC_COUNT_16                                 0        0.000%                0        0.000%
RET_OP_EXEC_COUNT_17                                 0        0.000%                0        0.000%
RET_OP_EXEC_COUNT_18                                 0        0.000%                0        0.000%
RET_OP_EXEC_COUNT_19                                 0        0.000%                0        0.000%
RET_OP_EXEC_COUNT_20                                 0        0.000%                0        0.000%
RET_OP_EXEC_COUNT_21                                 0        0.000%                0        0.000%
RET_OP_EXEC_COUNT_22                                 0        0.000%                0        0.000%
RET_OP_EXEC_COUNT_23                                 0        0.000%                0        0.000%
RET_OP_EXEC_COUNT_24                                 0        0.000%                0        0.000%
RET_OP_EXEC_COUNT_25                                 0        0.000%                0        0.000%
RET_OP_EXEC_COUNT_26                                 0        0.000%                0        0.000%
RET_OP_EXEC_COUNT_27                                 0        0.000%                0        0.000%
RET_OP_EXEC_COUNT_28                                 0        0.000%                0        0.000%
RET_OP_EXEC_COUNT_29                                 0        0.000%                0        0.000%
RET_OP_EXEC_COUNT_30                                 0        0.000%                0        0.000%
RET_OP_EXEC_COUNT_31                                 0        0.000%                0        0.000%
RET_OP_EXEC_COUNT_32                                 0        0.000%                0        0.000%
                                              10021203      100.000%         20042575      100.000%
                                                  1.00         0.00              1.00         0.00

RET_STALL_LENGTH_0                            10020449       99.992%         20041419       99.994%
RET_STALL_LENGTH_100                               732        0.007%             1101        0.005%
RET_STALL_LENGTH_200                                 5        0.000%               20        0.000%
RET_STALL_LENGTH_300                                 7        0.000%               13        0.000%
RET_STALL_LENGTH_400                                 2        0.000%                5        0.000%
RET_STALL_LENGTH_500                                 6        0.000%               12        0.000%
RET_STALL_LENGTH_600                                 2        0.000%                3        0.000%
RET_STALL_LENGTH_700                                 0        0.000%                0        0.000%
RET_STALL_LENGTH_800                                 0        0.000%                0        0.000%
RET_STALL_LENGTH_900                                 0        0.000%                0        0.000%
RET_STALL_LENGTH_1000                                0        0.000%                0        0.000%
RET_STALL_LENGTH_1100                                0        0.000%                0        0.000%
RET_STALL_LENGTH_1200                                0        0.000%                2        0.000%
RET_STALL_LENGTH_1300                                0        0.000%                0        0.000%
RET_STALL_LENGTH_1400                                0        0.000%                0        0.000%
RET_STALL_LENGTH_1500                                0        0.000%                0        0.000%
RET_STALL_LENGTH_1600                                0        0.000%                0        0.000%
RET_STALL_LENGTH_1700                                0        0.000%                0        0.000%
RET_STALL_LENGTH_1800                                0        0.000%                0        0.000%
RET_STALL_LENGTH_1900                                0        0.000%                0        0.000%
RET_STALL_LENGTH_2000                                0        0.000%                0        0.000%
RET_STALL_LENGTH_2100                                0        0.000%                0        0.000%
RET_STALL_LENGTH_2200                                0        0.000%                0        0.000%
RET_STALL_LENGTH_2300                                0        0.000%                0        0.000%
RET_STALL_LENGTH_2400                                0        0.000%                0        0.000%
RET_STALL_LENGTH_2500                                0        0.000%                0        0.000%
RET_STALL_LENGTH_2600                                0        0.000%                0        0.000%
RET_STALL_LENGTH_2700                                0        0.000%                0        0.000%
RET_STALL_LENGTH_2800                                0        0.000%                0        0.000%
RET_STALL_LENGTH_2900                                0        0.000%                0        0.000%
RET_STALL_LENGTH_3000                                0        0.000%                0        0.000%
RET_STALL_LENGTH_3100                                0        0.000%                0        0.000%
RET_STALL_LENGTH_3200                                0        0.000%                0        0.000%
RET_STALL_LENGTH_3300                                0        0.000%                0        0.000%
RET_STALL_LENGTH_3400                                0        0.000%                0        0.000%
RET_STALL_LENGTH_3500                                0        0.000%                0        0.000%
RET_STALL_LENGTH_3600                                0        0.000%                0        0.000%
RET_STALL_LENGTH_3700                                0        0.000%                0        0.000%
RET_STALL_LENGTH_3800                                0        0.000%                0        0.000%
RET_STALL_LENGTH_3900                                0        0.000%                0        0.000%
RET_STALL_LENGTH_4000                                0        0.000%                0        0.000%
RET_STALL_LENGTH_4100                                0        0.000%                0        0.000%
RET_STALL_LENGTH_4200                                0        0.000%                0        0.000%
RET_STALL_LENGTH_4300                                0        0.000%                0        0.000%
RET_STALL_LENGTH_4400                                0        0.000%                0        0.000%
RET_STALL_LENGTH_4500                                0        0.000%                0        0.000%
RET_STALL_LENGTH_4600                                0        0.000%                0        0.000%
RET_STALL_LENGTH_4700                                0        0.000%                0        0.000%
RET_STALL_LENGTH_4800                                0        0.000%                0        0.000%
RET_STALL_LENGTH_4900                                0        0.000%                0        0.000%
RET_STALL_LENGTH_5000                                0        0.000%                0        0.000%
                                              10021203      100.000%         20042575      100.000%
                                                  0.00         0.01              0.00         0.01

MEM_BLOCK_LENGTH_0                                   0         -nan%                0         -nan%
MEM_BLOCK_LENGTH_100                                 0         -nan%                0         -nan%
MEM_BLOCK_LENGTH_200                                 0         -nan%                0         -nan%
MEM_BLOCK_LENGTH_300                                 0         -nan%                0         -nan%
MEM_BLOCK_LENGTH_400                                 0         -nan%                0         -nan%
MEM_BLOCK_LENGTH_500                                 0         -nan%                0         -nan%
MEM_BLOCK_LENGTH_600                                 0         -nan%                0         -nan%
MEM_BLOCK_LENGTH_700                                 0         -nan%                0         -nan%
MEM_BLOCK_LENGTH_800                                 0         -nan%                0         -nan%
MEM_BLOCK_LENGTH_900                                 0         -nan%                0         -nan%
MEM_BLOCK_LENGTH_1000                                0         -nan%                0         -nan%
MEM_BLOCK_LENGTH_1100                                0         -nan%                0         -nan%
MEM_BLOCK_LENGTH_1200                                0         -nan%                0         -nan%
MEM_BLOCK_LENGTH_1300                                0         -nan%                0         -nan%
MEM_BLOCK_LENGTH_1400                                0         -nan%                0         -nan%
MEM_BLOCK_LENGTH_1500                                0         -nan%                0         -nan%
MEM_BLOCK_LENGTH_1600                                0         -nan%                0         -nan%
MEM_BLOCK_LENGTH_1700                                0         -nan%                0         -nan%
MEM_BLOCK_LENGTH_1800                                0         -nan%                0         -nan%
MEM_BLOCK_LENGTH_1900                                0         -nan%                0         -nan%
MEM_BLOCK_LENGTH_2000                                0         -nan%                0         -nan%
MEM_BLOCK_LENGTH_2100                                0         -nan%                0         -nan%
MEM_BLOCK_LENGTH_2200                                0         -nan%                0         -nan%
MEM_BLOCK_LENGTH_2300                                0         -nan%                0         -nan%
MEM_BLOCK_LENGTH_2400                                0         -nan%                0         -nan%
MEM_BLOCK_LENGTH_2500                                0         -nan%                0         -nan%
MEM_BLOCK_LENGTH_2600                                0         -nan%                0         -nan%
MEM_BLOCK_LENGTH_2700                                0         -nan%                0         -nan%
MEM_BLOCK_LENGTH_2800                                0         -nan%                0         -nan%
MEM_BLOCK_LENGTH_2900                                0         -nan%                0         -nan%
MEM_BLOCK_LENGTH_3000                                0         -nan%                0         -nan%
MEM_BLOCK_LENGTH_3100                                0         -nan%                0         -nan%
MEM_BLOCK_LENGTH_3200                                0         -nan%                0         -nan%
MEM_BLOCK_LENGTH_3300                                0         -nan%                0         -nan%
MEM_BLOCK_LENGTH_3400                                0         -nan%                0         -nan%
MEM_BLOCK_LENGTH_3500                                0         -nan%                0         -nan%
MEM_BLOCK_LENGTH_3600                                0         -nan%                0         -nan%
MEM_BLOCK_LENGTH_3700                                0         -nan%                0         -nan%
MEM_BLOCK_LENGTH_3800                                0         -nan%                0         -nan%
MEM_BLOCK_LENGTH_3900                                0         -nan%                0         -nan%
MEM_BLOCK_LENGTH_4000                                0         -nan%                0         -nan%
MEM_BLOCK_LENGTH_4100                                0         -nan%                0         -nan%
MEM_BLOCK_LENGTH_4200                                0         -nan%                0         -nan%
MEM_BLOCK_LENGTH_4300                                0         -nan%                0         -nan%
MEM_BLOCK_LENGTH_4400                                0         -nan%                0         -nan%
MEM_BLOCK_LENGTH_4500                                0         -nan%                0         -nan%
MEM_BLOCK_LENGTH_4600                                0         -nan%                0         -nan%
MEM_BLOCK_LENGTH_4700                                0         -nan%                0         -nan%
MEM_BLOCK_LENGTH_4800                                0         -nan%                0         -nan%
MEM_BLOCK_LENGTH_4900                                0         -nan%                0         -nan%
MEM_BLOCK_LENGTH_5000                                0         -nan%                0         -nan%
                                                     0         -nan%                0         -nan%
                                                  -nan         -nan              -nan         -nan

FUS_BUSY_ON_PATH                              10021174        4.1882         20042626        4.1821

FUS_BUSY_OFF_PATH                                 1565        0.0007             3545        0.0007

FU_BUSY_MEM_STALL                                   48        0.0000               73        0.0000

FUS_EMPTY                                      9119205        3.8112         18293701        3.8172

FU_UNAVAILABLE                                       2        0.0000                5        0.0000

FU_MEM_UNAVAILABLE                                   2        0.0000                7        0.0000

FU_REPLAY                                            0        0.0000                0        0.0000

FU_STARVED                                     9119104        3.8112         18293482        3.8171

CHIP_UTILIZATION                                     0        0.0000                0        0.0000

CYCLES_UNDER_MEM_REQ                                 0                              0              

CYCLES_UNDER_NO_MEM_REQ                              0                              0              

CYCLES_UNDER_CRITICAL_MEM_REQ                        0                              0              

CYCLES_UNDER_NONCRITICAL_MEM_REQ                     0                              0              

CHIP_UTILIZATION_UNDER_MEM_REQ                       0          -nan                0          -nan

CHIP_UTILIZATION_UNDER_NO_MEM_REQ                    0          -nan                0          -nan

CHIP_UTILIZATION_UNDER_CRITICAL_MEM_REQ              0          -nan                0          -nan

CHIP_UTILIZATION_UNDER_NONCRITICAL_MEM_REQ             0          -nan                0          -nan

CYCLES_NOT_WAITING_FOR_OFF_CHIP                      0        0.0000                0        0.0000

FUS_BUSY_NOT_WAITING_FOR_OFF_CHIP                    0          -nan                0          -nan

CYCLES_WAITING_FOR_OFF_CHIP                          0        0.0000                0        0.0000

FUS_BUSY_WAITING_FOR_OFF_CHIP                        0          -nan                0          -nan

TOTAL_OFF_CHIP_DELAYS_LEFT                           0                              0              

WRONG_IO_SCHED                                       0                              0              

DVFS_CONFIG_SWITCH                                   0                              0              

MAP_STAGE_RECEIVED_OPS_0                             0        0.000%                0        0.000%
MAP_STAGE_RECEIVED_OPS_1                           164        0.008%              281        0.007%
MAP_STAGE_RECEIVED_OPS_2                          6923        0.332%            13797        0.331%
MAP_STAGE_RECEIVED_OPS_3                        818982       39.268%          1637985       39.267%
MAP_STAGE_RECEIVED_OPS_4                           338        0.016%              733        0.018%
MAP_STAGE_RECEIVED_OPS_5                          6916        0.332%            13908        0.333%
MAP_STAGE_RECEIVED_OPS_6                       1252320       60.045%          2504696       60.044%
MAP_STAGE_RECEIVED_OPS_7                             0        0.000%                0        0.000%
MAP_STAGE_RECEIVED_OPS_8                             0        0.000%                0        0.000%
MAP_STAGE_RECEIVED_OPS_MAX                           0        0.000%                0        0.000%
                                               2085643      100.000%          4171400      100.000%
                                                  4.80         1.47              4.80         1.47

MAP_STAGE_WAIT_FOR_DECODE                            0         -nan%                0         -nan%
MAP_STAGE_CONSUME_DECODE                             0         -nan%                0         -nan%
                                                     0         -nan%                0         -nan%
                                                  -nan         -nan              -nan         -nan

MAP_STAGE_WAIT_FOR_DECODE2                           0         -nan%                0         -nan%
MAP_STAGE_CONSUME_DECODE2                            0         -nan%                0         -nan%
                                                     0         -nan%                0         -nan%
                                                  -nan         -nan              -nan         -nan

FTQ_RECOVER_EXEC                                    23                             62              

FTQ_RECOVER_DECODE                                   0                              0              

FTQ_OFFPATH_CYCLES                                2559                           8805              

FTQ_CYCLES_OFFPATH                                2639                           9100              

FTQ_CYCLES_ONPATH                              2390104                        4783384              

FTQ_FETCHED_INS_OFFPATH                          12216                          37686              

FTQ_FETCHED_INS_ONPATH                        10020416                       20042513              

FTQ_BREAK_FULL_FT_ONPATH                       2389666       99.990%          4782597       99.989%
FTQ_BREAK_MAX_CFS_TAKEN_ONPATH                      62        0.003%              136        0.003%
FTQ_BREAK_MAX_BYTES_ONPATH                         170        0.007%              406        0.008%
FTQ_BREAK_PRED_BR_ONPATH                             0        0.000%                0        0.000%
FTQ_BREAK_BAR_FETCH_ONPATH                           0        0.000%                0        0.000%
                                               2389898      100.000%          4783139      100.000%
                                                  0.00         0.02              0.00         0.02

FTQ_BREAK_FULL_FT_OFFPATH                         2562       96.243%             8767       95.689%
FTQ_BREAK_MAX_CFS_TAKEN_OFFPATH                     51        1.916%               98        1.070%
FTQ_BREAK_MAX_BYTES_OFFPATH                         49        1.841%              297        3.242%
FTQ_BREAK_PRED_BR_OFFPATH                            0        0.000%                0        0.000%
FTQ_BREAK_BAR_FETCH_OFFPATH                          0        0.000%                0        0.000%
                                                  2662      100.000%             9162      100.000%
                                                  0.06         0.29              0.08         0.36



