/* -*- Mode: c -*- */
####################################################################################################
Core 0
####################################################################################################
Cumulative:        Cycles: 20475829              Instructions: 20000000              IPC: 0.97676

Periodic:          Cycles: 10284947              Instructions: 10000000              IPC: 0.97229

ST_OP_INV                                            0        0.000%                0        0.000%
ST_OP_NOP                                       100622        0.736%           458938        1.657%
ST_OP_CF                                       1669082       12.212%          3370389       12.168%
ST_OP_MOV                                      1185091        8.671%          2376664        8.580%
ST_OP_CMOV                                       31754        0.232%            63623        0.230%
ST_OP_LDA                                       213850        1.565%           430869        1.556%
ST_OP_ILD                                       812626        5.946%          1645649        5.941%
ST_OP_IST                                       229555        1.680%           471318        1.702%
ST_OP_IADD                                      847043        6.197%          1722668        6.219%
ST_OP_IMUL                                         566        0.004%              895        0.003%
ST_OP_IDIV                                           0        0.000%                0        0.000%
ST_OP_ICMP                                     1187065        8.685%          2397739        8.657%
ST_OP_LOGIC                                     362512        2.652%           730102        2.636%
ST_OP_SHIFT                                     199233        1.458%           397477        1.435%
ST_OP_FLD                                      2754098       20.151%          5511474       19.898%
ST_OP_FST                                      1059708        7.753%          2127438        7.681%
ST_OP_FCVT                                      189756        1.388%           376472        1.359%
ST_OP_FADD                                      651582        4.767%          1299948        4.693%
ST_OP_FMUL                                      846795        6.196%          1685223        6.084%
ST_OP_FMA                                       633437        4.635%          1259772        4.548%
ST_OP_FDIV                                      405250        2.965%           801953        2.895%
ST_OP_FCMP                                      287939        2.107%           570001        2.058%
ST_OP_FCMOV                                          0        0.000%                0        0.000%
ST_OP_GATHER                                         0        0.000%                0        0.000%
ST_OP_SCATTER                                        0        0.000%                0        0.000%
ST_OP_PIPELINED_FAST                                 6        0.000%                9        0.000%
ST_OP_PIPELINED_MEDIUM                               0        0.000%                0        0.000%
ST_OP_PIPELINED_SLOW                                 0        0.000%                0        0.000%
ST_OP_NOTPIPELINED_MEDIUM                            0        0.000%                0        0.000%
ST_OP_NOTPIPELINED_SLOW                              0        0.000%                0        0.000%
ST_OP_NOTPIPELINED_VERY_SLOW                         0        0.000%                0        0.000%
                                              13667570      100.000%         27698621      100.000%
                                                 11.08         5.91             10.96         5.95

ST_NOT_CF                                     11998488       87.788%         24328232       87.832%
ST_CF_BR                                        100242        0.733%           202809        0.732%
ST_CF_CBR                                      1309903        9.584%          2650967        9.571%
ST_CF_CALL                                       86325        0.632%           172409        0.622%
ST_CF_IBR                                        85391        0.625%           170019        0.614%
ST_CF_ICALL                                          0        0.000%                0        0.000%
ST_CF_ICO                                            0        0.000%                0        0.000%
ST_CF_RET                                        87221        0.638%           174185        0.629%
ST_CF_SYS                                            0        0.000%                0        0.000%
                                              13667570      100.000%         27698621      100.000%
                                                  0.29         0.84              0.29         0.84

ST_BAR_NONE                                   13667570      100.000%         27698621      100.000%
ST_BAR_FETCH                                         0        0.000%                0        0.000%
ST_BAR_ISSUE                                         0        0.000%                0        0.000%
ST_BAR_BOTH                                          0        0.000%                0        0.000%
                                              13667570      100.000%         27698621      100.000%
                                                  0.00         0.00              0.00         0.00

ST_NOT_MEM                                     8811583       64.471%         17942742       64.778%
ST_MEM_LD                                      3566724       26.096%          7157123       25.839%
ST_MEM_ST                                      1289263        9.433%          2598756        9.382%
ST_MEM_PF                                            0        0.000%                0        0.000%
ST_MEM_WH                                            0        0.000%                0        0.000%
ST_MEM_EVICT                                         0        0.000%                0        0.000%
                                              13667570      100.000%         27698621      100.000%
                                                  0.45         0.55              0.45         0.55

ST_NOT_MEM_OFFPATH                              749866       68.353%          1609302       69.177%
ST_MEM_LD_OFFPATH                               229657       20.934%           475504       20.440%
ST_MEM_ST_OFFPATH                               117532       10.713%           241547       10.383%
ST_MEM_PF_OFFPATH                                    0        0.000%                0        0.000%
ST_MEM_WH_OFFPATH                                    0        0.000%                0        0.000%
ST_MEM_EVIC_OFFPATHT                                 0        0.000%                0        0.000%
                                               1097055      100.000%          2326353      100.000%
                                                  0.42         0.58              0.41         0.58

ST_OP_ONPATH                                  13667570                       27698621              

ST_OP_OFFPATH                                  1097055                        2326353              

ST_FAKE_OP_OFFPATH                                 243        0.022%            85917        3.693%
ST_NOT_FAKE_OP_OFFPATH                         1096812       99.978%          2240436       96.307%
                                               1097055      100.000%          2326353      100.000%
                                                  1.00         1.00              0.96         0.95

ST_FAKE_REASON_NOT_FAKE                        1096812       99.978%          2240436       96.307%
ST_FAKE_REASON_REDIRECT_TO_NOT_INSTRUMENTED           243        0.022%            85917        3.693%
ST_FAKE_REASON_RETURN_TO_NOT_INSTRUMENTED             0        0.000%                0        0.000%
ST_FAKE_REASON_NONRET_CF_TO_NOT_INSTRUMENTED             0        0.000%                0        0.000%
ST_FAKE_REASON_NOT_TAKEN_TO_NOT_INSTRUMENTED             0        0.000%                0        0.000%
ST_FAKE_REASON_WRONG_PATH_STORE_TO_NEW_REGION             0        0.000%                0        0.000%
                                               1097055      100.000%          2326353      100.000%
                                                  0.00         0.01              0.04         0.19

ST_INST_ONPATH                                12081207                       24521052              

ST_INST_OFFPATH                                1013011                        2148324              

STATIC_PIN_NOP                                       0                              0              

DYNAMIC_PIN_REP_GREATER_256                          0                              0              

INST_MAP_UPDATE_JITTED                          247512       10.742%           495031       10.727%
INST_MAP_UPDATE_NPC_INV                              0        0.000%                0        0.000%
INST_MAP_UPDATE_NPC_NOP                              0        0.000%                0        0.000%
INST_MAP_UPDATE_NPC_CF                               0        0.000%                0        0.000%
INST_MAP_UPDATE_NPC_MOV                              0        0.000%                0        0.000%
INST_MAP_UPDATE_NPC_CMOV                             0        0.000%                0        0.000%
INST_MAP_UPDATE_NPC_LDA                              0        0.000%                0        0.000%
INST_MAP_UPDATE_NPC_IMEM                             0        0.000%                0        0.000%
INST_MAP_UPDATE_NPC_IADD                             0        0.000%                0        0.000%
INST_MAP_UPDATE_NPC_IMUL                          1428        0.062%             2804        0.061%
INST_MAP_UPDATE_NPC_IDIV                             0        0.000%                0        0.000%
INST_MAP_UPDATE_NPC_ICMP                             0        0.000%                0        0.000%
INST_MAP_UPDATE_NPC_LOGIC                            0        0.000%                0        0.000%
INST_MAP_UPDATE_NPC_SHIFT                            0        0.000%                0        0.000%
INST_MAP_UPDATE_NPC_FMEM                             0        0.000%                0        0.000%
INST_MAP_UPDATE_NPC_FCVT                             0        0.000%                0        0.000%
INST_MAP_UPDATE_NPC_FADD                             0        0.000%                0        0.000%
INST_MAP_UPDATE_NPC_FMUL                             0        0.000%                0        0.000%
INST_MAP_UPDATE_NPC_FMA                              0        0.000%                0        0.000%
INST_MAP_UPDATE_NPC_FDIV                             0        0.000%                0        0.000%
INST_MAP_UPDATE_NPC_FCMP                             0        0.000%                0        0.000%
INST_MAP_UPDATE_NPC_FCMOV                            0        0.000%                0        0.000%
INST_MAP_UPDATE_NPC_GATHER                           0        0.000%                0        0.000%
INST_MAP_UPDATE_NPC_SCATTER                          0        0.000%                0        0.000%
INST_MAP_UPDATE_NPC_PIPELINED_FAST                   0        0.000%                0        0.000%
INST_MAP_UPDATE_NPC_PIPELINED_MEDIUM                 0        0.000%                0        0.000%
INST_MAP_UPDATE_NPC_PIPELINED_SLOW                   0        0.000%                0        0.000%
INST_MAP_UPDATE_NPC_NOTPIPELINED_MEDIUM              0        0.000%                0        0.000%
INST_MAP_UPDATE_NPC_NOTPIPELINED_SLOW                0        0.000%                0        0.000%
INST_MAP_UPDATE_NPC_NOTPIPELINED_VERY_SLOW             0        0.000%                0        0.000%
INST_MAP_UPDATE_MEM_INV                              0        0.000%                0        0.000%
INST_MAP_UPDATE_MEM_NOP                              0        0.000%                0        0.000%
INST_MAP_UPDATE_MEM_CF                               0        0.000%                0        0.000%
INST_MAP_UPDATE_MEM_MOV                        1658815       71.991%          3325256       72.056%
INST_MAP_UPDATE_MEM_CMOV                             0        0.000%                0        0.000%
INST_MAP_UPDATE_MEM_LDA                              0        0.000%                0        0.000%
INST_MAP_UPDATE_MEM_IMEM                             0        0.000%                0        0.000%
INST_MAP_UPDATE_MEM_IADD                             0        0.000%                0        0.000%
INST_MAP_UPDATE_MEM_IMUL                         42518        1.845%            83988        1.820%
INST_MAP_UPDATE_MEM_IDIV                             0        0.000%                0        0.000%
INST_MAP_UPDATE_MEM_ICMP                             0        0.000%                0        0.000%
INST_MAP_UPDATE_MEM_LOGIC                        12372        0.537%            24747        0.536%
INST_MAP_UPDATE_MEM_SHIFT                          335        0.015%              671        0.015%
INST_MAP_UPDATE_MEM_FMEM                             0        0.000%                0        0.000%
INST_MAP_UPDATE_MEM_FCVT                             0        0.000%                0        0.000%
INST_MAP_UPDATE_MEM_FADD                             0        0.000%                0        0.000%
INST_MAP_UPDATE_MEM_FMUL                           357        0.015%              610        0.013%
INST_MAP_UPDATE_MEM_FMA                         100917        4.380%           204298        4.427%
INST_MAP_UPDATE_MEM_FDIV                         87561        3.800%           171643        3.719%
INST_MAP_UPDATE_MEM_FCMP                         51114        2.218%           102283        2.216%
INST_MAP_UPDATE_MEM_FCMOV                        71265        3.093%           143596        3.112%
INST_MAP_UPDATE_MEM_GATHER                       29279        1.271%            58487        1.267%
INST_MAP_UPDATE_MEM_SCATTER                          0        0.000%                0        0.000%
INST_MAP_UPDATE_MEM_PIPELINED_FAST                   0        0.000%                0        0.000%
INST_MAP_UPDATE_MEM_PIPELINED_MEDIUM                 0        0.000%                0        0.000%
INST_MAP_UPDATE_MEM_PIPELINED_SLOW                 715        0.031%             1422        0.031%
INST_MAP_UPDATE_MEM_NOTPIPELINED_MEDIUM              0        0.000%                0        0.000%
INST_MAP_UPDATE_MEM_NOTPIPELINED_SLOW                0        0.000%                0        0.000%
INST_MAP_UPDATE_MEM_NOTPIPELINED_VERY_SLOW             0        0.000%                0        0.000%
                                               2304188      100.000%          4614836      100.000%
                                                 31.88         6.62             31.88         6.61



