/* -*- Mode: c -*- */
####################################################################################################
Core 0
####################################################################################################
Cumulative:        Cycles: 20475829              Instructions: 20000000              IPC: 0.97676

Periodic:          Cycles: 10284947              Instructions: 10000000              IPC: 0.97229

DCACHE_PREF_HIT                                      0                              0              

IFETCH_WB_FIRST_SCHEDULE                             0         -nan%                0         -nan%
PREFETCH_LAST_SCHEDULE                               0         -nan%                0         -nan%
DEMAND_PASS_PREF_SCHEDULE                            0         -nan%                0         -nan%
DEMAND_PASS_LOW_OP_SCHEDULE                          0         -nan%                0         -nan%
DEMAND_LAST_SCHEDULE                                 0         -nan%                0         -nan%
                                                     0         -nan%                0         -nan%
                                                  -nan         -nan              -nan         -nan

SEND_MISS_REQ_QUEUE                               2999                          15356              

L1_DATA_EVICT                                        0                              0              

STREAM_BUFFER_REQ                                    0                              0              

PREF_SEND_TO_MEM_REQ                                 0         -nan%                0         -nan%
PREF_SEND_TO_MEM_REQ_FAIL                            0         -nan%                0         -nan%
                                                     0         -nan%                0         -nan%
                                                  -nan         -nan              -nan         -nan

HIT_TRAIN_STREAM                                  2486       93.388%            11076       85.536%
MISS_TRAIN_STREAM                                  176        6.612%             1873       14.464%
                                                  2662      100.000%            12949      100.000%
                                                  0.07         0.24              0.14         0.33

STREAM_TRAIN_CREATE                                 49                            950              

MEM_REQ_MISS_HWP_PREF_Q                              0         -nan%                0         -nan%
MEM_REQ_MISS_SW_PREF_Q                               0         -nan%                0         -nan%
MEM_REQ_MISS_IFETCH_Q                                0         -nan%                0         -nan%
MEM_REQ_MISS_DFETCH_Q                                0         -nan%                0         -nan%
MEM_REQ_MISS_DSTORE_Q                                0         -nan%                0         -nan%
MEM_REQ_MISS_DPRF_Q                                  0         -nan%                0         -nan%
MEM_REQ_MISS_WB_Q                                    0         -nan%                0         -nan%
                                                     0         -nan%                0         -nan%
                                                  -nan         -nan              -nan         -nan

PREF_HIT_BY_DEMAND_IFETCH                            0         -nan%                0         -nan%
PREF_HIT_BY_DEMAND_DFETCH                            0         -nan%                0         -nan%
PREF_HIT_BY_DEMAND_DSTORE                            0         -nan%                0         -nan%
PREF_HIT_BY_DEMAND_IPREF                             0         -nan%                0         -nan%
PREF_HIT_BY_DEMAND_DPRF                              0         -nan%                0         -nan%
PREF_HIT_BY_DEMAND_WB                                0         -nan%                0         -nan%
PREF_HIT_BY_PREF                                     0         -nan%                0         -nan%
                                                     0         -nan%                0         -nan%
                                                  -nan         -nan              -nan         -nan

PREF_HIT_DEMAND_IFETCH                               0         -nan%                0         -nan%
PREF_HIT_DEMAND_DFETCH                               0         -nan%                0         -nan%
PREF_HIT_DEMAND_DSTORE                               0         -nan%                0         -nan%
PREF_HIT_DEMAND_IPREF                                0         -nan%                0         -nan%
PREF_HIT_DEMAND_DPRF                                 0         -nan%                0         -nan%
PREF_HIT_DEMAND_WB                                   0         -nan%                0         -nan%
                                                     0         -nan%                0         -nan%
                                                  -nan         -nan              -nan         -nan

PREF_L1_FILL                                         0         -nan%                0         -nan%
DEMAND_L1_FILL                                       0         -nan%                0         -nan%
                                                     0         -nan%                0         -nan%
                                                  -nan         -nan              -nan         -nan

TOUCH_L1_REPLACE                                     0         -nan%                0         -nan%
NO_TOUCH_L1_REPLACE                                  0         -nan%                0         -nan%
                                                     0         -nan%                0         -nan%
                                                  -nan         -nan              -nan         -nan

PREF_REQ_QUE_FULL                                    0                              0              

STREAM_REQ_QUEUE_HIT_BY_DEMAND                       0                              0              

L2HIT_STREAM_PREF_REQ_QUE_FULL                       0                              0              

L2HIT_HIT_TRAIN_STREAM                               0         -nan%                0         -nan%
L2HIT_MISS_TRAIN_STREAM                              0         -nan%                0         -nan%
                                                     0         -nan%                0         -nan%
                                                  -nan         -nan              -nan         -nan

L2HIT_STREAM_TRAIN_CREATE                            0                              0              

L2HIT_STREAM_BUFFER_REQ                              0                              0              

L2HIT_STREAM_PREF_DCACHE_HIT                         0         -nan%                0         -nan%
L2HIT_STREAM_PREF_DCACHE_INSERT                      0         -nan%                0         -nan%
L2HIT_STREAM_L2_MISS                                 0         -nan%                0         -nan%
                                                     0         -nan%                0         -nan%
                                                  -nan         -nan              -nan         -nan

L2HIT_STREAM_DCACHE_PORT_FULL                        0                              0              

L2HIT_STREAM_PREF_L1_PORT_FULL                       0                              0              

L2HIT_TRAIN_HIT_DEMAND                               0         -nan%                0         -nan%
L2HIT_TRAIN_MISS_REQ                                 0         -nan%                0         -nan%
                                                     0         -nan%                0         -nan%
                                                  -nan         -nan              -nan         -nan

L2HIT_TRAIN_FILTER_MISS                              0         -nan%                0         -nan%
L2HIT_TRAIN_FILTER_HIT                               0         -nan%                0         -nan%
                                                     0         -nan%                0         -nan%
                                                  -nan         -nan              -nan         -nan

L2HIT_PREF_REQ_DCACHE_HIT                            0         -nan%                0         -nan%
L2HIT_PREF_REQ_DCACHE_MISS                           0         -nan%                0         -nan%
                                                     0         -nan%                0         -nan%
                                                  -nan         -nan              -nan         -nan

L2HIT_L2SEND_Q_FULL                                  0         -nan%                0         -nan%
L2HIT_L2SEND_Q_ENTER                                 0         -nan%                0         -nan%
                                                     0         -nan%                0         -nan%
                                                  -nan         -nan              -nan         -nan

L2HIT_MEM_REQ                                        0                              0              

REMOVE_REDUNDANT_STREAM_STAT                         0                              0              

REPLACE_OLD_STREAM                                  49                            934              

REQ_SEND_QUEUE_STALL                                 0                              0              

STREAM_ENTER_RA                                      0                              0              

CORE_STREAM_LENGTH_0                                 9       17.647%               32       16.080%
CORE_STREAM_LENGTH_10                                8       15.686%               46       23.116%
CORE_STREAM_LENGTH_20                                5        9.804%               16        8.040%
CORE_STREAM_LENGTH_30                                1        1.961%                5        2.513%
CORE_STREAM_LENGTH_40                                1        1.961%                3        1.508%
CORE_STREAM_LENGTH_50                                1        1.961%                6        3.015%
CORE_STREAM_LENGTH_60                                1        1.961%                4        2.010%
CORE_STREAM_LENGTH_70                                0        0.000%                3        1.508%
CORE_STREAM_LENGTH_80                                0        0.000%                3        1.508%
CORE_STREAM_LENGTH_90                                0        0.000%                2        1.005%
CORE_STREAM_LENGTH_100_P                            25       49.020%               79       39.698%
                                                    51      100.000%              199      100.000%
                                                  5.61         5.50              5.09         5.01

CORE_CUM_STREAM_LENGTH_0                            55        1.261%              210        1.389%
CORE_CUM_STREAM_LENGTH_10                          105        2.408%              645        4.266%
CORE_CUM_STREAM_LENGTH_20                          106        2.431%              368        2.434%
CORE_CUM_STREAM_LENGTH_30                           38        0.872%              164        1.085%
CORE_CUM_STREAM_LENGTH_40                           40        0.917%              132        0.873%
CORE_CUM_STREAM_LENGTH_50                           58        1.330%              326        2.156%
CORE_CUM_STREAM_LENGTH_60                           63        1.445%              249        1.647%
CORE_CUM_STREAM_LENGTH_70                            0        0.000%              221        1.462%
CORE_CUM_STREAM_LENGTH_80                            0        0.000%              255        1.686%
CORE_CUM_STREAM_LENGTH_90                            0        0.000%              193        1.276%
CORE_CUM_STREAM_LENGTH_100_P                      3895       89.335%            12358       81.727%
                                                  4360      100.000%            15121      100.000%
                                                  9.22         8.97              8.89         8.40

CORE_STREAM_TRAIN_HITS_0                            22       43.137%               86       43.216%
CORE_STREAM_TRAIN_HITS_10                            1        1.961%               13        6.533%
CORE_STREAM_TRAIN_HITS_20                            2        3.922%                8        4.020%
CORE_STREAM_TRAIN_HITS_30                            1        1.961%                2        1.005%
CORE_STREAM_TRAIN_HITS_40                            0        0.000%                4        2.010%
CORE_STREAM_TRAIN_HITS_50                            0        0.000%                4        2.010%
CORE_STREAM_TRAIN_HITS_60                            1        1.961%                4        2.010%
CORE_STREAM_TRAIN_HITS_70                            2        3.922%                6        3.015%
CORE_STREAM_TRAIN_HITS_80                            0        0.000%                6        3.015%
CORE_STREAM_TRAIN_HITS_90                            0        0.000%                0        0.000%
CORE_STREAM_TRAIN_HITS_100_P                        22       43.137%               66       33.166%
                                                    51      100.000%              199      100.000%
                                                  4.86         4.79              4.25         4.32

CORE_CUM_STREAM_TRAIN_HITS_0                       124        3.520%              494        4.161%
CORE_CUM_STREAM_TRAIN_HITS_10                       17        0.483%              158        1.331%
CORE_CUM_STREAM_TRAIN_HITS_20                       48        1.362%              217        1.828%
CORE_CUM_STREAM_TRAIN_HITS_30                       36        1.022%               67        0.564%
CORE_CUM_STREAM_TRAIN_HITS_40                        0        0.000%              173        1.457%
CORE_CUM_STREAM_TRAIN_HITS_50                        0        0.000%              219        1.845%
CORE_CUM_STREAM_TRAIN_HITS_60                       67        1.902%              250        2.106%
CORE_CUM_STREAM_TRAIN_HITS_70                      155        4.400%              465        3.917%
CORE_CUM_STREAM_TRAIN_HITS_80                        0        0.000%              497        4.186%
CORE_CUM_STREAM_TRAIN_HITS_90                        0        0.000%                0        0.000%
CORE_CUM_STREAM_TRAIN_HITS_100_P                  3076       87.312%             9332       78.605%
                                                  3523      100.000%            11872      100.000%
                                                  9.22         8.75              8.81         8.06

CORE_STREAM_TRAIN_CREATE                            49                            950              



