Scarab gitrev: 3541854
Scarab started at Thu Oct 17 19:59:18 2024

Initialized Ramulator. 
** Heartbeat:   5% -- { 1000005 } -- 0.00 KIPS (250.00 KIPS)
** Heartbeat:  10% -- { 2000010 } -- 166.67 KIPS (200.00 KIPS)
** Heartbeat:  15% -- { 3000013 } -- 71.43 KIPS (125.00 KIPS)
** Heartbeat:  20% -- { 4000015 } -- 83.33 KIPS (111.11 KIPS)
** Heartbeat:  25% -- { 5000019 } -- 111.11 KIPS (111.11 KIPS)
** Heartbeat:  30% -- { 6000020 } -- 100.00 KIPS (109.09 KIPS)
** Heartbeat:  35% -- { 7000022 } -- 100.00 KIPS (107.69 KIPS)
** Heartbeat:  40% -- { 8000024 } -- 125.00 KIPS (109.59 KIPS)
** Heartbeat:  45% -- { 9000027 } -- 66.67 KIPS (102.27 KIPS)
** Heartbeat:  50% -- { 10000028 } -- 62.50 KIPS (96.15 KIPS)
** Heartbeat:  55% -- { 11000032 } -- 125.00 KIPS (98.21 KIPS)
** Heartbeat:  60% -- { 12000032 } -- 125.00 KIPS (100.00 KIPS)
** Heartbeat:  65% -- { 13000033 } -- 125.00 KIPS (101.56 KIPS)
** Heartbeat:  70% -- { 14000036 } -- 125.00 KIPS (102.94 KIPS)
** Heartbeat:  75% -- { 15000036 } -- 142.86 KIPS (104.90 KIPS)
** Heartbeat:  80% -- { 16000041 } -- 166.67 KIPS (107.38 KIPS)
** Heartbeat:  85% -- { 17000042 } -- 142.86 KIPS (108.97 KIPS)
** Heartbeat:  90% -- { 18000044 } -- 166.67 KIPS (111.11 KIPS)
** Heartbeat:  95% -- { 19000047 } -- 333.33 KIPS (115.15 KIPS)
** Core 0 Finished:    insts:20000002    cycles:15640669    time:4887709062500       -- 1.28 IPC (1.28 IPC) --  N/A  KIPS (119.05 KIPS)
Scarab finished at Thu Oct 17 20:02:06 2024

