               ramulator.active_cycles_0             6164437                                      # Total active cycles for level _0
                 ramulator.busy_cycles_0             6164437                                      # (All-bank refresh only. busy cycles only include refresh time in rank level) The sum of cycles that the DRAM part is active or under refresh for level _0
            ramulator.serving_requests_0            22462043                                      # The sum of read and write requests that are served in this DRAM element per memory cycle for level _0
    ramulator.average_serving_requests_0            3.314063                                      # The average of read and write requests that are served in this DRAM element per memory cycle for level _0
             ramulator.active_cycles_0_0             6164437                                      # Total active cycles for level _0_0
               ramulator.busy_cycles_0_0             6338317                                      # (All-bank refresh only. busy cycles only include refresh time in rank level) The sum of cycles that the DRAM part is active or under refresh for level _0_0
          ramulator.serving_requests_0_0            22462043                                      # The sum of read and write requests that are served in this DRAM element per memory cycle for level _0_0
  ramulator.average_serving_requests_0_0            3.314063                                      # The average of read and write requests that are served in this DRAM element per memory cycle for level _0_0
           ramulator.active_cycles_0_0_0             3211673                                      # Total active cycles for level _0_0_0
             ramulator.busy_cycles_0_0_0             3211673                                      # (All-bank refresh only. busy cycles only include refresh time in rank level) The sum of cycles that the DRAM part is active or under refresh for level _0_0_0
        ramulator.serving_requests_0_0_0             5554900                                      # The sum of read and write requests that are served in this DRAM element per memory cycle for level _0_0_0
ramulator.average_serving_requests_0_0_0            0.819573                                      # The average of read and write requests that are served in this DRAM element per memory cycle for level _0_0_0
         ramulator.active_cycles_0_0_0_0              658553                                      # Total active cycles for level _0_0_0_0
           ramulator.busy_cycles_0_0_0_0              658553                                      # (All-bank refresh only. busy cycles only include refresh time in rank level) The sum of cycles that the DRAM part is active or under refresh for level _0_0_0_0
      ramulator.serving_requests_0_0_0_0              937050                                      # The sum of read and write requests that are served in this DRAM element per memory cycle for level _0_0_0_0
ramulator.average_serving_requests_0_0_0_0            0.138253                                      # The average of read and write requests that are served in this DRAM element per memory cycle for level _0_0_0_0
         ramulator.active_cycles_0_0_0_1             1149347                                      # Total active cycles for level _0_0_0_1
           ramulator.busy_cycles_0_0_0_1             1149347                                      # (All-bank refresh only. busy cycles only include refresh time in rank level) The sum of cycles that the DRAM part is active or under refresh for level _0_0_0_1
      ramulator.serving_requests_0_0_0_1             1570256                                      # The sum of read and write requests that are served in this DRAM element per memory cycle for level _0_0_0_1
ramulator.average_serving_requests_0_0_0_1            0.231677                                      # The average of read and write requests that are served in this DRAM element per memory cycle for level _0_0_0_1
         ramulator.active_cycles_0_0_0_2             1294594                                      # Total active cycles for level _0_0_0_2
           ramulator.busy_cycles_0_0_0_2             1294594                                      # (All-bank refresh only. busy cycles only include refresh time in rank level) The sum of cycles that the DRAM part is active or under refresh for level _0_0_0_2
      ramulator.serving_requests_0_0_0_2             1689650                                      # The sum of read and write requests that are served in this DRAM element per memory cycle for level _0_0_0_2
ramulator.average_serving_requests_0_0_0_2            0.249292                                      # The average of read and write requests that are served in this DRAM element per memory cycle for level _0_0_0_2
         ramulator.active_cycles_0_0_0_3              985878                                      # Total active cycles for level _0_0_0_3
           ramulator.busy_cycles_0_0_0_3              985878                                      # (All-bank refresh only. busy cycles only include refresh time in rank level) The sum of cycles that the DRAM part is active or under refresh for level _0_0_0_3
      ramulator.serving_requests_0_0_0_3             1357944                                      # The sum of read and write requests that are served in this DRAM element per memory cycle for level _0_0_0_3
ramulator.average_serving_requests_0_0_0_3            0.200352                                      # The average of read and write requests that are served in this DRAM element per memory cycle for level _0_0_0_3
           ramulator.active_cycles_0_0_1             3280169                                      # Total active cycles for level _0_0_1
             ramulator.busy_cycles_0_0_1             3280169                                      # (All-bank refresh only. busy cycles only include refresh time in rank level) The sum of cycles that the DRAM part is active or under refresh for level _0_0_1
        ramulator.serving_requests_0_0_1             5696956                                      # The sum of read and write requests that are served in this DRAM element per memory cycle for level _0_0_1
ramulator.average_serving_requests_0_0_1            0.840532                                      # The average of read and write requests that are served in this DRAM element per memory cycle for level _0_0_1
         ramulator.active_cycles_0_0_1_0             1034262                                      # Total active cycles for level _0_0_1_0
           ramulator.busy_cycles_0_0_1_0             1034262                                      # (All-bank refresh only. busy cycles only include refresh time in rank level) The sum of cycles that the DRAM part is active or under refresh for level _0_0_1_0
      ramulator.serving_requests_0_0_1_0             1377759                                      # The sum of read and write requests that are served in this DRAM element per memory cycle for level _0_0_1_0
ramulator.average_serving_requests_0_0_1_0            0.203275                                      # The average of read and write requests that are served in this DRAM element per memory cycle for level _0_0_1_0
         ramulator.active_cycles_0_0_1_1             1076144                                      # Total active cycles for level _0_0_1_1
           ramulator.busy_cycles_0_0_1_1             1076144                                      # (All-bank refresh only. busy cycles only include refresh time in rank level) The sum of cycles that the DRAM part is active or under refresh for level _0_0_1_1
      ramulator.serving_requests_0_0_1_1             1443336                                      # The sum of read and write requests that are served in this DRAM element per memory cycle for level _0_0_1_1
ramulator.average_serving_requests_0_0_1_1            0.212951                                      # The average of read and write requests that are served in this DRAM element per memory cycle for level _0_0_1_1
         ramulator.active_cycles_0_0_1_2              989652                                      # Total active cycles for level _0_0_1_2
           ramulator.busy_cycles_0_0_1_2              989652                                      # (All-bank refresh only. busy cycles only include refresh time in rank level) The sum of cycles that the DRAM part is active or under refresh for level _0_0_1_2
      ramulator.serving_requests_0_0_1_2             1318024                                      # The sum of read and write requests that are served in this DRAM element per memory cycle for level _0_0_1_2
ramulator.average_serving_requests_0_0_1_2            0.194462                                      # The average of read and write requests that are served in this DRAM element per memory cycle for level _0_0_1_2
         ramulator.active_cycles_0_0_1_3             1140503                                      # Total active cycles for level _0_0_1_3
           ramulator.busy_cycles_0_0_1_3             1140503                                      # (All-bank refresh only. busy cycles only include refresh time in rank level) The sum of cycles that the DRAM part is active or under refresh for level _0_0_1_3
      ramulator.serving_requests_0_0_1_3             1557837                                      # The sum of read and write requests that are served in this DRAM element per memory cycle for level _0_0_1_3
ramulator.average_serving_requests_0_0_1_3            0.229844                                      # The average of read and write requests that are served in this DRAM element per memory cycle for level _0_0_1_3
           ramulator.active_cycles_0_0_2             3279680                                      # Total active cycles for level _0_0_2
             ramulator.busy_cycles_0_0_2             3279680                                      # (All-bank refresh only. busy cycles only include refresh time in rank level) The sum of cycles that the DRAM part is active or under refresh for level _0_0_2
        ramulator.serving_requests_0_0_2             5591581                                      # The sum of read and write requests that are served in this DRAM element per memory cycle for level _0_0_2
ramulator.average_serving_requests_0_0_2            0.824985                                      # The average of read and write requests that are served in this DRAM element per memory cycle for level _0_0_2
         ramulator.active_cycles_0_0_2_0              998763                                      # Total active cycles for level _0_0_2_0
           ramulator.busy_cycles_0_0_2_0              998763                                      # (All-bank refresh only. busy cycles only include refresh time in rank level) The sum of cycles that the DRAM part is active or under refresh for level _0_0_2_0
      ramulator.serving_requests_0_0_2_0             1330670                                      # The sum of read and write requests that are served in this DRAM element per memory cycle for level _0_0_2_0
ramulator.average_serving_requests_0_0_2_0            0.196328                                      # The average of read and write requests that are served in this DRAM element per memory cycle for level _0_0_2_0
         ramulator.active_cycles_0_0_2_1             1393852                                      # Total active cycles for level _0_0_2_1
           ramulator.busy_cycles_0_0_2_1             1393852                                      # (All-bank refresh only. busy cycles only include refresh time in rank level) The sum of cycles that the DRAM part is active or under refresh for level _0_0_2_1
      ramulator.serving_requests_0_0_2_1             1896692                                      # The sum of read and write requests that are served in this DRAM element per memory cycle for level _0_0_2_1
ramulator.average_serving_requests_0_0_2_1            0.279839                                      # The average of read and write requests that are served in this DRAM element per memory cycle for level _0_0_2_1
         ramulator.active_cycles_0_0_2_2              961630                                      # Total active cycles for level _0_0_2_2
           ramulator.busy_cycles_0_0_2_2              961630                                      # (All-bank refresh only. busy cycles only include refresh time in rank level) The sum of cycles that the DRAM part is active or under refresh for level _0_0_2_2
      ramulator.serving_requests_0_0_2_2             1284303                                      # The sum of read and write requests that are served in this DRAM element per memory cycle for level _0_0_2_2
ramulator.average_serving_requests_0_0_2_2            0.189487                                      # The average of read and write requests that are served in this DRAM element per memory cycle for level _0_0_2_2
         ramulator.active_cycles_0_0_2_3              794170                                      # Total active cycles for level _0_0_2_3
           ramulator.busy_cycles_0_0_2_3              794170                                      # (All-bank refresh only. busy cycles only include refresh time in rank level) The sum of cycles that the DRAM part is active or under refresh for level _0_0_2_3
      ramulator.serving_requests_0_0_2_3             1079902                                      # The sum of read and write requests that are served in this DRAM element per memory cycle for level _0_0_2_3
ramulator.average_serving_requests_0_0_2_3            0.159329                                      # The average of read and write requests that are served in this DRAM element per memory cycle for level _0_0_2_3
           ramulator.active_cycles_0_0_3             3214378                                      # Total active cycles for level _0_0_3
             ramulator.busy_cycles_0_0_3             3214378                                      # (All-bank refresh only. busy cycles only include refresh time in rank level) The sum of cycles that the DRAM part is active or under refresh for level _0_0_3
        ramulator.serving_requests_0_0_3             5618596                                      # The sum of read and write requests that are served in this DRAM element per memory cycle for level _0_0_3
ramulator.average_serving_requests_0_0_3            0.828971                                      # The average of read and write requests that are served in this DRAM element per memory cycle for level _0_0_3
         ramulator.active_cycles_0_0_3_0              881222                                      # Total active cycles for level _0_0_3_0
           ramulator.busy_cycles_0_0_3_0              881222                                      # (All-bank refresh only. busy cycles only include refresh time in rank level) The sum of cycles that the DRAM part is active or under refresh for level _0_0_3_0
      ramulator.serving_requests_0_0_3_0             1238015                                      # The sum of read and write requests that are served in this DRAM element per memory cycle for level _0_0_3_0
ramulator.average_serving_requests_0_0_3_0            0.182657                                      # The average of read and write requests that are served in this DRAM element per memory cycle for level _0_0_3_0
         ramulator.active_cycles_0_0_3_1             1096997                                      # Total active cycles for level _0_0_3_1
           ramulator.busy_cycles_0_0_3_1             1096997                                      # (All-bank refresh only. busy cycles only include refresh time in rank level) The sum of cycles that the DRAM part is active or under refresh for level _0_0_3_1
      ramulator.serving_requests_0_0_3_1             1504795                                      # The sum of read and write requests that are served in this DRAM element per memory cycle for level _0_0_3_1
ramulator.average_serving_requests_0_0_3_1            0.222018                                      # The average of read and write requests that are served in this DRAM element per memory cycle for level _0_0_3_1
         ramulator.active_cycles_0_0_3_2              961345                                      # Total active cycles for level _0_0_3_2
           ramulator.busy_cycles_0_0_3_2              961345                                      # (All-bank refresh only. busy cycles only include refresh time in rank level) The sum of cycles that the DRAM part is active or under refresh for level _0_0_3_2
      ramulator.serving_requests_0_0_3_2             1304264                                      # The sum of read and write requests that are served in this DRAM element per memory cycle for level _0_0_3_2
ramulator.average_serving_requests_0_0_3_2            0.192432                                      # The average of read and write requests that are served in this DRAM element per memory cycle for level _0_0_3_2
         ramulator.active_cycles_0_0_3_3             1152966                                      # Total active cycles for level _0_0_3_3
           ramulator.busy_cycles_0_0_3_3             1152966                                      # (All-bank refresh only. busy cycles only include refresh time in rank level) The sum of cycles that the DRAM part is active or under refresh for level _0_0_3_3
      ramulator.serving_requests_0_0_3_3             1571522                                      # The sum of read and write requests that are served in this DRAM element per memory cycle for level _0_0_3_3
ramulator.average_serving_requests_0_0_3_3            0.231863                                      # The average of read and write requests that are served in this DRAM element per memory cycle for level _0_0_3_3
      ramulator.read_transaction_bytes_0            51636800                                      # The total byte of read transaction per channel
     ramulator.write_transaction_bytes_0             8251200                                      # The total byte of write transaction per channel
       ramulator.row_hits_channel_0_core              806258                                      # Number of row hits per channel per core
     ramulator.row_misses_channel_0_core               19663                                      # Number of row misses per channel per core
  ramulator.row_conflicts_channel_0_core              109829                                      # Number of row conflicts per channel per core
  ramulator.read_row_hits_channel_0_core              706512                                      # Number of row hits for read requests per channel per core
                                     [0]            706512.0                                      # 
ramulator.read_row_misses_channel_0_core               13932                                      # Number of row misses for read requests per channel per core
                                     [0]             13932.0                                      # 
ramulator.read_row_conflicts_channel_0_core               86381                                      # Number of row conflicts for read requests per channel per core
                                     [0]             86381.0                                      # 
 ramulator.write_row_hits_channel_0_core               99746                                      # Number of row hits for write requests per channel per core
                                     [0]             99746.0                                      # 
ramulator.write_row_misses_channel_0_core                5731                                      # Number of row misses for write requests per channel per core
                                     [0]              5731.0                                      # 
ramulator.write_row_conflicts_channel_0_core               23448                                      # Number of row conflicts for write requests per channel per core
                                     [0]             23448.0                                      # 
      ramulator.useless_activates_0_core                 798                                      # Number of useless activations. E.g, ACT -> PRE w/o RD or WR
            ramulator.read_latency_avg_0          111.100714                                      # The average memory latency cycles (in memory time domain) per request for all read requests in this channel
            ramulator.read_latency_sum_0            89657165                                      # The memory latency cycles (in memory time domain) sum for all read requests in this channel
        ramulator.req_queue_length_avg_0           27.416812                                      # Average of read and write queue length per memory cycle per channel.
        ramulator.req_queue_length_sum_0           185825529                                      # Sum of read and write queue length per memory cycle per channel.
   ramulator.read_req_queue_length_avg_0           12.962868                                      # Read queue length average per memory cycle per channel.
   ramulator.read_req_queue_length_sum_0            87859660                                      # Read queue length sum per memory cycle per channel.
  ramulator.write_req_queue_length_avg_0           14.453944                                      # Write queue length average per memory cycle per channel.
  ramulator.write_req_queue_length_sum_0            97965869                                      # Write queue length sum per memory cycle per channel.
              ramulator.record_read_hits                 0.0                                      # record read hit count for this core when it reaches request limit or to the end
                                     [0]                 0.0                                      # 
            ramulator.record_read_misses                 0.0                                      # record_read_miss count for this core when it reaches request limit or to the end
                                     [0]                 0.0                                      # 
         ramulator.record_read_conflicts                 0.0                                      # record read conflict count for this core when it reaches request limit or to the end
                                     [0]                 0.0                                      # 
             ramulator.record_write_hits                 0.0                                      # record write hit count for this core when it reaches request limit or to the end
                                     [0]                 0.0                                      # 
           ramulator.record_write_misses                 0.0                                      # record write miss count for this core when it reaches request limit or to the end
                                     [0]                 0.0                                      # 
        ramulator.record_write_conflicts                 0.0                                      # record write conflict for this core when it reaches request limit or to the end
                                     [0]                 0.0                                      # 
                 ramulator.dram_capacity          8589934592                                      # Number of bytes in simulated DRAM
                   ramulator.dram_cycles             6777795                                      # Number of DRAM cycles simulated
             ramulator.incoming_requests              935935                                      # Number of incoming requests to DRAM
                 ramulator.read_requests              806990                                      # Number of incoming read requests to DRAM per core
                                     [0]            806990.0                                      # 
                ramulator.write_requests              128945                                      # Number of incoming write requests to DRAM per core
                                     [0]            128945.0                                      # 
       ramulator.ramulator_active_cycles             6164438                                      # The total number of cycles that the DRAM part is active (serving R/W)
 ramulator.incoming_requests_per_channel            935935.0                                      # Number of incoming requests to each DRAM channel
                                     [0]            935935.0                                      # 
ramulator.incoming_read_reqs_per_channel            806990.0                                      # Number of incoming read requests to each DRAM channel
                                     [0]            806990.0                                      # 
     ramulator.physical_page_replacement                   0                                      # The number of times that physical page replacement happens.
             ramulator.maximum_bandwidth         19200000000                                      # The theoretical maximum bandwidth (Bps)
          ramulator.in_queue_req_num_sum           185825529                                      # Sum of read/write queue length
     ramulator.in_queue_read_req_num_sum            87859660                                      # Sum of read queue length
    ramulator.in_queue_write_req_num_sum            97965869                                      # Sum of write queue length
          ramulator.in_queue_req_num_avg           27.416812                                      # Average of read/write queue length per memory cycle
     ramulator.in_queue_read_req_num_avg           12.962868                                      # Average of read queue length per memory cycle
    ramulator.in_queue_write_req_num_avg           14.453944                                      # Average of write queue length per memory cycle
          ramulator.record_read_requests                 0.0                                      # record read requests for this core when it reaches request limit or to the end
                                     [0]                 0.0                                      # 
         ramulator.record_write_requests                 0.0                                      # record write requests for this core when it reaches request limit or to the end
                                     [0]                 0.0                                      # 
