/* -*- Mode: c -*- */
####################################################################################################
Core 0
####################################################################################################
Cumulative:        Cycles: 6012543               Instructions: 20000000              IPC: 3.32638

Periodic:          Cycles: 2944257               Instructions: 10000000              IPC: 3.39644

ST_OP_INV                                            0        0.000%                0        0.000%
ST_OP_NOP                                       179424        1.184%           394431        1.233%
ST_OP_CF                                       1961974       12.952%          4101382       12.825%
ST_OP_MOV                                      1438351        9.495%          2993460        9.360%
ST_OP_CMOV                                           0        0.000%                0        0.000%
ST_OP_LDA                                       863230        5.699%          1859593        5.815%
ST_OP_ILD                                      3586890       23.679%          7623047       23.837%
ST_OP_IST                                      2085797       13.770%          4450722       13.917%
ST_OP_IADD                                     3068822       20.259%          6458025       20.194%
ST_OP_IMUL                                      101916        0.673%           218217        0.682%
ST_OP_IDIV                                           0        0.000%                0        0.000%
ST_OP_ICMP                                     1290647        8.520%          2701054        8.446%
ST_OP_LOGIC                                     561508        3.707%          1161773        3.633%
ST_OP_SHIFT                                       9347        0.062%            18809        0.059%
ST_OP_FLD                                            0        0.000%                0        0.000%
ST_OP_FST                                            0        0.000%                0        0.000%
ST_OP_FCVT                                           0        0.000%                0        0.000%
ST_OP_FADD                                           0        0.000%                0        0.000%
ST_OP_FMUL                                           0        0.000%                0        0.000%
ST_OP_FMA                                            0        0.000%                0        0.000%
ST_OP_FDIV                                           0        0.000%                0        0.000%
ST_OP_FCMP                                           0        0.000%                0        0.000%
ST_OP_FCMOV                                          0        0.000%                0        0.000%
ST_OP_GATHER                                         0        0.000%                0        0.000%
ST_OP_SCATTER                                        0        0.000%                0        0.000%
ST_OP_PIPELINED_FAST                                 0        0.000%                0        0.000%
ST_OP_PIPELINED_MEDIUM                               0        0.000%                0        0.000%
ST_OP_PIPELINED_SLOW                                 0        0.000%                0        0.000%
ST_OP_NOTPIPELINED_MEDIUM                            0        0.000%                0        0.000%
ST_OP_NOTPIPELINED_SLOW                              0        0.000%                0        0.000%
ST_OP_NOTPIPELINED_VERY_SLOW                         0        0.000%                0        0.000%
                                              15147906      100.000%         31980513      100.000%
                                                  6.30         2.77              6.29         2.76

ST_NOT_CF                                     13185932       87.048%         27879131       87.175%
ST_CF_BR                                        111027        0.733%           241229        0.754%
ST_CF_CBR                                      1845152       12.181%          3847419       12.031%
ST_CF_CALL                                        2870        0.019%             6331        0.020%
ST_CF_IBR                                            0        0.000%                0        0.000%
ST_CF_ICALL                                          0        0.000%                0        0.000%
ST_CF_ICO                                            0        0.000%                0        0.000%
ST_CF_RET                                         2925        0.019%             6403        0.020%
ST_CF_SYS                                            0        0.000%                0        0.000%
                                              15147906      100.000%         31980513      100.000%
                                                  0.25         0.62              0.25         0.62

ST_BAR_NONE                                   15147906      100.000%         31980513      100.000%
ST_BAR_FETCH                                         0        0.000%                0        0.000%
ST_BAR_ISSUE                                         0        0.000%                0        0.000%
ST_BAR_BOTH                                          0        0.000%                0        0.000%
                                              15147906      100.000%         31980513      100.000%
                                                  0.00         0.00              0.00         0.00

ST_NOT_MEM                                     9475219       62.551%         19906744       62.246%
ST_MEM_LD                                      3586890       23.679%          7623047       23.837%
ST_MEM_ST                                      2085797       13.770%          4450722       13.917%
ST_MEM_PF                                            0        0.000%                0        0.000%
ST_MEM_WH                                            0        0.000%                0        0.000%
ST_MEM_EVICT                                         0        0.000%                0        0.000%
                                              15147906      100.000%         31980513      100.000%
                                                  0.51         0.60              0.52         0.60

ST_NOT_MEM_OFFPATH                              530369       61.305%          1698861       60.664%
ST_MEM_LD_OFFPATH                               205393       23.741%           675841       24.133%
ST_MEM_ST_OFFPATH                               129374       14.954%           425748       15.203%
ST_MEM_PF_OFFPATH                                    0        0.000%                0        0.000%
ST_MEM_WH_OFFPATH                                    0        0.000%                0        0.000%
ST_MEM_EVIC_OFFPATHT                                 0        0.000%                0        0.000%
                                                865136      100.000%          2800450      100.000%
                                                  0.54         0.61              0.55         0.61

ST_OP_ONPATH                                  15147906                       31980513              

ST_OP_OFFPATH                                   865136                        2800450              

ST_FAKE_OP_OFFPATH                                   4        0.000%            27966        0.999%
ST_NOT_FAKE_OP_OFFPATH                          865132      100.000%          2772484       99.001%
                                                865136      100.000%          2800450      100.000%
                                                  1.00         1.00              0.99         0.99

ST_FAKE_REASON_NOT_FAKE                         865132      100.000%          2772484       99.001%
ST_FAKE_REASON_REDIRECT_TO_NOT_INSTRUMENTED             4        0.000%            27966        0.999%
ST_FAKE_REASON_RETURN_TO_NOT_INSTRUMENTED             0        0.000%                0        0.000%
ST_FAKE_REASON_NONRET_CF_TO_NOT_INSTRUMENTED             0        0.000%                0        0.000%
ST_FAKE_REASON_NOT_TAKEN_TO_NOT_INSTRUMENTED             0        0.000%                0        0.000%
ST_FAKE_REASON_WRONG_PATH_STORE_TO_NEW_REGION             0        0.000%                0        0.000%
                                                865136      100.000%          2800450      100.000%
                                                  0.00         0.00              0.01         0.10

ST_INST_ONPATH                                11467117                       24139045              

ST_INST_OFFPATH                                 652223                        2095098              

STATIC_PIN_NOP                                       0                              0              

DYNAMIC_PIN_REP_GREATER_256                          0                              0              

INST_MAP_UPDATE_JITTED                          910688       35.073%          1821867       35.021%
INST_MAP_UPDATE_NPC_INV                              0        0.000%                0        0.000%
INST_MAP_UPDATE_NPC_NOP                              0        0.000%                0        0.000%
INST_MAP_UPDATE_NPC_CF                               0        0.000%                0        0.000%
INST_MAP_UPDATE_NPC_MOV                              0        0.000%                0        0.000%
INST_MAP_UPDATE_NPC_CMOV                             0        0.000%                0        0.000%
INST_MAP_UPDATE_NPC_LDA                              0        0.000%                0        0.000%
INST_MAP_UPDATE_NPC_IMEM                             0        0.000%                0        0.000%
INST_MAP_UPDATE_NPC_IADD                             0        0.000%                0        0.000%
INST_MAP_UPDATE_NPC_IMUL                          3050        0.117%             5899        0.113%
INST_MAP_UPDATE_NPC_IDIV                             0        0.000%                0        0.000%
INST_MAP_UPDATE_NPC_ICMP                             0        0.000%                0        0.000%
INST_MAP_UPDATE_NPC_LOGIC                            0        0.000%                0        0.000%
INST_MAP_UPDATE_NPC_SHIFT                            0        0.000%                0        0.000%
INST_MAP_UPDATE_NPC_FMEM                             0        0.000%                0        0.000%
INST_MAP_UPDATE_NPC_FCVT                             0        0.000%                0        0.000%
INST_MAP_UPDATE_NPC_FADD                             0        0.000%                0        0.000%
INST_MAP_UPDATE_NPC_FMUL                             0        0.000%                0        0.000%
INST_MAP_UPDATE_NPC_FMA                              0        0.000%                0        0.000%
INST_MAP_UPDATE_NPC_FDIV                             0        0.000%                0        0.000%
INST_MAP_UPDATE_NPC_FCMP                             0        0.000%                0        0.000%
INST_MAP_UPDATE_NPC_FCMOV                            0        0.000%                0        0.000%
INST_MAP_UPDATE_NPC_GATHER                           0        0.000%                0        0.000%
INST_MAP_UPDATE_NPC_SCATTER                          0        0.000%                0        0.000%
INST_MAP_UPDATE_NPC_PIPELINED_FAST                   0        0.000%                0        0.000%
INST_MAP_UPDATE_NPC_PIPELINED_MEDIUM                 0        0.000%                0        0.000%
INST_MAP_UPDATE_NPC_PIPELINED_SLOW                   0        0.000%                0        0.000%
INST_MAP_UPDATE_NPC_NOTPIPELINED_MEDIUM              0        0.000%                0        0.000%
INST_MAP_UPDATE_NPC_NOTPIPELINED_SLOW                0        0.000%                0        0.000%
INST_MAP_UPDATE_NPC_NOTPIPELINED_VERY_SLOW             0        0.000%                0        0.000%
INST_MAP_UPDATE_MEM_INV                              0        0.000%                0        0.000%
INST_MAP_UPDATE_MEM_NOP                              0        0.000%                0        0.000%
INST_MAP_UPDATE_MEM_CF                               0        0.000%                0        0.000%
INST_MAP_UPDATE_MEM_MOV                         690192       26.581%          1382010       26.566%
INST_MAP_UPDATE_MEM_CMOV                             0        0.000%                0        0.000%
INST_MAP_UPDATE_MEM_LDA                              0        0.000%                0        0.000%
INST_MAP_UPDATE_MEM_IMEM                             0        0.000%                0        0.000%
INST_MAP_UPDATE_MEM_IADD                             0        0.000%                0        0.000%
INST_MAP_UPDATE_MEM_IMUL                        960871       37.005%          1929246       37.085%
INST_MAP_UPDATE_MEM_IDIV                             0        0.000%                0        0.000%
INST_MAP_UPDATE_MEM_ICMP                             0        0.000%                0        0.000%
INST_MAP_UPDATE_MEM_LOGIC                        31770        1.224%            63180        1.214%
INST_MAP_UPDATE_MEM_SHIFT                            0        0.000%                0        0.000%
INST_MAP_UPDATE_MEM_FMEM                             0        0.000%                0        0.000%
INST_MAP_UPDATE_MEM_FCVT                             0        0.000%                0        0.000%
INST_MAP_UPDATE_MEM_FADD                             0        0.000%                0        0.000%
INST_MAP_UPDATE_MEM_FMUL                             0        0.000%                0        0.000%
INST_MAP_UPDATE_MEM_FMA                              0        0.000%                0        0.000%
INST_MAP_UPDATE_MEM_FDIV                             0        0.000%                0        0.000%
INST_MAP_UPDATE_MEM_FCMP                             0        0.000%                0        0.000%
INST_MAP_UPDATE_MEM_FCMOV                            0        0.000%                0        0.000%
INST_MAP_UPDATE_MEM_GATHER                           0        0.000%                0        0.000%
INST_MAP_UPDATE_MEM_SCATTER                          0        0.000%                0        0.000%
INST_MAP_UPDATE_MEM_PIPELINED_FAST                   0        0.000%                0        0.000%
INST_MAP_UPDATE_MEM_PIPELINED_MEDIUM                 0        0.000%                0        0.000%
INST_MAP_UPDATE_MEM_PIPELINED_SLOW                   0        0.000%                0        0.000%
INST_MAP_UPDATE_MEM_NOTPIPELINED_MEDIUM              0        0.000%                0        0.000%
INST_MAP_UPDATE_MEM_NOTPIPELINED_SLOW                0        0.000%                0        0.000%
INST_MAP_UPDATE_MEM_NOTPIPELINED_VERY_SLOW             0        0.000%                0        0.000%
                                               2596571      100.000%          5202202      100.000%
                                                 23.35        10.41             23.37        10.40



