/* -*- Mode: c -*- */
####################################################################################################
Core 0
####################################################################################################
Cumulative:        Cycles: 16243709              Instructions: 20000000              IPC: 1.23125

Periodic:          Cycles: 8129608               Instructions: 10000000              IPC: 1.23007

EXECUTION_TIME                           2540502500000                  5076159062500              

NODE_CYCLE                                     8129608                       16243709              

NODE_INST_COUNT                               10000000                       20000000              

NODE_INST_COUNT_FETCHED                       10000000                       20000000              

NODE_UOP_COUNT                                10716474                       21430003              

FULL_WINDOW_STALL                              2484982       30.567%          4915515       30.261%

FULL_WINDOW_MEM_OP                             2180217       92.761%          4296908       92.463%
FULL_WINDOW_FP_OP                               170154        7.239%           350272        7.537%
FULL_WINDOW_OTHER_OP                                 0        0.000%                1        0.000%
                                               2350371      100.000%          4647181      100.000%
                                                  0.07         0.25              0.08         0.25

RET_BLOCKED_DC_MISS                             462463        5.689%          1078299        6.638%

RET_BLOCKED_L1_MISS                             438985        5.400%          1030433        6.344%

RET_BLOCKED_L1_MISS_BW_PREF                     429234        5.280%          1005804        6.192%

RET_BLOCKED_L1_ACCESS                            23552        0.290%            48158        0.296%

RET_BLOCKED_MEM_STALL                          1956599       24.068%          3885807       23.922%

RET_BLOCKED_OFFCHIP_DEMAND                           0        0.000%                0        0.000%

OP_ISSUED                                     10723940                       21508548              

OP_RETIRED                                    10716474                       21430003              

REPLAY_SIGNALED                                      0                              0              

REPLAY_COUNTED                                       0                              0              

OFF_CRITICAL_PATH                                    0         -nan%                0         -nan%
ON_CRITICAL_PATH                                     0         -nan%                0         -nan%
                                                     0         -nan%                0         -nan%
                                                  -nan         -nan              -nan         -nan

LD_NO_DEPENDENTS                                     0        0.000%                0        0.000%
LD_DEPENDENTS                                  2230820      100.000%          4470308      100.000%
                                               2230820      100.000%          4470308      100.000%
                                                  1.00         1.00              1.00         1.00

LD_EXEC_CYCLES_0                                     0        0.000%                0        0.000%
LD_EXEC_CYCLES_1                                     0        0.000%                0        0.000%
LD_EXEC_CYCLES_2                                     0        0.000%                0        0.000%
LD_EXEC_CYCLES_3                                    63       39.130%              173       44.246%
LD_EXEC_CYCLES_4                                    98       60.870%              218       55.754%
                                                   161      100.000%              391      100.000%
                                                  3.61         2.87              3.56         2.71

ICACHE_STAGE_STARVED                               194        0.003%             1977        0.017%
ICACHE_STAGE_NOT_STARVED                       5649284       99.997%         11299150       99.983%
                                               5649478      100.000%         11301127      100.000%
                                                  1.00         1.00              1.00         1.00

ICACHE_STAGE_STALLED                           2472248       30.410%          4868556       29.972%
ICACHE_STAGE_NOT_STALLED                       5649478       69.493%         11300245       69.567%
ICACHE_STAGE_OFF_PATH                             7882        0.097%            74908        0.461%
                                               8129608      100.000%         16243709      100.000%
                                                  0.70         0.26              0.70         0.27

DECODE_STAGE_STARVED                           8117567       99.877%         16211739       99.860%
DECODE_STAGE_NOT_STARVED                         10002        0.123%            22729        0.140%
                                               8127569      100.000%         16234468      100.000%
                                                  0.00         0.04              0.00         0.04

DECODE_STAGE_STALLED                              4934        0.061%             9614        0.059%
DECODE_STAGE_NOT_STALLED                       8122635       99.914%         16224854       99.884%
DECODE_STAGE_OFF_PATH                             2039        0.025%             9241        0.057%
                                               8129608      100.000%         16243709      100.000%
                                                  1.00         0.02              1.00         0.03

UOPQ_STAGE_STARVED                               10674        0.189%            33629        0.297%
UOPQ_STAGE_NOT_STARVED                         5642823       99.811%         11276223       99.703%
                                               5653497      100.000%         11309852      100.000%
                                                  1.00         1.00              1.00         1.00

UOPQ_STAGE_STALLED                             2469828       30.381%          4863014       29.938%
UOPQ_STAGE_NOT_STALLED                         5653497       69.542%         11309852       69.626%
UOPQ_STAGE_OFF_PATH                               6283        0.077%            70843        0.436%
                                               8129608      100.000%         16243709      100.000%
                                                  0.70         0.26              0.70         0.26

MAP_STAGE_STARVED                                  485        0.006%             4232        0.026%
MAP_STAGE_NOT_STARVED                          8123133       99.994%         16171757       99.974%
                                               8123618      100.000%         16175989      100.000%
                                                  1.00         1.00              1.00         1.00

MAP_STAGE_STALLED                              2473784       30.429%          4872091       29.994%
MAP_STAGE_NOT_STALLED                          5649834       69.497%         11303898       69.589%
MAP_STAGE_OFF_PATH                                5990        0.074%            67720        0.417%
                                               8129608      100.000%         16243709      100.000%
                                                  0.70         0.26              0.70         0.26

EXEC_STAGE_STARVED                              806795        9.924%          1934541       11.909%
EXEC_STAGE_NOT_STARVED                         7319179       90.031%         14269193       87.844%
EXEC_STAGE_OFF_PATH                               3634        0.045%            39975        0.246%
                                               8129608      100.000%         16243709      100.000%
                                                  0.90         0.10              0.88         0.13

FU_BUSY_0                                      4085182                        8162163              

FU_BUSY_1                                      2649911                        5299779              

FU_BUSY_2                                      2137298                        4182895              

FU_BUSY_3                                      2179027                        4242694              

FU_BUSY_4                                      2110874                        4220848              

FU_BUSY_5                                       134801                         268338              

FU_BUSY_6                                      5113553                        9750311              

FU_BUSY_7                                      5128528                        9773859              

FU_BUSY_8                                            0                              0              

FU_BUSY_9                                            0                              0              

FU_BUSY_10                                           0                              0              

FU_BUSY_11                                           0                              0              

FU_BUSY_12                                           0                              0              

FU_BUSY_13                                           0                              0              

FU_BUSY_14                                           0                              0              

FU_BUSY_15                                           0                              0              

FU_BUSY_16                                           0                              0              

FU_BUSY_17                                           0                              0              

FU_BUSY_18                                           0                              0              

FU_BUSY_19                                           0                              0              

FU_BUSY_20                                           0                              0              

FU_BUSY_21                                           0                              0              

FU_BUSY_22                                           0                              0              

FU_BUSY_23                                           0                              0              

FU_BUSY_24                                           0                              0              

FU_BUSY_25                                           0                              0              

FU_BUSY_26                                           0                              0              

FU_BUSY_27                                           0                              0              

FU_BUSY_28                                           0                              0              

FU_BUSY_29                                           0                              0              

FU_BUSY_30                                           0                              0              

FU_BUSY_31                                           0                              0              

FU_REJECTED_OP_INV_NOT_SIMD                          0        0.000%                0        0.000%
FU_REJECTED_OP_NOP_NOT_SIMD                          0        0.000%                0        0.000%
FU_REJECTED_OP_CF_NOT_SIMD                          18        0.000%              203        0.001%
FU_REJECTED_OP_MOV_NOT_SIMD                          0        0.000%                0        0.000%
FU_REJECTED_OP_CMOV_NOT_SIMD                         0        0.000%                0        0.000%
FU_REJECTED_OP_LDA_NOT_SIMD                          0        0.000%                0        0.000%
FU_REJECTED_OP_IMEM_NOT_SIMD                       556        0.004%             1147        0.005%
FU_REJECTED_OP_IADD_NOT_SIMD                         0        0.000%                0        0.000%
FU_REJECTED_OP_IMUL_NOT_SIMD                         0        0.000%                0        0.000%
FU_REJECTED_OP_IDIV_NOT_SIMD                         0        0.000%                0        0.000%
FU_REJECTED_OP_ICMP_NOT_SIMD                         0        0.000%                0        0.000%
FU_REJECTED_OP_LOGIC_NOT_SIMD                        0        0.000%                0        0.000%
FU_REJECTED_OP_SHIFT_NOT_SIMD                        8        0.000%               89        0.000%
FU_REJECTED_OP_FMEM_NOT_SIMD                         0        0.000%                0        0.000%
FU_REJECTED_OP_FCVT_NOT_SIMD                         0        0.000%                0        0.000%
FU_REJECTED_OP_FADD_NOT_SIMD                         0        0.000%                0        0.000%
FU_REJECTED_OP_FMUL_NOT_SIMD                         0        0.000%                0        0.000%
FU_REJECTED_OP_FMA_NOT_SIMD                          0        0.000%                0        0.000%
FU_REJECTED_OP_FDIV_NOT_SIMD                         0        0.000%                0        0.000%
FU_REJECTED_OP_FCMP_NOT_SIMD                         0        0.000%                0        0.000%
FU_REJECTED_OP_FCMOV_NOT_SIMD                        0        0.000%                0        0.000%
FU_REJECTED_OP_GATHER_NOT_SIMD                       0        0.000%                0        0.000%
FU_REJECTED_OP_SCATTER_NOT_SIMD                      0        0.000%                0        0.000%
FU_REJECTED_OP_PIPELINED_FAST_NOT_SIMD               0        0.000%                0        0.000%
FU_REJECTED_OP_PIPELINED_MEDIUM_NOT_SIMD             0        0.000%                0        0.000%
FU_REJECTED_OP_PIPELINED_SLOW_NOT_SIMD               0        0.000%                0        0.000%
FU_REJECTED_OP_NOTPIPELINED_MEDIUM_NOT_SIMD             0        0.000%                0        0.000%
FU_REJECTED_OP_NOTPIPELINED_SLOW_NOT_SIMD             0        0.000%                0        0.000%
FU_REJECTED_OP_NOTPIPELINED_VERY_SLOW_NOT_SIMD             0        0.000%                0        0.000%
FU_REJECTED_OP_INV_SIMD                              0        0.000%                0        0.000%
FU_REJECTED_OP_NOP_SIMD                              0        0.000%                0        0.000%
FU_REJECTED_OP_CF_SIMD                               0        0.000%                0        0.000%
FU_REJECTED_OP_MOV_SIMD                              0        0.000%                0        0.000%
FU_REJECTED_OP_CMOV_SIMD                             0        0.000%                0        0.000%
FU_REJECTED_OP_LDA_SIMD                              0        0.000%                0        0.000%
FU_REJECTED_OP_IMEM_SIMD                             0        0.000%                0        0.000%
FU_REJECTED_OP_IADD_SIMD                             0        0.000%                0        0.000%
FU_REJECTED_OP_IMUL_SIMD                             0        0.000%                0        0.000%
FU_REJECTED_OP_IDIV_SIMD                             0        0.000%                0        0.000%
FU_REJECTED_OP_ICMP_SIMD                             0        0.000%                0        0.000%
FU_REJECTED_OP_LOGIC_SIMD                            0        0.000%                0        0.000%
FU_REJECTED_OP_SHIFT_SIMD                            0        0.000%                0        0.000%
FU_REJECTED_OP_FMEM_SIMD                             0        0.000%                0        0.000%
FU_REJECTED_OP_FCVT_SIMD                       2072390       16.608%          3914568       16.494%
FU_REJECTED_OP_FADD_SIMD                       8771432       70.294%         16553771       69.751%
FU_REJECTED_OP_FMUL_SIMD                             0        0.000%                0        0.000%
FU_REJECTED_OP_FMA_SIMD                         121419        0.973%           233332        0.983%
FU_REJECTED_OP_FDIV_SIMD                        459003        3.678%           928328        3.912%
FU_REJECTED_OP_FCMP_SIMD                             0        0.000%                0        0.000%
FU_REJECTED_OP_FCMOV_SIMD                      1053378        8.442%          2101361        8.854%
FU_REJECTED_OP_GATHER_SIMD                           0        0.000%                0        0.000%
FU_REJECTED_OP_SCATTER_SIMD                          0        0.000%                0        0.000%
FU_REJECTED_OP_PIPELINED_FAST_SIMD                   0        0.000%                0        0.000%
FU_REJECTED_OP_PIPELINED_MEDIUM_SIMD                 0        0.000%                0        0.000%
FU_REJECTED_OP_PIPELINED_SLOW_SIMD                   0        0.000%                0        0.000%
FU_REJECTED_OP_NOTPIPELINED_MEDIUM_SIMD              0        0.000%                0        0.000%
FU_REJECTED_OP_NOTPIPELINED_SLOW_SIMD                0        0.000%                0        0.000%
FU_REJECTED_OP_NOTPIPELINED_VERY_SLOW_SIMD             0        0.000%                0        0.000%
                                              12478204      100.000%         23732799      100.000%
                                                 44.38         1.60             44.41         1.64

OP_WAIT_0                                      5497754                       10971766              

OP_WAIT_1                                      1041630                        2103524              

OP_WAIT_2                                       610035                        1234783              

OP_WAIT_3                                       255309                         514735              

OP_WAIT_4                                       237994                         480250              

OP_WAIT_5                                       210888                         428188              

OP_WAIT_6                                       120873                         242377              

OP_WAIT_7                                        75601                         153508              

OP_WAIT_8                                       142306                         290336              

OP_WAIT_9                                       118934                         241005              

OP_WAIT_10                                       68951                         138925              

OP_WAIT_11                                       90807                         184549              

OP_WAIT_12                                       42580                          84135              

OP_WAIT_13                                       27298                          52737              

OP_WAIT_14                                       25492                          49086              

OP_WAIT_15                                       45597                          90055              

OP_WAIT_16                                       19018                          36474              

OP_WAIT_17                                       17895                          35293              

OP_WAIT_18                                       24024                          48079              

OP_WAIT_19                                       24334                          46684              

OP_WAIT_20                                       55214                         109980              

OP_WAIT_21                                       29431                          59896              

OP_WAIT_22                                       22904                          44930              

OP_WAIT_23                                       27808                          53483              

OP_WAIT_24                                       26232                          50138              

OP_WAIT_25                                       21476                          42035              

OP_WAIT_26                                       20345                          40344              

OP_WAIT_27                                       19124                          36317              

OP_WAIT_28                                       18556                          35462              

OP_WAIT_29                                       17462                          33438              

OP_WAIT_30                                       16647                          31825              

OP_WAIT_31                                     1743955                        3465666              

ROW_SIZE_0                                     2728721                        5440555              

ROW_SIZE_1                                       85284                         174465              

ROW_SIZE_2                                     5315595                       10627769              

ROW_SIZE_3                                           0                              0              

ROW_SIZE_4                                           0                              0              

ROW_SIZE_5                                           0                              0              

ROW_SIZE_6                                           0                              0              

ROW_SIZE_7                                           0                              0              

ROW_SIZE_8                                           0                              0              

ROW_SIZE_9                                           0                              0              

ROW_SIZE_10                                          0                              0              

ROW_SIZE_11                                          0                              0              

ROW_SIZE_12                                          0                              0              

ROW_SIZE_13                                          0                              0              

ROW_SIZE_14                                          0                              0              

ROW_SIZE_15                                          0                              0              

ROW_SIZE_16                                          0                              0              

ROW_SIZE_17                                          0                              0              

ROW_SIZE_18                                          0                              0              

ROW_SIZE_19                                          0                              0              

ROW_SIZE_20                                          0                              0              

ROW_SIZE_21                                          0                              0              

ROW_SIZE_22                                          0                              0              

ROW_SIZE_23                                          0                              0              

ROW_SIZE_24                                          0                              0              

ROW_SIZE_25                                          0                              0              

ROW_SIZE_26                                          0                              0              

ROW_SIZE_27                                          0                              0              

ROW_SIZE_28                                          0                              0              

ROW_SIZE_29                                          0                              0              

ROW_SIZE_30                                          0                              0              

ROW_SIZE_31                                          0                              0              

RET_OP_EXEC_COUNT_0                                  0        0.000%                0        0.000%
RET_OP_EXEC_COUNT_1                           10716474      100.000%         21430003      100.000%
RET_OP_EXEC_COUNT_2                                  0        0.000%                0        0.000%
RET_OP_EXEC_COUNT_3                                  0        0.000%                0        0.000%
RET_OP_EXEC_COUNT_4                                  0        0.000%                0        0.000%
RET_OP_EXEC_COUNT_5                                  0        0.000%                0        0.000%
RET_OP_EXEC_COUNT_6                                  0        0.000%                0        0.000%
RET_OP_EXEC_COUNT_7                                  0        0.000%                0        0.000%
RET_OP_EXEC_COUNT_8                                  0        0.000%                0        0.000%
RET_OP_EXEC_COUNT_9                                  0        0.000%                0        0.000%
RET_OP_EXEC_COUNT_10                                 0        0.000%                0        0.000%
RET_OP_EXEC_COUNT_11                                 0        0.000%                0        0.000%
RET_OP_EXEC_COUNT_12                                 0        0.000%                0        0.000%
RET_OP_EXEC_COUNT_13                                 0        0.000%                0        0.000%
RET_OP_EXEC_COUNT_14                                 0        0.000%                0        0.000%
RET_OP_EXEC_COUNT_15                                 0        0.000%                0        0.000%
RET_OP_EXEC_COUNT_16                                 0        0.000%                0        0.000%
RET_OP_EXEC_COUNT_17                                 0        0.000%                0        0.000%
RET_OP_EXEC_COUNT_18                                 0        0.000%                0        0.000%
RET_OP_EXEC_COUNT_19                                 0        0.000%                0        0.000%
RET_OP_EXEC_COUNT_20                                 0        0.000%                0        0.000%
RET_OP_EXEC_COUNT_21                                 0        0.000%                0        0.000%
RET_OP_EXEC_COUNT_22                                 0        0.000%                0        0.000%
RET_OP_EXEC_COUNT_23                                 0        0.000%                0        0.000%
RET_OP_EXEC_COUNT_24                                 0        0.000%                0        0.000%
RET_OP_EXEC_COUNT_25                                 0        0.000%                0        0.000%
RET_OP_EXEC_COUNT_26                                 0        0.000%                0        0.000%
RET_OP_EXEC_COUNT_27                                 0        0.000%                0        0.000%
RET_OP_EXEC_COUNT_28                                 0        0.000%                0        0.000%
RET_OP_EXEC_COUNT_29                                 0        0.000%                0        0.000%
RET_OP_EXEC_COUNT_30                                 0        0.000%                0        0.000%
RET_OP_EXEC_COUNT_31                                 0        0.000%                0        0.000%
RET_OP_EXEC_COUNT_32                                 0        0.000%                0        0.000%
                                              10716474      100.000%         21430003      100.000%
                                                  1.00         0.00              1.00         0.00

RET_STALL_LENGTH_0                            10714398       99.981%         21425747       99.980%
RET_STALL_LENGTH_100                              1274        0.012%             2354        0.011%
RET_STALL_LENGTH_200                               141        0.001%              342        0.002%
RET_STALL_LENGTH_300                               168        0.002%              422        0.002%
RET_STALL_LENGTH_400                               160        0.001%              397        0.002%
RET_STALL_LENGTH_500                               112        0.001%              251        0.001%
RET_STALL_LENGTH_600                                76        0.001%              169        0.001%
RET_STALL_LENGTH_700                                45        0.000%               96        0.000%
RET_STALL_LENGTH_800                                32        0.000%               68        0.000%
RET_STALL_LENGTH_900                                16        0.000%               26        0.000%
RET_STALL_LENGTH_1000                                8        0.000%               21        0.000%
RET_STALL_LENGTH_1100                                9        0.000%               18        0.000%
RET_STALL_LENGTH_1200                                5        0.000%               13        0.000%
RET_STALL_LENGTH_1300                                3        0.000%               15        0.000%
RET_STALL_LENGTH_1400                               10        0.000%               21        0.000%
RET_STALL_LENGTH_1500                                4        0.000%               12        0.000%
RET_STALL_LENGTH_1600                                1        0.000%                7        0.000%
RET_STALL_LENGTH_1700                                4        0.000%                8        0.000%
RET_STALL_LENGTH_1800                                0        0.000%                3        0.000%
RET_STALL_LENGTH_1900                                5        0.000%                8        0.000%
RET_STALL_LENGTH_2000                                0        0.000%                0        0.000%
RET_STALL_LENGTH_2100                                0        0.000%                0        0.000%
RET_STALL_LENGTH_2200                                0        0.000%                2        0.000%
RET_STALL_LENGTH_2300                                1        0.000%                1        0.000%
RET_STALL_LENGTH_2400                                0        0.000%                0        0.000%
RET_STALL_LENGTH_2500                                1        0.000%                1        0.000%
RET_STALL_LENGTH_2600                                0        0.000%                0        0.000%
RET_STALL_LENGTH_2700                                0        0.000%                0        0.000%
RET_STALL_LENGTH_2800                                0        0.000%                0        0.000%
RET_STALL_LENGTH_2900                                0        0.000%                0        0.000%
RET_STALL_LENGTH_3000                                0        0.000%                0        0.000%
RET_STALL_LENGTH_3100                                1        0.000%                1        0.000%
RET_STALL_LENGTH_3200                                0        0.000%                0        0.000%
RET_STALL_LENGTH_3300                                0        0.000%                0        0.000%
RET_STALL_LENGTH_3400                                0        0.000%                0        0.000%
RET_STALL_LENGTH_3500                                0        0.000%                0        0.000%
RET_STALL_LENGTH_3600                                0        0.000%                0        0.000%
RET_STALL_LENGTH_3700                                0        0.000%                0        0.000%
RET_STALL_LENGTH_3800                                0        0.000%                0        0.000%
RET_STALL_LENGTH_3900                                0        0.000%                0        0.000%
RET_STALL_LENGTH_4000                                0        0.000%                0        0.000%
RET_STALL_LENGTH_4100                                0        0.000%                0        0.000%
RET_STALL_LENGTH_4200                                0        0.000%                0        0.000%
RET_STALL_LENGTH_4300                                0        0.000%                0        0.000%
RET_STALL_LENGTH_4400                                0        0.000%                0        0.000%
RET_STALL_LENGTH_4500                                0        0.000%                0        0.000%
RET_STALL_LENGTH_4600                                0        0.000%                0        0.000%
RET_STALL_LENGTH_4700                                0        0.000%                0        0.000%
RET_STALL_LENGTH_4800                                0        0.000%                0        0.000%
RET_STALL_LENGTH_4900                                0        0.000%                0        0.000%
RET_STALL_LENGTH_5000                                0        0.000%                0        0.000%
                                              10716474      100.000%         21430003      100.000%
                                                  0.00         0.05              0.00         0.05

MEM_BLOCK_LENGTH_0                               67016       83.887%           129026       84.244%
MEM_BLOCK_LENGTH_100                              7358        9.210%            13855        9.046%
MEM_BLOCK_LENGTH_200                              2813        3.521%             5285        3.451%
MEM_BLOCK_LENGTH_300                              1996        2.498%             3605        2.354%
MEM_BLOCK_LENGTH_400                               488        0.611%              942        0.615%
MEM_BLOCK_LENGTH_500                                88        0.110%              182        0.119%
MEM_BLOCK_LENGTH_600                                44        0.055%               98        0.064%
MEM_BLOCK_LENGTH_700                                33        0.041%               67        0.044%
MEM_BLOCK_LENGTH_800                                31        0.039%               52        0.034%
MEM_BLOCK_LENGTH_900                                 4        0.005%               10        0.007%
MEM_BLOCK_LENGTH_1000                                6        0.008%                9        0.006%
MEM_BLOCK_LENGTH_1100                                5        0.006%               10        0.007%
MEM_BLOCK_LENGTH_1200                                0        0.000%                3        0.002%
MEM_BLOCK_LENGTH_1300                                2        0.003%                4        0.003%
MEM_BLOCK_LENGTH_1400                                0        0.000%                2        0.001%
MEM_BLOCK_LENGTH_1500                                2        0.003%                2        0.001%
MEM_BLOCK_LENGTH_1600                                1        0.001%                1        0.001%
MEM_BLOCK_LENGTH_1700                                0        0.000%                2        0.001%
MEM_BLOCK_LENGTH_1800                                1        0.001%                2        0.001%
MEM_BLOCK_LENGTH_1900                                0        0.000%                0        0.000%
MEM_BLOCK_LENGTH_2000                                0        0.000%                0        0.000%
MEM_BLOCK_LENGTH_2100                                0        0.000%                0        0.000%
MEM_BLOCK_LENGTH_2200                                0        0.000%                0        0.000%
MEM_BLOCK_LENGTH_2300                                0        0.000%                0        0.000%
MEM_BLOCK_LENGTH_2400                                0        0.000%                0        0.000%
MEM_BLOCK_LENGTH_2500                                0        0.000%                0        0.000%
MEM_BLOCK_LENGTH_2600                                0        0.000%                0        0.000%
MEM_BLOCK_LENGTH_2700                                0        0.000%                0        0.000%
MEM_BLOCK_LENGTH_2800                                0        0.000%                0        0.000%
MEM_BLOCK_LENGTH_2900                                0        0.000%                0        0.000%
MEM_BLOCK_LENGTH_3000                                0        0.000%                0        0.000%
MEM_BLOCK_LENGTH_3100                                0        0.000%                0        0.000%
MEM_BLOCK_LENGTH_3200                                0        0.000%                0        0.000%
MEM_BLOCK_LENGTH_3300                                0        0.000%                0        0.000%
MEM_BLOCK_LENGTH_3400                                0        0.000%                0        0.000%
MEM_BLOCK_LENGTH_3500                                0        0.000%                0        0.000%
MEM_BLOCK_LENGTH_3600                                0        0.000%                0        0.000%
MEM_BLOCK_LENGTH_3700                                0        0.000%                0        0.000%
MEM_BLOCK_LENGTH_3800                                0        0.000%                0        0.000%
MEM_BLOCK_LENGTH_3900                                0        0.000%                0        0.000%
MEM_BLOCK_LENGTH_4000                                0        0.000%                0        0.000%
MEM_BLOCK_LENGTH_4100                                0        0.000%                0        0.000%
MEM_BLOCK_LENGTH_4200                                0        0.000%                0        0.000%
MEM_BLOCK_LENGTH_4300                                0        0.000%                0        0.000%
MEM_BLOCK_LENGTH_4400                                0        0.000%                0        0.000%
MEM_BLOCK_LENGTH_4500                                0        0.000%                0        0.000%
MEM_BLOCK_LENGTH_4600                                0        0.000%                0        0.000%
MEM_BLOCK_LENGTH_4700                                0        0.000%                0        0.000%
MEM_BLOCK_LENGTH_4800                                0        0.000%                0        0.000%
MEM_BLOCK_LENGTH_4900                                0        0.000%                0        0.000%
MEM_BLOCK_LENGTH_5000                                0        0.000%                0        0.000%
                                                 79888      100.000%           153157      100.000%
                                                  0.28         0.74              0.27         0.73

FUS_BUSY_ON_PATH                              23534445        2.8949         45853910        2.8229

FUS_BUSY_OFF_PATH                                 4729        0.0006            46977        0.0029

FU_BUSY_MEM_STALL                             11185746        1.3759         21172386        1.3034

FUS_EMPTY                                     41497690        5.1045         84048785        5.1742

FU_UNAVAILABLE                                 1633830        0.2010          3263334        0.2009

FU_MEM_UNAVAILABLE                            10844374        1.3339         20469465        1.2601

FU_REPLAY                                            0        0.0000                0        0.0000

FU_STARVED                                    41497630        5.1045         84048082        5.1742

CHIP_UTILIZATION                                     0        0.0000                0        0.0000

CYCLES_UNDER_MEM_REQ                                 0                              0              

CYCLES_UNDER_NO_MEM_REQ                              0                              0              

CYCLES_UNDER_CRITICAL_MEM_REQ                        0                              0              

CYCLES_UNDER_NONCRITICAL_MEM_REQ                     0                              0              

CHIP_UTILIZATION_UNDER_MEM_REQ                       0          -nan                0          -nan

CHIP_UTILIZATION_UNDER_NO_MEM_REQ                    0          -nan                0          -nan

CHIP_UTILIZATION_UNDER_CRITICAL_MEM_REQ              0          -nan                0          -nan

CHIP_UTILIZATION_UNDER_NONCRITICAL_MEM_REQ             0          -nan                0          -nan

CYCLES_NOT_WAITING_FOR_OFF_CHIP                      0        0.0000                0        0.0000

FUS_BUSY_NOT_WAITING_FOR_OFF_CHIP                    0          -nan                0          -nan

CYCLES_WAITING_FOR_OFF_CHIP                          0        0.0000                0        0.0000

FUS_BUSY_WAITING_FOR_OFF_CHIP                        0          -nan                0          -nan

TOTAL_OFF_CHIP_DELAYS_LEFT                           0                              0              

WRONG_IO_SCHED                                       0                              0              

DVFS_CONFIG_SWITCH                                   0                              0              

MAP_STAGE_RECEIVED_OPS_0                             0        0.000%                0        0.000%
MAP_STAGE_RECEIVED_OPS_1                        582526       10.311%          1168814       10.344%
MAP_STAGE_RECEIVED_OPS_2                       5066783       89.689%         10130445       89.656%
MAP_STAGE_RECEIVED_OPS_3                             0        0.000%                0        0.000%
MAP_STAGE_RECEIVED_OPS_4                             0        0.000%                0        0.000%
MAP_STAGE_RECEIVED_OPS_5                             0        0.000%                0        0.000%
MAP_STAGE_RECEIVED_OPS_6                             0        0.000%                0        0.000%
MAP_STAGE_RECEIVED_OPS_7                             0        0.000%                0        0.000%
MAP_STAGE_RECEIVED_OPS_8                             0        0.000%                0        0.000%
MAP_STAGE_RECEIVED_OPS_MAX                           0        0.000%                0        0.000%
                                               5649309      100.000%         11299259      100.000%
                                                  1.90         0.30              1.90         0.30

MAP_STAGE_WAIT_FOR_DECODE                            0         -nan%                0         -nan%
MAP_STAGE_CONSUME_DECODE                             0         -nan%                0         -nan%
                                                     0         -nan%                0         -nan%
                                                  -nan         -nan              -nan         -nan

MAP_STAGE_WAIT_FOR_DECODE2                           0         -nan%                0         -nan%
MAP_STAGE_CONSUME_DECODE2                            0         -nan%                0         -nan%
                                                     0         -nan%                0         -nan%
                                                  -nan         -nan              -nan         -nan

FTQ_RECOVER_EXEC                                    40                            407              

FTQ_RECOVER_DECODE                                   0                              1              

FTQ_OFFPATH_CYCLES                               18935                         184001              

FTQ_CYCLES_OFFPATH                               18895                         183792              

FTQ_CYCLES_ONPATH                              8110713                       16059917              

FTQ_FETCHED_INS_OFFPATH                          21739                         215635              

FTQ_FETCHED_INS_ONPATH                        10715678                       21429595              

FTQ_BREAK_FULL_FT_ONPATH                       8109604       99.993%         16053334       99.965%
FTQ_BREAK_MAX_CFS_TAKEN_ONPATH                       8        0.000%              106        0.001%
FTQ_BREAK_MAX_BYTES_ONPATH                         577        0.007%             5585        0.035%
FTQ_BREAK_PRED_BR_ONPATH                             0        0.000%                0        0.000%
FTQ_BREAK_BAR_FETCH_ONPATH                           0        0.000%                0        0.000%
                                               8110189      100.000%         16059025      100.000%
                                                  0.00         0.02              0.00         0.04

FTQ_BREAK_FULL_FT_OFFPATH                        18932       99.984%           183922       99.849%
FTQ_BREAK_MAX_CFS_TAKEN_OFFPATH                      0        0.000%                9        0.005%
FTQ_BREAK_MAX_BYTES_OFFPATH                          3        0.016%              269        0.146%
FTQ_BREAK_PRED_BR_OFFPATH                            0        0.000%                0        0.000%
FTQ_BREAK_BAR_FETCH_OFFPATH                          0        0.000%                0        0.000%
                                                 18935      100.000%           184200      100.000%
                                                  0.00         0.03              0.00         0.08



