               ramulator.active_cycles_0             4979844                                      # Total active cycles for level _0
                 ramulator.busy_cycles_0             4979844                                      # (All-bank refresh only. busy cycles only include refresh time in rank level) The sum of cycles that the DRAM part is active or under refresh for level _0
            ramulator.serving_requests_0            17719268                                      # The sum of read and write requests that are served in this DRAM element per memory cycle for level _0
    ramulator.average_serving_requests_0            2.908902                                      # The average of read and write requests that are served in this DRAM element per memory cycle for level _0
             ramulator.active_cycles_0_0             4979844                                      # Total active cycles for level _0_0
               ramulator.busy_cycles_0_0             5139024                                      # (All-bank refresh only. busy cycles only include refresh time in rank level) The sum of cycles that the DRAM part is active or under refresh for level _0_0
          ramulator.serving_requests_0_0            17719268                                      # The sum of read and write requests that are served in this DRAM element per memory cycle for level _0_0
  ramulator.average_serving_requests_0_0            2.908902                                      # The average of read and write requests that are served in this DRAM element per memory cycle for level _0_0
           ramulator.active_cycles_0_0_0             2497243                                      # Total active cycles for level _0_0_0
             ramulator.busy_cycles_0_0_0             2497243                                      # (All-bank refresh only. busy cycles only include refresh time in rank level) The sum of cycles that the DRAM part is active or under refresh for level _0_0_0
        ramulator.serving_requests_0_0_0             4494230                                      # The sum of read and write requests that are served in this DRAM element per memory cycle for level _0_0_0
ramulator.average_serving_requests_0_0_0            0.737800                                      # The average of read and write requests that are served in this DRAM element per memory cycle for level _0_0_0
         ramulator.active_cycles_0_0_0_0              697451                                      # Total active cycles for level _0_0_0_0
           ramulator.busy_cycles_0_0_0_0              697451                                      # (All-bank refresh only. busy cycles only include refresh time in rank level) The sum of cycles that the DRAM part is active or under refresh for level _0_0_0_0
      ramulator.serving_requests_0_0_0_0             1033437                                      # The sum of read and write requests that are served in this DRAM element per memory cycle for level _0_0_0_0
ramulator.average_serving_requests_0_0_0_0            0.169655                                      # The average of read and write requests that are served in this DRAM element per memory cycle for level _0_0_0_0
         ramulator.active_cycles_0_0_0_1              739470                                      # Total active cycles for level _0_0_0_1
           ramulator.busy_cycles_0_0_0_1              739470                                      # (All-bank refresh only. busy cycles only include refresh time in rank level) The sum of cycles that the DRAM part is active or under refresh for level _0_0_0_1
      ramulator.serving_requests_0_0_0_1             1077049                                      # The sum of read and write requests that are served in this DRAM element per memory cycle for level _0_0_0_1
ramulator.average_serving_requests_0_0_0_1            0.176815                                      # The average of read and write requests that are served in this DRAM element per memory cycle for level _0_0_0_1
         ramulator.active_cycles_0_0_0_2              818115                                      # Total active cycles for level _0_0_0_2
           ramulator.busy_cycles_0_0_0_2              818115                                      # (All-bank refresh only. busy cycles only include refresh time in rank level) The sum of cycles that the DRAM part is active or under refresh for level _0_0_0_2
      ramulator.serving_requests_0_0_0_2             1201448                                      # The sum of read and write requests that are served in this DRAM element per memory cycle for level _0_0_0_2
ramulator.average_serving_requests_0_0_0_2            0.197237                                      # The average of read and write requests that are served in this DRAM element per memory cycle for level _0_0_0_2
         ramulator.active_cycles_0_0_0_3              801337                                      # Total active cycles for level _0_0_0_3
           ramulator.busy_cycles_0_0_0_3              801337                                      # (All-bank refresh only. busy cycles only include refresh time in rank level) The sum of cycles that the DRAM part is active or under refresh for level _0_0_0_3
      ramulator.serving_requests_0_0_0_3             1182296                                      # The sum of read and write requests that are served in this DRAM element per memory cycle for level _0_0_0_3
ramulator.average_serving_requests_0_0_0_3            0.194093                                      # The average of read and write requests that are served in this DRAM element per memory cycle for level _0_0_0_3
           ramulator.active_cycles_0_0_1             2545054                                      # Total active cycles for level _0_0_1
             ramulator.busy_cycles_0_0_1             2545054                                      # (All-bank refresh only. busy cycles only include refresh time in rank level) The sum of cycles that the DRAM part is active or under refresh for level _0_0_1
        ramulator.serving_requests_0_0_1             4622589                                      # The sum of read and write requests that are served in this DRAM element per memory cycle for level _0_0_1
ramulator.average_serving_requests_0_0_1            0.758872                                      # The average of read and write requests that are served in this DRAM element per memory cycle for level _0_0_1
         ramulator.active_cycles_0_0_1_0              829896                                      # Total active cycles for level _0_0_1_0
           ramulator.busy_cycles_0_0_1_0              829896                                      # (All-bank refresh only. busy cycles only include refresh time in rank level) The sum of cycles that the DRAM part is active or under refresh for level _0_0_1_0
      ramulator.serving_requests_0_0_1_0             1217078                                      # The sum of read and write requests that are served in this DRAM element per memory cycle for level _0_0_1_0
ramulator.average_serving_requests_0_0_1_0            0.199803                                      # The average of read and write requests that are served in this DRAM element per memory cycle for level _0_0_1_0
         ramulator.active_cycles_0_0_1_1              817185                                      # Total active cycles for level _0_0_1_1
           ramulator.busy_cycles_0_0_1_1              817185                                      # (All-bank refresh only. busy cycles only include refresh time in rank level) The sum of cycles that the DRAM part is active or under refresh for level _0_0_1_1
      ramulator.serving_requests_0_0_1_1             1207127                                      # The sum of read and write requests that are served in this DRAM element per memory cycle for level _0_0_1_1
ramulator.average_serving_requests_0_0_1_1            0.198169                                      # The average of read and write requests that are served in this DRAM element per memory cycle for level _0_0_1_1
         ramulator.active_cycles_0_0_1_2              732682                                      # Total active cycles for level _0_0_1_2
           ramulator.busy_cycles_0_0_1_2              732682                                      # (All-bank refresh only. busy cycles only include refresh time in rank level) The sum of cycles that the DRAM part is active or under refresh for level _0_0_1_2
      ramulator.serving_requests_0_0_1_2             1085423                                      # The sum of read and write requests that are served in this DRAM element per memory cycle for level _0_0_1_2
ramulator.average_serving_requests_0_0_1_2            0.178190                                      # The average of read and write requests that are served in this DRAM element per memory cycle for level _0_0_1_2
         ramulator.active_cycles_0_0_1_3              755841                                      # Total active cycles for level _0_0_1_3
           ramulator.busy_cycles_0_0_1_3              755841                                      # (All-bank refresh only. busy cycles only include refresh time in rank level) The sum of cycles that the DRAM part is active or under refresh for level _0_0_1_3
      ramulator.serving_requests_0_0_1_3             1112961                                      # The sum of read and write requests that are served in this DRAM element per memory cycle for level _0_0_1_3
ramulator.average_serving_requests_0_0_1_3            0.182710                                      # The average of read and write requests that are served in this DRAM element per memory cycle for level _0_0_1_3
           ramulator.active_cycles_0_0_2             2445779                                      # Total active cycles for level _0_0_2
             ramulator.busy_cycles_0_0_2             2445779                                      # (All-bank refresh only. busy cycles only include refresh time in rank level) The sum of cycles that the DRAM part is active or under refresh for level _0_0_2
        ramulator.serving_requests_0_0_2             4349686                                      # The sum of read and write requests that are served in this DRAM element per memory cycle for level _0_0_2
ramulator.average_serving_requests_0_0_2            0.714071                                      # The average of read and write requests that are served in this DRAM element per memory cycle for level _0_0_2
         ramulator.active_cycles_0_0_2_0              855452                                      # Total active cycles for level _0_0_2_0
           ramulator.busy_cycles_0_0_2_0              855452                                      # (All-bank refresh only. busy cycles only include refresh time in rank level) The sum of cycles that the DRAM part is active or under refresh for level _0_0_2_0
      ramulator.serving_requests_0_0_2_0             1248526                                      # The sum of read and write requests that are served in this DRAM element per memory cycle for level _0_0_2_0
ramulator.average_serving_requests_0_0_2_0            0.204966                                      # The average of read and write requests that are served in this DRAM element per memory cycle for level _0_0_2_0
         ramulator.active_cycles_0_0_2_1              624213                                      # Total active cycles for level _0_0_2_1
           ramulator.busy_cycles_0_0_2_1              624213                                      # (All-bank refresh only. busy cycles only include refresh time in rank level) The sum of cycles that the DRAM part is active or under refresh for level _0_0_2_1
      ramulator.serving_requests_0_0_2_1              922410                                      # The sum of read and write requests that are served in this DRAM element per memory cycle for level _0_0_2_1
ramulator.average_serving_requests_0_0_2_1            0.151428                                      # The average of read and write requests that are served in this DRAM element per memory cycle for level _0_0_2_1
         ramulator.active_cycles_0_0_2_2              711413                                      # Total active cycles for level _0_0_2_2
           ramulator.busy_cycles_0_0_2_2              711413                                      # (All-bank refresh only. busy cycles only include refresh time in rank level) The sum of cycles that the DRAM part is active or under refresh for level _0_0_2_2
      ramulator.serving_requests_0_0_2_2             1041663                                      # The sum of read and write requests that are served in this DRAM element per memory cycle for level _0_0_2_2
ramulator.average_serving_requests_0_0_2_2            0.171006                                      # The average of read and write requests that are served in this DRAM element per memory cycle for level _0_0_2_2
         ramulator.active_cycles_0_0_2_3              765718                                      # Total active cycles for level _0_0_2_3
           ramulator.busy_cycles_0_0_2_3              765718                                      # (All-bank refresh only. busy cycles only include refresh time in rank level) The sum of cycles that the DRAM part is active or under refresh for level _0_0_2_3
      ramulator.serving_requests_0_0_2_3             1137087                                      # The sum of read and write requests that are served in this DRAM element per memory cycle for level _0_0_2_3
ramulator.average_serving_requests_0_0_2_3            0.186671                                      # The average of read and write requests that are served in this DRAM element per memory cycle for level _0_0_2_3
           ramulator.active_cycles_0_0_3             2390093                                      # Total active cycles for level _0_0_3
             ramulator.busy_cycles_0_0_3             2390093                                      # (All-bank refresh only. busy cycles only include refresh time in rank level) The sum of cycles that the DRAM part is active or under refresh for level _0_0_3
        ramulator.serving_requests_0_0_3             4252763                                      # The sum of read and write requests that are served in this DRAM element per memory cycle for level _0_0_3
ramulator.average_serving_requests_0_0_3            0.698159                                      # The average of read and write requests that are served in this DRAM element per memory cycle for level _0_0_3
         ramulator.active_cycles_0_0_3_0              760697                                      # Total active cycles for level _0_0_3_0
           ramulator.busy_cycles_0_0_3_0              760697                                      # (All-bank refresh only. busy cycles only include refresh time in rank level) The sum of cycles that the DRAM part is active or under refresh for level _0_0_3_0
      ramulator.serving_requests_0_0_3_0             1124017                                      # The sum of read and write requests that are served in this DRAM element per memory cycle for level _0_0_3_0
ramulator.average_serving_requests_0_0_3_0            0.184525                                      # The average of read and write requests that are served in this DRAM element per memory cycle for level _0_0_3_0
         ramulator.active_cycles_0_0_3_1              766791                                      # Total active cycles for level _0_0_3_1
           ramulator.busy_cycles_0_0_3_1              766791                                      # (All-bank refresh only. busy cycles only include refresh time in rank level) The sum of cycles that the DRAM part is active or under refresh for level _0_0_3_1
      ramulator.serving_requests_0_0_3_1             1126774                                      # The sum of read and write requests that are served in this DRAM element per memory cycle for level _0_0_3_1
ramulator.average_serving_requests_0_0_3_1            0.184978                                      # The average of read and write requests that are served in this DRAM element per memory cycle for level _0_0_3_1
         ramulator.active_cycles_0_0_3_2              639441                                      # Total active cycles for level _0_0_3_2
           ramulator.busy_cycles_0_0_3_2              639441                                      # (All-bank refresh only. busy cycles only include refresh time in rank level) The sum of cycles that the DRAM part is active or under refresh for level _0_0_3_2
      ramulator.serving_requests_0_0_3_2              947892                                      # The sum of read and write requests that are served in this DRAM element per memory cycle for level _0_0_3_2
ramulator.average_serving_requests_0_0_3_2            0.155612                                      # The average of read and write requests that are served in this DRAM element per memory cycle for level _0_0_3_2
         ramulator.active_cycles_0_0_3_3              714664                                      # Total active cycles for level _0_0_3_3
           ramulator.busy_cycles_0_0_3_3              714664                                      # (All-bank refresh only. busy cycles only include refresh time in rank level) The sum of cycles that the DRAM part is active or under refresh for level _0_0_3_3
      ramulator.serving_requests_0_0_3_3             1054080                                      # The sum of read and write requests that are served in this DRAM element per memory cycle for level _0_0_3_3
ramulator.average_serving_requests_0_0_3_3            0.173044                                      # The average of read and write requests that are served in this DRAM element per memory cycle for level _0_0_3_3
      ramulator.read_transaction_bytes_0            38817728                                      # The total byte of read transaction per channel
     ramulator.write_transaction_bytes_0            27461120                                      # The total byte of write transaction per channel
       ramulator.row_hits_channel_0_core              928025                                      # Number of row hits per channel per core
     ramulator.row_misses_channel_0_core               20675                                      # Number of row misses per channel per core
  ramulator.row_conflicts_channel_0_core               86907                                      # Number of row conflicts per channel per core
  ramulator.read_row_hits_channel_0_core              547848                                      # Number of row hits for read requests per channel per core
                                     [0]            547848.0                                      # 
ramulator.read_row_misses_channel_0_core               10652                                      # Number of row misses for read requests per channel per core
                                     [0]             10652.0                                      # 
ramulator.read_row_conflicts_channel_0_core               48027                                      # Number of row conflicts for read requests per channel per core
                                     [0]             48027.0                                      # 
 ramulator.write_row_hits_channel_0_core              380177                                      # Number of row hits for write requests per channel per core
                                     [0]            380177.0                                      # 
ramulator.write_row_misses_channel_0_core               10023                                      # Number of row misses for write requests per channel per core
                                     [0]             10023.0                                      # 
ramulator.write_row_conflicts_channel_0_core               38880                                      # Number of row conflicts for write requests per channel per core
                                     [0]             38880.0                                      # 
      ramulator.useless_activates_0_core                1414                                      # Number of useless activations. E.g, ACT -> PRE w/o RD or WR
            ramulator.read_latency_avg_0          215.540799                                      # The average memory latency cycles (in memory time domain) per request for all read requests in this channel
            ramulator.read_latency_sum_0           130734763                                      # The memory latency cycles (in memory time domain) sum for all read requests in this channel
        ramulator.req_queue_length_avg_0           35.462355                                      # Average of read and write queue length per memory cycle per channel.
        ramulator.req_queue_length_sum_0           216015144                                      # Sum of read and write queue length per memory cycle per channel.
   ramulator.read_req_queue_length_avg_0           21.270108                                      # Read queue length average per memory cycle per channel.
   ramulator.read_req_queue_length_sum_0           129564590                                      # Read queue length sum per memory cycle per channel.
  ramulator.write_req_queue_length_avg_0           14.192247                                      # Write queue length average per memory cycle per channel.
  ramulator.write_req_queue_length_sum_0            86450554                                      # Write queue length sum per memory cycle per channel.
              ramulator.record_read_hits                 0.0                                      # record read hit count for this core when it reaches request limit or to the end
                                     [0]                 0.0                                      # 
            ramulator.record_read_misses                 0.0                                      # record_read_miss count for this core when it reaches request limit or to the end
                                     [0]                 0.0                                      # 
         ramulator.record_read_conflicts                 0.0                                      # record read conflict count for this core when it reaches request limit or to the end
                                     [0]                 0.0                                      # 
             ramulator.record_write_hits                 0.0                                      # record write hit count for this core when it reaches request limit or to the end
                                     [0]                 0.0                                      # 
           ramulator.record_write_misses                 0.0                                      # record write miss count for this core when it reaches request limit or to the end
                                     [0]                 0.0                                      # 
        ramulator.record_write_conflicts                 0.0                                      # record write conflict for this core when it reaches request limit or to the end
                                     [0]                 0.0                                      # 
                 ramulator.dram_capacity          8589934592                                      # Number of bytes in simulated DRAM
                   ramulator.dram_cycles             6091393                                      # Number of DRAM cycles simulated
             ramulator.incoming_requests             1035639                                      # Number of incoming requests to DRAM
                 ramulator.read_requests              606543                                      # Number of incoming read requests to DRAM per core
                                     [0]            606543.0                                      # 
                ramulator.write_requests              429096                                      # Number of incoming write requests to DRAM per core
                                     [0]            429096.0                                      # 
       ramulator.ramulator_active_cycles             4979846                                      # The total number of cycles that the DRAM part is active (serving R/W)
 ramulator.incoming_requests_per_channel           1035639.0                                      # Number of incoming requests to each DRAM channel
                                     [0]           1035639.0                                      # 
ramulator.incoming_read_reqs_per_channel            606543.0                                      # Number of incoming read requests to each DRAM channel
                                     [0]            606543.0                                      # 
     ramulator.physical_page_replacement                   0                                      # The number of times that physical page replacement happens.
             ramulator.maximum_bandwidth         19200000000                                      # The theoretical maximum bandwidth (Bps)
          ramulator.in_queue_req_num_sum           216015144                                      # Sum of read/write queue length
     ramulator.in_queue_read_req_num_sum           129564590                                      # Sum of read queue length
    ramulator.in_queue_write_req_num_sum            86450554                                      # Sum of write queue length
          ramulator.in_queue_req_num_avg           35.462355                                      # Average of read/write queue length per memory cycle
     ramulator.in_queue_read_req_num_avg           21.270108                                      # Average of read queue length per memory cycle
    ramulator.in_queue_write_req_num_avg           14.192247                                      # Average of write queue length per memory cycle
          ramulator.record_read_requests                 0.0                                      # record read requests for this core when it reaches request limit or to the end
                                     [0]                 0.0                                      # 
         ramulator.record_write_requests                 0.0                                      # record write requests for this core when it reaches request limit or to the end
                                     [0]                 0.0                                      # 
