Scarab gitrev: 3541854
Scarab started at Mon Oct 21 23:32:55 2024

Initialized Ramulator. 
** Heartbeat:   5% -- { 1000000 } -- 0.00 KIPS (52.63 KIPS)
** Heartbeat:  10% -- { 2000000 } -- 55.56 KIPS (54.05 KIPS)
** Heartbeat:  15% -- { 3000003 } -- 62.50 KIPS (56.60 KIPS)
** Heartbeat:  20% -- { 4000004 } -- 45.45 KIPS (53.33 KIPS)
** Heartbeat:  25% -- { 5000008 } -- 43.48 KIPS (51.02 KIPS)
** Heartbeat:  30% -- { 6000008 } -- 45.45 KIPS (50.00 KIPS)
** Heartbeat:  35% -- { 7000011 } -- 50.00 KIPS (50.00 KIPS)
** Heartbeat:  40% -- { 8000013 } -- 55.56 KIPS (50.63 KIPS)
** Heartbeat:  45% -- { 9000017 } -- 45.45 KIPS (50.00 KIPS)
** Heartbeat:  50% -- { 10000018 } -- 62.50 KIPS (51.02 KIPS)
** Heartbeat:  55% -- { 11000018 } -- 52.63 KIPS (51.16 KIPS)
** Heartbeat:  60% -- { 12000018 } -- 55.56 KIPS (51.50 KIPS)
** Heartbeat:  65% -- { 13000018 } -- 50.00 KIPS (51.38 KIPS)
** Heartbeat:  70% -- { 14000019 } -- 38.46 KIPS (50.18 KIPS)
** Heartbeat:  75% -- { 15000023 } -- 55.56 KIPS (50.51 KIPS)
** Heartbeat:  80% -- { 16000026 } -- 45.45 KIPS (50.16 KIPS)
** Heartbeat:  85% -- { 17000026 } -- 62.50 KIPS (50.75 KIPS)
** Heartbeat:  90% -- { 18000026 } -- 50.00 KIPS (50.70 KIPS)
** Heartbeat:  95% -- { 19000026 } -- 50.00 KIPS (50.67 KIPS)
** Core 0 Finished:    insts:20000000    cycles:12175761    time:3804925312500       -- 1.64 IPC (1.64 IPC) --  N/A  KIPS (49.38 KIPS)
Scarab finished at Mon Oct 21 23:39:40 2024

