Scarab gitrev: 3541854
Scarab started at Tue Oct  8 21:43:48 2024

Initialized Ramulator. 
** Heartbeat:   5% -- { 1000006 } -- 0.00 KIPS (90.91 KIPS)
** Heartbeat:  10% -- { 2000012 } -- 50.00 KIPS (64.52 KIPS)
** Heartbeat:  15% -- { 3000016 } -- 62.50 KIPS (63.83 KIPS)
** Heartbeat:  20% -- { 4000016 } -- 71.43 KIPS (65.57 KIPS)
** Heartbeat:  25% -- { 5000016 } -- 76.92 KIPS (67.57 KIPS)
** Heartbeat:  30% -- { 6000025 } -- 58.82 KIPS (65.93 KIPS)
** Heartbeat:  35% -- { 7000025 } -- 50.00 KIPS (63.06 KIPS)
** Heartbeat:  40% -- { 8000025 } -- 50.00 KIPS (61.07 KIPS)
** Heartbeat:  45% -- { 9000030 } -- 52.63 KIPS (60.00 KIPS)
** Heartbeat:  50% -- { 10000032 } -- 62.50 KIPS (60.24 KIPS)
** Heartbeat:  55% -- { 11000034 } -- 47.62 KIPS (58.82 KIPS)
** Heartbeat:  60% -- { 12000040 } -- 66.67 KIPS (59.41 KIPS)
** Heartbeat:  65% -- { 13000045 } -- 35.71 KIPS (56.52 KIPS)
** Heartbeat:  70% -- { 14000046 } -- 52.63 KIPS (56.23 KIPS)
** Heartbeat:  75% -- { 15000050 } -- 71.43 KIPS (57.03 KIPS)
** Heartbeat:  80% -- { 16000056 } -- 58.82 KIPS (57.14 KIPS)
** Heartbeat:  85% -- { 17000057 } -- 62.50 KIPS (57.43 KIPS)
** Heartbeat:  90% -- { 18000061 } -- 43.48 KIPS (56.43 KIPS)
** Heartbeat:  95% -- { 19000061 } -- 47.62 KIPS (55.88 KIPS)
Warning could not fetch inst from frontend
Warning could not fetch inst from frontend
Warning could not fetch inst from frontend
Warning could not fetch inst from frontend
Warning could not fetch inst from frontend
Warning could not fetch inst from frontend
Warning could not fetch inst from frontend
Warning could not fetch inst from frontend
Warning could not fetch inst from frontend
Warning could not fetch inst from frontend
Warning could not fetch inst from frontend
Warning could not fetch inst from frontend
Warning could not fetch inst from frontend
Warning could not fetch inst from frontend
Warning could not fetch inst from frontend
Warning could not fetch inst from frontend
Warning could not fetch inst from frontend
Warning could not fetch inst from frontend
Warning could not fetch inst from frontend
Warning could not fetch inst from frontend
Warning could not fetch inst from frontend
Warning could not fetch inst from frontend
Warning could not fetch inst from frontend
Warning could not fetch inst from frontend
Warning could not fetch inst from frontend
Warning could not fetch inst from frontend
Warning could not fetch inst from frontend
Warning could not fetch inst from frontend
Warning could not fetch inst from frontend
Warning could not fetch inst from frontend
** Core 0 Finished:    insts:20000000    cycles:26305649    time:8220515312500       -- 0.76 IPC (0.76 IPC) --  N/A  KIPS (56.18 KIPS)
Scarab finished at Tue Oct  8 21:49:45 2024

