/* -*- Mode: c -*- */
####################################################################################################
Core 0
####################################################################################################
Cumulative:        Cycles: 16263455              Instructions: 20000000              IPC: 1.22975

Periodic:          Cycles: 8138411               Instructions: 9999998               IPC: 1.22874

EXECUTION_TIME                           2543253437500                  5082329687500              

NODE_CYCLE                                     8138411                       16263455              

NODE_INST_COUNT                                9999998                       20000000              

NODE_INST_COUNT_FETCHED                        9999998                       20000000              

NODE_UOP_COUNT                                10716472                       21430003              

FULL_WINDOW_STALL                              5951957       73.134%         11876746       73.027%

FULL_WINDOW_MEM_OP                             4100463       76.115%          8003743       74.730%
FULL_WINDOW_FP_OP                              1286744       23.885%          2706500       25.270%
FULL_WINDOW_OTHER_OP                                 1        0.000%                9        0.000%
                                               5387208      100.000%         10710252      100.000%
                                                  0.24         0.37              0.25         0.38

RET_BLOCKED_DC_MISS                             647588        7.957%          1490121        9.162%

RET_BLOCKED_L1_MISS                             558051        6.857%          1264359        7.774%

RET_BLOCKED_L1_MISS_BW_PREF                     546646        6.717%          1235302        7.596%

RET_BLOCKED_L1_ACCESS                            89884        1.104%           227030        1.396%

RET_BLOCKED_MEM_STALL                          3167824       38.924%          6193909       38.085%

RET_BLOCKED_OFFCHIP_DEMAND                           0        0.000%                0        0.000%

OP_ISSUED                                     10726337                       21540750              

OP_RETIRED                                    10716472                       21430003              

REPLAY_SIGNALED                                      0                              0              

REPLAY_COUNTED                                       0                              0              

OFF_CRITICAL_PATH                                    0         -nan%                0         -nan%
ON_CRITICAL_PATH                                     0         -nan%                0         -nan%
                                                     0         -nan%                0         -nan%
                                                  -nan         -nan              -nan         -nan

LD_NO_DEPENDENTS                                     0        0.000%                0        0.000%
LD_DEPENDENTS                                  2230820      100.000%          4470308      100.000%
                                               2230820      100.000%          4470308      100.000%
                                                  1.00         1.00              1.00         1.00

LD_EXEC_CYCLES_0                                     0        0.000%                0        0.000%
LD_EXEC_CYCLES_1                                     0        0.000%                0        0.000%
LD_EXEC_CYCLES_2                                     0        0.000%                0        0.000%
LD_EXEC_CYCLES_3                                    64       42.105%              153       42.857%
LD_EXEC_CYCLES_4                                    88       57.895%              204       57.143%
                                                   152      100.000%              357      100.000%
                                                  3.58         2.78              3.57         2.75

ICACHE_STAGE_STARVED                               298        0.013%             2239        0.050%
ICACHE_STAGE_NOT_STARVED                       2218666       99.987%          4437050       99.950%
                                               2218964      100.000%          4439289      100.000%
                                                  1.00         1.00              1.00         1.00

ICACHE_STAGE_STALLED                           5911520       72.637%         11729074       72.119%
ICACHE_STAGE_NOT_STALLED                       2218964       27.265%          4438323       27.290%
ICACHE_STAGE_OFF_PATH                             7927        0.097%            96058        0.591%
                                               8138411      100.000%         16263455      100.000%
                                                  0.27         0.38              0.28         0.40

DECODE_STAGE_STARVED                           8138410      100.000%         16263134       99.999%
DECODE_STAGE_NOT_STARVED                             1        0.000%               99        0.001%
                                               8138411      100.000%         16263233      100.000%
                                                  0.00         0.00              0.00         0.00

DECODE_STAGE_STALLED                                12        0.000%               12        0.000%
DECODE_STAGE_NOT_STALLED                       8138399      100.000%         16263221       99.999%
DECODE_STAGE_OFF_PATH                                0        0.000%              222        0.001%
                                               8138411      100.000%         16263455      100.000%
                                                  1.00         0.00              1.00         0.01

UOPQ_STAGE_STARVED                                3212        0.145%            30676        0.691%
UOPQ_STAGE_NOT_STARVED                         2215875       99.855%          4409829       99.309%
                                               2219087      100.000%          4440505      100.000%
                                                  1.00         1.00              0.99         0.99

UOPQ_STAGE_STALLED                             5911520       72.637%         11729395       72.121%
UOPQ_STAGE_NOT_STALLED                         2219087       27.267%          4440505       27.304%
UOPQ_STAGE_OFF_PATH                               7804        0.096%            93555        0.575%
                                               8138411      100.000%         16263455      100.000%
                                                  0.27         0.38              0.28         0.40

MAP_STAGE_STARVED                                  318        0.004%             1710        0.011%
MAP_STAGE_NOT_STARVED                          8131367       99.996%         16179545       99.989%
                                               8131685      100.000%         16181255      100.000%
                                                  1.00         1.00              1.00         1.00

MAP_STAGE_STALLED                              5912637       72.651%         11741994       72.199%
MAP_STAGE_NOT_STALLED                          2219048       27.266%          4439261       27.296%
MAP_STAGE_OFF_PATH                                6726        0.083%            82200        0.505%
                                               8138411      100.000%         16263455      100.000%
                                                  0.27         0.38              0.28         0.39

EXEC_STAGE_STARVED                              861449       10.585%          1998021       12.285%
EXEC_STAGE_NOT_STARVED                         7273575       89.373%         14226301       87.474%
EXEC_STAGE_OFF_PATH                               3387        0.042%            39133        0.241%
                                               8138411      100.000%         16263455      100.000%
                                                  0.89         0.10              0.88         0.13

FU_BUSY_0                                      4081150                        8156282              

FU_BUSY_1                                      2651581                        5301430              

FU_BUSY_2                                      2121109                        4167906              

FU_BUSY_3                                      2166837                        4239070              

FU_BUSY_4                                      2111384                        4223294              

FU_BUSY_5                                       136446                         271182              

FU_BUSY_6                                      5066780                        9711391              

FU_BUSY_7                                      5075024                        9726328              

FU_BUSY_8                                            0                              0              

FU_BUSY_9                                            0                              0              

FU_BUSY_10                                           0                              0              

FU_BUSY_11                                           0                              0              

FU_BUSY_12                                           0                              0              

FU_BUSY_13                                           0                              0              

FU_BUSY_14                                           0                              0              

FU_BUSY_15                                           0                              0              

FU_BUSY_16                                           0                              0              

FU_BUSY_17                                           0                              0              

FU_BUSY_18                                           0                              0              

FU_BUSY_19                                           0                              0              

FU_BUSY_20                                           0                              0              

FU_BUSY_21                                           0                              0              

FU_BUSY_22                                           0                              0              

FU_BUSY_23                                           0                              0              

FU_BUSY_24                                           0                              0              

FU_BUSY_25                                           0                              0              

FU_BUSY_26                                           0                              0              

FU_BUSY_27                                           0                              0              

FU_BUSY_28                                           0                              0              

FU_BUSY_29                                           0                              0              

FU_BUSY_30                                           0                              0              

FU_BUSY_31                                           0                              0              

FU_REJECTED_OP_INV_NOT_SIMD                          0        0.000%                0        0.000%
FU_REJECTED_OP_NOP_NOT_SIMD                          0        0.000%                0        0.000%
FU_REJECTED_OP_CF_NOT_SIMD                          18        0.000%              180        0.001%
FU_REJECTED_OP_MOV_NOT_SIMD                          0        0.000%                0        0.000%
FU_REJECTED_OP_CMOV_NOT_SIMD                         0        0.000%                0        0.000%
FU_REJECTED_OP_LDA_NOT_SIMD                          0        0.000%                0        0.000%
FU_REJECTED_OP_IMEM_NOT_SIMD                       399        0.003%             1216        0.005%
FU_REJECTED_OP_IADD_NOT_SIMD                         0        0.000%                0        0.000%
FU_REJECTED_OP_IMUL_NOT_SIMD                         0        0.000%                0        0.000%
FU_REJECTED_OP_IDIV_NOT_SIMD                         0        0.000%                0        0.000%
FU_REJECTED_OP_ICMP_NOT_SIMD                         0        0.000%                0        0.000%
FU_REJECTED_OP_LOGIC_NOT_SIMD                        0        0.000%                0        0.000%
FU_REJECTED_OP_SHIFT_NOT_SIMD                        7        0.000%               95        0.000%
FU_REJECTED_OP_FMEM_NOT_SIMD                         0        0.000%                0        0.000%
FU_REJECTED_OP_FCVT_NOT_SIMD                         0        0.000%                0        0.000%
FU_REJECTED_OP_FADD_NOT_SIMD                         0        0.000%                0        0.000%
FU_REJECTED_OP_FMUL_NOT_SIMD                         0        0.000%                0        0.000%
FU_REJECTED_OP_FMA_NOT_SIMD                          0        0.000%                0        0.000%
FU_REJECTED_OP_FDIV_NOT_SIMD                         0        0.000%                0        0.000%
FU_REJECTED_OP_FCMP_NOT_SIMD                         0        0.000%                0        0.000%
FU_REJECTED_OP_FCMOV_NOT_SIMD                        0        0.000%                0        0.000%
FU_REJECTED_OP_GATHER_NOT_SIMD                       0        0.000%                0        0.000%
FU_REJECTED_OP_SCATTER_NOT_SIMD                      0        0.000%                0        0.000%
FU_REJECTED_OP_PIPELINED_FAST_NOT_SIMD               0        0.000%                0        0.000%
FU_REJECTED_OP_PIPELINED_MEDIUM_NOT_SIMD             0        0.000%                0        0.000%
FU_REJECTED_OP_PIPELINED_SLOW_NOT_SIMD               0        0.000%                0        0.000%
FU_REJECTED_OP_NOTPIPELINED_MEDIUM_NOT_SIMD             0        0.000%                0        0.000%
FU_REJECTED_OP_NOTPIPELINED_SLOW_NOT_SIMD             0        0.000%                0        0.000%
FU_REJECTED_OP_NOTPIPELINED_VERY_SLOW_NOT_SIMD             0        0.000%                0        0.000%
FU_REJECTED_OP_INV_SIMD                              0        0.000%                0        0.000%
FU_REJECTED_OP_NOP_SIMD                              0        0.000%                0        0.000%
FU_REJECTED_OP_CF_SIMD                               0        0.000%                0        0.000%
FU_REJECTED_OP_MOV_SIMD                              0        0.000%                0        0.000%
FU_REJECTED_OP_CMOV_SIMD                             0        0.000%                0        0.000%
FU_REJECTED_OP_LDA_SIMD                              0        0.000%                0        0.000%
FU_REJECTED_OP_IMEM_SIMD                             0        0.000%                0        0.000%
FU_REJECTED_OP_IADD_SIMD                             0        0.000%                0        0.000%
FU_REJECTED_OP_IMUL_SIMD                             0        0.000%                0        0.000%
FU_REJECTED_OP_IDIV_SIMD                             0        0.000%                0        0.000%
FU_REJECTED_OP_ICMP_SIMD                             0        0.000%                0        0.000%
FU_REJECTED_OP_LOGIC_SIMD                            0        0.000%                0        0.000%
FU_REJECTED_OP_SHIFT_SIMD                            0        0.000%                0        0.000%
FU_REJECTED_OP_FMEM_SIMD                             0        0.000%                0        0.000%
FU_REJECTED_OP_FCVT_SIMD                       2042977       16.548%          3890828       16.468%
FU_REJECTED_OP_FADD_SIMD                       8668976       70.217%         16470645       69.713%
FU_REJECTED_OP_FMUL_SIMD                             0        0.000%                0        0.000%
FU_REJECTED_OP_FMA_SIMD                         120906        0.979%           232230        0.983%
FU_REJECTED_OP_FDIV_SIMD                        459613        3.723%           929624        3.935%
FU_REJECTED_OP_FCMP_SIMD                             0        0.000%                0        0.000%
FU_REJECTED_OP_FCMOV_SIMD                      1053106        8.530%          2101598        8.895%
FU_REJECTED_OP_GATHER_SIMD                           0        0.000%                0        0.000%
FU_REJECTED_OP_SCATTER_SIMD                          0        0.000%                0        0.000%
FU_REJECTED_OP_PIPELINED_FAST_SIMD                   0        0.000%                0        0.000%
FU_REJECTED_OP_PIPELINED_MEDIUM_SIMD                 0        0.000%                0        0.000%
FU_REJECTED_OP_PIPELINED_SLOW_SIMD                   0        0.000%                0        0.000%
FU_REJECTED_OP_NOTPIPELINED_MEDIUM_SIMD              0        0.000%                0        0.000%
FU_REJECTED_OP_NOTPIPELINED_SLOW_SIMD                0        0.000%                0        0.000%
FU_REJECTED_OP_NOTPIPELINED_VERY_SLOW_SIMD             0        0.000%                0        0.000%
                                              12346002      100.000%         23626416      100.000%
                                                 44.39         1.60             44.42         1.64

OP_WAIT_0                                      5493426                       10965718              

OP_WAIT_1                                      1009870                        2032103              

OP_WAIT_2                                       601632                        1219745              

OP_WAIT_3                                       255550                         516594              

OP_WAIT_4                                       237825                         479107              

OP_WAIT_5                                       209695                         424275              

OP_WAIT_6                                       119755                         238824              

OP_WAIT_7                                        76302                         154584              

OP_WAIT_8                                       141565                         289421              

OP_WAIT_9                                       117377                         238344              

OP_WAIT_10                                       64597                         129977              

OP_WAIT_11                                       85069                         174149              

OP_WAIT_12                                       37877                          75183              

OP_WAIT_13                                       23658                          46199              

OP_WAIT_14                                       24187                          46425              

OP_WAIT_15                                       50533                          98878              

OP_WAIT_16                                       20397                          38828              

OP_WAIT_17                                       17647                          34040              

OP_WAIT_18                                       21665                          42809              

OP_WAIT_19                                       19602                          37449              

OP_WAIT_20                                       51228                         100680              

OP_WAIT_21                                       19776                          38972              

OP_WAIT_22                                       16390                          31175              

OP_WAIT_23                                       23241                          44172              

OP_WAIT_24                                       34398                          68086              

OP_WAIT_25                                       21540                          42834              

OP_WAIT_26                                       24314                          48985              

OP_WAIT_27                                       22929                          45109              

OP_WAIT_28                                       16689                          32059              

OP_WAIT_29                                       15729                          31874              

OP_WAIT_30                                       12765                          24468              

OP_WAIT_31                                     1829244                        3638937              

ROW_SIZE_0                                     5984033                       11933761              

ROW_SIZE_1                                      160661                         323575              

ROW_SIZE_2                                      160017                         332271              

ROW_SIZE_3                                      138100                         299132              

ROW_SIZE_4                                      143654                         284535              

ROW_SIZE_5                                       64791                         129072              

ROW_SIZE_6                                     1487151                        2960165              

ROW_SIZE_7                                           0                              0              

ROW_SIZE_8                                           0                              0              

ROW_SIZE_9                                           0                              0              

ROW_SIZE_10                                          0                              0              

ROW_SIZE_11                                          0                              0              

ROW_SIZE_12                                          0                              0              

ROW_SIZE_13                                          0                              0              

ROW_SIZE_14                                          0                              0              

ROW_SIZE_15                                          0                              0              

ROW_SIZE_16                                          0                              0              

ROW_SIZE_17                                          0                              0              

ROW_SIZE_18                                          0                              0              

ROW_SIZE_19                                          0                              0              

ROW_SIZE_20                                          0                              0              

ROW_SIZE_21                                          0                              0              

ROW_SIZE_22                                          0                              0              

ROW_SIZE_23                                          0                              0              

ROW_SIZE_24                                          0                              0              

ROW_SIZE_25                                          0                              0              

ROW_SIZE_26                                          0                              0              

ROW_SIZE_27                                          0                              0              

ROW_SIZE_28                                          0                              0              

ROW_SIZE_29                                          0                              0              

ROW_SIZE_30                                          0                              0              

ROW_SIZE_31                                          0                              0              

RET_OP_EXEC_COUNT_0                                  0        0.000%                0        0.000%
RET_OP_EXEC_COUNT_1                           10716472      100.000%         21430003      100.000%
RET_OP_EXEC_COUNT_2                                  0        0.000%                0        0.000%
RET_OP_EXEC_COUNT_3                                  0        0.000%                0        0.000%
RET_OP_EXEC_COUNT_4                                  0        0.000%                0        0.000%
RET_OP_EXEC_COUNT_5                                  0        0.000%                0        0.000%
RET_OP_EXEC_COUNT_6                                  0        0.000%                0        0.000%
RET_OP_EXEC_COUNT_7                                  0        0.000%                0        0.000%
RET_OP_EXEC_COUNT_8                                  0        0.000%                0        0.000%
RET_OP_EXEC_COUNT_9                                  0        0.000%                0        0.000%
RET_OP_EXEC_COUNT_10                                 0        0.000%                0        0.000%
RET_OP_EXEC_COUNT_11                                 0        0.000%                0        0.000%
RET_OP_EXEC_COUNT_12                                 0        0.000%                0        0.000%
RET_OP_EXEC_COUNT_13                                 0        0.000%                0        0.000%
RET_OP_EXEC_COUNT_14                                 0        0.000%                0        0.000%
RET_OP_EXEC_COUNT_15                                 0        0.000%                0        0.000%
RET_OP_EXEC_COUNT_16                                 0        0.000%                0        0.000%
RET_OP_EXEC_COUNT_17                                 0        0.000%                0        0.000%
RET_OP_EXEC_COUNT_18                                 0        0.000%                0        0.000%
RET_OP_EXEC_COUNT_19                                 0        0.000%                0        0.000%
RET_OP_EXEC_COUNT_20                                 0        0.000%                0        0.000%
RET_OP_EXEC_COUNT_21                                 0        0.000%                0        0.000%
RET_OP_EXEC_COUNT_22                                 0        0.000%                0        0.000%
RET_OP_EXEC_COUNT_23                                 0        0.000%                0        0.000%
RET_OP_EXEC_COUNT_24                                 0        0.000%                0        0.000%
RET_OP_EXEC_COUNT_25                                 0        0.000%                0        0.000%
RET_OP_EXEC_COUNT_26                                 0        0.000%                0        0.000%
RET_OP_EXEC_COUNT_27                                 0        0.000%                0        0.000%
RET_OP_EXEC_COUNT_28                                 0        0.000%                0        0.000%
RET_OP_EXEC_COUNT_29                                 0        0.000%                0        0.000%
RET_OP_EXEC_COUNT_30                                 0        0.000%                0        0.000%
RET_OP_EXEC_COUNT_31                                 0        0.000%                0        0.000%
RET_OP_EXEC_COUNT_32                                 0        0.000%                0        0.000%
                                              10716472      100.000%         21430003      100.000%
                                                  1.00         0.00              1.00         0.00

RET_STALL_LENGTH_0                            10709965       99.939%         21417448       99.941%
RET_STALL_LENGTH_100                              5563        0.052%            10411        0.049%
RET_STALL_LENGTH_200                               144        0.001%              312        0.001%
RET_STALL_LENGTH_300                               150        0.001%              377        0.002%
RET_STALL_LENGTH_400                               187        0.002%              424        0.002%
RET_STALL_LENGTH_500                               159        0.001%              353        0.002%
RET_STALL_LENGTH_600                                87        0.001%              221        0.001%
RET_STALL_LENGTH_700                                74        0.001%              161        0.001%
RET_STALL_LENGTH_800                                49        0.000%              102        0.000%
RET_STALL_LENGTH_900                                21        0.000%               44        0.000%
RET_STALL_LENGTH_1000                               14        0.000%               24        0.000%
RET_STALL_LENGTH_1100                               13        0.000%               25        0.000%
RET_STALL_LENGTH_1200                               12        0.000%               20        0.000%
RET_STALL_LENGTH_1300                                5        0.000%               18        0.000%
RET_STALL_LENGTH_1400                                8        0.000%               13        0.000%
RET_STALL_LENGTH_1500                                5        0.000%                8        0.000%
RET_STALL_LENGTH_1600                                5        0.000%                7        0.000%
RET_STALL_LENGTH_1700                                6        0.000%               19        0.000%
RET_STALL_LENGTH_1800                                1        0.000%                5        0.000%
RET_STALL_LENGTH_1900                                1        0.000%                5        0.000%
RET_STALL_LENGTH_2000                                1        0.000%                1        0.000%
RET_STALL_LENGTH_2100                                0        0.000%                1        0.000%
RET_STALL_LENGTH_2200                                0        0.000%                0        0.000%
RET_STALL_LENGTH_2300                                1        0.000%                2        0.000%
RET_STALL_LENGTH_2400                                0        0.000%                0        0.000%
RET_STALL_LENGTH_2500                                0        0.000%                0        0.000%
RET_STALL_LENGTH_2600                                1        0.000%                2        0.000%
RET_STALL_LENGTH_2700                                0        0.000%                0        0.000%
RET_STALL_LENGTH_2800                                0        0.000%                0        0.000%
RET_STALL_LENGTH_2900                                0        0.000%                0        0.000%
RET_STALL_LENGTH_3000                                0        0.000%                0        0.000%
RET_STALL_LENGTH_3100                                0        0.000%                0        0.000%
RET_STALL_LENGTH_3200                                0        0.000%                0        0.000%
RET_STALL_LENGTH_3300                                0        0.000%                0        0.000%
RET_STALL_LENGTH_3400                                0        0.000%                0        0.000%
RET_STALL_LENGTH_3500                                0        0.000%                0        0.000%
RET_STALL_LENGTH_3600                                0        0.000%                0        0.000%
RET_STALL_LENGTH_3700                                0        0.000%                0        0.000%
RET_STALL_LENGTH_3800                                0        0.000%                0        0.000%
RET_STALL_LENGTH_3900                                0        0.000%                0        0.000%
RET_STALL_LENGTH_4000                                0        0.000%                0        0.000%
RET_STALL_LENGTH_4100                                0        0.000%                0        0.000%
RET_STALL_LENGTH_4200                                0        0.000%                0        0.000%
RET_STALL_LENGTH_4300                                0        0.000%                0        0.000%
RET_STALL_LENGTH_4400                                0        0.000%                0        0.000%
RET_STALL_LENGTH_4500                                0        0.000%                0        0.000%
RET_STALL_LENGTH_4600                                0        0.000%                0        0.000%
RET_STALL_LENGTH_4700                                0        0.000%                0        0.000%
RET_STALL_LENGTH_4800                                0        0.000%                0        0.000%
RET_STALL_LENGTH_4900                                0        0.000%                0        0.000%
RET_STALL_LENGTH_5000                                0        0.000%                0        0.000%
                                              10716472      100.000%         21430003      100.000%
                                                  0.00         0.06              0.00         0.06

MEM_BLOCK_LENGTH_0                               66907       84.004%           129655       84.422%
MEM_BLOCK_LENGTH_100                              7367        9.250%            13790        8.979%
MEM_BLOCK_LENGTH_200                              2715        3.409%             5152        3.355%
MEM_BLOCK_LENGTH_300                              1977        2.482%             3639        2.369%
MEM_BLOCK_LENGTH_400                               477        0.599%              920        0.599%
MEM_BLOCK_LENGTH_500                                86        0.108%              166        0.108%
MEM_BLOCK_LENGTH_600                                39        0.049%               87        0.057%
MEM_BLOCK_LENGTH_700                                37        0.046%               76        0.049%
MEM_BLOCK_LENGTH_800                                23        0.029%               45        0.029%
MEM_BLOCK_LENGTH_900                                 8        0.010%               14        0.009%
MEM_BLOCK_LENGTH_1000                                4        0.005%                9        0.006%
MEM_BLOCK_LENGTH_1100                                1        0.001%                7        0.005%
MEM_BLOCK_LENGTH_1200                                1        0.001%                4        0.003%
MEM_BLOCK_LENGTH_1300                                1        0.001%                4        0.003%
MEM_BLOCK_LENGTH_1400                                0        0.000%                1        0.001%
MEM_BLOCK_LENGTH_1500                                1        0.001%                5        0.003%
MEM_BLOCK_LENGTH_1600                                0        0.000%                0        0.000%
MEM_BLOCK_LENGTH_1700                                1        0.001%                4        0.003%
MEM_BLOCK_LENGTH_1800                                0        0.000%                0        0.000%
MEM_BLOCK_LENGTH_1900                                1        0.001%                1        0.001%
MEM_BLOCK_LENGTH_2000                                1        0.001%                1        0.001%
MEM_BLOCK_LENGTH_2100                                0        0.000%                0        0.000%
MEM_BLOCK_LENGTH_2200                                0        0.000%                0        0.000%
MEM_BLOCK_LENGTH_2300                                0        0.000%                0        0.000%
MEM_BLOCK_LENGTH_2400                                0        0.000%                0        0.000%
MEM_BLOCK_LENGTH_2500                                0        0.000%                0        0.000%
MEM_BLOCK_LENGTH_2600                                0        0.000%                0        0.000%
MEM_BLOCK_LENGTH_2700                                0        0.000%                0        0.000%
MEM_BLOCK_LENGTH_2800                                0        0.000%                0        0.000%
MEM_BLOCK_LENGTH_2900                                0        0.000%                0        0.000%
MEM_BLOCK_LENGTH_3000                                0        0.000%                0        0.000%
MEM_BLOCK_LENGTH_3100                                0        0.000%                0        0.000%
MEM_BLOCK_LENGTH_3200                                0        0.000%                0        0.000%
MEM_BLOCK_LENGTH_3300                                0        0.000%                0        0.000%
MEM_BLOCK_LENGTH_3400                                0        0.000%                0        0.000%
MEM_BLOCK_LENGTH_3500                                0        0.000%                0        0.000%
MEM_BLOCK_LENGTH_3600                                0        0.000%                0        0.000%
MEM_BLOCK_LENGTH_3700                                0        0.000%                0        0.000%
MEM_BLOCK_LENGTH_3800                                0        0.000%                0        0.000%
MEM_BLOCK_LENGTH_3900                                0        0.000%                0        0.000%
MEM_BLOCK_LENGTH_4000                                0        0.000%                0        0.000%
MEM_BLOCK_LENGTH_4100                                0        0.000%                0        0.000%
MEM_BLOCK_LENGTH_4200                                0        0.000%                0        0.000%
MEM_BLOCK_LENGTH_4300                                0        0.000%                0        0.000%
MEM_BLOCK_LENGTH_4400                                0        0.000%                0        0.000%
MEM_BLOCK_LENGTH_4500                                0        0.000%                0        0.000%
MEM_BLOCK_LENGTH_4600                                0        0.000%                0        0.000%
MEM_BLOCK_LENGTH_4700                                0        0.000%                0        0.000%
MEM_BLOCK_LENGTH_4800                                0        0.000%                0        0.000%
MEM_BLOCK_LENGTH_4900                                0        0.000%                0        0.000%
MEM_BLOCK_LENGTH_5000                                0        0.000%                0        0.000%
                                                 79647      100.000%           153580      100.000%
                                                  0.28         0.73              0.27         0.73

FUS_BUSY_ON_PATH                              23405832        2.8760         45747461        2.8129

FUS_BUSY_OFF_PATH                                 4479        0.0006            49422        0.0030

FU_BUSY_MEM_STALL                             11057014        1.3586         21066818        1.2953

FUS_EMPTY                                     41696977        5.1235         84310757        5.1841

FU_UNAVAILABLE                                 1633651        0.2007          3263743        0.2007

FU_MEM_UNAVAILABLE                            10712351        1.3163         20362673        1.2521

FU_REPLAY                                            0        0.0000                0        0.0000

FU_STARVED                                    41696897        5.1235         84310025        5.1840

CHIP_UTILIZATION                                     0        0.0000                0        0.0000

CYCLES_UNDER_MEM_REQ                                 0                              0              

CYCLES_UNDER_NO_MEM_REQ                              0                              0              

CYCLES_UNDER_CRITICAL_MEM_REQ                        0                              0              

CYCLES_UNDER_NONCRITICAL_MEM_REQ                     0                              0              

CHIP_UTILIZATION_UNDER_MEM_REQ                       0          -nan                0          -nan

CHIP_UTILIZATION_UNDER_NO_MEM_REQ                    0          -nan                0          -nan

CHIP_UTILIZATION_UNDER_CRITICAL_MEM_REQ              0          -nan                0          -nan

CHIP_UTILIZATION_UNDER_NONCRITICAL_MEM_REQ             0          -nan                0          -nan

CYCLES_NOT_WAITING_FOR_OFF_CHIP                      0        0.0000                0        0.0000

FUS_BUSY_NOT_WAITING_FOR_OFF_CHIP                    0          -nan                0          -nan

CYCLES_WAITING_FOR_OFF_CHIP                          0        0.0000                0        0.0000

FUS_BUSY_WAITING_FOR_OFF_CHIP                        0          -nan                0          -nan

TOTAL_OFF_CHIP_DELAYS_LEFT                           0                              0              

WRONG_IO_SCHED                                       0                              0              

DVFS_CONFIG_SWITCH                                   0                              0              

MAP_STAGE_RECEIVED_OPS_0                             0        0.000%                0        0.000%
MAP_STAGE_RECEIVED_OPS_1                        343894       15.500%           686398       15.469%
MAP_STAGE_RECEIVED_OPS_2                        114647        5.167%           228888        5.158%
MAP_STAGE_RECEIVED_OPS_3                         31060        1.400%            63580        1.433%
MAP_STAGE_RECEIVED_OPS_4                         60931        2.746%           124281        2.801%
MAP_STAGE_RECEIVED_OPS_5                        202996        9.149%           406964        9.172%
MAP_STAGE_RECEIVED_OPS_6                       1465162       66.037%          2927033       65.967%
MAP_STAGE_RECEIVED_OPS_7                             0        0.000%                0        0.000%
MAP_STAGE_RECEIVED_OPS_8                             0        0.000%                0        0.000%
MAP_STAGE_RECEIVED_OPS_MAX                           0        0.000%                0        0.000%
                                               2218690      100.000%          4437144      100.000%
                                                  4.83         1.91              4.83         1.91

MAP_STAGE_WAIT_FOR_DECODE                            0         -nan%                0         -nan%
MAP_STAGE_CONSUME_DECODE                             0         -nan%                0         -nan%
                                                     0         -nan%                0         -nan%
                                                  -nan         -nan              -nan         -nan

MAP_STAGE_WAIT_FOR_DECODE2                           0         -nan%                0         -nan%
MAP_STAGE_CONSUME_DECODE2                            0         -nan%                0         -nan%
                                                     0         -nan%                0         -nan%
                                                  -nan         -nan              -nan         -nan

FTQ_RECOVER_EXEC                                    40                            407              

FTQ_RECOVER_DECODE                                   0                              1              

FTQ_OFFPATH_CYCLES                               18986                         201016              

FTQ_CYCLES_OFFPATH                               18946                         201734              

FTQ_CYCLES_ONPATH                              8119465                       16061721              

FTQ_FETCHED_INS_OFFPATH                          23861                         240982              

FTQ_FETCHED_INS_ONPATH                        10715653                       21429595              

FTQ_BREAK_FULL_FT_ONPATH                       8118187       99.991%         16053800       99.957%
FTQ_BREAK_MAX_CFS_TAKEN_ONPATH                       9        0.000%              108        0.001%
FTQ_BREAK_MAX_BYTES_ONPATH                         700        0.009%             6876        0.043%
FTQ_BREAK_PRED_BR_ONPATH                             0        0.000%                0        0.000%
FTQ_BREAK_BAR_FETCH_ONPATH                           0        0.000%                0        0.000%
                                               8118896      100.000%         16060784      100.000%
                                                  0.00         0.02              0.00         0.04

FTQ_BREAK_FULL_FT_OFFPATH                        18974       99.937%           201752       99.807%
FTQ_BREAK_MAX_CFS_TAKEN_OFFPATH                      0        0.000%               10        0.005%
FTQ_BREAK_MAX_BYTES_OFFPATH                         12        0.063%              380        0.188%
FTQ_BREAK_PRED_BR_OFFPATH                            0        0.000%                0        0.000%
FTQ_BREAK_BAR_FETCH_OFFPATH                          0        0.000%                0        0.000%
                                                 18986      100.000%           202142      100.000%
                                                  0.00         0.05              0.00         0.09



