/* -*- Mode: c -*- */
####################################################################################################
Core 0
####################################################################################################
Cumulative:        Cycles: 16263455              Instructions: 20000000              IPC: 1.22975

Periodic:          Cycles: 8138411               Instructions: 9999998               IPC: 1.22874

DCACHE_PREF_HIT                                      0                              0              

IFETCH_WB_FIRST_SCHEDULE                             0         -nan%                0         -nan%
PREFETCH_LAST_SCHEDULE                               0         -nan%                0         -nan%
DEMAND_PASS_PREF_SCHEDULE                            0         -nan%                0         -nan%
DEMAND_PASS_LOW_OP_SCHEDULE                          0         -nan%                0         -nan%
DEMAND_LAST_SCHEDULE                                 0         -nan%                0         -nan%
                                                     0         -nan%                0         -nan%
                                                  -nan         -nan              -nan         -nan

SEND_MISS_REQ_QUEUE                             298632                         606532              

L1_DATA_EVICT                                   298630                         573738              

STREAM_BUFFER_REQ                                    0                              0              

PREF_SEND_TO_MEM_REQ                                 0         -nan%                0         -nan%
PREF_SEND_TO_MEM_REQ_FAIL                            0         -nan%                0         -nan%
                                                     0         -nan%                0         -nan%
                                                  -nan         -nan              -nan         -nan

HIT_TRAIN_STREAM                                253768       99.436%           513868       98.501%
MISS_TRAIN_STREAM                                 1439        0.564%             7818        1.499%
                                                255207      100.000%           521686      100.000%
                                                  0.01         0.07              0.01         0.12

STREAM_TRAIN_CREATE                                399                           2065              

MEM_REQ_MISS_HWP_PREF_Q                              0         -nan%                0         -nan%
MEM_REQ_MISS_SW_PREF_Q                               0         -nan%                0         -nan%
MEM_REQ_MISS_IFETCH_Q                                0         -nan%                0         -nan%
MEM_REQ_MISS_DFETCH_Q                                0         -nan%                0         -nan%
MEM_REQ_MISS_DSTORE_Q                                0         -nan%                0         -nan%
MEM_REQ_MISS_DPRF_Q                                  0         -nan%                0         -nan%
MEM_REQ_MISS_WB_Q                                    0         -nan%                0         -nan%
                                                     0         -nan%                0         -nan%
                                                  -nan         -nan              -nan         -nan

PREF_HIT_BY_DEMAND_IFETCH                            0         -nan%                0         -nan%
PREF_HIT_BY_DEMAND_DFETCH                            0         -nan%                0         -nan%
PREF_HIT_BY_DEMAND_DSTORE                            0         -nan%                0         -nan%
PREF_HIT_BY_DEMAND_IPREF                             0         -nan%                0         -nan%
PREF_HIT_BY_DEMAND_DPRF                              0         -nan%                0         -nan%
PREF_HIT_BY_DEMAND_WB                                0         -nan%                0         -nan%
PREF_HIT_BY_PREF                                     0         -nan%                0         -nan%
                                                     0         -nan%                0         -nan%
                                                  -nan         -nan              -nan         -nan

PREF_HIT_DEMAND_IFETCH                               0         -nan%                0         -nan%
PREF_HIT_DEMAND_DFETCH                               0         -nan%                0         -nan%
PREF_HIT_DEMAND_DSTORE                               0         -nan%                0         -nan%
PREF_HIT_DEMAND_IPREF                                0         -nan%                0         -nan%
PREF_HIT_DEMAND_DPRF                                 0         -nan%                0         -nan%
PREF_HIT_DEMAND_WB                                   0         -nan%                0         -nan%
                                                     0         -nan%                0         -nan%
                                                  -nan         -nan              -nan         -nan

PREF_L1_FILL                                         0         -nan%                0         -nan%
DEMAND_L1_FILL                                       0         -nan%                0         -nan%
                                                     0         -nan%                0         -nan%
                                                  -nan         -nan              -nan         -nan

TOUCH_L1_REPLACE                                     0        0.000%                0        0.000%
NO_TOUCH_L1_REPLACE                             298630      100.000%           573738      100.000%
                                                298630      100.000%           573738      100.000%
                                                  1.00         1.00              1.00         1.00

PREF_REQ_QUE_FULL                                    0                              0              

STREAM_REQ_QUEUE_HIT_BY_DEMAND                       0                              0              

L2HIT_STREAM_PREF_REQ_QUE_FULL                       0                              0              

L2HIT_HIT_TRAIN_STREAM                               0         -nan%                0         -nan%
L2HIT_MISS_TRAIN_STREAM                              0         -nan%                0         -nan%
                                                     0         -nan%                0         -nan%
                                                  -nan         -nan              -nan         -nan

L2HIT_STREAM_TRAIN_CREATE                            0                              0              

L2HIT_STREAM_BUFFER_REQ                              0                              0              

L2HIT_STREAM_PREF_DCACHE_HIT                         0         -nan%                0         -nan%
L2HIT_STREAM_PREF_DCACHE_INSERT                      0         -nan%                0         -nan%
L2HIT_STREAM_L2_MISS                                 0         -nan%                0         -nan%
                                                     0         -nan%                0         -nan%
                                                  -nan         -nan              -nan         -nan

L2HIT_STREAM_DCACHE_PORT_FULL                        0                              0              

L2HIT_STREAM_PREF_L1_PORT_FULL                       0                              0              

L2HIT_TRAIN_HIT_DEMAND                               0         -nan%                0         -nan%
L2HIT_TRAIN_MISS_REQ                                 0         -nan%                0         -nan%
                                                     0         -nan%                0         -nan%
                                                  -nan         -nan              -nan         -nan

L2HIT_TRAIN_FILTER_MISS                              0         -nan%                0         -nan%
L2HIT_TRAIN_FILTER_HIT                               0         -nan%                0         -nan%
                                                     0         -nan%                0         -nan%
                                                  -nan         -nan              -nan         -nan

L2HIT_PREF_REQ_DCACHE_HIT                            0         -nan%                0         -nan%
L2HIT_PREF_REQ_DCACHE_MISS                           0         -nan%                0         -nan%
                                                     0         -nan%                0         -nan%
                                                  -nan         -nan              -nan         -nan

L2HIT_L2SEND_Q_FULL                                  0         -nan%                0         -nan%
L2HIT_L2SEND_Q_ENTER                                 0         -nan%                0         -nan%
                                                     0         -nan%                0         -nan%
                                                  -nan         -nan              -nan         -nan

L2HIT_MEM_REQ                                        0                              0              

REMOVE_REDUNDANT_STREAM_STAT                         0                              0              

REPLACE_OLD_STREAM                                 399                           2049              

REQ_SEND_QUEUE_STALL                                 0                              0              

STREAM_ENTER_RA                                      0                              0              

CORE_STREAM_LENGTH_0                                 0        0.000%                2        0.186%
CORE_STREAM_LENGTH_10                                4       14.286%               30        2.793%
CORE_STREAM_LENGTH_20                                8       28.571%             1005       93.575%
CORE_STREAM_LENGTH_30                                2        7.143%                5        0.466%
CORE_STREAM_LENGTH_40                                1        3.571%                8        0.745%
CORE_STREAM_LENGTH_50                                1        3.571%                2        0.186%
CORE_STREAM_LENGTH_60                                1        3.571%                1        0.093%
CORE_STREAM_LENGTH_70                                0        0.000%                3        0.279%
CORE_STREAM_LENGTH_80                                0        0.000%                0        0.000%
CORE_STREAM_LENGTH_90                                0        0.000%                0        0.000%
CORE_STREAM_LENGTH_100_P                            11       39.286%               18        1.676%
                                                    28      100.000%             1074      100.000%
                                                  5.39         5.22              2.15         1.14

CORE_CUM_STREAM_LENGTH_0                             0        0.000%               11        0.001%
CORE_CUM_STREAM_LENGTH_10                           65        0.006%              494        0.041%
CORE_CUM_STREAM_LENGTH_20                          189        0.017%            20148        1.687%
CORE_CUM_STREAM_LENGTH_30                           65        0.006%              168        0.014%
CORE_CUM_STREAM_LENGTH_40                           45        0.004%              360        0.030%
CORE_CUM_STREAM_LENGTH_50                           57        0.005%              116        0.010%
CORE_CUM_STREAM_LENGTH_60                           65        0.006%               65        0.005%
CORE_CUM_STREAM_LENGTH_70                            0        0.000%              225        0.019%
CORE_CUM_STREAM_LENGTH_80                            0        0.000%                0        0.000%
CORE_CUM_STREAM_LENGTH_90                            0        0.000%                0        0.000%
CORE_CUM_STREAM_LENGTH_100_P                   1094581       99.956%          1172409       98.192%
                                               1095067      100.000%          1193996      100.000%
                                                 10.00        10.00              9.86         9.82

CORE_STREAM_TRAIN_HITS_0                            14       50.000%             1040       96.834%
CORE_STREAM_TRAIN_HITS_10                            3       10.714%               14        1.304%
CORE_STREAM_TRAIN_HITS_20                            0        0.000%                2        0.186%
CORE_STREAM_TRAIN_HITS_30                            0        0.000%                1        0.093%
CORE_STREAM_TRAIN_HITS_40                            0        0.000%                0        0.000%
CORE_STREAM_TRAIN_HITS_50                            1        3.571%                1        0.093%
CORE_STREAM_TRAIN_HITS_60                            1        3.571%                1        0.093%
CORE_STREAM_TRAIN_HITS_70                            0        0.000%                0        0.000%
CORE_STREAM_TRAIN_HITS_80                            0        0.000%                0        0.000%
CORE_STREAM_TRAIN_HITS_90                            0        0.000%                0        0.000%
CORE_STREAM_TRAIN_HITS_100_P                         9       32.143%               15        1.397%
                                                    28      100.000%             1074      100.000%
                                                  3.71         4.34              0.17         1.19

CORE_CUM_STREAM_TRAIN_HITS_0                        88        0.018%             8228        1.588%
CORE_CUM_STREAM_TRAIN_HITS_10                       43        0.009%              225        0.043%
CORE_CUM_STREAM_TRAIN_HITS_20                        0        0.000%               44        0.008%
CORE_CUM_STREAM_TRAIN_HITS_30                        0        0.000%               34        0.007%
CORE_CUM_STREAM_TRAIN_HITS_40                        0        0.000%                0        0.000%
CORE_CUM_STREAM_TRAIN_HITS_50                       53        0.011%               53        0.010%
CORE_CUM_STREAM_TRAIN_HITS_60                       69        0.014%               69        0.013%
CORE_CUM_STREAM_TRAIN_HITS_70                        0        0.000%                0        0.000%
CORE_CUM_STREAM_TRAIN_HITS_80                        0        0.000%                0        0.000%
CORE_CUM_STREAM_TRAIN_HITS_90                        0        0.000%                0        0.000%
CORE_CUM_STREAM_TRAIN_HITS_100_P                476622       99.947%           509511       98.330%
                                                476875      100.000%           518164      100.000%
                                                 10.00         9.99              9.84         9.76

CORE_STREAM_TRAIN_CREATE                           399                           2065              



