Scarab gitrev: 3541854
Scarab started at Tue Oct 22 00:04:41 2024

Initialized Ramulator. 
** Heartbeat:   5% -- { 1000004 } -- 0.00 KIPS (41.67 KIPS)
** Heartbeat:  10% -- { 2000007 } -- 45.45 KIPS (43.48 KIPS)
** Heartbeat:  15% -- { 3000010 } -- 71.43 KIPS (50.00 KIPS)
** Heartbeat:  20% -- { 4000011 } -- 111.11 KIPS (57.97 KIPS)
** Heartbeat:  25% -- { 5000011 } -- 62.50 KIPS (58.82 KIPS)
** Heartbeat:  30% -- { 6000011 } -- 58.82 KIPS (58.82 KIPS)
** Heartbeat:  35% -- { 7000011 } -- 52.63 KIPS (57.85 KIPS)
** Heartbeat:  40% -- { 8000014 } -- 55.56 KIPS (57.55 KIPS)
** Heartbeat:  45% -- { 9000015 } -- 83.33 KIPS (59.60 KIPS)
** Heartbeat:  50% -- { 10000015 } -- 62.50 KIPS (59.88 KIPS)
** Heartbeat:  55% -- { 11000020 } -- 52.63 KIPS (59.14 KIPS)
** Heartbeat:  60% -- { 12000022 } -- 62.50 KIPS (59.41 KIPS)
** Heartbeat:  65% -- { 13000022 } -- 62.50 KIPS (59.63 KIPS)
** Heartbeat:  70% -- { 14000024 } -- 166.67 KIPS (62.50 KIPS)
** Heartbeat:  75% -- { 15000029 } -- 62.50 KIPS (62.50 KIPS)
** Heartbeat:  80% -- { 16000031 } -- 37.04 KIPS (59.93 KIPS)
** Heartbeat:  85% -- { 17000031 } -- 52.63 KIPS (59.44 KIPS)
** Heartbeat:  90% -- { 18000032 } -- 71.43 KIPS (60.00 KIPS)
** Heartbeat:  95% -- { 19000032 } -- 100.00 KIPS (61.29 KIPS)
** Core 0 Finished:    insts:20000000    cycles:14182815    time:4432129687500       -- 1.41 IPC (1.41 IPC) --  N/A  KIPS (61.54 KIPS)
Scarab finished at Tue Oct 22 00:10:06 2024

