Scarab gitrev: 3541854
Scarab started at Thu Oct 17 19:59:10 2024

Initialized Ramulator. 
** Heartbeat:   5% -- { 1000005 } -- 0.00 KIPS (90.91 KIPS)
** Heartbeat:  10% -- { 2000009 } -- 200.00 KIPS (125.00 KIPS)
** Heartbeat:  15% -- { 3000013 } -- 76.92 KIPS (103.45 KIPS)
** Heartbeat:  20% -- { 4000015 } -- 76.92 KIPS (95.24 KIPS)
** Heartbeat:  25% -- { 5000019 } -- 100.00 KIPS (96.15 KIPS)
** Heartbeat:  30% -- { 6000020 } -- 111.11 KIPS (98.36 KIPS)
** Heartbeat:  35% -- { 7000022 } -- 125.00 KIPS (101.45 KIPS)
** Heartbeat:  40% -- { 8000024 } -- 166.67 KIPS (106.67 KIPS)
** Heartbeat:  45% -- { 9000027 } -- 62.50 KIPS (98.90 KIPS)
** Heartbeat:  50% -- { 10000028 } -- 58.82 KIPS (92.59 KIPS)
** Heartbeat:  55% -- { 11000032 } -- 142.86 KIPS (95.65 KIPS)
** Heartbeat:  60% -- { 12000037 } -- 83.33 KIPS (94.49 KIPS)
** Heartbeat:  65% -- { 13000039 } -- 142.86 KIPS (97.02 KIPS)
** Heartbeat:  70% -- { 14000039 } -- 100.00 KIPS (97.22 KIPS)
** Heartbeat:  75% -- { 15000039 } -- 250.00 KIPS (101.35 KIPS)
** Heartbeat:  80% -- { 16000041 } -- 166.67 KIPS (103.90 KIPS)
** Heartbeat:  85% -- { 17000041 } -- 142.86 KIPS (105.59 KIPS)
** Heartbeat:  90% -- { 18000041 } -- 200.00 KIPS (108.43 KIPS)
** Heartbeat:  95% -- { 19000041 } -- 200.00 KIPS (111.11 KIPS)
** Core 0 Finished:    insts:20000002    cycles:15042632    time:4700822500000       -- 1.33 IPC (1.33 IPC) --  N/A  KIPS (114.29 KIPS)
Scarab finished at Thu Oct 17 20:02:05 2024

