Scarab gitrev: 3541854
Scarab started at Mon Oct 21 23:19:45 2024

Initialized Ramulator. 
** Heartbeat:   5% -- { 1000000 } -- 0.00 KIPS (45.45 KIPS)
** Heartbeat:  10% -- { 2000000 } -- 34.48 KIPS (39.22 KIPS)
** Heartbeat:  15% -- { 3000000 } -- 28.57 KIPS (34.88 KIPS)
** Heartbeat:  20% -- { 4000000 } -- 34.48 KIPS (34.78 KIPS)
** Heartbeat:  25% -- { 5000000 } -- 34.48 KIPS (34.72 KIPS)
** Heartbeat:  30% -- { 6000000 } -- 27.78 KIPS (33.33 KIPS)
** Heartbeat:  35% -- { 7000000 } -- 31.25 KIPS (33.02 KIPS)
** Heartbeat:  40% -- { 8000000 } -- 33.33 KIPS (33.06 KIPS)
** Heartbeat:  45% -- { 9000000 } -- 40.00 KIPS (33.71 KIPS)
** Heartbeat:  50% -- { 10000000 } -- 35.71 KIPS (33.90 KIPS)
** Heartbeat:  55% -- { 11000000 } -- 28.57 KIPS (33.33 KIPS)
** Heartbeat:  60% -- { 12000000 } -- 31.25 KIPS (33.15 KIPS)
** Heartbeat:  65% -- { 13000000 } -- 33.33 KIPS (33.16 KIPS)
** Heartbeat:  70% -- { 14000000 } -- 33.33 KIPS (33.18 KIPS)
** Heartbeat:  75% -- { 15000000 } -- 31.25 KIPS (33.04 KIPS)
** Heartbeat:  80% -- { 16000000 } -- 32.26 KIPS (32.99 KIPS)
** Heartbeat:  85% -- { 17000000 } -- 43.48 KIPS (33.46 KIPS)
** Heartbeat:  90% -- { 18000000 } -- 31.25 KIPS (33.33 KIPS)
** Heartbeat:  95% -- { 19000000 } -- 40.00 KIPS (33.63 KIPS)
** Heartbeat: 100% -- { 20000000 } -- 33.33 KIPS (33.61 KIPS)
** Core 0 Finished:    insts:20000000    cycles:20335913    time:6354972812500       -- 0.98 IPC (0.98 IPC) --  N/A  KIPS (33.61 KIPS)
Scarab finished at Mon Oct 21 23:29:40 2024

