Scarab gitrev: 3541854
Scarab started at Mon Oct 21 23:32:44 2024

Initialized Ramulator. 
** Heartbeat:   5% -- { 1000000 } -- 0.00 KIPS (66.67 KIPS)
** Heartbeat:  10% -- { 2000000 } -- 66.67 KIPS (66.67 KIPS)
** Heartbeat:  15% -- { 3000003 } -- 62.50 KIPS (65.22 KIPS)
** Heartbeat:  20% -- { 4000007 } -- 55.56 KIPS (62.50 KIPS)
** Heartbeat:  25% -- { 5000008 } -- 43.48 KIPS (57.47 KIPS)
** Heartbeat:  30% -- { 6000008 } -- 55.56 KIPS (57.14 KIPS)
** Heartbeat:  35% -- { 7000011 } -- 52.63 KIPS (56.45 KIPS)
** Heartbeat:  40% -- { 8000013 } -- 66.67 KIPS (57.55 KIPS)
** Heartbeat:  45% -- { 9000017 } -- 55.56 KIPS (57.32 KIPS)
** Heartbeat:  50% -- { 10000018 } -- 52.63 KIPS (56.82 KIPS)
** Heartbeat:  55% -- { 11000018 } -- 47.62 KIPS (55.84 KIPS)
** Heartbeat:  60% -- { 12000018 } -- 83.33 KIPS (57.42 KIPS)
** Heartbeat:  65% -- { 13000018 } -- 43.48 KIPS (56.03 KIPS)
** Heartbeat:  70% -- { 14000019 } -- 50.00 KIPS (55.56 KIPS)
** Heartbeat:  75% -- { 15000023 } -- 52.63 KIPS (55.35 KIPS)
** Heartbeat:  80% -- { 16000026 } -- 62.50 KIPS (55.75 KIPS)
** Heartbeat:  85% -- { 17000026 } -- 62.50 KIPS (56.11 KIPS)
** Heartbeat:  90% -- { 18000026 } -- 45.45 KIPS (55.38 KIPS)
** Heartbeat:  95% -- { 19000026 } -- 41.67 KIPS (54.44 KIPS)
** Core 0 Finished:    insts:20000000    cycles:12155980    time:3798743750000       -- 1.65 IPC (1.65 IPC) --  N/A  KIPS (53.48 KIPS)
Scarab finished at Mon Oct 21 23:38:58 2024

