/* -*- Mode: c -*- */
####################################################################################################
Core 0
####################################################################################################
Cumulative:        Cycles: 23042815              Instructions: 20000000              IPC: 0.86795

Periodic:          Cycles: 11398991              Instructions: 10000000              IPC: 0.87727

ST_OP_INV                                            0        0.000%                0        0.000%
ST_OP_NOP                                       424791        1.835%          1009159        2.130%
ST_OP_CF                                       2831931       12.233%          5746143       12.128%
ST_OP_MOV                                      2976712       12.859%          6006983       12.678%
ST_OP_CMOV                                       72086        0.311%           146689        0.310%
ST_OP_LDA                                      1307279        5.647%          2651787        5.597%
ST_OP_ILD                                      4758674       20.556%          9727059       20.530%
ST_OP_IST                                      2347714       10.142%          4854329       10.245%
ST_OP_IADD                                     2620739       11.321%          5430073       11.461%
ST_OP_IMUL                                      233445        1.008%           468905        0.990%
ST_OP_IDIV                                       10623        0.046%            23082        0.049%
ST_OP_ICMP                                     1293451        5.587%          2607699        5.504%
ST_OP_LOGIC                                    3022917       13.058%          6155382       12.991%
ST_OP_SHIFT                                    1179703        5.096%          2406726        5.080%
ST_OP_FLD                                         7784        0.034%            16356        0.035%
ST_OP_FST                                        20728        0.090%            44656        0.094%
ST_OP_FCVT                                           0        0.000%                0        0.000%
ST_OP_FADD                                           0        0.000%                0        0.000%
ST_OP_FMUL                                           0        0.000%                0        0.000%
ST_OP_FMA                                            0        0.000%                0        0.000%
ST_OP_FDIV                                           0        0.000%                0        0.000%
ST_OP_FCMP                                           0        0.000%                0        0.000%
ST_OP_FCMOV                                          0        0.000%                0        0.000%
ST_OP_GATHER                                         0        0.000%                0        0.000%
ST_OP_SCATTER                                        0        0.000%                0        0.000%
ST_OP_PIPELINED_FAST                                 0        0.000%                0        0.000%
ST_OP_PIPELINED_MEDIUM                           40966        0.177%            85088        0.180%
ST_OP_PIPELINED_SLOW                                 0        0.000%                0        0.000%
ST_OP_NOTPIPELINED_MEDIUM                            0        0.000%                0        0.000%
ST_OP_NOTPIPELINED_SLOW                              0        0.000%                0        0.000%
ST_OP_NOTPIPELINED_VERY_SLOW                         0        0.000%                0        0.000%
                                              23149543      100.000%         47380116      100.000%
                                                  6.80         3.61              6.79         3.62

ST_NOT_CF                                     20317612       87.767%         41633973       87.872%
ST_CF_BR                                        191203        0.826%           393084        0.830%
ST_CF_CBR                                      1938291        8.373%          3916785        8.267%
ST_CF_CALL                                      351633        1.519%           718798        1.517%
ST_CF_IBR                                         2133        0.009%             4544        0.010%
ST_CF_ICALL                                          0        0.000%                0        0.000%
ST_CF_ICO                                            0        0.000%                0        0.000%
ST_CF_RET                                       348671        1.506%           712932        1.505%
ST_CF_SYS                                            0        0.000%                0        0.000%
                                              23149543      100.000%         47380116      100.000%
                                                  0.33         1.01              0.32         1.01

ST_BAR_NONE                                   23149543      100.000%         47380116      100.000%
ST_BAR_FETCH                                         0        0.000%                0        0.000%
ST_BAR_ISSUE                                         0        0.000%                0        0.000%
ST_BAR_BOTH                                          0        0.000%                0        0.000%
                                              23149543      100.000%         47380116      100.000%
                                                  0.00         0.00              0.00         0.00

ST_NOT_MEM                                    16014643       69.179%         32737716       69.096%
ST_MEM_LD                                      4766458       20.590%          9743415       20.564%
ST_MEM_ST                                      2368442       10.231%          4898985       10.340%
ST_MEM_PF                                            0        0.000%                0        0.000%
ST_MEM_WH                                            0        0.000%                0        0.000%
ST_MEM_EVICT                                         0        0.000%                0        0.000%
                                              23149543      100.000%         47380116      100.000%
                                                  0.41         0.57              0.41         0.58

ST_NOT_MEM_OFFPATH                             2327228       69.524%          5007415       69.521%
ST_MEM_LD_OFFPATH                               691419       20.656%          1483418       20.595%
ST_MEM_ST_OFFPATH                               328737        9.821%           711904        9.884%
ST_MEM_PF_OFFPATH                                    0        0.000%                0        0.000%
ST_MEM_WH_OFFPATH                                    0        0.000%                0        0.000%
ST_MEM_EVIC_OFFPATHT                                 0        0.000%                0        0.000%
                                               3347384      100.000%          7202737      100.000%
                                                  0.40         0.57              0.40         0.57

ST_OP_ONPATH                                  23149543                       47380116              

ST_OP_OFFPATH                                  3347384                        7202737              

ST_FAKE_OP_OFFPATH                                1349        0.040%            66764        0.927%
ST_NOT_FAKE_OP_OFFPATH                         3346035       99.960%          7135973       99.073%
                                               3347384      100.000%          7202737      100.000%
                                                  1.00         1.00              0.99         0.99

ST_FAKE_REASON_NOT_FAKE                        3346035       99.960%          7135973       99.073%
ST_FAKE_REASON_REDIRECT_TO_NOT_INSTRUMENTED          1349        0.040%            66764        0.927%
ST_FAKE_REASON_RETURN_TO_NOT_INSTRUMENTED             0        0.000%                0        0.000%
ST_FAKE_REASON_NONRET_CF_TO_NOT_INSTRUMENTED             0        0.000%                0        0.000%
ST_FAKE_REASON_NOT_TAKEN_TO_NOT_INSTRUMENTED             0        0.000%                0        0.000%
ST_FAKE_REASON_WRONG_PATH_STORE_TO_NEW_REGION             0        0.000%                0        0.000%
                                               3347384      100.000%          7202737      100.000%
                                                  0.00         0.02              0.01         0.10

ST_INST_ONPATH                                19273754                       39414733              

ST_INST_OFFPATH                                2833461                        6085866              

STATIC_PIN_NOP                                       0                              0              

DYNAMIC_PIN_REP_GREATER_256                          0                              0              

INST_MAP_UPDATE_JITTED                          456040       24.151%           928595       23.963%
INST_MAP_UPDATE_NPC_INV                              0        0.000%                0        0.000%
INST_MAP_UPDATE_NPC_NOP                              0        0.000%                0        0.000%
INST_MAP_UPDATE_NPC_CF                               0        0.000%                0        0.000%
INST_MAP_UPDATE_NPC_MOV                              0        0.000%                0        0.000%
INST_MAP_UPDATE_NPC_CMOV                             0        0.000%                0        0.000%
INST_MAP_UPDATE_NPC_LDA                              0        0.000%                0        0.000%
INST_MAP_UPDATE_NPC_IMEM                             0        0.000%                0        0.000%
INST_MAP_UPDATE_NPC_IADD                             0        0.000%                0        0.000%
INST_MAP_UPDATE_NPC_IMUL                         17883        0.947%            37673        0.972%
INST_MAP_UPDATE_NPC_IDIV                             0        0.000%                0        0.000%
INST_MAP_UPDATE_NPC_ICMP                             0        0.000%                0        0.000%
INST_MAP_UPDATE_NPC_LOGIC                            0        0.000%                0        0.000%
INST_MAP_UPDATE_NPC_SHIFT                            0        0.000%                0        0.000%
INST_MAP_UPDATE_NPC_FMEM                             0        0.000%                0        0.000%
INST_MAP_UPDATE_NPC_FCVT                             0        0.000%                0        0.000%
INST_MAP_UPDATE_NPC_FADD                             0        0.000%                0        0.000%
INST_MAP_UPDATE_NPC_FMUL                             0        0.000%                0        0.000%
INST_MAP_UPDATE_NPC_FMA                              0        0.000%                0        0.000%
INST_MAP_UPDATE_NPC_FDIV                             0        0.000%                0        0.000%
INST_MAP_UPDATE_NPC_FCMP                             0        0.000%                0        0.000%
INST_MAP_UPDATE_NPC_FCMOV                            0        0.000%                0        0.000%
INST_MAP_UPDATE_NPC_GATHER                           0        0.000%                0        0.000%
INST_MAP_UPDATE_NPC_SCATTER                          0        0.000%                0        0.000%
INST_MAP_UPDATE_NPC_PIPELINED_FAST                   0        0.000%                0        0.000%
INST_MAP_UPDATE_NPC_PIPELINED_MEDIUM                 0        0.000%                0        0.000%
INST_MAP_UPDATE_NPC_PIPELINED_SLOW                   0        0.000%                0        0.000%
INST_MAP_UPDATE_NPC_NOTPIPELINED_MEDIUM              0        0.000%                0        0.000%
INST_MAP_UPDATE_NPC_NOTPIPELINED_SLOW                0        0.000%                0        0.000%
INST_MAP_UPDATE_NPC_NOTPIPELINED_VERY_SLOW             0        0.000%                0        0.000%
INST_MAP_UPDATE_MEM_INV                              0        0.000%                0        0.000%
INST_MAP_UPDATE_MEM_NOP                              0        0.000%                0        0.000%
INST_MAP_UPDATE_MEM_CF                               0        0.000%                0        0.000%
INST_MAP_UPDATE_MEM_MOV                         872764       46.219%          1780799       45.955%
INST_MAP_UPDATE_MEM_CMOV                           274        0.015%              631        0.016%
INST_MAP_UPDATE_MEM_LDA                              0        0.000%                0        0.000%
INST_MAP_UPDATE_MEM_IMEM                             0        0.000%                0        0.000%
INST_MAP_UPDATE_MEM_IADD                             0        0.000%                0        0.000%
INST_MAP_UPDATE_MEM_IMUL                        414521       21.952%           868939       22.423%
INST_MAP_UPDATE_MEM_IDIV                           608        0.032%              836        0.022%
INST_MAP_UPDATE_MEM_ICMP                             0        0.000%                0        0.000%
INST_MAP_UPDATE_MEM_LOGIC                        32242        1.707%            67541        1.743%
INST_MAP_UPDATE_MEM_SHIFT                        93982        4.977%           190119        4.906%
INST_MAP_UPDATE_MEM_FMEM                             0        0.000%                0        0.000%
INST_MAP_UPDATE_MEM_FCVT                             0        0.000%                0        0.000%
INST_MAP_UPDATE_MEM_FADD                             0        0.000%                0        0.000%
INST_MAP_UPDATE_MEM_FMUL                             0        0.000%                0        0.000%
INST_MAP_UPDATE_MEM_FMA                              0        0.000%                0        0.000%
INST_MAP_UPDATE_MEM_FDIV                             0        0.000%                0        0.000%
INST_MAP_UPDATE_MEM_FCMP                             0        0.000%                0        0.000%
INST_MAP_UPDATE_MEM_FCMOV                            0        0.000%                0        0.000%
INST_MAP_UPDATE_MEM_GATHER                           0        0.000%                0        0.000%
INST_MAP_UPDATE_MEM_SCATTER                          0        0.000%                0        0.000%
INST_MAP_UPDATE_MEM_PIPELINED_FAST                   0        0.000%                0        0.000%
INST_MAP_UPDATE_MEM_PIPELINED_MEDIUM                 0        0.000%                0        0.000%
INST_MAP_UPDATE_MEM_PIPELINED_SLOW                   0        0.000%                0        0.000%
INST_MAP_UPDATE_MEM_NOTPIPELINED_MEDIUM              0        0.000%                0        0.000%
INST_MAP_UPDATE_MEM_NOTPIPELINED_SLOW                0        0.000%                0        0.000%
INST_MAP_UPDATE_MEM_NOTPIPELINED_VERY_SLOW             0        0.000%                0        0.000%
                                               1888314      100.000%          3875133      100.000%
                                                 26.49         8.20             26.56         8.17



