Scarab gitrev: 3541854
Scarab started at Thu Oct 17 19:04:26 2024

Initialized Ramulator. 
** Heartbeat:   5% -- { 1000000 } -- 0.00 KIPS (47.62 KIPS)
** Heartbeat:  10% -- { 2000000 } -- 45.45 KIPS (46.51 KIPS)
** Heartbeat:  15% -- { 3000000 } -- 76.92 KIPS (53.57 KIPS)
** Heartbeat:  20% -- { 4000000 } -- 90.91 KIPS (59.70 KIPS)
** Heartbeat:  25% -- { 5000000 } -- 83.33 KIPS (63.29 KIPS)
** Heartbeat:  30% -- { 6000000 } -- 76.92 KIPS (65.22 KIPS)
** Heartbeat:  35% -- { 7000000 } -- 76.92 KIPS (66.67 KIPS)
** Heartbeat:  40% -- { 8000000 } -- 50.00 KIPS (64.00 KIPS)
** Heartbeat:  45% -- { 9000000 } -- 66.67 KIPS (64.29 KIPS)
** Heartbeat:  50% -- { 10000000 } -- 62.50 KIPS (64.10 KIPS)
** Heartbeat:  55% -- { 11000000 } -- 66.67 KIPS (64.33 KIPS)
** Heartbeat:  60% -- { 12000000 } -- 66.67 KIPS (64.52 KIPS)
** Heartbeat:  65% -- { 13000000 } -- 45.45 KIPS (62.50 KIPS)
** Heartbeat:  70% -- { 14000000 } -- 58.82 KIPS (62.22 KIPS)
** Heartbeat:  75% -- { 15000000 } -- 76.92 KIPS (63.03 KIPS)
** Heartbeat:  80% -- { 16000000 } -- 47.62 KIPS (61.78 KIPS)
** Heartbeat:  85% -- { 17000000 } -- 52.63 KIPS (61.15 KIPS)
** Heartbeat:  90% -- { 18000005 } -- 58.82 KIPS (61.02 KIPS)
** Heartbeat:  95% -- { 19000009 } -- 43.48 KIPS (59.75 KIPS)
** Core 0 Finished:    insts:20000000    cycles:20788890    time:6496528125000       -- 0.96 IPC (0.96 IPC) --  N/A  KIPS (60.42 KIPS)
Scarab finished at Thu Oct 17 19:09:57 2024

