/* -*- Mode: c -*- */
####################################################################################################
Core 0
####################################################################################################
Cumulative:        Cycles: 18323355              Instructions: 20000000              IPC: 1.09150

Periodic:          Cycles: 8912787               Instructions: 10000000              IPC: 1.12198

ST_OP_INV                                            0        0.000%                0        0.000%
ST_OP_NOP                                       130637        0.946%           657999        2.318%
ST_OP_CF                                        810395        5.868%          1507848        5.312%
ST_OP_MOV                                      1859516       13.465%          3836716       13.516%
ST_OP_CMOV                                       41349        0.299%            70335        0.248%
ST_OP_LDA                                       813499        5.891%          1525707        5.375%
ST_OP_ILD                                      3104865       22.483%          6259073       22.049%
ST_OP_IST                                       871668        6.312%          1815872        6.397%
ST_OP_IADD                                     3241301       23.471%          6701494       23.608%
ST_OP_IMUL                                      306054        2.216%           667172        2.350%
ST_OP_IDIV                                          22        0.000%               27        0.000%
ST_OP_ICMP                                      493207        3.571%           898832        3.166%
ST_OP_LOGIC                                    1002421        7.259%          2076966        7.317%
ST_OP_SHIFT                                    1122285        8.127%          2337499        8.234%
ST_OP_FLD                                         5968        0.043%            15732        0.055%
ST_OP_FST                                         5942        0.043%            14085        0.050%
ST_OP_FCVT                                         137        0.001%              226        0.001%
ST_OP_FADD                                         202        0.001%              344        0.001%
ST_OP_FMUL                                           0        0.000%                0        0.000%
ST_OP_FMA                                            0        0.000%                0        0.000%
ST_OP_FDIV                                           0        0.000%                0        0.000%
ST_OP_FCMP                                           0        0.000%                0        0.000%
ST_OP_FCMOV                                          0        0.000%                0        0.000%
ST_OP_GATHER                                         0        0.000%                0        0.000%
ST_OP_SCATTER                                        0        0.000%                0        0.000%
ST_OP_PIPELINED_FAST                               176        0.001%             1092        0.004%
ST_OP_PIPELINED_MEDIUM                               0        0.000%                0        0.000%
ST_OP_PIPELINED_SLOW                                 0        0.000%                0        0.000%
ST_OP_NOTPIPELINED_MEDIUM                            0        0.000%                0        0.000%
ST_OP_NOTPIPELINED_SLOW                              0        0.000%                0        0.000%
ST_OP_NOTPIPELINED_VERY_SLOW                         0        0.000%                0        0.000%
                                              13809644      100.000%         28387019      100.000%
                                                  7.04         3.18              7.00         3.24

ST_NOT_CF                                     12999249       94.132%         26879171       94.688%
ST_CF_BR                                         47104        0.341%            94068        0.331%
ST_CF_CBR                                       702436        5.087%          1274347        4.489%
ST_CF_CALL                                       12062        0.087%            28162        0.099%
ST_CF_IBR                                          889        0.006%             1637        0.006%
ST_CF_ICALL                                      18698        0.135%            42672        0.150%
ST_CF_ICO                                            0        0.000%                0        0.000%
ST_CF_RET                                        29206        0.211%            66962        0.236%
ST_CF_SYS                                            0        0.000%                0        0.000%
                                              13809644      100.000%         28387019      100.000%
                                                  0.13         0.57              0.12         0.56

ST_BAR_NONE                                   13809644      100.000%         28387019      100.000%
ST_BAR_FETCH                                         0        0.000%                0        0.000%
ST_BAR_ISSUE                                         0        0.000%                0        0.000%
ST_BAR_BOTH                                          0        0.000%                0        0.000%
                                              13809644      100.000%         28387019      100.000%
                                                  0.00         0.00              0.00         0.00

ST_NOT_MEM                                     9821201       71.118%         20282257       71.449%
ST_MEM_LD                                      3110556       22.525%          6274357       22.103%
ST_MEM_ST                                       877610        6.355%          1829957        6.446%
ST_MEM_PF                                          277        0.002%              448        0.002%
ST_MEM_WH                                            0        0.000%                0        0.000%
ST_MEM_EVICT                                         0        0.000%                0        0.000%
                                              13809644      100.000%         28387019      100.000%
                                                  0.35         0.52              0.35         0.52

ST_NOT_MEM_OFFPATH                              688366       70.074%          1554691       70.350%
ST_MEM_LD_OFFPATH                               207556       21.129%           460052       20.817%
ST_MEM_ST_OFFPATH                                86332        8.788%           195036        8.825%
ST_MEM_PF_OFFPATH                                   92        0.009%              156        0.007%
ST_MEM_WH_OFFPATH                                    0        0.000%                0        0.000%
ST_MEM_EVIC_OFFPATHT                                 0        0.000%                0        0.000%
                                                982346      100.000%          2209935      100.000%
                                                  0.39         0.56              0.38         0.56

ST_OP_ONPATH                                  13809644                       28387019              

ST_OP_OFFPATH                                   982346                        2209935              

ST_FAKE_OP_OFFPATH                               20926        2.130%           167651        7.586%
ST_NOT_FAKE_OP_OFFPATH                          961420       97.870%          2042284       92.414%
                                                982346      100.000%          2209935      100.000%
                                                  0.98         0.97              0.92         0.89

ST_FAKE_REASON_NOT_FAKE                         961420       97.870%          2042284       92.414%
ST_FAKE_REASON_REDIRECT_TO_NOT_INSTRUMENTED         20926        2.130%           167651        7.586%
ST_FAKE_REASON_RETURN_TO_NOT_INSTRUMENTED             0        0.000%                0        0.000%
ST_FAKE_REASON_NONRET_CF_TO_NOT_INSTRUMENTED             0        0.000%                0        0.000%
ST_FAKE_REASON_NOT_TAKEN_TO_NOT_INSTRUMENTED             0        0.000%                0        0.000%
ST_FAKE_REASON_WRONG_PATH_STORE_TO_NEW_REGION             0        0.000%                0        0.000%
                                                982346      100.000%          2209935      100.000%
                                                  0.02         0.14              0.08         0.25

ST_INST_ONPATH                                13207212                       27122124              

ST_INST_OFFPATH                                 916834                        2060073              

STATIC_PIN_NOP                                       0                              0              

DYNAMIC_PIN_REP_GREATER_256                          0                              0              

INST_MAP_UPDATE_JITTED                          146012        5.911%           315956        6.578%
INST_MAP_UPDATE_NPC_INV                              0        0.000%                0        0.000%
INST_MAP_UPDATE_NPC_NOP                              0        0.000%                0        0.000%
INST_MAP_UPDATE_NPC_CF                               0        0.000%                0        0.000%
INST_MAP_UPDATE_NPC_MOV                              0        0.000%                0        0.000%
INST_MAP_UPDATE_NPC_CMOV                             0        0.000%                0        0.000%
INST_MAP_UPDATE_NPC_LDA                              0        0.000%                0        0.000%
INST_MAP_UPDATE_NPC_IMEM                             0        0.000%                0        0.000%
INST_MAP_UPDATE_NPC_IADD                             0        0.000%                0        0.000%
INST_MAP_UPDATE_NPC_IMUL                          6183        0.250%            14067        0.293%
INST_MAP_UPDATE_NPC_IDIV                             0        0.000%                0        0.000%
INST_MAP_UPDATE_NPC_ICMP                             0        0.000%                0        0.000%
INST_MAP_UPDATE_NPC_LOGIC                            0        0.000%                0        0.000%
INST_MAP_UPDATE_NPC_SHIFT                            0        0.000%                0        0.000%
INST_MAP_UPDATE_NPC_FMEM                             0        0.000%                0        0.000%
INST_MAP_UPDATE_NPC_FCVT                             0        0.000%                0        0.000%
INST_MAP_UPDATE_NPC_FADD                             0        0.000%                0        0.000%
INST_MAP_UPDATE_NPC_FMUL                             0        0.000%                0        0.000%
INST_MAP_UPDATE_NPC_FMA                              0        0.000%                0        0.000%
INST_MAP_UPDATE_NPC_FDIV                             0        0.000%                0        0.000%
INST_MAP_UPDATE_NPC_FCMP                             0        0.000%                0        0.000%
INST_MAP_UPDATE_NPC_FCMOV                            0        0.000%                0        0.000%
INST_MAP_UPDATE_NPC_GATHER                           0        0.000%                0        0.000%
INST_MAP_UPDATE_NPC_SCATTER                          0        0.000%                0        0.000%
INST_MAP_UPDATE_NPC_PIPELINED_FAST                   0        0.000%                0        0.000%
INST_MAP_UPDATE_NPC_PIPELINED_MEDIUM                 0        0.000%                0        0.000%
INST_MAP_UPDATE_NPC_PIPELINED_SLOW                   0        0.000%                0        0.000%
INST_MAP_UPDATE_NPC_NOTPIPELINED_MEDIUM              0        0.000%                0        0.000%
INST_MAP_UPDATE_NPC_NOTPIPELINED_SLOW                0        0.000%                0        0.000%
INST_MAP_UPDATE_NPC_NOTPIPELINED_VERY_SLOW             0        0.000%                0        0.000%
INST_MAP_UPDATE_MEM_INV                              0        0.000%                0        0.000%
INST_MAP_UPDATE_MEM_NOP                              0        0.000%                0        0.000%
INST_MAP_UPDATE_MEM_CF                               0        0.000%                0        0.000%
INST_MAP_UPDATE_MEM_MOV                        2279949       92.299%          4392036       91.441%
INST_MAP_UPDATE_MEM_CMOV                             0        0.000%                0        0.000%
INST_MAP_UPDATE_MEM_LDA                              0        0.000%                0        0.000%
INST_MAP_UPDATE_MEM_IMEM                             0        0.000%                0        0.000%
INST_MAP_UPDATE_MEM_IADD                             0        0.000%                0        0.000%
INST_MAP_UPDATE_MEM_IMUL                         29719        1.203%            63949        1.331%
INST_MAP_UPDATE_MEM_IDIV                          1187        0.048%             3239        0.067%
INST_MAP_UPDATE_MEM_ICMP                             0        0.000%                0        0.000%
INST_MAP_UPDATE_MEM_LOGIC                         4379        0.177%             8477        0.176%
INST_MAP_UPDATE_MEM_SHIFT                         1721        0.070%             3600        0.075%
INST_MAP_UPDATE_MEM_FMEM                             3        0.000%                3        0.000%
INST_MAP_UPDATE_MEM_FCVT                             0        0.000%                0        0.000%
INST_MAP_UPDATE_MEM_FADD                             0        0.000%                0        0.000%
INST_MAP_UPDATE_MEM_FMUL                             0        0.000%                0        0.000%
INST_MAP_UPDATE_MEM_FMA                              0        0.000%                0        0.000%
INST_MAP_UPDATE_MEM_FDIV                             0        0.000%                0        0.000%
INST_MAP_UPDATE_MEM_FCMP                             0        0.000%                0        0.000%
INST_MAP_UPDATE_MEM_FCMOV                            0        0.000%                0        0.000%
INST_MAP_UPDATE_MEM_GATHER                           0        0.000%                0        0.000%
INST_MAP_UPDATE_MEM_SCATTER                          0        0.000%                0        0.000%
INST_MAP_UPDATE_MEM_PIPELINED_FAST                   0        0.000%                0        0.000%
INST_MAP_UPDATE_MEM_PIPELINED_MEDIUM                 0        0.000%                0        0.000%
INST_MAP_UPDATE_MEM_PIPELINED_SLOW                1028        0.042%             1828        0.038%
INST_MAP_UPDATE_MEM_NOTPIPELINED_MEDIUM              0        0.000%                0        0.000%
INST_MAP_UPDATE_MEM_NOTPIPELINED_SLOW                0        0.000%                0        0.000%
INST_MAP_UPDATE_MEM_NOTPIPELINED_VERY_SLOW             0        0.000%                0        0.000%
                                               2470181      100.000%          4803155      100.000%
                                                 31.08         2.39             30.86         2.61



