Scarab gitrev: 3541854
Scarab started at Tue Oct  8 02:26:35 2024

Initialized Ramulator. 
** Heartbeat:   5% -- { 1000002 } -- 0.00 KIPS (90.91 KIPS)
** Heartbeat:  10% -- { 2000002 } -- 125.00 KIPS (105.26 KIPS)
** Heartbeat:  15% -- { 3000003 } -- 166.67 KIPS (120.00 KIPS)
** Heartbeat:  20% -- { 4000004 } -- 125.00 KIPS (121.21 KIPS)
** Heartbeat:  25% -- { 5000005 } -- 83.33 KIPS (111.11 KIPS)
** Heartbeat:  30% -- { 6000009 } -- 66.67 KIPS (100.00 KIPS)
** Heartbeat:  35% -- { 7000013 } -- 166.67 KIPS (106.06 KIPS)
** Heartbeat:  40% -- { 8000013 } -- 142.86 KIPS (109.59 KIPS)
** Heartbeat:  45% -- { 9000014 } -- 100.00 KIPS (108.43 KIPS)
** Heartbeat:  50% -- { 10000016 } -- 76.92 KIPS (104.17 KIPS)
** Heartbeat:  55% -- { 11000018 } -- 111.11 KIPS (104.76 KIPS)
** Heartbeat:  60% -- { 12000018 } -- 125.00 KIPS (106.19 KIPS)
** Heartbeat:  65% -- { 13000020 } -- 142.86 KIPS (108.33 KIPS)
** Heartbeat:  70% -- { 14000022 } -- 142.86 KIPS (110.24 KIPS)
** Heartbeat:  75% -- { 15000024 } -- 142.86 KIPS (111.94 KIPS)
** Heartbeat:  80% -- { 16000026 } -- 111.11 KIPS (111.89 KIPS)
** Heartbeat:  85% -- { 17000027 } -- 111.11 KIPS (111.84 KIPS)
** Heartbeat:  90% -- { 18000032 } -- 66.67 KIPS (107.78 KIPS)
** Heartbeat:  95% -- { 19000034 } -- 111.11 KIPS (107.95 KIPS)
Warning could not fetch inst from frontend
Warning could not fetch inst from frontend
Warning could not fetch inst from frontend
Warning could not fetch inst from frontend
Warning could not fetch inst from frontend
Warning could not fetch inst from frontend
Warning could not fetch inst from frontend
Warning could not fetch inst from frontend
Warning could not fetch inst from frontend
Warning could not fetch inst from frontend
Warning could not fetch inst from frontend
Warning could not fetch inst from frontend
Warning could not fetch inst from frontend
Warning could not fetch inst from frontend
Warning could not fetch inst from frontend
Warning could not fetch inst from frontend
Warning could not fetch inst from frontend
Warning could not fetch inst from frontend
Warning could not fetch inst from frontend
Warning could not fetch inst from frontend
Warning could not fetch inst from frontend
Warning could not fetch inst from frontend
Warning could not fetch inst from frontend
Warning could not fetch inst from frontend
Warning could not fetch inst from frontend
Warning could not fetch inst from frontend
Warning could not fetch inst from frontend
Warning could not fetch inst from frontend
Warning could not fetch inst from frontend
Warning could not fetch inst from frontend
Warning could not fetch inst from frontend
Warning could not fetch inst from frontend
Warning could not fetch inst from frontend
Warning could not fetch inst from frontend
Warning could not fetch inst from frontend
Warning could not fetch inst from frontend
Warning could not fetch inst from frontend
Warning could not fetch inst from frontend
Warning could not fetch inst from frontend
Warning could not fetch inst from frontend
Warning could not fetch inst from frontend
Warning could not fetch inst from frontend
Warning could not fetch inst from frontend
Warning could not fetch inst from frontend
Warning could not fetch inst from frontend
Warning could not fetch inst from frontend
Warning could not fetch inst from frontend
Warning could not fetch inst from frontend
Warning could not fetch inst from frontend
Warning could not fetch inst from frontend
Warning could not fetch inst from frontend
Warning could not fetch inst from frontend
Warning could not fetch inst from frontend
Warning could not fetch inst from frontend
Warning could not fetch inst from frontend
Warning could not fetch inst from frontend
Warning could not fetch inst from frontend
Warning could not fetch inst from frontend
Warning could not fetch inst from frontend
Warning could not fetch inst from frontend
Warning could not fetch inst from frontend
Warning could not fetch inst from frontend
Warning could not fetch inst from frontend
Warning could not fetch inst from frontend
Warning could not fetch inst from frontend
Warning could not fetch inst from frontend
Warning could not fetch inst from frontend
Warning could not fetch inst from frontend
Warning could not fetch inst from frontend
Warning could not fetch inst from frontend
Warning could not fetch inst from frontend
Warning could not fetch inst from frontend
Warning could not fetch inst from frontend
Warning could not fetch inst from frontend
Warning could not fetch inst from frontend
Warning could not fetch inst from frontend
Warning could not fetch inst from frontend
Warning could not fetch inst from frontend
Warning could not fetch inst from frontend
Warning could not fetch inst from frontend
Warning could not fetch inst from frontend
Warning could not fetch inst from frontend
Warning could not fetch inst from frontend
Warning could not fetch inst from frontend
Warning could not fetch inst from frontend
Warning could not fetch inst from frontend
Warning could not fetch inst from frontend
Warning could not fetch inst from frontend
Warning could not fetch inst from frontend
Warning could not fetch inst from frontend
Warning could not fetch inst from frontend
Warning could not fetch inst from frontend
Warning could not fetch inst from frontend
Warning could not fetch inst from frontend
Warning could not fetch inst from frontend
Warning could not fetch inst from frontend
Warning could not fetch inst from frontend
Warning could not fetch inst from frontend
Warning could not fetch inst from frontend
** Core 0 Finished:    insts:20000000    cycles:9335858     time:2917455625000       -- 2.14 IPC (2.14 IPC) --  N/A  KIPS (109.29 KIPS)
Scarab finished at Tue Oct  8 02:29:39 2024

