Scarab gitrev: 3541854
Scarab started at Tue Oct 22 00:36:21 2024

Initialized Ramulator. 
** Heartbeat:   5% -- { 1000005 } -- 0.00 KIPS (71.43 KIPS)
** Heartbeat:  10% -- { 2000009 } -- 111.11 KIPS (86.96 KIPS)
** Heartbeat:  15% -- { 3000013 } -- 76.92 KIPS (83.33 KIPS)
** Heartbeat:  20% -- { 4000015 } -- 83.33 KIPS (83.33 KIPS)
** Heartbeat:  25% -- { 5000019 } -- 83.33 KIPS (83.33 KIPS)
** Heartbeat:  30% -- { 6000020 } -- 90.91 KIPS (84.51 KIPS)
** Heartbeat:  35% -- { 7000022 } -- 83.33 KIPS (84.34 KIPS)
** Heartbeat:  40% -- { 8000024 } -- 90.91 KIPS (85.11 KIPS)
** Heartbeat:  45% -- { 9000027 } -- 58.82 KIPS (81.08 KIPS)
** Heartbeat:  50% -- { 10000028 } -- 66.67 KIPS (79.37 KIPS)
** Heartbeat:  55% -- { 11000032 } -- 83.33 KIPS (79.71 KIPS)
** Heartbeat:  60% -- { 12000037 } -- 100.00 KIPS (81.08 KIPS)
** Heartbeat:  65% -- { 13000039 } -- 100.00 KIPS (82.28 KIPS)
** Heartbeat:  70% -- { 14000039 } -- 111.11 KIPS (83.83 KIPS)
** Heartbeat:  75% -- { 15000039 } -- 125.00 KIPS (85.71 KIPS)
** Heartbeat:  80% -- { 16000041 } -- 142.86 KIPS (87.91 KIPS)
** Heartbeat:  85% -- { 17000041 } -- 125.00 KIPS (89.47 KIPS)
** Heartbeat:  90% -- { 18000041 } -- 166.67 KIPS (91.84 KIPS)
** Heartbeat:  95% -- { 19000041 } -- 166.67 KIPS (94.06 KIPS)
** Core 0 Finished:    insts:20000002    cycles:14874079    time:4648149687500       -- 1.34 IPC (1.34 IPC) --  N/A  KIPS (96.15 KIPS)
Scarab finished at Tue Oct 22 00:39:49 2024

