               ramulator.active_cycles_0             7701529                                      # Total active cycles for level _0
                 ramulator.busy_cycles_0             7701529                                      # (All-bank refresh only. busy cycles only include refresh time in rank level) The sum of cycles that the DRAM part is active or under refresh for level _0
            ramulator.serving_requests_0            12913523                                      # The sum of read and write requests that are served in this DRAM element per memory cycle for level _0
    ramulator.average_serving_requests_0            0.940919                                      # The average of read and write requests that are served in this DRAM element per memory cycle for level _0
             ramulator.active_cycles_0_0             7701529                                      # Total active cycles for level _0_0
               ramulator.busy_cycles_0_0             8021989                                      # (All-bank refresh only. busy cycles only include refresh time in rank level) The sum of cycles that the DRAM part is active or under refresh for level _0_0
          ramulator.serving_requests_0_0            12913523                                      # The sum of read and write requests that are served in this DRAM element per memory cycle for level _0_0
  ramulator.average_serving_requests_0_0            0.940919                                      # The average of read and write requests that are served in this DRAM element per memory cycle for level _0_0
           ramulator.active_cycles_0_0_0             1505879                                      # Total active cycles for level _0_0_0
             ramulator.busy_cycles_0_0_0             1505879                                      # (All-bank refresh only. busy cycles only include refresh time in rank level) The sum of cycles that the DRAM part is active or under refresh for level _0_0_0
        ramulator.serving_requests_0_0_0             1923169                                      # The sum of read and write requests that are served in this DRAM element per memory cycle for level _0_0_0
ramulator.average_serving_requests_0_0_0            0.140128                                      # The average of read and write requests that are served in this DRAM element per memory cycle for level _0_0_0
         ramulator.active_cycles_0_0_0_0              275288                                      # Total active cycles for level _0_0_0_0
           ramulator.busy_cycles_0_0_0_0              275288                                      # (All-bank refresh only. busy cycles only include refresh time in rank level) The sum of cycles that the DRAM part is active or under refresh for level _0_0_0_0
      ramulator.serving_requests_0_0_0_0              335396                                      # The sum of read and write requests that are served in this DRAM element per memory cycle for level _0_0_0_0
ramulator.average_serving_requests_0_0_0_0            0.024438                                      # The average of read and write requests that are served in this DRAM element per memory cycle for level _0_0_0_0
         ramulator.active_cycles_0_0_0_1              662510                                      # Total active cycles for level _0_0_0_1
           ramulator.busy_cycles_0_0_0_1              662510                                      # (All-bank refresh only. busy cycles only include refresh time in rank level) The sum of cycles that the DRAM part is active or under refresh for level _0_0_0_1
      ramulator.serving_requests_0_0_0_1              733530                                      # The sum of read and write requests that are served in this DRAM element per memory cycle for level _0_0_0_1
ramulator.average_serving_requests_0_0_0_1            0.053447                                      # The average of read and write requests that are served in this DRAM element per memory cycle for level _0_0_0_1
         ramulator.active_cycles_0_0_0_2              468152                                      # Total active cycles for level _0_0_0_2
           ramulator.busy_cycles_0_0_0_2              468152                                      # (All-bank refresh only. busy cycles only include refresh time in rank level) The sum of cycles that the DRAM part is active or under refresh for level _0_0_0_2
      ramulator.serving_requests_0_0_0_2              534304                                      # The sum of read and write requests that are served in this DRAM element per memory cycle for level _0_0_0_2
ramulator.average_serving_requests_0_0_0_2            0.038931                                      # The average of read and write requests that are served in this DRAM element per memory cycle for level _0_0_0_2
         ramulator.active_cycles_0_0_0_3              260849                                      # Total active cycles for level _0_0_0_3
           ramulator.busy_cycles_0_0_0_3              260849                                      # (All-bank refresh only. busy cycles only include refresh time in rank level) The sum of cycles that the DRAM part is active or under refresh for level _0_0_0_3
      ramulator.serving_requests_0_0_0_3              319939                                      # The sum of read and write requests that are served in this DRAM element per memory cycle for level _0_0_0_3
ramulator.average_serving_requests_0_0_0_3            0.023312                                      # The average of read and write requests that are served in this DRAM element per memory cycle for level _0_0_0_3
           ramulator.active_cycles_0_0_1             4164077                                      # Total active cycles for level _0_0_1
             ramulator.busy_cycles_0_0_1             4164077                                      # (All-bank refresh only. busy cycles only include refresh time in rank level) The sum of cycles that the DRAM part is active or under refresh for level _0_0_1
        ramulator.serving_requests_0_0_1             4790804                                      # The sum of read and write requests that are served in this DRAM element per memory cycle for level _0_0_1
ramulator.average_serving_requests_0_0_1            0.349073                                      # The average of read and write requests that are served in this DRAM element per memory cycle for level _0_0_1
         ramulator.active_cycles_0_0_1_0             1145946                                      # Total active cycles for level _0_0_1_0
           ramulator.busy_cycles_0_0_1_0             1145946                                      # (All-bank refresh only. busy cycles only include refresh time in rank level) The sum of cycles that the DRAM part is active or under refresh for level _0_0_1_0
      ramulator.serving_requests_0_0_1_0             1208571                                      # The sum of read and write requests that are served in this DRAM element per memory cycle for level _0_0_1_0
ramulator.average_serving_requests_0_0_1_0            0.088060                                      # The average of read and write requests that are served in this DRAM element per memory cycle for level _0_0_1_0
         ramulator.active_cycles_0_0_1_1              960259                                      # Total active cycles for level _0_0_1_1
           ramulator.busy_cycles_0_0_1_1              960259                                      # (All-bank refresh only. busy cycles only include refresh time in rank level) The sum of cycles that the DRAM part is active or under refresh for level _0_0_1_1
      ramulator.serving_requests_0_0_1_1             1019213                                      # The sum of read and write requests that are served in this DRAM element per memory cycle for level _0_0_1_1
ramulator.average_serving_requests_0_0_1_1            0.074263                                      # The average of read and write requests that are served in this DRAM element per memory cycle for level _0_0_1_1
         ramulator.active_cycles_0_0_1_2             1112250                                      # Total active cycles for level _0_0_1_2
           ramulator.busy_cycles_0_0_1_2             1112250                                      # (All-bank refresh only. busy cycles only include refresh time in rank level) The sum of cycles that the DRAM part is active or under refresh for level _0_0_1_2
      ramulator.serving_requests_0_0_1_2             1182750                                      # The sum of read and write requests that are served in this DRAM element per memory cycle for level _0_0_1_2
ramulator.average_serving_requests_0_0_1_2            0.086179                                      # The average of read and write requests that are served in this DRAM element per memory cycle for level _0_0_1_2
         ramulator.active_cycles_0_0_1_3             1291670                                      # Total active cycles for level _0_0_1_3
           ramulator.busy_cycles_0_0_1_3             1291670                                      # (All-bank refresh only. busy cycles only include refresh time in rank level) The sum of cycles that the DRAM part is active or under refresh for level _0_0_1_3
      ramulator.serving_requests_0_0_1_3             1380270                                      # The sum of read and write requests that are served in this DRAM element per memory cycle for level _0_0_1_3
ramulator.average_serving_requests_0_0_1_3            0.100571                                      # The average of read and write requests that are served in this DRAM element per memory cycle for level _0_0_1_3
           ramulator.active_cycles_0_0_2             3290106                                      # Total active cycles for level _0_0_2
             ramulator.busy_cycles_0_0_2             3290106                                      # (All-bank refresh only. busy cycles only include refresh time in rank level) The sum of cycles that the DRAM part is active or under refresh for level _0_0_2
        ramulator.serving_requests_0_0_2             3813731                                      # The sum of read and write requests that are served in this DRAM element per memory cycle for level _0_0_2
ramulator.average_serving_requests_0_0_2            0.277880                                      # The average of read and write requests that are served in this DRAM element per memory cycle for level _0_0_2
         ramulator.active_cycles_0_0_2_0              245523                                      # Total active cycles for level _0_0_2_0
           ramulator.busy_cycles_0_0_2_0              245523                                      # (All-bank refresh only. busy cycles only include refresh time in rank level) The sum of cycles that the DRAM part is active or under refresh for level _0_0_2_0
      ramulator.serving_requests_0_0_2_0              303806                                      # The sum of read and write requests that are served in this DRAM element per memory cycle for level _0_0_2_0
ramulator.average_serving_requests_0_0_2_0            0.022136                                      # The average of read and write requests that are served in this DRAM element per memory cycle for level _0_0_2_0
         ramulator.active_cycles_0_0_2_1              873790                                      # Total active cycles for level _0_0_2_1
           ramulator.busy_cycles_0_0_2_1              873790                                      # (All-bank refresh only. busy cycles only include refresh time in rank level) The sum of cycles that the DRAM part is active or under refresh for level _0_0_2_1
      ramulator.serving_requests_0_0_2_1              946878                                      # The sum of read and write requests that are served in this DRAM element per memory cycle for level _0_0_2_1
ramulator.average_serving_requests_0_0_2_1            0.068992                                      # The average of read and write requests that are served in this DRAM element per memory cycle for level _0_0_2_1
         ramulator.active_cycles_0_0_2_2             1298297                                      # Total active cycles for level _0_0_2_2
           ramulator.busy_cycles_0_0_2_2             1298297                                      # (All-bank refresh only. busy cycles only include refresh time in rank level) The sum of cycles that the DRAM part is active or under refresh for level _0_0_2_2
      ramulator.serving_requests_0_0_2_2             1369812                                      # The sum of read and write requests that are served in this DRAM element per memory cycle for level _0_0_2_2
ramulator.average_serving_requests_0_0_2_2            0.099809                                      # The average of read and write requests that are served in this DRAM element per memory cycle for level _0_0_2_2
         ramulator.active_cycles_0_0_2_3             1130630                                      # Total active cycles for level _0_0_2_3
           ramulator.busy_cycles_0_0_2_3             1130630                                      # (All-bank refresh only. busy cycles only include refresh time in rank level) The sum of cycles that the DRAM part is active or under refresh for level _0_0_2_3
      ramulator.serving_requests_0_0_2_3             1192675                                      # The sum of read and write requests that are served in this DRAM element per memory cycle for level _0_0_2_3
ramulator.average_serving_requests_0_0_2_3            0.086902                                      # The average of read and write requests that are served in this DRAM element per memory cycle for level _0_0_2_3
           ramulator.active_cycles_0_0_3             2038001                                      # Total active cycles for level _0_0_3
             ramulator.busy_cycles_0_0_3             2038001                                      # (All-bank refresh only. busy cycles only include refresh time in rank level) The sum of cycles that the DRAM part is active or under refresh for level _0_0_3
        ramulator.serving_requests_0_0_3             2385769                                      # The sum of read and write requests that are served in this DRAM element per memory cycle for level _0_0_3
ramulator.average_serving_requests_0_0_3            0.173834                                      # The average of read and write requests that are served in this DRAM element per memory cycle for level _0_0_3
         ramulator.active_cycles_0_0_3_0             1041795                                      # Total active cycles for level _0_0_3_0
           ramulator.busy_cycles_0_0_3_0             1041795                                      # (All-bank refresh only. busy cycles only include refresh time in rank level) The sum of cycles that the DRAM part is active or under refresh for level _0_0_3_0
      ramulator.serving_requests_0_0_3_0             1107301                                      # The sum of read and write requests that are served in this DRAM element per memory cycle for level _0_0_3_0
ramulator.average_serving_requests_0_0_3_0            0.080681                                      # The average of read and write requests that are served in this DRAM element per memory cycle for level _0_0_3_0
         ramulator.active_cycles_0_0_3_1              646207                                      # Total active cycles for level _0_0_3_1
           ramulator.busy_cycles_0_0_3_1              646207                                      # (All-bank refresh only. busy cycles only include refresh time in rank level) The sum of cycles that the DRAM part is active or under refresh for level _0_0_3_1
      ramulator.serving_requests_0_0_3_1              702929                                      # The sum of read and write requests that are served in this DRAM element per memory cycle for level _0_0_3_1
ramulator.average_serving_requests_0_0_3_1            0.051218                                      # The average of read and write requests that are served in this DRAM element per memory cycle for level _0_0_3_1
         ramulator.active_cycles_0_0_3_2              229139                                      # Total active cycles for level _0_0_3_2
           ramulator.busy_cycles_0_0_3_2              229139                                      # (All-bank refresh only. busy cycles only include refresh time in rank level) The sum of cycles that the DRAM part is active or under refresh for level _0_0_3_2
      ramulator.serving_requests_0_0_3_2              285485                                      # The sum of read and write requests that are served in this DRAM element per memory cycle for level _0_0_3_2
ramulator.average_serving_requests_0_0_3_2            0.020801                                      # The average of read and write requests that are served in this DRAM element per memory cycle for level _0_0_3_2
         ramulator.active_cycles_0_0_3_3              236001                                      # Total active cycles for level _0_0_3_3
           ramulator.busy_cycles_0_0_3_3              236001                                      # (All-bank refresh only. busy cycles only include refresh time in rank level) The sum of cycles that the DRAM part is active or under refresh for level _0_0_3_3
      ramulator.serving_requests_0_0_3_3              290054                                      # The sum of read and write requests that are served in this DRAM element per memory cycle for level _0_0_3_3
ramulator.average_serving_requests_0_0_3_3            0.021134                                      # The average of read and write requests that are served in this DRAM element per memory cycle for level _0_0_3_3
      ramulator.read_transaction_bytes_0            10644032                                      # The total byte of read transaction per channel
     ramulator.write_transaction_bytes_0              193984                                      # The total byte of write transaction per channel
       ramulator.row_hits_channel_0_core              129617                                      # Number of row hits per channel per core
     ramulator.row_misses_channel_0_core                8185                                      # Number of row misses per channel per core
  ramulator.row_conflicts_channel_0_core               31542                                      # Number of row conflicts per channel per core
  ramulator.read_row_hits_channel_0_core              129211                                      # Number of row hits for read requests per channel per core
                                     [0]            129211.0                                      # 
ramulator.read_row_misses_channel_0_core                7682                                      # Number of row misses for read requests per channel per core
                                     [0]              7682.0                                      # 
ramulator.read_row_conflicts_channel_0_core               29420                                      # Number of row conflicts for read requests per channel per core
                                     [0]             29420.0                                      # 
 ramulator.write_row_hits_channel_0_core                 406                                      # Number of row hits for write requests per channel per core
                                     [0]               406.0                                      # 
ramulator.write_row_misses_channel_0_core                 503                                      # Number of row misses for write requests per channel per core
                                     [0]               503.0                                      # 
ramulator.write_row_conflicts_channel_0_core                2122                                      # Number of row conflicts for write requests per channel per core
                                     [0]              2122.0                                      # 
      ramulator.useless_activates_0_core                   0                                      # Number of useless activations. E.g, ACT -> PRE w/o RD or WR
            ramulator.read_latency_avg_0           43.487723                                      # The average memory latency cycles (in memory time domain) per request for all read requests in this channel
            ramulator.read_latency_sum_0             7233487                                      # The memory latency cycles (in memory time domain) sum for all read requests in this channel
        ramulator.req_queue_length_avg_0           12.897135                                      # Average of read and write queue length per memory cycle per channel.
        ramulator.req_queue_length_sum_0           177005072                                      # Sum of read and write queue length per memory cycle per channel.
   ramulator.read_req_queue_length_avg_0            0.482963                                      # Read queue length average per memory cycle per channel.
   ramulator.read_req_queue_length_sum_0             6628365                                      # Read queue length sum per memory cycle per channel.
  ramulator.write_req_queue_length_avg_0           12.414171                                      # Write queue length average per memory cycle per channel.
  ramulator.write_req_queue_length_sum_0           170376707                                      # Write queue length sum per memory cycle per channel.
              ramulator.record_read_hits                 0.0                                      # record read hit count for this core when it reaches request limit or to the end
                                     [0]                 0.0                                      # 
            ramulator.record_read_misses                 0.0                                      # record_read_miss count for this core when it reaches request limit or to the end
                                     [0]                 0.0                                      # 
         ramulator.record_read_conflicts                 0.0                                      # record read conflict count for this core when it reaches request limit or to the end
                                     [0]                 0.0                                      # 
             ramulator.record_write_hits                 0.0                                      # record write hit count for this core when it reaches request limit or to the end
                                     [0]                 0.0                                      # 
           ramulator.record_write_misses                 0.0                                      # record write miss count for this core when it reaches request limit or to the end
                                     [0]                 0.0                                      # 
        ramulator.record_write_conflicts                 0.0                                      # record write conflict for this core when it reaches request limit or to the end
                                     [0]                 0.0                                      # 
                 ramulator.dram_capacity          8589934592                                      # Number of bytes in simulated DRAM
                   ramulator.dram_cycles            13724372                                      # Number of DRAM cycles simulated
             ramulator.incoming_requests              169389                                      # Number of incoming requests to DRAM
                 ramulator.read_requests              166334                                      # Number of incoming read requests to DRAM per core
                                     [0]            166334.0                                      # 
                ramulator.write_requests                3055                                      # Number of incoming write requests to DRAM per core
                                     [0]              3055.0                                      # 
       ramulator.ramulator_active_cycles             7814660                                      # The total number of cycles that the DRAM part is active (serving R/W)
 ramulator.incoming_requests_per_channel            169389.0                                      # Number of incoming requests to each DRAM channel
                                     [0]            169389.0                                      # 
ramulator.incoming_read_reqs_per_channel            166334.0                                      # Number of incoming read requests to each DRAM channel
                                     [0]            166334.0                                      # 
     ramulator.physical_page_replacement                   0                                      # The number of times that physical page replacement happens.
             ramulator.maximum_bandwidth         19200000000                                      # The theoretical maximum bandwidth (Bps)
          ramulator.in_queue_req_num_sum           177005072                                      # Sum of read/write queue length
     ramulator.in_queue_read_req_num_sum             6628365                                      # Sum of read queue length
    ramulator.in_queue_write_req_num_sum           170376707                                      # Sum of write queue length
          ramulator.in_queue_req_num_avg           12.897135                                      # Average of read/write queue length per memory cycle
     ramulator.in_queue_read_req_num_avg            0.482963                                      # Average of read queue length per memory cycle
    ramulator.in_queue_write_req_num_avg           12.414171                                      # Average of write queue length per memory cycle
          ramulator.record_read_requests                 0.0                                      # record read requests for this core when it reaches request limit or to the end
                                     [0]                 0.0                                      # 
         ramulator.record_write_requests                 0.0                                      # record write requests for this core when it reaches request limit or to the end
                                     [0]                 0.0                                      # 
