Scarab gitrev: 3541854
Scarab started at Mon Oct 21 23:32:48 2024

Initialized Ramulator. 
** Heartbeat:   5% -- { 1000000 } -- 0.00 KIPS (55.56 KIPS)
** Heartbeat:  10% -- { 2000000 } -- 66.67 KIPS (60.61 KIPS)
** Heartbeat:  15% -- { 3000003 } -- 55.56 KIPS (58.82 KIPS)
** Heartbeat:  20% -- { 4000005 } -- 50.00 KIPS (56.34 KIPS)
** Heartbeat:  25% -- { 5000007 } -- 55.56 KIPS (56.18 KIPS)
** Heartbeat:  30% -- { 6000012 } -- 41.67 KIPS (53.10 KIPS)
** Heartbeat:  35% -- { 7000014 } -- 58.82 KIPS (53.85 KIPS)
** Heartbeat:  40% -- { 8000016 } -- 52.63 KIPS (53.69 KIPS)
** Heartbeat:  45% -- { 9000017 } -- 66.67 KIPS (54.88 KIPS)
** Heartbeat:  50% -- { 10000021 } -- 43.48 KIPS (53.48 KIPS)
** Heartbeat:  55% -- { 11000021 } -- 43.48 KIPS (52.38 KIPS)
** Heartbeat:  60% -- { 12000021 } -- 58.82 KIPS (52.86 KIPS)
** Heartbeat:  65% -- { 13000021 } -- 52.63 KIPS (52.85 KIPS)
** Heartbeat:  70% -- { 14000021 } -- 55.56 KIPS (53.03 KIPS)
** Heartbeat:  75% -- { 15000023 } -- 50.00 KIPS (52.82 KIPS)
** Heartbeat:  80% -- { 16000026 } -- 52.63 KIPS (52.81 KIPS)
** Heartbeat:  85% -- { 17000026 } -- 58.82 KIPS (53.13 KIPS)
** Heartbeat:  90% -- { 18000026 } -- 62.50 KIPS (53.57 KIPS)
** Heartbeat:  95% -- { 19000026 } -- 35.71 KIPS (52.20 KIPS)
** Core 0 Finished:    insts:20000001    cycles:12405697    time:3876780312500       -- 1.61 IPC (1.61 IPC) --  N/A  KIPS (52.08 KIPS)
Scarab finished at Mon Oct 21 23:39:12 2024

