               ramulator.active_cycles_0             3078191                                      # Total active cycles for level _0
                 ramulator.busy_cycles_0             3078191                                      # (All-bank refresh only. busy cycles only include refresh time in rank level) The sum of cycles that the DRAM part is active or under refresh for level _0
            ramulator.serving_requests_0             3792235                                      # The sum of read and write requests that are served in this DRAM element per memory cycle for level _0
    ramulator.average_serving_requests_0            0.225639                                      # The average of read and write requests that are served in this DRAM element per memory cycle for level _0
             ramulator.active_cycles_0_0             3078191                                      # Total active cycles for level _0_0
               ramulator.busy_cycles_0_0             3756071                                      # (All-bank refresh only. busy cycles only include refresh time in rank level) The sum of cycles that the DRAM part is active or under refresh for level _0_0
          ramulator.serving_requests_0_0             3792235                                      # The sum of read and write requests that are served in this DRAM element per memory cycle for level _0_0
  ramulator.average_serving_requests_0_0            0.225639                                      # The average of read and write requests that are served in this DRAM element per memory cycle for level _0_0
           ramulator.active_cycles_0_0_0             1139037                                      # Total active cycles for level _0_0_0
             ramulator.busy_cycles_0_0_0             1139037                                      # (All-bank refresh only. busy cycles only include refresh time in rank level) The sum of cycles that the DRAM part is active or under refresh for level _0_0_0
        ramulator.serving_requests_0_0_0             1216188                                      # The sum of read and write requests that are served in this DRAM element per memory cycle for level _0_0_0
ramulator.average_serving_requests_0_0_0            0.072363                                      # The average of read and write requests that are served in this DRAM element per memory cycle for level _0_0_0
         ramulator.active_cycles_0_0_0_0              365219                                      # Total active cycles for level _0_0_0_0
           ramulator.busy_cycles_0_0_0_0              365219                                      # (All-bank refresh only. busy cycles only include refresh time in rank level) The sum of cycles that the DRAM part is active or under refresh for level _0_0_0_0
      ramulator.serving_requests_0_0_0_0              373737                                      # The sum of read and write requests that are served in this DRAM element per memory cycle for level _0_0_0_0
ramulator.average_serving_requests_0_0_0_0            0.022237                                      # The average of read and write requests that are served in this DRAM element per memory cycle for level _0_0_0_0
         ramulator.active_cycles_0_0_0_1              369832                                      # Total active cycles for level _0_0_0_1
           ramulator.busy_cycles_0_0_0_1              369832                                      # (All-bank refresh only. busy cycles only include refresh time in rank level) The sum of cycles that the DRAM part is active or under refresh for level _0_0_0_1
      ramulator.serving_requests_0_0_0_1              379304                                      # The sum of read and write requests that are served in this DRAM element per memory cycle for level _0_0_0_1
ramulator.average_serving_requests_0_0_0_1            0.022569                                      # The average of read and write requests that are served in this DRAM element per memory cycle for level _0_0_0_1
         ramulator.active_cycles_0_0_0_2              303609                                      # Total active cycles for level _0_0_0_2
           ramulator.busy_cycles_0_0_0_2              303609                                      # (All-bank refresh only. busy cycles only include refresh time in rank level) The sum of cycles that the DRAM part is active or under refresh for level _0_0_0_2
      ramulator.serving_requests_0_0_0_2              325049                                      # The sum of read and write requests that are served in this DRAM element per memory cycle for level _0_0_0_2
ramulator.average_serving_requests_0_0_0_2            0.019340                                      # The average of read and write requests that are served in this DRAM element per memory cycle for level _0_0_0_2
         ramulator.active_cycles_0_0_0_3              126901                                      # Total active cycles for level _0_0_0_3
           ramulator.busy_cycles_0_0_0_3              126901                                      # (All-bank refresh only. busy cycles only include refresh time in rank level) The sum of cycles that the DRAM part is active or under refresh for level _0_0_0_3
      ramulator.serving_requests_0_0_0_3              138098                                      # The sum of read and write requests that are served in this DRAM element per memory cycle for level _0_0_0_3
ramulator.average_serving_requests_0_0_0_3            0.008217                                      # The average of read and write requests that are served in this DRAM element per memory cycle for level _0_0_0_3
           ramulator.active_cycles_0_0_1              814067                                      # Total active cycles for level _0_0_1
             ramulator.busy_cycles_0_0_1              814067                                      # (All-bank refresh only. busy cycles only include refresh time in rank level) The sum of cycles that the DRAM part is active or under refresh for level _0_0_1
        ramulator.serving_requests_0_0_1              911011                                      # The sum of read and write requests that are served in this DRAM element per memory cycle for level _0_0_1
ramulator.average_serving_requests_0_0_1            0.054205                                      # The average of read and write requests that are served in this DRAM element per memory cycle for level _0_0_1
         ramulator.active_cycles_0_0_1_0              151839                                      # Total active cycles for level _0_0_1_0
           ramulator.busy_cycles_0_0_1_0              151839                                      # (All-bank refresh only. busy cycles only include refresh time in rank level) The sum of cycles that the DRAM part is active or under refresh for level _0_0_1_0
      ramulator.serving_requests_0_0_1_0              166017                                      # The sum of read and write requests that are served in this DRAM element per memory cycle for level _0_0_1_0
ramulator.average_serving_requests_0_0_1_0            0.009878                                      # The average of read and write requests that are served in this DRAM element per memory cycle for level _0_0_1_0
         ramulator.active_cycles_0_0_1_1              185948                                      # Total active cycles for level _0_0_1_1
           ramulator.busy_cycles_0_0_1_1              185948                                      # (All-bank refresh only. busy cycles only include refresh time in rank level) The sum of cycles that the DRAM part is active or under refresh for level _0_0_1_1
      ramulator.serving_requests_0_0_1_1              203761                                      # The sum of read and write requests that are served in this DRAM element per memory cycle for level _0_0_1_1
ramulator.average_serving_requests_0_0_1_1            0.012124                                      # The average of read and write requests that are served in this DRAM element per memory cycle for level _0_0_1_1
         ramulator.active_cycles_0_0_1_2              348404                                      # Total active cycles for level _0_0_1_2
           ramulator.busy_cycles_0_0_1_2              348404                                      # (All-bank refresh only. busy cycles only include refresh time in rank level) The sum of cycles that the DRAM part is active or under refresh for level _0_0_1_2
      ramulator.serving_requests_0_0_1_2              363287                                      # The sum of read and write requests that are served in this DRAM element per memory cycle for level _0_0_1_2
ramulator.average_serving_requests_0_0_1_2            0.021616                                      # The average of read and write requests that are served in this DRAM element per memory cycle for level _0_0_1_2
         ramulator.active_cycles_0_0_1_3              167124                                      # Total active cycles for level _0_0_1_3
           ramulator.busy_cycles_0_0_1_3              167124                                      # (All-bank refresh only. busy cycles only include refresh time in rank level) The sum of cycles that the DRAM part is active or under refresh for level _0_0_1_3
      ramulator.serving_requests_0_0_1_3              177946                                      # The sum of read and write requests that are served in this DRAM element per memory cycle for level _0_0_1_3
ramulator.average_serving_requests_0_0_1_3            0.010588                                      # The average of read and write requests that are served in this DRAM element per memory cycle for level _0_0_1_3
           ramulator.active_cycles_0_0_2              669423                                      # Total active cycles for level _0_0_2
             ramulator.busy_cycles_0_0_2              669423                                      # (All-bank refresh only. busy cycles only include refresh time in rank level) The sum of cycles that the DRAM part is active or under refresh for level _0_0_2
        ramulator.serving_requests_0_0_2              746781                                      # The sum of read and write requests that are served in this DRAM element per memory cycle for level _0_0_2
ramulator.average_serving_requests_0_0_2            0.044434                                      # The average of read and write requests that are served in this DRAM element per memory cycle for level _0_0_2
         ramulator.active_cycles_0_0_2_0              230839                                      # Total active cycles for level _0_0_2_0
           ramulator.busy_cycles_0_0_2_0              230839                                      # (All-bank refresh only. busy cycles only include refresh time in rank level) The sum of cycles that the DRAM part is active or under refresh for level _0_0_2_0
      ramulator.serving_requests_0_0_2_0              247020                                      # The sum of read and write requests that are served in this DRAM element per memory cycle for level _0_0_2_0
ramulator.average_serving_requests_0_0_2_0            0.014698                                      # The average of read and write requests that are served in this DRAM element per memory cycle for level _0_0_2_0
         ramulator.active_cycles_0_0_2_1              167154                                      # Total active cycles for level _0_0_2_1
           ramulator.busy_cycles_0_0_2_1              167154                                      # (All-bank refresh only. busy cycles only include refresh time in rank level) The sum of cycles that the DRAM part is active or under refresh for level _0_0_2_1
      ramulator.serving_requests_0_0_2_1              175084                                      # The sum of read and write requests that are served in this DRAM element per memory cycle for level _0_0_2_1
ramulator.average_serving_requests_0_0_2_1            0.010418                                      # The average of read and write requests that are served in this DRAM element per memory cycle for level _0_0_2_1
         ramulator.active_cycles_0_0_2_2              164491                                      # Total active cycles for level _0_0_2_2
           ramulator.busy_cycles_0_0_2_2              164491                                      # (All-bank refresh only. busy cycles only include refresh time in rank level) The sum of cycles that the DRAM part is active or under refresh for level _0_0_2_2
      ramulator.serving_requests_0_0_2_2              177804                                      # The sum of read and write requests that are served in this DRAM element per memory cycle for level _0_0_2_2
ramulator.average_serving_requests_0_0_2_2            0.010579                                      # The average of read and write requests that are served in this DRAM element per memory cycle for level _0_0_2_2
         ramulator.active_cycles_0_0_2_3              136693                                      # Total active cycles for level _0_0_2_3
           ramulator.busy_cycles_0_0_2_3              136693                                      # (All-bank refresh only. busy cycles only include refresh time in rank level) The sum of cycles that the DRAM part is active or under refresh for level _0_0_2_3
      ramulator.serving_requests_0_0_2_3              146873                                      # The sum of read and write requests that are served in this DRAM element per memory cycle for level _0_0_2_3
ramulator.average_serving_requests_0_0_2_3            0.008739                                      # The average of read and write requests that are served in this DRAM element per memory cycle for level _0_0_2_3
           ramulator.active_cycles_0_0_3              815576                                      # Total active cycles for level _0_0_3
             ramulator.busy_cycles_0_0_3              815576                                      # (All-bank refresh only. busy cycles only include refresh time in rank level) The sum of cycles that the DRAM part is active or under refresh for level _0_0_3
        ramulator.serving_requests_0_0_3              918255                                      # The sum of read and write requests that are served in this DRAM element per memory cycle for level _0_0_3
ramulator.average_serving_requests_0_0_3            0.054636                                      # The average of read and write requests that are served in this DRAM element per memory cycle for level _0_0_3
         ramulator.active_cycles_0_0_3_0              204166                                      # Total active cycles for level _0_0_3_0
           ramulator.busy_cycles_0_0_3_0              204166                                      # (All-bank refresh only. busy cycles only include refresh time in rank level) The sum of cycles that the DRAM part is active or under refresh for level _0_0_3_0
      ramulator.serving_requests_0_0_3_0              213306                                      # The sum of read and write requests that are served in this DRAM element per memory cycle for level _0_0_3_0
ramulator.average_serving_requests_0_0_3_0            0.012692                                      # The average of read and write requests that are served in this DRAM element per memory cycle for level _0_0_3_0
         ramulator.active_cycles_0_0_3_1              241245                                      # Total active cycles for level _0_0_3_1
           ramulator.busy_cycles_0_0_3_1              241245                                      # (All-bank refresh only. busy cycles only include refresh time in rank level) The sum of cycles that the DRAM part is active or under refresh for level _0_0_3_1
      ramulator.serving_requests_0_0_3_1              252965                                      # The sum of read and write requests that are served in this DRAM element per memory cycle for level _0_0_3_1
ramulator.average_serving_requests_0_0_3_1            0.015051                                      # The average of read and write requests that are served in this DRAM element per memory cycle for level _0_0_3_1
         ramulator.active_cycles_0_0_3_2              239325                                      # Total active cycles for level _0_0_3_2
           ramulator.busy_cycles_0_0_3_2              239325                                      # (All-bank refresh only. busy cycles only include refresh time in rank level) The sum of cycles that the DRAM part is active or under refresh for level _0_0_3_2
      ramulator.serving_requests_0_0_3_2              254996                                      # The sum of read and write requests that are served in this DRAM element per memory cycle for level _0_0_3_2
ramulator.average_serving_requests_0_0_3_2            0.015172                                      # The average of read and write requests that are served in this DRAM element per memory cycle for level _0_0_3_2
         ramulator.active_cycles_0_0_3_3              181769                                      # Total active cycles for level _0_0_3_3
           ramulator.busy_cycles_0_0_3_3              181769                                      # (All-bank refresh only. busy cycles only include refresh time in rank level) The sum of cycles that the DRAM part is active or under refresh for level _0_0_3_3
      ramulator.serving_requests_0_0_3_3              196988                                      # The sum of read and write requests that are served in this DRAM element per memory cycle for level _0_0_3_3
ramulator.average_serving_requests_0_0_3_3            0.011721                                      # The average of read and write requests that are served in this DRAM element per memory cycle for level _0_0_3_3
      ramulator.read_transaction_bytes_0             5321472                                      # The total byte of read transaction per channel
     ramulator.write_transaction_bytes_0             2591232                                      # The total byte of write transaction per channel
       ramulator.row_hits_channel_0_core              106923                                      # Number of row hits per channel per core
     ramulator.row_misses_channel_0_core                8293                                      # Number of row misses per channel per core
  ramulator.row_conflicts_channel_0_core                8420                                      # Number of row conflicts per channel per core
  ramulator.read_row_hits_channel_0_core               75315                                      # Number of row hits for read requests per channel per core
                                     [0]             75315.0                                      # 
ramulator.read_row_misses_channel_0_core                3459                                      # Number of row misses for read requests per channel per core
                                     [0]              3459.0                                      # 
ramulator.read_row_conflicts_channel_0_core                4374                                      # Number of row conflicts for read requests per channel per core
                                     [0]              4374.0                                      # 
 ramulator.write_row_hits_channel_0_core               31608                                      # Number of row hits for write requests per channel per core
                                     [0]             31608.0                                      # 
ramulator.write_row_misses_channel_0_core                4834                                      # Number of row misses for write requests per channel per core
                                     [0]              4834.0                                      # 
ramulator.write_row_conflicts_channel_0_core                4046                                      # Number of row conflicts for write requests per channel per core
                                     [0]              4046.0                                      # 
      ramulator.useless_activates_0_core                  12                                      # Number of useless activations. E.g, ACT -> PRE w/o RD or WR
            ramulator.read_latency_avg_0           45.953731                                      # The average memory latency cycles (in memory time domain) per request for all read requests in this channel
            ramulator.read_latency_sum_0             3821742                                      # The memory latency cycles (in memory time domain) sum for all read requests in this channel
        ramulator.req_queue_length_avg_0           11.834127                                      # Average of read and write queue length per memory cycle per channel.
        ramulator.req_queue_length_sum_0           198892439                                      # Sum of read and write queue length per memory cycle per channel.
   ramulator.read_req_queue_length_avg_0            0.219753                                      # Read queue length average per memory cycle per channel.
   ramulator.read_req_queue_length_sum_0             3693326                                      # Read queue length sum per memory cycle per channel.
  ramulator.write_req_queue_length_avg_0           11.614374                                      # Write queue length average per memory cycle per channel.
  ramulator.write_req_queue_length_sum_0           195199113                                      # Write queue length sum per memory cycle per channel.
              ramulator.record_read_hits                 0.0                                      # record read hit count for this core when it reaches request limit or to the end
                                     [0]                 0.0                                      # 
            ramulator.record_read_misses                 0.0                                      # record_read_miss count for this core when it reaches request limit or to the end
                                     [0]                 0.0                                      # 
         ramulator.record_read_conflicts                 0.0                                      # record read conflict count for this core when it reaches request limit or to the end
                                     [0]                 0.0                                      # 
             ramulator.record_write_hits                 0.0                                      # record write hit count for this core when it reaches request limit or to the end
                                     [0]                 0.0                                      # 
           ramulator.record_write_misses                 0.0                                      # record write miss count for this core when it reaches request limit or to the end
                                     [0]                 0.0                                      # 
        ramulator.record_write_conflicts                 0.0                                      # record write conflict for this core when it reaches request limit or to the end
                                     [0]                 0.0                                      # 
                 ramulator.dram_capacity          8589934592                                      # Number of bytes in simulated DRAM
                   ramulator.dram_cycles            16806684                                      # Number of DRAM cycles simulated
             ramulator.incoming_requests              123667                                      # Number of incoming requests to DRAM
                 ramulator.read_requests               83165                                      # Number of incoming read requests to DRAM per core
                                     [0]             83165.0                                      # 
                ramulator.write_requests               40502                                      # Number of incoming write requests to DRAM per core
                                     [0]             40502.0                                      # 
       ramulator.ramulator_active_cycles             3078191                                      # The total number of cycles that the DRAM part is active (serving R/W)
 ramulator.incoming_requests_per_channel            123667.0                                      # Number of incoming requests to each DRAM channel
                                     [0]            123667.0                                      # 
ramulator.incoming_read_reqs_per_channel             83165.0                                      # Number of incoming read requests to each DRAM channel
                                     [0]             83165.0                                      # 
     ramulator.physical_page_replacement                   0                                      # The number of times that physical page replacement happens.
             ramulator.maximum_bandwidth         19200000000                                      # The theoretical maximum bandwidth (Bps)
          ramulator.in_queue_req_num_sum           198892439                                      # Sum of read/write queue length
     ramulator.in_queue_read_req_num_sum             3693326                                      # Sum of read queue length
    ramulator.in_queue_write_req_num_sum           195199113                                      # Sum of write queue length
          ramulator.in_queue_req_num_avg           11.834127                                      # Average of read/write queue length per memory cycle
     ramulator.in_queue_read_req_num_avg            0.219753                                      # Average of read queue length per memory cycle
    ramulator.in_queue_write_req_num_avg           11.614374                                      # Average of write queue length per memory cycle
          ramulator.record_read_requests                 0.0                                      # record read requests for this core when it reaches request limit or to the end
                                     [0]                 0.0                                      # 
         ramulator.record_write_requests                 0.0                                      # record write requests for this core when it reaches request limit or to the end
                                     [0]                 0.0                                      # 
