Scarab gitrev: 3541854
Scarab started at Thu Oct 17 19:59:39 2024

Initialized Ramulator. 
** Heartbeat:   5% -- { 1000005 } -- 0.00 KIPS (250.00 KIPS)
** Heartbeat:  10% -- { 2000009 } -- 111.11 KIPS (153.85 KIPS)
** Heartbeat:  15% -- { 3000013 } -- 76.92 KIPS (115.39 KIPS)
** Heartbeat:  20% -- { 4000015 } -- 142.86 KIPS (121.21 KIPS)
** Heartbeat:  25% -- { 5000019 } -- 111.11 KIPS (119.05 KIPS)
** Heartbeat:  30% -- { 6000020 } -- 100.00 KIPS (115.39 KIPS)
** Heartbeat:  35% -- { 7000022 } -- 142.86 KIPS (118.64 KIPS)
** Heartbeat:  40% -- { 8000024 } -- 142.86 KIPS (121.21 KIPS)
** Heartbeat:  45% -- { 9000027 } -- 111.11 KIPS (120.00 KIPS)
** Heartbeat:  50% -- { 10000028 } -- 111.11 KIPS (119.05 KIPS)
** Heartbeat:  55% -- { 11000032 } -- 100.00 KIPS (117.02 KIPS)
** Heartbeat:  60% -- { 12000037 } -- 58.82 KIPS (108.11 KIPS)
** Heartbeat:  65% -- { 13000039 } -- 166.67 KIPS (111.11 KIPS)
** Heartbeat:  70% -- { 14000039 } -- 142.86 KIPS (112.90 KIPS)
** Heartbeat:  75% -- { 15000039 } -- 142.86 KIPS (114.50 KIPS)
** Heartbeat:  80% -- { 16000041 } -- 250.00 KIPS (118.52 KIPS)
** Heartbeat:  85% -- { 17000041 } -- 166.67 KIPS (120.57 KIPS)
** Heartbeat:  90% -- { 18000041 } -- 250.00 KIPS (124.14 KIPS)
** Heartbeat:  95% -- { 19000041 } -- 250.00 KIPS (127.52 KIPS)
** Core 0 Finished:    insts:20000002    cycles:14719284    time:4599776250000       -- 1.36 IPC (1.36 IPC) --  N/A  KIPS (133.33 KIPS)
Scarab finished at Thu Oct 17 20:02:09 2024

