/* -*- Mode: c -*- */
####################################################################################################
Core 0
####################################################################################################
Cumulative:        Cycles: 27815860              Instructions: 20000000              IPC: 0.71901

Periodic:          Cycles: 12671411              Instructions: 9999997               IPC: 0.78918

ST_OP_INV                                            0        0.000%                0        0.000%
ST_OP_NOP                                       194215        1.369%           650517        2.303%
ST_OP_CF                                       3660285       25.794%          7190915       25.458%
ST_OP_MOV                                       781974        5.511%          1588164        5.623%
ST_OP_CMOV                                         441        0.003%              978        0.003%
ST_OP_LDA                                       250107        1.762%           506916        1.795%
ST_OP_ILD                                      3581211       25.237%          7055433       24.978%
ST_OP_IST                                       193931        1.367%           407675        1.443%
ST_OP_IADD                                     1930744       13.606%          3779725       13.381%
ST_OP_IMUL                                         881        0.006%             2139        0.008%
ST_OP_IDIV                                         286        0.002%              795        0.003%
ST_OP_ICMP                                     2133718       15.036%          4170764       14.766%
ST_OP_LOGIC                                    1365200        9.621%          2694485        9.539%
ST_OP_SHIFT                                      96508        0.680%           195282        0.691%
ST_OP_FLD                                          443        0.003%             1076        0.004%
ST_OP_FST                                          543        0.004%             1267        0.004%
ST_OP_FCVT                                           0        0.000%                0        0.000%
ST_OP_FADD                                           0        0.000%                0        0.000%
ST_OP_FMUL                                           0        0.000%                0        0.000%
ST_OP_FMA                                            0        0.000%                0        0.000%
ST_OP_FDIV                                           0        0.000%                0        0.000%
ST_OP_FCMP                                           0        0.000%                0        0.000%
ST_OP_FCMOV                                          0        0.000%                0        0.000%
ST_OP_GATHER                                         0        0.000%                0        0.000%
ST_OP_SCATTER                                        0        0.000%                0        0.000%
ST_OP_PIPELINED_FAST                                 0        0.000%                0        0.000%
ST_OP_PIPELINED_MEDIUM                               0        0.000%                0        0.000%
ST_OP_PIPELINED_SLOW                                 0        0.000%                0        0.000%
ST_OP_NOTPIPELINED_MEDIUM                            0        0.000%                0        0.000%
ST_OP_NOTPIPELINED_SLOW                              0        0.000%                0        0.000%
ST_OP_NOTPIPELINED_VERY_SLOW                         0        0.000%                0        0.000%
                                              14190487      100.000%         28246131      100.000%
                                                  6.38         3.60              6.32         3.62

ST_NOT_CF                                     10530202       74.206%         21055216       74.542%
ST_CF_BR                                        151842        1.070%           303829        1.076%
ST_CF_CBR                                      3299886       23.254%          6464216       22.885%
ST_CF_CALL                                       49224        0.347%           102012        0.361%
ST_CF_IBR                                         1564        0.011%             3324        0.012%
ST_CF_ICALL                                      51228        0.361%           102828        0.364%
ST_CF_ICO                                            0        0.000%                0        0.000%
ST_CF_RET                                       106541        0.751%           214706        0.760%
ST_CF_SYS                                            0        0.000%                0        0.000%
                                              14190487      100.000%         28246131      100.000%
                                                  0.56         0.94              0.55         0.95

ST_BAR_NONE                                   14190487      100.000%         28246131      100.000%
ST_BAR_FETCH                                         0        0.000%                0        0.000%
ST_BAR_ISSUE                                         0        0.000%                0        0.000%
ST_BAR_BOTH                                          0        0.000%                0        0.000%
                                              14190487      100.000%         28246131      100.000%
                                                  0.00         0.00              0.00         0.00

ST_NOT_MEM                                    10414359       73.390%         20780680       73.570%
ST_MEM_LD                                      3581654       25.240%          7056509       24.982%
ST_MEM_ST                                       194474        1.370%           408942        1.448%
ST_MEM_PF                                            0        0.000%                0        0.000%
ST_MEM_WH                                            0        0.000%                0        0.000%
ST_MEM_EVICT                                         0        0.000%                0        0.000%
                                              14190487      100.000%         28246131      100.000%
                                                  0.28         0.41              0.28         0.42

ST_NOT_MEM_OFFPATH                             2191643       73.333%          4234028       74.236%
ST_MEM_LD_OFFPATH                               733982       24.559%          1332027       23.355%
ST_MEM_ST_OFFPATH                                62988        2.108%           137386        2.409%
ST_MEM_PF_OFFPATH                                    0        0.000%                0        0.000%
ST_MEM_WH_OFFPATH                                    0        0.000%                0        0.000%
ST_MEM_EVIC_OFFPATHT                                 0        0.000%                0        0.000%
                                               2988613      100.000%          5703441      100.000%
                                                  0.29         0.43              0.28         0.44

ST_OP_ONPATH                                  14190487                       28246131              

ST_OP_OFFPATH                                  2988613                        5703441              

ST_FAKE_OP_OFFPATH                                2832        0.095%           324147        5.683%
ST_NOT_FAKE_OP_OFFPATH                         2985781       99.905%          5379294       94.317%
                                               2988613      100.000%          5703441      100.000%
                                                  1.00         1.00              0.94         0.92

ST_FAKE_REASON_NOT_FAKE                        2985781       99.905%          5379294       94.317%
ST_FAKE_REASON_REDIRECT_TO_NOT_INSTRUMENTED          2832        0.095%           324147        5.683%
ST_FAKE_REASON_RETURN_TO_NOT_INSTRUMENTED             0        0.000%                0        0.000%
ST_FAKE_REASON_NONRET_CF_TO_NOT_INSTRUMENTED             0        0.000%                0        0.000%
ST_FAKE_REASON_NOT_TAKEN_TO_NOT_INSTRUMENTED             0        0.000%                0        0.000%
ST_FAKE_REASON_WRONG_PATH_STORE_TO_NEW_REGION             0        0.000%                0        0.000%
                                               2988613      100.000%          5703441      100.000%
                                                  0.00         0.03              0.06         0.22

ST_INST_ONPATH                                11795057                       23522710              

ST_INST_OFFPATH                                2562304                        4908559              

STATIC_PIN_NOP                                       0                              0              

DYNAMIC_PIN_REP_GREATER_256                          0                              0              

INST_MAP_UPDATE_JITTED                          434107       16.988%           910963       18.099%
INST_MAP_UPDATE_NPC_INV                              0        0.000%                0        0.000%
INST_MAP_UPDATE_NPC_NOP                              0        0.000%                0        0.000%
INST_MAP_UPDATE_NPC_CF                               0        0.000%                0        0.000%
INST_MAP_UPDATE_NPC_MOV                              0        0.000%                0        0.000%
INST_MAP_UPDATE_NPC_CMOV                             0        0.000%                0        0.000%
INST_MAP_UPDATE_NPC_LDA                              0        0.000%                0        0.000%
INST_MAP_UPDATE_NPC_IMEM                             0        0.000%                0        0.000%
INST_MAP_UPDATE_NPC_IADD                             0        0.000%                0        0.000%
INST_MAP_UPDATE_NPC_IMUL                           371        0.015%              801        0.016%
INST_MAP_UPDATE_NPC_IDIV                             0        0.000%                0        0.000%
INST_MAP_UPDATE_NPC_ICMP                             0        0.000%                0        0.000%
INST_MAP_UPDATE_NPC_LOGIC                            0        0.000%                0        0.000%
INST_MAP_UPDATE_NPC_SHIFT                            0        0.000%                0        0.000%
INST_MAP_UPDATE_NPC_FMEM                             0        0.000%                0        0.000%
INST_MAP_UPDATE_NPC_FCVT                             0        0.000%                0        0.000%
INST_MAP_UPDATE_NPC_FADD                             0        0.000%                0        0.000%
INST_MAP_UPDATE_NPC_FMUL                             0        0.000%                0        0.000%
INST_MAP_UPDATE_NPC_FMA                              0        0.000%                0        0.000%
INST_MAP_UPDATE_NPC_FDIV                             0        0.000%                0        0.000%
INST_MAP_UPDATE_NPC_FCMP                             0        0.000%                0        0.000%
INST_MAP_UPDATE_NPC_FCMOV                            0        0.000%                0        0.000%
INST_MAP_UPDATE_NPC_GATHER                           0        0.000%                0        0.000%
INST_MAP_UPDATE_NPC_SCATTER                          0        0.000%                0        0.000%
INST_MAP_UPDATE_NPC_PIPELINED_FAST                   0        0.000%                0        0.000%
INST_MAP_UPDATE_NPC_PIPELINED_MEDIUM                 0        0.000%                0        0.000%
INST_MAP_UPDATE_NPC_PIPELINED_SLOW                   0        0.000%                0        0.000%
INST_MAP_UPDATE_NPC_NOTPIPELINED_MEDIUM              0        0.000%                0        0.000%
INST_MAP_UPDATE_NPC_NOTPIPELINED_SLOW                0        0.000%                0        0.000%
INST_MAP_UPDATE_NPC_NOTPIPELINED_VERY_SLOW             0        0.000%                0        0.000%
INST_MAP_UPDATE_MEM_INV                              0        0.000%                0        0.000%
INST_MAP_UPDATE_MEM_NOP                              0        0.000%                0        0.000%
INST_MAP_UPDATE_MEM_CF                               0        0.000%                0        0.000%
INST_MAP_UPDATE_MEM_MOV                         782817       30.635%          1553649       30.868%
INST_MAP_UPDATE_MEM_CMOV                             0        0.000%                0        0.000%
INST_MAP_UPDATE_MEM_LDA                              0        0.000%                0        0.000%
INST_MAP_UPDATE_MEM_IMEM                             0        0.000%                0        0.000%
INST_MAP_UPDATE_MEM_IADD                             0        0.000%                0        0.000%
INST_MAP_UPDATE_MEM_IMUL                         11251        0.440%            24698        0.491%
INST_MAP_UPDATE_MEM_IDIV                             0        0.000%                0        0.000%
INST_MAP_UPDATE_MEM_ICMP                            40        0.002%               91        0.002%
INST_MAP_UPDATE_MEM_LOGIC                      1326307       51.904%          2542088       50.506%
INST_MAP_UPDATE_MEM_SHIFT                          417        0.016%              902        0.018%
INST_MAP_UPDATE_MEM_FMEM                             0        0.000%                0        0.000%
INST_MAP_UPDATE_MEM_FCVT                             0        0.000%                0        0.000%
INST_MAP_UPDATE_MEM_FADD                             0        0.000%                0        0.000%
INST_MAP_UPDATE_MEM_FMUL                             0        0.000%                0        0.000%
INST_MAP_UPDATE_MEM_FMA                              0        0.000%                0        0.000%
INST_MAP_UPDATE_MEM_FDIV                             0        0.000%                0        0.000%
INST_MAP_UPDATE_MEM_FCMP                             0        0.000%                0        0.000%
INST_MAP_UPDATE_MEM_FCMOV                            0        0.000%                0        0.000%
INST_MAP_UPDATE_MEM_GATHER                           0        0.000%                0        0.000%
INST_MAP_UPDATE_MEM_SCATTER                          0        0.000%                0        0.000%
INST_MAP_UPDATE_MEM_PIPELINED_FAST                   0        0.000%                0        0.000%
INST_MAP_UPDATE_MEM_PIPELINED_MEDIUM                 0        0.000%                0        0.000%
INST_MAP_UPDATE_MEM_PIPELINED_SLOW                  11        0.000%               21        0.000%
INST_MAP_UPDATE_MEM_NOTPIPELINED_MEDIUM              0        0.000%                0        0.000%
INST_MAP_UPDATE_MEM_NOTPIPELINED_SLOW                0        0.000%                0        0.000%
INST_MAP_UPDATE_MEM_NOTPIPELINED_VERY_SLOW             0        0.000%                0        0.000%
                                               2555321      100.000%          5033213      100.000%
                                                 31.57         6.86             31.09         7.15



