               ramulator.active_cycles_0             9103908                                      # Total active cycles for level _0
                 ramulator.busy_cycles_0             9103908                                      # (All-bank refresh only. busy cycles only include refresh time in rank level) The sum of cycles that the DRAM part is active or under refresh for level _0
            ramulator.serving_requests_0            23246084                                      # The sum of read and write requests that are served in this DRAM element per memory cycle for level _0
    ramulator.average_serving_requests_0            2.228568                                      # The average of read and write requests that are served in this DRAM element per memory cycle for level _0
             ramulator.active_cycles_0_0             9103908                                      # Total active cycles for level _0_0
               ramulator.busy_cycles_0_0             9440328                                      # (All-bank refresh only. busy cycles only include refresh time in rank level) The sum of cycles that the DRAM part is active or under refresh for level _0_0
          ramulator.serving_requests_0_0            23246084                                      # The sum of read and write requests that are served in this DRAM element per memory cycle for level _0_0
  ramulator.average_serving_requests_0_0            2.228568                                      # The average of read and write requests that are served in this DRAM element per memory cycle for level _0_0
           ramulator.active_cycles_0_0_0             4181169                                      # Total active cycles for level _0_0_0
             ramulator.busy_cycles_0_0_0             4181169                                      # (All-bank refresh only. busy cycles only include refresh time in rank level) The sum of cycles that the DRAM part is active or under refresh for level _0_0_0
        ramulator.serving_requests_0_0_0             6967126                                      # The sum of read and write requests that are served in this DRAM element per memory cycle for level _0_0_0
ramulator.average_serving_requests_0_0_0            0.667928                                      # The average of read and write requests that are served in this DRAM element per memory cycle for level _0_0_0
         ramulator.active_cycles_0_0_0_0              661665                                      # Total active cycles for level _0_0_0_0
           ramulator.busy_cycles_0_0_0_0              661665                                      # (All-bank refresh only. busy cycles only include refresh time in rank level) The sum of cycles that the DRAM part is active or under refresh for level _0_0_0_0
      ramulator.serving_requests_0_0_0_0             1166636                                      # The sum of read and write requests that are served in this DRAM element per memory cycle for level _0_0_0_0
ramulator.average_serving_requests_0_0_0_0            0.111844                                      # The average of read and write requests that are served in this DRAM element per memory cycle for level _0_0_0_0
         ramulator.active_cycles_0_0_0_1              669455                                      # Total active cycles for level _0_0_0_1
           ramulator.busy_cycles_0_0_0_1              669455                                      # (All-bank refresh only. busy cycles only include refresh time in rank level) The sum of cycles that the DRAM part is active or under refresh for level _0_0_0_1
      ramulator.serving_requests_0_0_0_1             1187147                                      # The sum of read and write requests that are served in this DRAM element per memory cycle for level _0_0_0_1
ramulator.average_serving_requests_0_0_0_1            0.113810                                      # The average of read and write requests that are served in this DRAM element per memory cycle for level _0_0_0_1
         ramulator.active_cycles_0_0_0_2              706304                                      # Total active cycles for level _0_0_0_2
           ramulator.busy_cycles_0_0_0_2              706304                                      # (All-bank refresh only. busy cycles only include refresh time in rank level) The sum of cycles that the DRAM part is active or under refresh for level _0_0_0_2
      ramulator.serving_requests_0_0_0_2             1243303                                      # The sum of read and write requests that are served in this DRAM element per memory cycle for level _0_0_0_2
ramulator.average_serving_requests_0_0_0_2            0.119194                                      # The average of read and write requests that are served in this DRAM element per memory cycle for level _0_0_0_2
         ramulator.active_cycles_0_0_0_3             2670826                                      # Total active cycles for level _0_0_0_3
           ramulator.busy_cycles_0_0_0_3             2670826                                      # (All-bank refresh only. busy cycles only include refresh time in rank level) The sum of cycles that the DRAM part is active or under refresh for level _0_0_0_3
      ramulator.serving_requests_0_0_0_3             3370040                                      # The sum of read and write requests that are served in this DRAM element per memory cycle for level _0_0_0_3
ramulator.average_serving_requests_0_0_0_3            0.323081                                      # The average of read and write requests that are served in this DRAM element per memory cycle for level _0_0_0_3
           ramulator.active_cycles_0_0_1             2649679                                      # Total active cycles for level _0_0_1
             ramulator.busy_cycles_0_0_1             2649679                                      # (All-bank refresh only. busy cycles only include refresh time in rank level) The sum of cycles that the DRAM part is active or under refresh for level _0_0_1
        ramulator.serving_requests_0_0_1             4920940                                      # The sum of read and write requests that are served in this DRAM element per memory cycle for level _0_0_1
ramulator.average_serving_requests_0_0_1            0.471763                                      # The average of read and write requests that are served in this DRAM element per memory cycle for level _0_0_1
         ramulator.active_cycles_0_0_1_0              731009                                      # Total active cycles for level _0_0_1_0
           ramulator.busy_cycles_0_0_1_0              731009                                      # (All-bank refresh only. busy cycles only include refresh time in rank level) The sum of cycles that the DRAM part is active or under refresh for level _0_0_1_0
      ramulator.serving_requests_0_0_1_0             1289773                                      # The sum of read and write requests that are served in this DRAM element per memory cycle for level _0_0_1_0
ramulator.average_serving_requests_0_0_1_0            0.123649                                      # The average of read and write requests that are served in this DRAM element per memory cycle for level _0_0_1_0
         ramulator.active_cycles_0_0_1_1              698118                                      # Total active cycles for level _0_0_1_1
           ramulator.busy_cycles_0_0_1_1              698118                                      # (All-bank refresh only. busy cycles only include refresh time in rank level) The sum of cycles that the DRAM part is active or under refresh for level _0_0_1_1
      ramulator.serving_requests_0_0_1_1             1236915                                      # The sum of read and write requests that are served in this DRAM element per memory cycle for level _0_0_1_1
ramulator.average_serving_requests_0_0_1_1            0.118581                                      # The average of read and write requests that are served in this DRAM element per memory cycle for level _0_0_1_1
         ramulator.active_cycles_0_0_1_2              724813                                      # Total active cycles for level _0_0_1_2
           ramulator.busy_cycles_0_0_1_2              724813                                      # (All-bank refresh only. busy cycles only include refresh time in rank level) The sum of cycles that the DRAM part is active or under refresh for level _0_0_1_2
      ramulator.serving_requests_0_0_1_2             1260562                                      # The sum of read and write requests that are served in this DRAM element per memory cycle for level _0_0_1_2
ramulator.average_serving_requests_0_0_1_2            0.120848                                      # The average of read and write requests that are served in this DRAM element per memory cycle for level _0_0_1_2
         ramulator.active_cycles_0_0_1_3              652173                                      # Total active cycles for level _0_0_1_3
           ramulator.busy_cycles_0_0_1_3              652173                                      # (All-bank refresh only. busy cycles only include refresh time in rank level) The sum of cycles that the DRAM part is active or under refresh for level _0_0_1_3
      ramulator.serving_requests_0_0_1_3             1133690                                      # The sum of read and write requests that are served in this DRAM element per memory cycle for level _0_0_1_3
ramulator.average_serving_requests_0_0_1_3            0.108685                                      # The average of read and write requests that are served in this DRAM element per memory cycle for level _0_0_1_3
           ramulator.active_cycles_0_0_2             2564026                                      # Total active cycles for level _0_0_2
             ramulator.busy_cycles_0_0_2             2564026                                      # (All-bank refresh only. busy cycles only include refresh time in rank level) The sum of cycles that the DRAM part is active or under refresh for level _0_0_2
        ramulator.serving_requests_0_0_2             4711268                                      # The sum of read and write requests that are served in this DRAM element per memory cycle for level _0_0_2
ramulator.average_serving_requests_0_0_2            0.451662                                      # The average of read and write requests that are served in this DRAM element per memory cycle for level _0_0_2
         ramulator.active_cycles_0_0_2_0              584798                                      # Total active cycles for level _0_0_2_0
           ramulator.busy_cycles_0_0_2_0              584798                                      # (All-bank refresh only. busy cycles only include refresh time in rank level) The sum of cycles that the DRAM part is active or under refresh for level _0_0_2_0
      ramulator.serving_requests_0_0_2_0             1035759                                      # The sum of read and write requests that are served in this DRAM element per memory cycle for level _0_0_2_0
ramulator.average_serving_requests_0_0_2_0            0.099297                                      # The average of read and write requests that are served in this DRAM element per memory cycle for level _0_0_2_0
         ramulator.active_cycles_0_0_2_1              650489                                      # Total active cycles for level _0_0_2_1
           ramulator.busy_cycles_0_0_2_1              650489                                      # (All-bank refresh only. busy cycles only include refresh time in rank level) The sum of cycles that the DRAM part is active or under refresh for level _0_0_2_1
      ramulator.serving_requests_0_0_2_1             1159315                                      # The sum of read and write requests that are served in this DRAM element per memory cycle for level _0_0_2_1
ramulator.average_serving_requests_0_0_2_1            0.111142                                      # The average of read and write requests that are served in this DRAM element per memory cycle for level _0_0_2_1
         ramulator.active_cycles_0_0_2_2              796661                                      # Total active cycles for level _0_0_2_2
           ramulator.busy_cycles_0_0_2_2              796661                                      # (All-bank refresh only. busy cycles only include refresh time in rank level) The sum of cycles that the DRAM part is active or under refresh for level _0_0_2_2
      ramulator.serving_requests_0_0_2_2             1305567                                      # The sum of read and write requests that are served in this DRAM element per memory cycle for level _0_0_2_2
ramulator.average_serving_requests_0_0_2_2            0.125163                                      # The average of read and write requests that are served in this DRAM element per memory cycle for level _0_0_2_2
         ramulator.active_cycles_0_0_2_3              682639                                      # Total active cycles for level _0_0_2_3
           ramulator.busy_cycles_0_0_2_3              682639                                      # (All-bank refresh only. busy cycles only include refresh time in rank level) The sum of cycles that the DRAM part is active or under refresh for level _0_0_2_3
      ramulator.serving_requests_0_0_2_3             1210627                                      # The sum of read and write requests that are served in this DRAM element per memory cycle for level _0_0_2_3
ramulator.average_serving_requests_0_0_2_3            0.116061                                      # The average of read and write requests that are served in this DRAM element per memory cycle for level _0_0_2_3
           ramulator.active_cycles_0_0_3             4010328                                      # Total active cycles for level _0_0_3
             ramulator.busy_cycles_0_0_3             4010328                                      # (All-bank refresh only. busy cycles only include refresh time in rank level) The sum of cycles that the DRAM part is active or under refresh for level _0_0_3
        ramulator.serving_requests_0_0_3             6646169                                      # The sum of read and write requests that are served in this DRAM element per memory cycle for level _0_0_3
ramulator.average_serving_requests_0_0_3            0.637158                                      # The average of read and write requests that are served in this DRAM element per memory cycle for level _0_0_3
         ramulator.active_cycles_0_0_3_0              817979                                      # Total active cycles for level _0_0_3_0
           ramulator.busy_cycles_0_0_3_0              817979                                      # (All-bank refresh only. busy cycles only include refresh time in rank level) The sum of cycles that the DRAM part is active or under refresh for level _0_0_3_0
      ramulator.serving_requests_0_0_3_0             1326681                                      # The sum of read and write requests that are served in this DRAM element per memory cycle for level _0_0_3_0
ramulator.average_serving_requests_0_0_3_0            0.127187                                      # The average of read and write requests that are served in this DRAM element per memory cycle for level _0_0_3_0
         ramulator.active_cycles_0_0_3_1              899830                                      # Total active cycles for level _0_0_3_1
           ramulator.busy_cycles_0_0_3_1              899830                                      # (All-bank refresh only. busy cycles only include refresh time in rank level) The sum of cycles that the DRAM part is active or under refresh for level _0_0_3_1
      ramulator.serving_requests_0_0_3_1             1416630                                      # The sum of read and write requests that are served in this DRAM element per memory cycle for level _0_0_3_1
ramulator.average_serving_requests_0_0_3_1            0.135810                                      # The average of read and write requests that are served in this DRAM element per memory cycle for level _0_0_3_1
         ramulator.active_cycles_0_0_3_2              758991                                      # Total active cycles for level _0_0_3_2
           ramulator.busy_cycles_0_0_3_2              758991                                      # (All-bank refresh only. busy cycles only include refresh time in rank level) The sum of cycles that the DRAM part is active or under refresh for level _0_0_3_2
      ramulator.serving_requests_0_0_3_2             1313405                                      # The sum of read and write requests that are served in this DRAM element per memory cycle for level _0_0_3_2
ramulator.average_serving_requests_0_0_3_2            0.125914                                      # The average of read and write requests that are served in this DRAM element per memory cycle for level _0_0_3_2
         ramulator.active_cycles_0_0_3_3             2006291                                      # Total active cycles for level _0_0_3_3
           ramulator.busy_cycles_0_0_3_3             2006291                                      # (All-bank refresh only. busy cycles only include refresh time in rank level) The sum of cycles that the DRAM part is active or under refresh for level _0_0_3_3
      ramulator.serving_requests_0_0_3_3             2589453                                      # The sum of read and write requests that are served in this DRAM element per memory cycle for level _0_0_3_3
ramulator.average_serving_requests_0_0_3_3            0.248247                                      # The average of read and write requests that are served in this DRAM element per memory cycle for level _0_0_3_3
      ramulator.read_transaction_bytes_0            54537472                                      # The total byte of read transaction per channel
     ramulator.write_transaction_bytes_0               95936                                      # The total byte of write transaction per channel
       ramulator.row_hits_channel_0_core              791590                                      # Number of row hits per channel per core
     ramulator.row_misses_channel_0_core               16478                                      # Number of row misses per channel per core
  ramulator.row_conflicts_channel_0_core               45579                                      # Number of row conflicts per channel per core
  ramulator.read_row_hits_channel_0_core              791022                                      # Number of row hits for read requests per channel per core
                                     [0]            791022.0                                      # 
ramulator.read_row_misses_channel_0_core               16313                                      # Number of row misses for read requests per channel per core
                                     [0]             16313.0                                      # 
ramulator.read_row_conflicts_channel_0_core               44813                                      # Number of row conflicts for read requests per channel per core
                                     [0]             44813.0                                      # 
 ramulator.write_row_hits_channel_0_core                 568                                      # Number of row hits for write requests per channel per core
                                     [0]               568.0                                      # 
ramulator.write_row_misses_channel_0_core                 165                                      # Number of row misses for write requests per channel per core
                                     [0]               165.0                                      # 
ramulator.write_row_conflicts_channel_0_core                 766                                      # Number of row conflicts for write requests per channel per core
                                     [0]               766.0                                      # 
      ramulator.useless_activates_0_core                   0                                      # Number of useless activations. E.g, ACT -> PRE w/o RD or WR
            ramulator.read_latency_avg_0           58.113619                                      # The average memory latency cycles (in memory time domain) per request for all read requests in this channel
            ramulator.read_latency_sum_0            49526402                                      # The memory latency cycles (in memory time domain) sum for all read requests in this channel
        ramulator.req_queue_length_avg_0           16.516532                                      # Average of read and write queue length per memory cycle per channel.
        ramulator.req_queue_length_sum_0           172283136                                      # Sum of read and write queue length per memory cycle per channel.
   ramulator.read_req_queue_length_avg_0            4.652580                                      # Read queue length average per memory cycle per channel.
   ramulator.read_req_queue_length_sum_0            48530833                                      # Read queue length sum per memory cycle per channel.
  ramulator.write_req_queue_length_avg_0           11.863952                                      # Write queue length average per memory cycle per channel.
  ramulator.write_req_queue_length_sum_0           123752303                                      # Write queue length sum per memory cycle per channel.
              ramulator.record_read_hits                 0.0                                      # record read hit count for this core when it reaches request limit or to the end
                                     [0]                 0.0                                      # 
            ramulator.record_read_misses                 0.0                                      # record_read_miss count for this core when it reaches request limit or to the end
                                     [0]                 0.0                                      # 
         ramulator.record_read_conflicts                 0.0                                      # record read conflict count for this core when it reaches request limit or to the end
                                     [0]                 0.0                                      # 
             ramulator.record_write_hits                 0.0                                      # record write hit count for this core when it reaches request limit or to the end
                                     [0]                 0.0                                      # 
           ramulator.record_write_misses                 0.0                                      # record write miss count for this core when it reaches request limit or to the end
                                     [0]                 0.0                                      # 
        ramulator.record_write_conflicts                 0.0                                      # record write conflict for this core when it reaches request limit or to the end
                                     [0]                 0.0                                      # 
                 ramulator.dram_capacity          8589934592                                      # Number of bytes in simulated DRAM
                   ramulator.dram_cycles            10430951                                      # Number of DRAM cycles simulated
             ramulator.incoming_requests              853741                                      # Number of incoming requests to DRAM
                 ramulator.read_requests              852234                                      # Number of incoming read requests to DRAM per core
                                     [0]            852234.0                                      # 
                ramulator.write_requests                1507                                      # Number of incoming write requests to DRAM per core
                                     [0]              1507.0                                      # 
       ramulator.ramulator_active_cycles             9103908                                      # The total number of cycles that the DRAM part is active (serving R/W)
 ramulator.incoming_requests_per_channel            853741.0                                      # Number of incoming requests to each DRAM channel
                                     [0]            853741.0                                      # 
ramulator.incoming_read_reqs_per_channel            852234.0                                      # Number of incoming read requests to each DRAM channel
                                     [0]            852234.0                                      # 
     ramulator.physical_page_replacement                   0                                      # The number of times that physical page replacement happens.
             ramulator.maximum_bandwidth         19200000000                                      # The theoretical maximum bandwidth (Bps)
          ramulator.in_queue_req_num_sum           172283136                                      # Sum of read/write queue length
     ramulator.in_queue_read_req_num_sum            48530833                                      # Sum of read queue length
    ramulator.in_queue_write_req_num_sum           123752303                                      # Sum of write queue length
          ramulator.in_queue_req_num_avg           16.516532                                      # Average of read/write queue length per memory cycle
     ramulator.in_queue_read_req_num_avg            4.652580                                      # Average of read queue length per memory cycle
    ramulator.in_queue_write_req_num_avg           11.863952                                      # Average of write queue length per memory cycle
          ramulator.record_read_requests                 0.0                                      # record read requests for this core when it reaches request limit or to the end
                                     [0]                 0.0                                      # 
         ramulator.record_write_requests                 0.0                                      # record write requests for this core when it reaches request limit or to the end
                                     [0]                 0.0                                      # 
