/* -*- Mode: c -*- */
####################################################################################################
Core 0
####################################################################################################
Cumulative:        Cycles: 25566028              Instructions: 20000000              IPC: 0.78229

Periodic:          Cycles: 12696725              Instructions: 9999999               IPC: 0.78760

EXECUTION_TIME                           3967726562500                  7989383750000              

NODE_CYCLE                                    12696725                       25566028              

NODE_INST_COUNT                                9999999                       20000000              

NODE_INST_COUNT_FETCHED                        9999999                       20000000              

NODE_UOP_COUNT                                12243022                       24482518              

FULL_WINDOW_STALL                               152886        1.204%           342461        1.340%

FULL_WINDOW_MEM_OP                                7349        6.618%            76991       28.959%
FULL_WINDOW_FP_OP                                    0        0.000%                0        0.000%
FULL_WINDOW_OTHER_OP                            103690       93.382%           188872       71.041%
                                                111039      100.000%           265863      100.000%
                                                  1.87         1.81              1.42         1.29

RET_BLOCKED_DC_MISS                             237472        1.870%           715234        2.798%

RET_BLOCKED_L1_MISS                              42649        0.336%           276491        1.081%

RET_BLOCKED_L1_MISS_BW_PREF                          0        0.000%             1951        0.008%

RET_BLOCKED_L1_ACCESS                           194823        1.534%           438773        1.716%

RET_BLOCKED_MEM_STALL                            42649        0.336%           276909        1.083%

RET_BLOCKED_OFFCHIP_DEMAND                           0        0.000%                0        0.000%

OP_ISSUED                                     13408661                       26928925              

OP_RETIRED                                    12243022                       24482518              

REPLAY_SIGNALED                                      0                              0              

REPLAY_COUNTED                                       0                              0              

OFF_CRITICAL_PATH                                    0         -nan%                0         -nan%
ON_CRITICAL_PATH                                     0         -nan%                0         -nan%
                                                     0         -nan%                0         -nan%
                                                  -nan         -nan              -nan         -nan

LD_NO_DEPENDENTS                                294686       10.974%           577803       10.727%
LD_DEPENDENTS                                  2390686       89.026%          4808649       89.273%
                                               2685372      100.000%          5386452      100.000%
                                                  0.89         0.85              0.89         0.85

LD_EXEC_CYCLES_0                                     0        0.000%                0        0.000%
LD_EXEC_CYCLES_1                                     0        0.000%                0        0.000%
LD_EXEC_CYCLES_2                                     0        0.000%                0        0.000%
LD_EXEC_CYCLES_3                                    94       49.215%              171       46.594%
LD_EXEC_CYCLES_4                                    97       50.785%              196       53.406%
                                                   191      100.000%              367      100.000%
                                                  3.51         2.56              3.53         2.63

ICACHE_STAGE_STARVED                               371        0.004%            27280        0.135%
ICACHE_STAGE_NOT_STARVED                      10119864       99.996%         20205100       99.865%
                                              10120235      100.000%         20232380      100.000%
                                                  1.00         1.00              1.00         1.00

ICACHE_STAGE_STALLED                            117461        0.925%           236323        0.924%
ICACHE_STAGE_NOT_STALLED                      10120070       79.706%         20218921       79.085%
ICACHE_STAGE_OFF_PATH                          2459194       19.369%          5110784       19.991%
                                              12696725      100.000%         25566028      100.000%
                                                  1.18         0.65              1.19         0.67

DECODE_STAGE_STARVED                           2738972       25.233%          5544325       25.523%
DECODE_STAGE_NOT_STARVED                       8115893       74.767%         16178921       74.477%
                                              10854865      100.000%         21723246      100.000%
                                                  0.75         0.68              0.74         0.68

DECODE_STAGE_STALLED                            101441        0.799%           203552        0.796%
DECODE_STAGE_NOT_STALLED                      10753424       84.694%         21519694       84.173%
DECODE_STAGE_OFF_PATH                          1841860       14.507%          3842782       15.031%
                                              12696725      100.000%         25566028      100.000%
                                                  1.14         0.56              1.14         0.57

UOPQ_STAGE_STARVED                             9276958       81.019%         18563306       80.955%
UOPQ_STAGE_NOT_STARVED                         2173393       18.981%          4367135       19.045%
                                              11450351      100.000%         22930441      100.000%
                                                  0.19         0.36              0.19         0.36

UOPQ_STAGE_STALLED                               55600        0.438%           114926        0.450%
UOPQ_STAGE_NOT_STALLED                        11450351       90.184%         22930441       89.691%
UOPQ_STAGE_OFF_PATH                            1190774        9.379%          2520661        9.859%
                                              12696725      100.000%         25566028      100.000%
                                                  1.09         0.44              1.09         0.45

MAP_STAGE_STARVED                               851752        7.537%          1750878        7.738%
MAP_STAGE_NOT_STARVED                         10449579       92.463%         20876976       92.262%
                                              11301331      100.000%         22627854      100.000%
                                                  0.92         0.89              0.92         0.89

MAP_STAGE_STALLED                               118020        0.930%           239284        0.936%
MAP_STAGE_NOT_STALLED                         11183311       88.080%         22388570       87.572%
MAP_STAGE_OFF_PATH                             1395394       10.990%          2938174       11.492%
                                              12696725      100.000%         25566028      100.000%
                                                  1.10         0.48              1.11         0.49

EXEC_STAGE_STARVED                            11490657       90.501%         23119534       90.431%
EXEC_STAGE_NOT_STARVED                          532761        4.196%          1002022        3.919%
EXEC_STAGE_OFF_PATH                             673307        5.303%          1444472        5.650%
                                              12696725      100.000%         25566028      100.000%
                                                  0.15         0.46              0.15         0.47

FU_BUSY_0                                      6753171                       13535518              

FU_BUSY_1                                      1773158                        3509235              

FU_BUSY_2                                      2287057                        4595129              

FU_BUSY_3                                       638387                        1293684              

FU_BUSY_4                                       214797                         432816              

FU_BUSY_5                                       717919                        1426934              

FU_BUSY_6                                       144928                         303596              

FU_BUSY_7                                       843908                        1679650              

FU_BUSY_8                                            0                              0              

FU_BUSY_9                                            0                              0              

FU_BUSY_10                                           0                              0              

FU_BUSY_11                                           0                              0              

FU_BUSY_12                                           0                              0              

FU_BUSY_13                                           0                              0              

FU_BUSY_14                                           0                              0              

FU_BUSY_15                                           0                              0              

FU_BUSY_16                                           0                              0              

FU_BUSY_17                                           0                              0              

FU_BUSY_18                                           0                              0              

FU_BUSY_19                                           0                              0              

FU_BUSY_20                                           0                              0              

FU_BUSY_21                                           0                              0              

FU_BUSY_22                                           0                              0              

FU_BUSY_23                                           0                              0              

FU_BUSY_24                                           0                              0              

FU_BUSY_25                                           0                              0              

FU_BUSY_26                                           0                              0              

FU_BUSY_27                                           0                              0              

FU_BUSY_28                                           0                              0              

FU_BUSY_29                                           0                              0              

FU_BUSY_30                                           0                              0              

FU_BUSY_31                                           0                              0              

FU_REJECTED_OP_INV_NOT_SIMD                          0        0.000%                0        0.000%
FU_REJECTED_OP_NOP_NOT_SIMD                          4        0.001%               43        0.005%
FU_REJECTED_OP_CF_NOT_SIMD                         218        0.047%              465        0.053%
FU_REJECTED_OP_MOV_NOT_SIMD                      14003        3.045%            27041        3.105%
FU_REJECTED_OP_CMOV_NOT_SIMD                         1        0.000%                1        0.000%
FU_REJECTED_OP_LDA_NOT_SIMD                          9        0.002%               18        0.002%
FU_REJECTED_OP_IMEM_NOT_SIMD                         2        0.000%              104        0.012%
FU_REJECTED_OP_IADD_NOT_SIMD                      1045        0.227%             2069        0.238%
FU_REJECTED_OP_IMUL_NOT_SIMD                     14895        3.239%            31592        3.627%
FU_REJECTED_OP_IDIV_NOT_SIMD                    185997       40.449%           347203       39.866%
FU_REJECTED_OP_ICMP_NOT_SIMD                    238458       51.857%           447362       51.367%
FU_REJECTED_OP_LOGIC_NOT_SIMD                     1884        0.410%             3723        0.427%
FU_REJECTED_OP_SHIFT_NOT_SIMD                      261        0.057%              601        0.069%
FU_REJECTED_OP_FMEM_NOT_SIMD                        17        0.004%               47        0.005%
FU_REJECTED_OP_FCVT_NOT_SIMD                         0        0.000%                0        0.000%
FU_REJECTED_OP_FADD_NOT_SIMD                         0        0.000%                0        0.000%
FU_REJECTED_OP_FMUL_NOT_SIMD                         0        0.000%                0        0.000%
FU_REJECTED_OP_FMA_NOT_SIMD                          0        0.000%                0        0.000%
FU_REJECTED_OP_FDIV_NOT_SIMD                         0        0.000%                0        0.000%
FU_REJECTED_OP_FCMP_NOT_SIMD                         0        0.000%                0        0.000%
FU_REJECTED_OP_FCMOV_NOT_SIMD                        0        0.000%                0        0.000%
FU_REJECTED_OP_GATHER_NOT_SIMD                       0        0.000%                0        0.000%
FU_REJECTED_OP_SCATTER_NOT_SIMD                      0        0.000%                0        0.000%
FU_REJECTED_OP_PIPELINED_FAST_NOT_SIMD               0        0.000%                0        0.000%
FU_REJECTED_OP_PIPELINED_MEDIUM_NOT_SIMD             0        0.000%                0        0.000%
FU_REJECTED_OP_PIPELINED_SLOW_NOT_SIMD               0        0.000%                0        0.000%
FU_REJECTED_OP_NOTPIPELINED_MEDIUM_NOT_SIMD             0        0.000%                0        0.000%
FU_REJECTED_OP_NOTPIPELINED_SLOW_NOT_SIMD             0        0.000%                0        0.000%
FU_REJECTED_OP_NOTPIPELINED_VERY_SLOW_NOT_SIMD             0        0.000%                0        0.000%
FU_REJECTED_OP_INV_SIMD                              0        0.000%                0        0.000%
FU_REJECTED_OP_NOP_SIMD                              0        0.000%                0        0.000%
FU_REJECTED_OP_CF_SIMD                               0        0.000%                0        0.000%
FU_REJECTED_OP_MOV_SIMD                              0        0.000%                0        0.000%
FU_REJECTED_OP_CMOV_SIMD                             0        0.000%                0        0.000%
FU_REJECTED_OP_LDA_SIMD                              0        0.000%                0        0.000%
FU_REJECTED_OP_IMEM_SIMD                             0        0.000%                0        0.000%
FU_REJECTED_OP_IADD_SIMD                             0        0.000%                0        0.000%
FU_REJECTED_OP_IMUL_SIMD                             0        0.000%                0        0.000%
FU_REJECTED_OP_IDIV_SIMD                             0        0.000%                0        0.000%
FU_REJECTED_OP_ICMP_SIMD                             0        0.000%                0        0.000%
FU_REJECTED_OP_LOGIC_SIMD                            0        0.000%                0        0.000%
FU_REJECTED_OP_SHIFT_SIMD                            0        0.000%                0        0.000%
FU_REJECTED_OP_FMEM_SIMD                             0        0.000%                0        0.000%
FU_REJECTED_OP_FCVT_SIMD                             0        0.000%             3875        0.445%
FU_REJECTED_OP_FADD_SIMD                          3041        0.661%             6775        0.778%
FU_REJECTED_OP_FMUL_SIMD                             0        0.000%                0        0.000%
FU_REJECTED_OP_FMA_SIMD                              0        0.000%                0        0.000%
FU_REJECTED_OP_FDIV_SIMD                             0        0.000%                0        0.000%
FU_REJECTED_OP_FCMP_SIMD                             0        0.000%                0        0.000%
FU_REJECTED_OP_FCMOV_SIMD                            0        0.000%                0        0.000%
FU_REJECTED_OP_GATHER_SIMD                           0        0.000%                0        0.000%
FU_REJECTED_OP_SCATTER_SIMD                          0        0.000%                0        0.000%
FU_REJECTED_OP_PIPELINED_FAST_SIMD                   0        0.000%                0        0.000%
FU_REJECTED_OP_PIPELINED_MEDIUM_SIMD                 0        0.000%                0        0.000%
FU_REJECTED_OP_PIPELINED_SLOW_SIMD                   0        0.000%                0        0.000%
FU_REJECTED_OP_NOTPIPELINED_MEDIUM_SIMD              0        0.000%                0        0.000%
FU_REJECTED_OP_NOTPIPELINED_SLOW_SIMD                0        0.000%                0        0.000%
FU_REJECTED_OP_NOTPIPELINED_VERY_SLOW_SIMD             0        0.000%                0        0.000%
                                                459835      100.000%           870919      100.000%
                                                  9.54         3.08              9.72         3.99

OP_WAIT_0                                      6737870                       13486143              

OP_WAIT_1                                      5246843                       10505949              

OP_WAIT_2                                       104434                         204017              

OP_WAIT_3                                        12275                          25496              

OP_WAIT_4                                         6865                          13827              

OP_WAIT_5                                         7757                          13603              

OP_WAIT_6                                         3603                           7488              

OP_WAIT_7                                         3886                           7526              

OP_WAIT_8                                         1162                           2149              

OP_WAIT_9                                          652                           2074              

OP_WAIT_10                                        1263                           2704              

OP_WAIT_11                                         924                           1562              

OP_WAIT_12                                        1018                           2044              

OP_WAIT_13                                         626                           1186              

OP_WAIT_14                                        1620                           3395              

OP_WAIT_15                                        2702                           4915              

OP_WAIT_16                                         738                           2392              

OP_WAIT_17                                        4029                           7284              

OP_WAIT_18                                        7382                          13435              

OP_WAIT_19                                         878                           2110              

OP_WAIT_20                                         927                           1391              

OP_WAIT_21                                         823                           1347              

OP_WAIT_22                                        1408                           1993              

OP_WAIT_23                                        1518                           2109              

OP_WAIT_24                                        2501                           3819              

OP_WAIT_25                                         555                            848              

OP_WAIT_26                                         170                            426              

OP_WAIT_27                                         723                           1169              

OP_WAIT_28                                         364                            555              

OP_WAIT_29                                         402                           1050              

OP_WAIT_30                                         342                           1900              

OP_WAIT_31                                       86762                         156612              

ROW_SIZE_0                                     4200751                        8587766              

ROW_SIZE_1                                     2730190                        5406854              

ROW_SIZE_2                                     4756416                        9537832              

ROW_SIZE_3                                           0                              0              

ROW_SIZE_4                                           0                              0              

ROW_SIZE_5                                           0                              0              

ROW_SIZE_6                                           0                              0              

ROW_SIZE_7                                           0                              0              

ROW_SIZE_8                                           0                              0              

ROW_SIZE_9                                           0                              0              

ROW_SIZE_10                                          0                              0              

ROW_SIZE_11                                          0                              0              

ROW_SIZE_12                                          0                              0              

ROW_SIZE_13                                          0                              0              

ROW_SIZE_14                                          0                              0              

ROW_SIZE_15                                          0                              0              

ROW_SIZE_16                                          0                              0              

ROW_SIZE_17                                          0                              0              

ROW_SIZE_18                                          0                              0              

ROW_SIZE_19                                          0                              0              

ROW_SIZE_20                                          0                              0              

ROW_SIZE_21                                          0                              0              

ROW_SIZE_22                                          0                              0              

ROW_SIZE_23                                          0                              0              

ROW_SIZE_24                                          0                              0              

ROW_SIZE_25                                          0                              0              

ROW_SIZE_26                                          0                              0              

ROW_SIZE_27                                          0                              0              

ROW_SIZE_28                                          0                              0              

ROW_SIZE_29                                          0                              0              

ROW_SIZE_30                                          0                              0              

ROW_SIZE_31                                          0                              0              

RET_OP_EXEC_COUNT_0                                  0        0.000%                0        0.000%
RET_OP_EXEC_COUNT_1                           12243022      100.000%         24482518      100.000%
RET_OP_EXEC_COUNT_2                                  0        0.000%                0        0.000%
RET_OP_EXEC_COUNT_3                                  0        0.000%                0        0.000%
RET_OP_EXEC_COUNT_4                                  0        0.000%                0        0.000%
RET_OP_EXEC_COUNT_5                                  0        0.000%                0        0.000%
RET_OP_EXEC_COUNT_6                                  0        0.000%                0        0.000%
RET_OP_EXEC_COUNT_7                                  0        0.000%                0        0.000%
RET_OP_EXEC_COUNT_8                                  0        0.000%                0        0.000%
RET_OP_EXEC_COUNT_9                                  0        0.000%                0        0.000%
RET_OP_EXEC_COUNT_10                                 0        0.000%                0        0.000%
RET_OP_EXEC_COUNT_11                                 0        0.000%                0        0.000%
RET_OP_EXEC_COUNT_12                                 0        0.000%                0        0.000%
RET_OP_EXEC_COUNT_13                                 0        0.000%                0        0.000%
RET_OP_EXEC_COUNT_14                                 0        0.000%                0        0.000%
RET_OP_EXEC_COUNT_15                                 0        0.000%                0        0.000%
RET_OP_EXEC_COUNT_16                                 0        0.000%                0        0.000%
RET_OP_EXEC_COUNT_17                                 0        0.000%                0        0.000%
RET_OP_EXEC_COUNT_18                                 0        0.000%                0        0.000%
RET_OP_EXEC_COUNT_19                                 0        0.000%                0        0.000%
RET_OP_EXEC_COUNT_20                                 0        0.000%                0        0.000%
RET_OP_EXEC_COUNT_21                                 0        0.000%                0        0.000%
RET_OP_EXEC_COUNT_22                                 0        0.000%                0        0.000%
RET_OP_EXEC_COUNT_23                                 0        0.000%                0        0.000%
RET_OP_EXEC_COUNT_24                                 0        0.000%                0        0.000%
RET_OP_EXEC_COUNT_25                                 0        0.000%                0        0.000%
RET_OP_EXEC_COUNT_26                                 0        0.000%                0        0.000%
RET_OP_EXEC_COUNT_27                                 0        0.000%                0        0.000%
RET_OP_EXEC_COUNT_28                                 0        0.000%                0        0.000%
RET_OP_EXEC_COUNT_29                                 0        0.000%                0        0.000%
RET_OP_EXEC_COUNT_30                                 0        0.000%                0        0.000%
RET_OP_EXEC_COUNT_31                                 0        0.000%                0        0.000%
RET_OP_EXEC_COUNT_32                                 0        0.000%                0        0.000%
                                              12243022      100.000%         24482518      100.000%
                                                  1.00         0.00              1.00         0.00

RET_STALL_LENGTH_0                            12242705       99.997%         24480503       99.992%
RET_STALL_LENGTH_100                               303        0.002%             1925        0.008%
RET_STALL_LENGTH_200                                 1        0.000%               19        0.000%
RET_STALL_LENGTH_300                                 2        0.000%                5        0.000%
RET_STALL_LENGTH_400                                 0        0.000%                6        0.000%
RET_STALL_LENGTH_500                                 1        0.000%                4        0.000%
RET_STALL_LENGTH_600                                 1        0.000%                9        0.000%
RET_STALL_LENGTH_700                                 0        0.000%                5        0.000%
RET_STALL_LENGTH_800                                 2        0.000%               11        0.000%
RET_STALL_LENGTH_900                                 0        0.000%                5        0.000%
RET_STALL_LENGTH_1000                                2        0.000%                6        0.000%
RET_STALL_LENGTH_1100                                2        0.000%                6        0.000%
RET_STALL_LENGTH_1200                                2        0.000%               12        0.000%
RET_STALL_LENGTH_1300                                1        0.000%                2        0.000%
RET_STALL_LENGTH_1400                                0        0.000%                0        0.000%
RET_STALL_LENGTH_1500                                0        0.000%                0        0.000%
RET_STALL_LENGTH_1600                                0        0.000%                0        0.000%
RET_STALL_LENGTH_1700                                0        0.000%                0        0.000%
RET_STALL_LENGTH_1800                                0        0.000%                0        0.000%
RET_STALL_LENGTH_1900                                0        0.000%                0        0.000%
RET_STALL_LENGTH_2000                                0        0.000%                0        0.000%
RET_STALL_LENGTH_2100                                0        0.000%                0        0.000%
RET_STALL_LENGTH_2200                                0        0.000%                0        0.000%
RET_STALL_LENGTH_2300                                0        0.000%                0        0.000%
RET_STALL_LENGTH_2400                                0        0.000%                0        0.000%
RET_STALL_LENGTH_2500                                0        0.000%                0        0.000%
RET_STALL_LENGTH_2600                                0        0.000%                0        0.000%
RET_STALL_LENGTH_2700                                0        0.000%                0        0.000%
RET_STALL_LENGTH_2800                                0        0.000%                0        0.000%
RET_STALL_LENGTH_2900                                0        0.000%                0        0.000%
RET_STALL_LENGTH_3000                                0        0.000%                0        0.000%
RET_STALL_LENGTH_3100                                0        0.000%                0        0.000%
RET_STALL_LENGTH_3200                                0        0.000%                0        0.000%
RET_STALL_LENGTH_3300                                0        0.000%                0        0.000%
RET_STALL_LENGTH_3400                                0        0.000%                0        0.000%
RET_STALL_LENGTH_3500                                0        0.000%                0        0.000%
RET_STALL_LENGTH_3600                                0        0.000%                0        0.000%
RET_STALL_LENGTH_3700                                0        0.000%                0        0.000%
RET_STALL_LENGTH_3800                                0        0.000%                0        0.000%
RET_STALL_LENGTH_3900                                0        0.000%                0        0.000%
RET_STALL_LENGTH_4000                                0        0.000%                0        0.000%
RET_STALL_LENGTH_4100                                0        0.000%                0        0.000%
RET_STALL_LENGTH_4200                                0        0.000%                0        0.000%
RET_STALL_LENGTH_4300                                0        0.000%                0        0.000%
RET_STALL_LENGTH_4400                                0        0.000%                0        0.000%
RET_STALL_LENGTH_4500                                0        0.000%                0        0.000%
RET_STALL_LENGTH_4600                                0        0.000%                0        0.000%
RET_STALL_LENGTH_4700                                0        0.000%                0        0.000%
RET_STALL_LENGTH_4800                                0        0.000%                0        0.000%
RET_STALL_LENGTH_4900                                0        0.000%                0        0.000%
RET_STALL_LENGTH_5000                                0        0.000%                0        0.000%
                                              12243022      100.000%         24482518      100.000%
                                                  0.00         0.01              0.00         0.02

MEM_BLOCK_LENGTH_0                                   0         -nan%               15       75.000%
MEM_BLOCK_LENGTH_100                                 0         -nan%                2       10.000%
MEM_BLOCK_LENGTH_200                                 0         -nan%                0        0.000%
MEM_BLOCK_LENGTH_300                                 0         -nan%                1        5.000%
MEM_BLOCK_LENGTH_400                                 0         -nan%                0        0.000%
MEM_BLOCK_LENGTH_500                                 0         -nan%                0        0.000%
MEM_BLOCK_LENGTH_600                                 0         -nan%                0        0.000%
MEM_BLOCK_LENGTH_700                                 0         -nan%                0        0.000%
MEM_BLOCK_LENGTH_800                                 0         -nan%                1        5.000%
MEM_BLOCK_LENGTH_900                                 0         -nan%                0        0.000%
MEM_BLOCK_LENGTH_1000                                0         -nan%                0        0.000%
MEM_BLOCK_LENGTH_1100                                0         -nan%                0        0.000%
MEM_BLOCK_LENGTH_1200                                0         -nan%                1        5.000%
MEM_BLOCK_LENGTH_1300                                0         -nan%                0        0.000%
MEM_BLOCK_LENGTH_1400                                0         -nan%                0        0.000%
MEM_BLOCK_LENGTH_1500                                0         -nan%                0        0.000%
MEM_BLOCK_LENGTH_1600                                0         -nan%                0        0.000%
MEM_BLOCK_LENGTH_1700                                0         -nan%                0        0.000%
MEM_BLOCK_LENGTH_1800                                0         -nan%                0        0.000%
MEM_BLOCK_LENGTH_1900                                0         -nan%                0        0.000%
MEM_BLOCK_LENGTH_2000                                0         -nan%                0        0.000%
MEM_BLOCK_LENGTH_2100                                0         -nan%                0        0.000%
MEM_BLOCK_LENGTH_2200                                0         -nan%                0        0.000%
MEM_BLOCK_LENGTH_2300                                0         -nan%                0        0.000%
MEM_BLOCK_LENGTH_2400                                0         -nan%                0        0.000%
MEM_BLOCK_LENGTH_2500                                0         -nan%                0        0.000%
MEM_BLOCK_LENGTH_2600                                0         -nan%                0        0.000%
MEM_BLOCK_LENGTH_2700                                0         -nan%                0        0.000%
MEM_BLOCK_LENGTH_2800                                0         -nan%                0        0.000%
MEM_BLOCK_LENGTH_2900                                0         -nan%                0        0.000%
MEM_BLOCK_LENGTH_3000                                0         -nan%                0        0.000%
MEM_BLOCK_LENGTH_3100                                0         -nan%                0        0.000%
MEM_BLOCK_LENGTH_3200                                0         -nan%                0        0.000%
MEM_BLOCK_LENGTH_3300                                0         -nan%                0        0.000%
MEM_BLOCK_LENGTH_3400                                0         -nan%                0        0.000%
MEM_BLOCK_LENGTH_3500                                0         -nan%                0        0.000%
MEM_BLOCK_LENGTH_3600                                0         -nan%                0        0.000%
MEM_BLOCK_LENGTH_3700                                0         -nan%                0        0.000%
MEM_BLOCK_LENGTH_3800                                0         -nan%                0        0.000%
MEM_BLOCK_LENGTH_3900                                0         -nan%                0        0.000%
MEM_BLOCK_LENGTH_4000                                0         -nan%                0        0.000%
MEM_BLOCK_LENGTH_4100                                0         -nan%                0        0.000%
MEM_BLOCK_LENGTH_4200                                0         -nan%                0        0.000%
MEM_BLOCK_LENGTH_4300                                0         -nan%                0        0.000%
MEM_BLOCK_LENGTH_4400                                0         -nan%                0        0.000%
MEM_BLOCK_LENGTH_4500                                0         -nan%                0        0.000%
MEM_BLOCK_LENGTH_4600                                0         -nan%                0        0.000%
MEM_BLOCK_LENGTH_4700                                0         -nan%                0        0.000%
MEM_BLOCK_LENGTH_4800                                0         -nan%                0        0.000%
MEM_BLOCK_LENGTH_4900                                0         -nan%                0        0.000%
MEM_BLOCK_LENGTH_5000                                0         -nan%                0        0.000%
                                                     0         -nan%               20      100.000%
                                                  -nan         -nan              1.25         2.94

FUS_BUSY_ON_PATH                              12706498        1.0008         25363564        0.9921

FUS_BUSY_OFF_PATH                               666827        0.0525          1412998        0.0553

FU_BUSY_MEM_STALL                                 6390        0.0005            17793        0.0007

FUS_EMPTY                                     88200475        6.9467        177751662        6.9527

FU_UNAVAILABLE                                  455750        0.0359           858104        0.0336

FU_MEM_UNAVAILABLE                                4085        0.0003            12815        0.0005

FU_REPLAY                                            0        0.0000                0        0.0000

FU_STARVED                                    88098533        6.9387        177541855        6.9444

CHIP_UTILIZATION                                     0        0.0000                0        0.0000

CYCLES_UNDER_MEM_REQ                                 0                              0              

CYCLES_UNDER_NO_MEM_REQ                              0                              0              

CYCLES_UNDER_CRITICAL_MEM_REQ                        0                              0              

CYCLES_UNDER_NONCRITICAL_MEM_REQ                     0                              0              

CHIP_UTILIZATION_UNDER_MEM_REQ                       0          -nan                0          -nan

CHIP_UTILIZATION_UNDER_NO_MEM_REQ                    0          -nan                0          -nan

CHIP_UTILIZATION_UNDER_CRITICAL_MEM_REQ              0          -nan                0          -nan

CHIP_UTILIZATION_UNDER_NONCRITICAL_MEM_REQ             0          -nan                0          -nan

CYCLES_NOT_WAITING_FOR_OFF_CHIP                      0        0.0000                0        0.0000

FUS_BUSY_NOT_WAITING_FOR_OFF_CHIP                    0          -nan                0          -nan

CYCLES_WAITING_FOR_OFF_CHIP                          0        0.0000                0        0.0000

FUS_BUSY_WAITING_FOR_OFF_CHIP                        0          -nan                0          -nan

TOTAL_OFF_CHIP_DELAYS_LEFT                           0                              0              

WRONG_IO_SCHED                                       0                              0              

DVFS_CONFIG_SWITCH                                   0                              0              

MAP_STAGE_RECEIVED_OPS_0                             0        0.000%                0        0.000%
MAP_STAGE_RECEIVED_OPS_1                       8208421       80.308%         16360547       80.150%
MAP_STAGE_RECEIVED_OPS_2                       2012797       19.692%          4051899       19.850%
MAP_STAGE_RECEIVED_OPS_3                             0        0.000%                0        0.000%
MAP_STAGE_RECEIVED_OPS_4                             0        0.000%                0        0.000%
MAP_STAGE_RECEIVED_OPS_5                             0        0.000%                0        0.000%
MAP_STAGE_RECEIVED_OPS_6                             0        0.000%                0        0.000%
MAP_STAGE_RECEIVED_OPS_7                             0        0.000%                0        0.000%
MAP_STAGE_RECEIVED_OPS_8                             0        0.000%                0        0.000%
MAP_STAGE_RECEIVED_OPS_MAX                           0        0.000%                0        0.000%
                                              10221218      100.000%         20412446      100.000%
                                                  1.20         0.40              1.20         0.40

MAP_STAGE_WAIT_FOR_DECODE                            0         -nan%                0         -nan%
MAP_STAGE_CONSUME_DECODE                             0         -nan%                0         -nan%
                                                     0         -nan%                0         -nan%
                                                  -nan         -nan              -nan         -nan

MAP_STAGE_WAIT_FOR_DECODE2                           0         -nan%                0         -nan%
MAP_STAGE_CONSUME_DECODE2                            0         -nan%                0         -nan%
                                                     0         -nan%                0         -nan%
                                                  -nan         -nan              -nan         -nan

FTQ_RECOVER_EXEC                                110341                         225263              

FTQ_RECOVER_DECODE                                   2                            256              

FTQ_OFFPATH_CYCLES                             7787184                       15894604              

FTQ_CYCLES_OFFPATH                            10405644                       21090816              

FTQ_CYCLES_ONPATH                              2291081                        4475212              

FTQ_FETCHED_INS_OFFPATH                       32361352                       66289268              

FTQ_FETCHED_INS_ONPATH                        12132395                       24256999              

FTQ_BREAK_FULL_FT_ONPATH                       1761785       80.798%          3411455       80.280%
FTQ_BREAK_MAX_CFS_TAKEN_ONPATH                  347456       15.935%           693601       16.322%
FTQ_BREAK_MAX_BYTES_ONPATH                       71245        3.267%           144385        3.398%
FTQ_BREAK_PRED_BR_ONPATH                             0        0.000%                0        0.000%
FTQ_BREAK_BAR_FETCH_ONPATH                           0        0.000%                0        0.000%
                                               2180486      100.000%          4249441      100.000%
                                                  0.22         0.45              0.23         0.45

FTQ_BREAK_FULL_FT_OFFPATH                      9563000       90.938%         19346683       90.760%
FTQ_BREAK_MAX_CFS_TAKEN_OFFPATH                 724938        6.894%          1494141        7.009%
FTQ_BREAK_MAX_BYTES_OFFPATH                     228049        2.169%           475511        2.231%
FTQ_BREAK_PRED_BR_OFFPATH                            0        0.000%                0        0.000%
FTQ_BREAK_BAR_FETCH_OFFPATH                          0        0.000%                0        0.000%
                                              10515987      100.000%         21316335      100.000%
                                                  0.11         0.36              0.11         0.37



