/* -*- Mode: c -*- */
####################################################################################################
Core 0
####################################################################################################
Cumulative:        Cycles: 22180621              Instructions: 20000001              IPC: 0.90169

Periodic:          Cycles: 10930989              Instructions: 10000000              IPC: 0.91483

EXECUTION_TIME                           3415934062500                  6931444062500              

NODE_CYCLE                                    10930989                       22180621              

NODE_INST_COUNT                               10000000                       20000001              

NODE_INST_COUNT_FETCHED                        9983618                       19967237              

NODE_UOP_COUNT                                10398553                       20818998              

FULL_WINDOW_STALL                              1011267        9.251%          2142669        9.660%

FULL_WINDOW_MEM_OP                              997883      100.000%          2114268      100.000%
FULL_WINDOW_FP_OP                                    0        0.000%                0        0.000%
FULL_WINDOW_OTHER_OP                                 0        0.000%                0        0.000%
                                                997883      100.000%          2114268      100.000%
                                                  0.00         0.00              0.00         0.00

RET_BLOCKED_DC_MISS                            3620289       33.120%          7452208       33.598%

RET_BLOCKED_L1_MISS                            2398643       21.944%          5173300       23.324%

RET_BLOCKED_L1_MISS_BW_PREF                        682        0.006%             2135        0.010%

RET_BLOCKED_L1_ACCESS                          1222896       11.187%          2281737       10.287%

RET_BLOCKED_MEM_STALL                          2398643       21.944%          5173300       23.324%

RET_BLOCKED_OFFCHIP_DEMAND                           0        0.000%                0        0.000%

OP_ISSUED                                     13716243                       27668616              

OP_RETIRED                                    10398553                       20818998              

REPLAY_SIGNALED                                      0                              0              

REPLAY_COUNTED                                       0                              0              

OFF_CRITICAL_PATH                                    0         -nan%                0         -nan%
ON_CRITICAL_PATH                                     0         -nan%                0         -nan%
                                                     0         -nan%                0         -nan%
                                                  -nan         -nan              -nan         -nan

LD_NO_DEPENDENTS                                 76624        3.173%           161407        3.316%
LD_DEPENDENTS                                  2338029       96.827%          4706585       96.684%
                                               2414653      100.000%          4867992      100.000%
                                                  0.97         0.95              0.97         0.95

LD_EXEC_CYCLES_0                                     0        0.000%                0        0.000%
LD_EXEC_CYCLES_1                                     0        0.000%                0        0.000%
LD_EXEC_CYCLES_2                                     0        0.000%                0        0.000%
LD_EXEC_CYCLES_3                                   529       61.583%              859       60.578%
LD_EXEC_CYCLES_4                                   330       38.417%              559       39.422%
                                                   859      100.000%             1418      100.000%
                                                  3.38         2.15              3.39         2.19

ICACHE_STAGE_STARVED                               852        0.013%            26204        0.196%
ICACHE_STAGE_NOT_STARVED                       6603411       99.987%         13313211       99.804%
                                               6604263      100.000%         13339415      100.000%
                                                  1.00         1.00              1.00         1.00

ICACHE_STAGE_STALLED                             66868        0.612%           139083        0.627%
ICACHE_STAGE_NOT_STALLED                       6603838       60.414%         13326354       60.081%
ICACHE_STAGE_OFF_PATH                          4260283       38.974%          8715184       39.292%
                                              10930989      100.000%         22180621      100.000%
                                                  1.38         0.99              1.39         1.00

DECODE_STAGE_STARVED                           4258430       59.738%          8420719       58.649%
DECODE_STAGE_NOT_STARVED                       2870046       40.262%          5937034       41.351%
                                               7128476      100.000%         14357753      100.000%
                                                  0.40         0.46              0.41         0.46

DECODE_STAGE_STALLED                             28059        0.257%            58386        0.263%
DECODE_STAGE_NOT_STALLED                       7100417       64.957%         14299367       64.468%
DECODE_STAGE_OFF_PATH                          3802513       34.787%          7822868       35.269%
                                              10930989      100.000%         22180621      100.000%
                                                  1.35         0.93              1.35         0.93

UOPQ_STAGE_STARVED                             3626545       50.354%          7436536       51.219%
UOPQ_STAGE_NOT_STARVED                         3575542       49.646%          7082426       48.781%
                                               7202087      100.000%         14518962      100.000%
                                                  0.50         0.50              0.49         0.49

UOPQ_STAGE_STALLED                               54382        0.498%           112156        0.506%
UOPQ_STAGE_NOT_STALLED                         7202087       65.887%         14518962       65.458%
UOPQ_STAGE_OFF_PATH                            3674520       33.616%          7549503       34.036%
                                              10930989      100.000%         22180621      100.000%
                                                  1.33         0.90              1.34         0.91

MAP_STAGE_STARVED                               563884        7.658%          1103779        7.454%
MAP_STAGE_NOT_STARVED                          6799071       92.342%         13703858       92.546%
                                               7362955      100.000%         14807637      100.000%
                                                  0.92         0.89              0.93         0.89

MAP_STAGE_STALLED                                74527        0.682%           153677        0.693%
MAP_STAGE_NOT_STALLED                          7288428       66.677%         14653960       66.067%
MAP_STAGE_OFF_PATH                             3568034       32.641%          7372984       33.241%
                                              10930989      100.000%         22180621      100.000%
                                                  1.32         0.89              1.33         0.90

EXEC_STAGE_STARVED                             7958614       72.808%         15948666       71.904%
EXEC_STAGE_NOT_STARVED                            1880        0.017%             9581        0.043%
EXEC_STAGE_OFF_PATH                            2970495       27.175%          6222374       28.053%
                                              10930989      100.000%         22180621      100.000%
                                                  0.54         0.81              0.56         0.82

FU_BUSY_0                                      5521130                       11131619              

FU_BUSY_1                                      1638661                        3274708              

FU_BUSY_2                                      1771772                        3607549              

FU_BUSY_3                                      1137917                        2286982              

FU_BUSY_4                                       341756                         684537              

FU_BUSY_5                                      1750964                        3546698              

FU_BUSY_6                                       135554                         264685              

FU_BUSY_7                                       277294                         565436              

FU_BUSY_8                                            0                              0              

FU_BUSY_9                                            0                              0              

FU_BUSY_10                                           0                              0              

FU_BUSY_11                                           0                              0              

FU_BUSY_12                                           0                              0              

FU_BUSY_13                                           0                              0              

FU_BUSY_14                                           0                              0              

FU_BUSY_15                                           0                              0              

FU_BUSY_16                                           0                              0              

FU_BUSY_17                                           0                              0              

FU_BUSY_18                                           0                              0              

FU_BUSY_19                                           0                              0              

FU_BUSY_20                                           0                              0              

FU_BUSY_21                                           0                              0              

FU_BUSY_22                                           0                              0              

FU_BUSY_23                                           0                              0              

FU_BUSY_24                                           0                              0              

FU_BUSY_25                                           0                              0              

FU_BUSY_26                                           0                              0              

FU_BUSY_27                                           0                              0              

FU_BUSY_28                                           0                              0              

FU_BUSY_29                                           0                              0              

FU_BUSY_30                                           0                              0              

FU_BUSY_31                                           0                              0              

FU_REJECTED_OP_INV_NOT_SIMD                          0        0.000%                0        0.000%
FU_REJECTED_OP_NOP_NOT_SIMD                          0        0.000%                0        0.000%
FU_REJECTED_OP_CF_NOT_SIMD                         110        8.234%              217        6.710%
FU_REJECTED_OP_MOV_NOT_SIMD                          0        0.000%                0        0.000%
FU_REJECTED_OP_CMOV_NOT_SIMD                         0        0.000%                0        0.000%
FU_REJECTED_OP_LDA_NOT_SIMD                          0        0.000%                0        0.000%
FU_REJECTED_OP_IMEM_NOT_SIMD                         0        0.000%                0        0.000%
FU_REJECTED_OP_IADD_NOT_SIMD                      1014       75.898%             2632       81.385%
FU_REJECTED_OP_IMUL_NOT_SIMD                         1        0.075%                2        0.062%
FU_REJECTED_OP_IDIV_NOT_SIMD                         0        0.000%                0        0.000%
FU_REJECTED_OP_ICMP_NOT_SIMD                         0        0.000%                0        0.000%
FU_REJECTED_OP_LOGIC_NOT_SIMD                      210       15.719%              380       11.750%
FU_REJECTED_OP_SHIFT_NOT_SIMD                        1        0.075%                2        0.062%
FU_REJECTED_OP_FMEM_NOT_SIMD                         0        0.000%                1        0.031%
FU_REJECTED_OP_FCVT_NOT_SIMD                         0        0.000%                0        0.000%
FU_REJECTED_OP_FADD_NOT_SIMD                         0        0.000%                0        0.000%
FU_REJECTED_OP_FMUL_NOT_SIMD                         0        0.000%                0        0.000%
FU_REJECTED_OP_FMA_NOT_SIMD                          0        0.000%                0        0.000%
FU_REJECTED_OP_FDIV_NOT_SIMD                         0        0.000%                0        0.000%
FU_REJECTED_OP_FCMP_NOT_SIMD                         0        0.000%                0        0.000%
FU_REJECTED_OP_FCMOV_NOT_SIMD                        0        0.000%                0        0.000%
FU_REJECTED_OP_GATHER_NOT_SIMD                       0        0.000%                0        0.000%
FU_REJECTED_OP_SCATTER_NOT_SIMD                      0        0.000%                0        0.000%
FU_REJECTED_OP_PIPELINED_FAST_NOT_SIMD               0        0.000%                0        0.000%
FU_REJECTED_OP_PIPELINED_MEDIUM_NOT_SIMD             0        0.000%                0        0.000%
FU_REJECTED_OP_PIPELINED_SLOW_NOT_SIMD               0        0.000%                0        0.000%
FU_REJECTED_OP_NOTPIPELINED_MEDIUM_NOT_SIMD             0        0.000%                0        0.000%
FU_REJECTED_OP_NOTPIPELINED_SLOW_NOT_SIMD             0        0.000%                0        0.000%
FU_REJECTED_OP_NOTPIPELINED_VERY_SLOW_NOT_SIMD             0        0.000%                0        0.000%
FU_REJECTED_OP_INV_SIMD                              0        0.000%                0        0.000%
FU_REJECTED_OP_NOP_SIMD                              0        0.000%                0        0.000%
FU_REJECTED_OP_CF_SIMD                               0        0.000%                0        0.000%
FU_REJECTED_OP_MOV_SIMD                              0        0.000%                0        0.000%
FU_REJECTED_OP_CMOV_SIMD                             0        0.000%                0        0.000%
FU_REJECTED_OP_LDA_SIMD                              0        0.000%                0        0.000%
FU_REJECTED_OP_IMEM_SIMD                             0        0.000%                0        0.000%
FU_REJECTED_OP_IADD_SIMD                             0        0.000%                0        0.000%
FU_REJECTED_OP_IMUL_SIMD                             0        0.000%                0        0.000%
FU_REJECTED_OP_IDIV_SIMD                             0        0.000%                0        0.000%
FU_REJECTED_OP_ICMP_SIMD                             0        0.000%                0        0.000%
FU_REJECTED_OP_LOGIC_SIMD                            0        0.000%                0        0.000%
FU_REJECTED_OP_SHIFT_SIMD                            0        0.000%                0        0.000%
FU_REJECTED_OP_FMEM_SIMD                             0        0.000%                0        0.000%
FU_REJECTED_OP_FCVT_SIMD                             0        0.000%                0        0.000%
FU_REJECTED_OP_FADD_SIMD                             0        0.000%                0        0.000%
FU_REJECTED_OP_FMUL_SIMD                             0        0.000%                0        0.000%
FU_REJECTED_OP_FMA_SIMD                              0        0.000%                0        0.000%
FU_REJECTED_OP_FDIV_SIMD                             0        0.000%                0        0.000%
FU_REJECTED_OP_FCMP_SIMD                             0        0.000%                0        0.000%
FU_REJECTED_OP_FCMOV_SIMD                            0        0.000%                0        0.000%
FU_REJECTED_OP_GATHER_SIMD                           0        0.000%                0        0.000%
FU_REJECTED_OP_SCATTER_SIMD                          0        0.000%                0        0.000%
FU_REJECTED_OP_PIPELINED_FAST_SIMD                   0        0.000%                0        0.000%
FU_REJECTED_OP_PIPELINED_MEDIUM_SIMD                 0        0.000%                0        0.000%
FU_REJECTED_OP_PIPELINED_SLOW_SIMD                   0        0.000%                0        0.000%
FU_REJECTED_OP_NOTPIPELINED_MEDIUM_SIMD              0        0.000%                0        0.000%
FU_REJECTED_OP_NOTPIPELINED_SLOW_SIMD                0        0.000%                0        0.000%
FU_REJECTED_OP_NOTPIPELINED_VERY_SLOW_SIMD             0        0.000%                0        0.000%
                                                  1336      100.000%             3234      100.000%
                                                  7.22         2.13              7.14         1.89

OP_WAIT_0                                      6781016                       13561571              

OP_WAIT_1                                      3515900                        7074917              

OP_WAIT_2                                        48963                          84236              

OP_WAIT_3                                         8304                          15402              

OP_WAIT_4                                         5569                          10047              

OP_WAIT_5                                         4277                           7813              

OP_WAIT_6                                         3419                           6562              

OP_WAIT_7                                         3010                           5780              

OP_WAIT_8                                         2601                           5171              

OP_WAIT_9                                         2739                           5279              

OP_WAIT_10                                        4135                           8492              

OP_WAIT_11                                        2933                           6330              

OP_WAIT_12                                        1479                           3210              

OP_WAIT_13                                        1192                           2571              

OP_WAIT_14                                         675                           1360              

OP_WAIT_15                                         189                            281              

OP_WAIT_16                                         205                            261              

OP_WAIT_17                                         405                            466              

OP_WAIT_18                                         410                            472              

OP_WAIT_19                                          90                            118              

OP_WAIT_20                                         105                            136              

OP_WAIT_21                                          98                            111              

OP_WAIT_22                                         628                            663              

OP_WAIT_23                                          75                            123              

OP_WAIT_24                                          89                            130              

OP_WAIT_25                                          86                            124              

OP_WAIT_26                                          86                            121              

OP_WAIT_27                                          84                            130              

OP_WAIT_28                                          73                            120              

OP_WAIT_29                                          84                            119              

OP_WAIT_30                                         101                            135              

OP_WAIT_31                                        9533                          16747              

ROW_SIZE_0                                     4696107                        9686373              

ROW_SIZE_1                                      908061                        1904644              

ROW_SIZE_2                                     4745246                        9457177              

ROW_SIZE_3                                           0                              0              

ROW_SIZE_4                                           0                              0              

ROW_SIZE_5                                           0                              0              

ROW_SIZE_6                                           0                              0              

ROW_SIZE_7                                           0                              0              

ROW_SIZE_8                                           0                              0              

ROW_SIZE_9                                           0                              0              

ROW_SIZE_10                                          0                              0              

ROW_SIZE_11                                          0                              0              

ROW_SIZE_12                                          0                              0              

ROW_SIZE_13                                          0                              0              

ROW_SIZE_14                                          0                              0              

ROW_SIZE_15                                          0                              0              

ROW_SIZE_16                                          0                              0              

ROW_SIZE_17                                          0                              0              

ROW_SIZE_18                                          0                              0              

ROW_SIZE_19                                          0                              0              

ROW_SIZE_20                                          0                              0              

ROW_SIZE_21                                          0                              0              

ROW_SIZE_22                                          0                              0              

ROW_SIZE_23                                          0                              0              

ROW_SIZE_24                                          0                              0              

ROW_SIZE_25                                          0                              0              

ROW_SIZE_26                                          0                              0              

ROW_SIZE_27                                          0                              0              

ROW_SIZE_28                                          0                              0              

ROW_SIZE_29                                          0                              0              

ROW_SIZE_30                                          0                              0              

ROW_SIZE_31                                          0                              0              

RET_OP_EXEC_COUNT_0                                  0        0.000%                0        0.000%
RET_OP_EXEC_COUNT_1                           10398553      100.000%         20818998      100.000%
RET_OP_EXEC_COUNT_2                                  0        0.000%                0        0.000%
RET_OP_EXEC_COUNT_3                                  0        0.000%                0        0.000%
RET_OP_EXEC_COUNT_4                                  0        0.000%                0        0.000%
RET_OP_EXEC_COUNT_5                                  0        0.000%                0        0.000%
RET_OP_EXEC_COUNT_6                                  0        0.000%                0        0.000%
RET_OP_EXEC_COUNT_7                                  0        0.000%                0        0.000%
RET_OP_EXEC_COUNT_8                                  0        0.000%                0        0.000%
RET_OP_EXEC_COUNT_9                                  0        0.000%                0        0.000%
RET_OP_EXEC_COUNT_10                                 0        0.000%                0        0.000%
RET_OP_EXEC_COUNT_11                                 0        0.000%                0        0.000%
RET_OP_EXEC_COUNT_12                                 0        0.000%                0        0.000%
RET_OP_EXEC_COUNT_13                                 0        0.000%                0        0.000%
RET_OP_EXEC_COUNT_14                                 0        0.000%                0        0.000%
RET_OP_EXEC_COUNT_15                                 0        0.000%                0        0.000%
RET_OP_EXEC_COUNT_16                                 0        0.000%                0        0.000%
RET_OP_EXEC_COUNT_17                                 0        0.000%                0        0.000%
RET_OP_EXEC_COUNT_18                                 0        0.000%                0        0.000%
RET_OP_EXEC_COUNT_19                                 0        0.000%                0        0.000%
RET_OP_EXEC_COUNT_20                                 0        0.000%                0        0.000%
RET_OP_EXEC_COUNT_21                                 0        0.000%                0        0.000%
RET_OP_EXEC_COUNT_22                                 0        0.000%                0        0.000%
RET_OP_EXEC_COUNT_23                                 0        0.000%                0        0.000%
RET_OP_EXEC_COUNT_24                                 0        0.000%                0        0.000%
RET_OP_EXEC_COUNT_25                                 0        0.000%                0        0.000%
RET_OP_EXEC_COUNT_26                                 0        0.000%                0        0.000%
RET_OP_EXEC_COUNT_27                                 0        0.000%                0        0.000%
RET_OP_EXEC_COUNT_28                                 0        0.000%                0        0.000%
RET_OP_EXEC_COUNT_29                                 0        0.000%                0        0.000%
RET_OP_EXEC_COUNT_30                                 0        0.000%                0        0.000%
RET_OP_EXEC_COUNT_31                                 0        0.000%                0        0.000%
RET_OP_EXEC_COUNT_32                                 0        0.000%                0        0.000%
                                              10398553      100.000%         20818998      100.000%
                                                  1.00         0.00              1.00         0.00

RET_STALL_LENGTH_0                            10382759       99.848%         20783879       99.831%
RET_STALL_LENGTH_100                             15122        0.145%            34012        0.163%
RET_STALL_LENGTH_200                               160        0.002%              313        0.002%
RET_STALL_LENGTH_300                                26        0.000%               36        0.000%
RET_STALL_LENGTH_400                                80        0.001%               90        0.000%
RET_STALL_LENGTH_500                               150        0.001%              161        0.001%
RET_STALL_LENGTH_600                                33        0.000%               42        0.000%
RET_STALL_LENGTH_700                                19        0.000%               30        0.000%
RET_STALL_LENGTH_800                                15        0.000%               24        0.000%
RET_STALL_LENGTH_900                                16        0.000%               40        0.000%
RET_STALL_LENGTH_1000                               13        0.000%               20        0.000%
RET_STALL_LENGTH_1100                               17        0.000%               49        0.000%
RET_STALL_LENGTH_1200                              106        0.001%              236        0.001%
RET_STALL_LENGTH_1300                               24        0.000%               51        0.000%
RET_STALL_LENGTH_1400                                4        0.000%                4        0.000%
RET_STALL_LENGTH_1500                                1        0.000%                1        0.000%
RET_STALL_LENGTH_1600                                3        0.000%                3        0.000%
RET_STALL_LENGTH_1700                                3        0.000%                4        0.000%
RET_STALL_LENGTH_1800                                2        0.000%                3        0.000%
RET_STALL_LENGTH_1900                                0        0.000%                0        0.000%
RET_STALL_LENGTH_2000                                0        0.000%                0        0.000%
RET_STALL_LENGTH_2100                                0        0.000%                0        0.000%
RET_STALL_LENGTH_2200                                0        0.000%                0        0.000%
RET_STALL_LENGTH_2300                                0        0.000%                0        0.000%
RET_STALL_LENGTH_2400                                0        0.000%                0        0.000%
RET_STALL_LENGTH_2500                                0        0.000%                0        0.000%
RET_STALL_LENGTH_2600                                0        0.000%                0        0.000%
RET_STALL_LENGTH_2700                                0        0.000%                0        0.000%
RET_STALL_LENGTH_2800                                0        0.000%                0        0.000%
RET_STALL_LENGTH_2900                                0        0.000%                0        0.000%
RET_STALL_LENGTH_3000                                0        0.000%                0        0.000%
RET_STALL_LENGTH_3100                                0        0.000%                0        0.000%
RET_STALL_LENGTH_3200                                0        0.000%                0        0.000%
RET_STALL_LENGTH_3300                                0        0.000%                0        0.000%
RET_STALL_LENGTH_3400                                0        0.000%                0        0.000%
RET_STALL_LENGTH_3500                                0        0.000%                0        0.000%
RET_STALL_LENGTH_3600                                0        0.000%                0        0.000%
RET_STALL_LENGTH_3700                                0        0.000%                0        0.000%
RET_STALL_LENGTH_3800                                0        0.000%                0        0.000%
RET_STALL_LENGTH_3900                                0        0.000%                0        0.000%
RET_STALL_LENGTH_4000                                0        0.000%                0        0.000%
RET_STALL_LENGTH_4100                                0        0.000%                0        0.000%
RET_STALL_LENGTH_4200                                0        0.000%                0        0.000%
RET_STALL_LENGTH_4300                                0        0.000%                0        0.000%
RET_STALL_LENGTH_4400                                0        0.000%                0        0.000%
RET_STALL_LENGTH_4500                                0        0.000%                0        0.000%
RET_STALL_LENGTH_4600                                0        0.000%                0        0.000%
RET_STALL_LENGTH_4700                                0        0.000%                0        0.000%
RET_STALL_LENGTH_4800                                0        0.000%                0        0.000%
RET_STALL_LENGTH_4900                                0        0.000%                0        0.000%
RET_STALL_LENGTH_5000                                0        0.000%                0        0.000%
                                              10398553      100.000%         20818998      100.000%
                                                  0.00         0.07              0.00         0.07

MEM_BLOCK_LENGTH_0                                   0         -nan%                0         -nan%
MEM_BLOCK_LENGTH_100                                 0         -nan%                0         -nan%
MEM_BLOCK_LENGTH_200                                 0         -nan%                0         -nan%
MEM_BLOCK_LENGTH_300                                 0         -nan%                0         -nan%
MEM_BLOCK_LENGTH_400                                 0         -nan%                0         -nan%
MEM_BLOCK_LENGTH_500                                 0         -nan%                0         -nan%
MEM_BLOCK_LENGTH_600                                 0         -nan%                0         -nan%
MEM_BLOCK_LENGTH_700                                 0         -nan%                0         -nan%
MEM_BLOCK_LENGTH_800                                 0         -nan%                0         -nan%
MEM_BLOCK_LENGTH_900                                 0         -nan%                0         -nan%
MEM_BLOCK_LENGTH_1000                                0         -nan%                0         -nan%
MEM_BLOCK_LENGTH_1100                                0         -nan%                0         -nan%
MEM_BLOCK_LENGTH_1200                                0         -nan%                0         -nan%
MEM_BLOCK_LENGTH_1300                                0         -nan%                0         -nan%
MEM_BLOCK_LENGTH_1400                                0         -nan%                0         -nan%
MEM_BLOCK_LENGTH_1500                                0         -nan%                0         -nan%
MEM_BLOCK_LENGTH_1600                                0         -nan%                0         -nan%
MEM_BLOCK_LENGTH_1700                                0         -nan%                0         -nan%
MEM_BLOCK_LENGTH_1800                                0         -nan%                0         -nan%
MEM_BLOCK_LENGTH_1900                                0         -nan%                0         -nan%
MEM_BLOCK_LENGTH_2000                                0         -nan%                0         -nan%
MEM_BLOCK_LENGTH_2100                                0         -nan%                0         -nan%
MEM_BLOCK_LENGTH_2200                                0         -nan%                0         -nan%
MEM_BLOCK_LENGTH_2300                                0         -nan%                0         -nan%
MEM_BLOCK_LENGTH_2400                                0         -nan%                0         -nan%
MEM_BLOCK_LENGTH_2500                                0         -nan%                0         -nan%
MEM_BLOCK_LENGTH_2600                                0         -nan%                0         -nan%
MEM_BLOCK_LENGTH_2700                                0         -nan%                0         -nan%
MEM_BLOCK_LENGTH_2800                                0         -nan%                0         -nan%
MEM_BLOCK_LENGTH_2900                                0         -nan%                0         -nan%
MEM_BLOCK_LENGTH_3000                                0         -nan%                0         -nan%
MEM_BLOCK_LENGTH_3100                                0         -nan%                0         -nan%
MEM_BLOCK_LENGTH_3200                                0         -nan%                0         -nan%
MEM_BLOCK_LENGTH_3300                                0         -nan%                0         -nan%
MEM_BLOCK_LENGTH_3400                                0         -nan%                0         -nan%
MEM_BLOCK_LENGTH_3500                                0         -nan%                0         -nan%
MEM_BLOCK_LENGTH_3600                                0         -nan%                0         -nan%
MEM_BLOCK_LENGTH_3700                                0         -nan%                0         -nan%
MEM_BLOCK_LENGTH_3800                                0         -nan%                0         -nan%
MEM_BLOCK_LENGTH_3900                                0         -nan%                0         -nan%
MEM_BLOCK_LENGTH_4000                                0         -nan%                0         -nan%
MEM_BLOCK_LENGTH_4100                                0         -nan%                0         -nan%
MEM_BLOCK_LENGTH_4200                                0         -nan%                0         -nan%
MEM_BLOCK_LENGTH_4300                                0         -nan%                0         -nan%
MEM_BLOCK_LENGTH_4400                                0         -nan%                0         -nan%
MEM_BLOCK_LENGTH_4500                                0         -nan%                0         -nan%
MEM_BLOCK_LENGTH_4600                                0         -nan%                0         -nan%
MEM_BLOCK_LENGTH_4700                                0         -nan%                0         -nan%
MEM_BLOCK_LENGTH_4800                                0         -nan%                0         -nan%
MEM_BLOCK_LENGTH_4900                                0         -nan%                0         -nan%
MEM_BLOCK_LENGTH_5000                                0         -nan%                0         -nan%
                                                     0         -nan%                0         -nan%
                                                  -nan         -nan              -nan         -nan

FUS_BUSY_ON_PATH                              10399963        0.9514         20823039        0.9388

FUS_BUSY_OFF_PATH                              2175085        0.1990          4539175        0.2046

FU_BUSY_MEM_STALL                                 1632        0.0001             4605        0.0002

FUS_EMPTY                                     74872864        6.8496        152082754        6.8566

FU_UNAVAILABLE                                     322        0.0000              604        0.0000

FU_MEM_UNAVAILABLE                                1014        0.0001             2630        0.0001

FU_REPLAY                                            0        0.0000                0        0.0000

FU_STARVED                                    74780883        6.8412        151901004        6.8484

CHIP_UTILIZATION                                     0        0.0000                0        0.0000

CYCLES_UNDER_MEM_REQ                                 0                              0              

CYCLES_UNDER_NO_MEM_REQ                              0                              0              

CYCLES_UNDER_CRITICAL_MEM_REQ                        0                              0              

CYCLES_UNDER_NONCRITICAL_MEM_REQ                     0                              0              

CHIP_UTILIZATION_UNDER_MEM_REQ                       0          -nan                0          -nan

CHIP_UTILIZATION_UNDER_NO_MEM_REQ                    0          -nan                0          -nan

CHIP_UTILIZATION_UNDER_CRITICAL_MEM_REQ              0          -nan                0          -nan

CHIP_UTILIZATION_UNDER_NONCRITICAL_MEM_REQ             0          -nan                0          -nan

CYCLES_NOT_WAITING_FOR_OFF_CHIP                      0        0.0000                0        0.0000

FUS_BUSY_NOT_WAITING_FOR_OFF_CHIP                    0          -nan                0          -nan

CYCLES_WAITING_FOR_OFF_CHIP                          0        0.0000                0        0.0000

FUS_BUSY_WAITING_FOR_OFF_CHIP                        0          -nan                0          -nan

TOTAL_OFF_CHIP_DELAYS_LEFT                           0                              0              

WRONG_IO_SCHED                                       0                              0              

DVFS_CONFIG_SWITCH                                   0                              0              

MAP_STAGE_RECEIVED_OPS_0                             0        0.000%                0        0.000%
MAP_STAGE_RECEIVED_OPS_1                       2929430       44.060%          6044470       45.096%
MAP_STAGE_RECEIVED_OPS_2                       3719298       55.940%          7359013       54.904%
MAP_STAGE_RECEIVED_OPS_3                             0        0.000%                0        0.000%
MAP_STAGE_RECEIVED_OPS_4                             0        0.000%                0        0.000%
MAP_STAGE_RECEIVED_OPS_5                             0        0.000%                0        0.000%
MAP_STAGE_RECEIVED_OPS_6                             0        0.000%                0        0.000%
MAP_STAGE_RECEIVED_OPS_7                             0        0.000%                0        0.000%
MAP_STAGE_RECEIVED_OPS_8                             0        0.000%                0        0.000%
MAP_STAGE_RECEIVED_OPS_MAX                           0        0.000%                0        0.000%
                                               6648728      100.000%         13403483      100.000%
                                                  1.56         0.50              1.55         0.50

MAP_STAGE_WAIT_FOR_DECODE                            0         -nan%                0         -nan%
MAP_STAGE_CONSUME_DECODE                             0         -nan%                0         -nan%
                                                     0         -nan%                0         -nan%
                                                  -nan         -nan              -nan         -nan

MAP_STAGE_WAIT_FOR_DECODE2                           0         -nan%                0         -nan%
MAP_STAGE_CONSUME_DECODE2                            0         -nan%                0         -nan%
                                                     0         -nan%                0         -nan%
                                                  -nan         -nan              -nan         -nan

FTQ_RECOVER_EXEC                                 75816                         146712              

FTQ_RECOVER_DECODE                                   1                             95              

FTQ_OFFPATH_CYCLES                             8994724                       18140614              

FTQ_CYCLES_OFFPATH                             8924757                       18013919              

FTQ_CYCLES_ONPATH                              2006232                        4166702              

FTQ_FETCHED_INS_OFFPATH                       25206826                       49461236              

FTQ_FETCHED_INS_ONPATH                        10322792                       20672330              

FTQ_BREAK_FULL_FT_ONPATH                       1571819       81.424%          3307428       82.276%
FTQ_BREAK_MAX_CFS_TAKEN_ONPATH                  338720       17.546%           671077       16.694%
FTQ_BREAK_MAX_BYTES_ONPATH                       19876        1.030%            41389        1.030%
FTQ_BREAK_PRED_BR_ONPATH                             0        0.000%                0        0.000%
FTQ_BREAK_BAR_FETCH_ONPATH                           0        0.000%                0        0.000%
                                               1930415      100.000%          4019894      100.000%
                                                  0.20         0.38              0.19         0.38

FTQ_BREAK_FULL_FT_OFFPATH                      8379723       93.102%         16976544       93.479%
FTQ_BREAK_MAX_CFS_TAKEN_OFFPATH                 583254        6.480%          1109149        6.107%
FTQ_BREAK_MAX_BYTES_OFFPATH                      37597        0.418%            75034        0.413%
FTQ_BREAK_PRED_BR_OFFPATH                            0        0.000%                0        0.000%
FTQ_BREAK_BAR_FETCH_OFFPATH                          0        0.000%                0        0.000%
                                               9000574      100.000%         18160727      100.000%
                                                  0.07         0.27              0.07         0.26



