/* -*- Mode: c -*- */
####################################################################################################
Core 0
####################################################################################################
Cumulative:        Cycles: 22180621              Instructions: 20000001              IPC: 0.90169

Periodic:          Cycles: 10930989              Instructions: 10000000              IPC: 0.91483

ST_OP_INV                                            0        0.000%                0        0.000%
ST_OP_NOP                                        39701        0.152%           157968        0.306%
ST_OP_CF                                       4133756       15.777%          8164219       15.794%
ST_OP_MOV                                      4928793       18.811%          9641432       18.652%
ST_OP_CMOV                                      812066        3.099%          1533909        2.967%
ST_OP_LDA                                      1536066        5.862%          2986163        5.777%
ST_OP_ILD                                      5736097       21.892%         11420084       22.092%
ST_OP_IST                                      1164279        4.443%          2344408        4.535%
ST_OP_IADD                                     2389966        9.121%          4736018        9.162%
ST_OP_IMUL                                         810        0.003%            15403        0.030%
ST_OP_IDIV                                           0        0.000%                0        0.000%
ST_OP_ICMP                                     4383302       16.729%          8574751       16.588%
ST_OP_LOGIC                                    1000853        3.820%          1934595        3.743%
ST_OP_SHIFT                                      76261        0.291%           183183        0.354%
ST_OP_FLD                                            0        0.000%                8        0.000%
ST_OP_FST                                            0        0.000%                8        0.000%
ST_OP_FCVT                                           0        0.000%                0        0.000%
ST_OP_FADD                                           0        0.000%                0        0.000%
ST_OP_FMUL                                           0        0.000%                0        0.000%
ST_OP_FMA                                            0        0.000%                0        0.000%
ST_OP_FDIV                                           0        0.000%                0        0.000%
ST_OP_FCMP                                           0        0.000%                0        0.000%
ST_OP_FCMOV                                          0        0.000%                0        0.000%
ST_OP_GATHER                                         0        0.000%                0        0.000%
ST_OP_SCATTER                                        0        0.000%                0        0.000%
ST_OP_PIPELINED_FAST                                 0        0.000%                0        0.000%
ST_OP_PIPELINED_MEDIUM                               0        0.000%                0        0.000%
ST_OP_PIPELINED_SLOW                                 0        0.000%                0        0.000%
ST_OP_NOTPIPELINED_MEDIUM                            0        0.000%                0        0.000%
ST_OP_NOTPIPELINED_SLOW                              0        0.000%                0        0.000%
ST_OP_NOTPIPELINED_VERY_SLOW                         0        0.000%                0        0.000%
                                              26201950      100.000%         51692149      100.000%
                                                  5.99         3.25              5.98         3.25

ST_NOT_CF                                     22068194       84.223%         43527930       84.206%
ST_CF_BR                                        413686        1.579%           807329        1.562%
ST_CF_CBR                                      3653895       13.945%          7213881       13.955%
ST_CF_CALL                                       32458        0.124%            68160        0.132%
ST_CF_IBR                                          891        0.003%             3587        0.007%
ST_CF_ICALL                                        218        0.001%             1359        0.003%
ST_CF_ICO                                            0        0.000%                0        0.000%
ST_CF_RET                                        32608        0.124%            69903        0.135%
ST_CF_SYS                                            0        0.000%                0        0.000%
                                              26201950      100.000%         51692149      100.000%
                                                  0.31         0.69              0.31         0.69

ST_BAR_NONE                                   26201950      100.000%         51692149      100.000%
ST_BAR_FETCH                                         0        0.000%                0        0.000%
ST_BAR_ISSUE                                         0        0.000%                0        0.000%
ST_BAR_BOTH                                          0        0.000%                0        0.000%
                                              26201950      100.000%         51692149      100.000%
                                                  0.00         0.00              0.00         0.00

ST_NOT_MEM                                    19301574       73.665%         37927641       73.372%
ST_MEM_LD                                      5736097       21.892%         11420092       22.093%
ST_MEM_ST                                      1164279        4.443%          2344416        4.535%
ST_MEM_PF                                            0        0.000%                0        0.000%
ST_MEM_WH                                            0        0.000%                0        0.000%
ST_MEM_EVICT                                         0        0.000%                0        0.000%
                                              26201950      100.000%         51692149      100.000%
                                                  0.31         0.48              0.31         0.48

ST_NOT_MEM_OFFPATH                             7153704       76.693%         14120300       76.568%
ST_MEM_LD_OFFPATH                              1777994       19.062%          3527283       19.127%
ST_MEM_ST_OFFPATH                               395970        4.245%           793834        4.305%
ST_MEM_PF_OFFPATH                                    0        0.000%                0        0.000%
ST_MEM_WH_OFFPATH                                    0        0.000%                0        0.000%
ST_MEM_EVIC_OFFPATHT                                 0        0.000%                0        0.000%
                                               9327668      100.000%         18441417      100.000%
                                                  0.28         0.48              0.28         0.48

ST_OP_ONPATH                                  26201950                       51692149              

ST_OP_OFFPATH                                  9327668                       18441417              

ST_FAKE_OP_OFFPATH                                7386        0.079%            39546        0.214%
ST_NOT_FAKE_OP_OFFPATH                         9320282       99.921%         18401871       99.786%
                                               9327668      100.000%         18441417      100.000%
                                                  1.00         1.00              1.00         1.00

ST_FAKE_REASON_NOT_FAKE                        9320282       99.921%         18401871       99.786%
ST_FAKE_REASON_REDIRECT_TO_NOT_INSTRUMENTED          7386        0.079%            39546        0.214%
ST_FAKE_REASON_RETURN_TO_NOT_INSTRUMENTED             0        0.000%                0        0.000%
ST_FAKE_REASON_NONRET_CF_TO_NOT_INSTRUMENTED             0        0.000%                0        0.000%
ST_FAKE_REASON_NOT_TAKEN_TO_NOT_INSTRUMENTED             0        0.000%                0        0.000%
ST_FAKE_REASON_WRONG_PATH_STORE_TO_NEW_REGION             0        0.000%                0        0.000%
                                               9327668      100.000%         18441417      100.000%
                                                  0.00         0.03              0.00         0.05

ST_INST_ONPATH                                24921870                       49059932              

ST_INST_OFFPATH                                8999518                       17785626              

STATIC_PIN_NOP                                       0                              0              

DYNAMIC_PIN_REP_GREATER_256                          0                              0              

INST_MAP_UPDATE_JITTED                          294074       12.972%           588956       12.869%
INST_MAP_UPDATE_NPC_INV                              0        0.000%                0        0.000%
INST_MAP_UPDATE_NPC_NOP                              0        0.000%                0        0.000%
INST_MAP_UPDATE_NPC_CF                               0        0.000%                0        0.000%
INST_MAP_UPDATE_NPC_MOV                              0        0.000%                0        0.000%
INST_MAP_UPDATE_NPC_CMOV                             0        0.000%                0        0.000%
INST_MAP_UPDATE_NPC_LDA                              0        0.000%                0        0.000%
INST_MAP_UPDATE_NPC_IMEM                             0        0.000%                0        0.000%
INST_MAP_UPDATE_NPC_IADD                             0        0.000%                0        0.000%
INST_MAP_UPDATE_NPC_IMUL                             1        0.000%                2        0.000%
INST_MAP_UPDATE_NPC_IDIV                             0        0.000%                0        0.000%
INST_MAP_UPDATE_NPC_ICMP                             0        0.000%                0        0.000%
INST_MAP_UPDATE_NPC_LOGIC                            0        0.000%                0        0.000%
INST_MAP_UPDATE_NPC_SHIFT                            0        0.000%                0        0.000%
INST_MAP_UPDATE_NPC_FMEM                             0        0.000%                0        0.000%
INST_MAP_UPDATE_NPC_FCVT                             0        0.000%                0        0.000%
INST_MAP_UPDATE_NPC_FADD                             0        0.000%                0        0.000%
INST_MAP_UPDATE_NPC_FMUL                             0        0.000%                0        0.000%
INST_MAP_UPDATE_NPC_FMA                              0        0.000%                0        0.000%
INST_MAP_UPDATE_NPC_FDIV                             0        0.000%                0        0.000%
INST_MAP_UPDATE_NPC_FCMP                             0        0.000%                0        0.000%
INST_MAP_UPDATE_NPC_FCMOV                            0        0.000%                0        0.000%
INST_MAP_UPDATE_NPC_GATHER                           0        0.000%                0        0.000%
INST_MAP_UPDATE_NPC_SCATTER                          0        0.000%                0        0.000%
INST_MAP_UPDATE_NPC_PIPELINED_FAST                   0        0.000%                0        0.000%
INST_MAP_UPDATE_NPC_PIPELINED_MEDIUM                 0        0.000%                0        0.000%
INST_MAP_UPDATE_NPC_PIPELINED_SLOW                   0        0.000%                0        0.000%
INST_MAP_UPDATE_NPC_NOTPIPELINED_MEDIUM              0        0.000%                0        0.000%
INST_MAP_UPDATE_NPC_NOTPIPELINED_SLOW                0        0.000%                0        0.000%
INST_MAP_UPDATE_NPC_NOTPIPELINED_VERY_SLOW             0        0.000%                0        0.000%
INST_MAP_UPDATE_MEM_INV                              0        0.000%                0        0.000%
INST_MAP_UPDATE_MEM_NOP                              0        0.000%                0        0.000%
INST_MAP_UPDATE_MEM_CF                               0        0.000%                0        0.000%
INST_MAP_UPDATE_MEM_MOV                        1953718       86.184%          3939017       86.066%
INST_MAP_UPDATE_MEM_CMOV                             0        0.000%                0        0.000%
INST_MAP_UPDATE_MEM_LDA                              0        0.000%                0        0.000%
INST_MAP_UPDATE_MEM_IMEM                             0        0.000%                0        0.000%
INST_MAP_UPDATE_MEM_IADD                             0        0.000%                0        0.000%
INST_MAP_UPDATE_MEM_IMUL                            49        0.002%             2186        0.048%
INST_MAP_UPDATE_MEM_IDIV                             0        0.000%                0        0.000%
INST_MAP_UPDATE_MEM_ICMP                             0        0.000%                0        0.000%
INST_MAP_UPDATE_MEM_LOGIC                        12931        0.570%            34083        0.745%
INST_MAP_UPDATE_MEM_SHIFT                         6147        0.271%            12474        0.273%
INST_MAP_UPDATE_MEM_FMEM                             0        0.000%                0        0.000%
INST_MAP_UPDATE_MEM_FCVT                             0        0.000%                0        0.000%
INST_MAP_UPDATE_MEM_FADD                             0        0.000%                0        0.000%
INST_MAP_UPDATE_MEM_FMUL                             0        0.000%                0        0.000%
INST_MAP_UPDATE_MEM_FMA                              0        0.000%                0        0.000%
INST_MAP_UPDATE_MEM_FDIV                             0        0.000%                0        0.000%
INST_MAP_UPDATE_MEM_FCMP                             0        0.000%                0        0.000%
INST_MAP_UPDATE_MEM_FCMOV                            0        0.000%                0        0.000%
INST_MAP_UPDATE_MEM_GATHER                           0        0.000%                0        0.000%
INST_MAP_UPDATE_MEM_SCATTER                          0        0.000%                0        0.000%
INST_MAP_UPDATE_MEM_PIPELINED_FAST                   0        0.000%                0        0.000%
INST_MAP_UPDATE_MEM_PIPELINED_MEDIUM                 0        0.000%                0        0.000%
INST_MAP_UPDATE_MEM_PIPELINED_SLOW                   0        0.000%                0        0.000%
INST_MAP_UPDATE_MEM_NOTPIPELINED_MEDIUM              0        0.000%                0        0.000%
INST_MAP_UPDATE_MEM_NOTPIPELINED_SLOW                0        0.000%                0        0.000%
INST_MAP_UPDATE_MEM_NOTPIPELINED_VERY_SLOW             0        0.000%                0        0.000%
                                               2266920      100.000%          4576718      100.000%
                                                 28.79         4.08             28.84         4.06



