Scarab gitrev: 3541854
Scarab started at Tue Oct 22 00:06:13 2024

Initialized Ramulator. 
** Heartbeat:   5% -- { 1000004 } -- 0.00 KIPS (50.00 KIPS)
** Heartbeat:  10% -- { 2000007 } -- 50.00 KIPS (50.00 KIPS)
** Heartbeat:  15% -- { 3000010 } -- 76.92 KIPS (56.60 KIPS)
** Heartbeat:  20% -- { 4000011 } -- 90.91 KIPS (62.50 KIPS)
** Heartbeat:  25% -- { 5000011 } -- 66.67 KIPS (63.29 KIPS)
** Heartbeat:  30% -- { 6000011 } -- 50.00 KIPS (60.61 KIPS)
** Heartbeat:  35% -- { 7000011 } -- 52.63 KIPS (59.32 KIPS)
** Heartbeat:  40% -- { 8000014 } -- 90.91 KIPS (62.02 KIPS)
** Heartbeat:  45% -- { 9000015 } -- 125.00 KIPS (65.69 KIPS)
** Heartbeat:  50% -- { 10000015 } -- 52.63 KIPS (64.10 KIPS)
** Heartbeat:  55% -- { 11000020 } -- 52.63 KIPS (62.86 KIPS)
** Heartbeat:  60% -- { 12000020 } -- 71.43 KIPS (63.49 KIPS)
** Heartbeat:  65% -- { 13000022 } -- 52.63 KIPS (62.50 KIPS)
** Heartbeat:  70% -- { 14000024 } -- 100.00 KIPS (64.22 KIPS)
** Heartbeat:  75% -- { 15000029 } -- 58.82 KIPS (63.83 KIPS)
** Heartbeat:  80% -- { 16000031 } -- 52.63 KIPS (62.99 KIPS)
** Heartbeat:  85% -- { 17000031 } -- 55.56 KIPS (62.50 KIPS)
** Heartbeat:  90% -- { 18000032 } -- 58.82 KIPS (62.28 KIPS)
** Heartbeat:  95% -- { 19000035 } -- 142.86 KIPS (64.19 KIPS)
** Core 0 Finished:    insts:20000000    cycles:14010252    time:4378203750000       -- 1.43 IPC (1.43 IPC) --  N/A  KIPS (64.72 KIPS)
Scarab finished at Tue Oct 22 00:11:22 2024

