/* -*- Mode: c -*- */
####################################################################################################
Core 0
####################################################################################################
Cumulative:        Cycles: 11731096              Instructions: 20000000              IPC: 1.70487

Periodic:          Cycles: 5754615               Instructions: 9999996               IPC: 1.73774

EXECUTION_TIME                           1798317187500                  3665967500000              

NODE_CYCLE                                     5754615                       11731096              

NODE_INST_COUNT                                9999996                       20000000              

NODE_INST_COUNT_FETCHED                        9999996                       20000000              

NODE_UOP_COUNT                                12243019                       24482518              

FULL_WINDOW_STALL                               458462        7.967%           997631        8.504%

FULL_WINDOW_MEM_OP                               59706       17.015%           255732       32.168%
FULL_WINDOW_FP_OP                                    0        0.000%                0        0.000%
FULL_WINDOW_OTHER_OP                            291199       82.985%           539254       67.832%
                                                350905      100.000%           794986      100.000%
                                                  1.66         1.54              1.36         1.24

RET_BLOCKED_DC_MISS                             238964        4.153%           714606        6.092%

RET_BLOCKED_L1_MISS                              46083        0.801%           281474        2.399%

RET_BLOCKED_L1_MISS_BW_PREF                          0        0.000%             3867        0.033%

RET_BLOCKED_L1_ACCESS                           192881        3.352%           433146        3.692%

RET_BLOCKED_MEM_STALL                            46083        0.801%           281992        2.404%

RET_BLOCKED_OFFCHIP_DEMAND                           0        0.000%                0        0.000%

OP_ISSUED                                     19433358                       39232009              

OP_RETIRED                                    12243019                       24482518              

REPLAY_SIGNALED                                      0                              0              

REPLAY_COUNTED                                       0                              0              

OFF_CRITICAL_PATH                                    0         -nan%                0         -nan%
ON_CRITICAL_PATH                                     0         -nan%                0         -nan%
                                                     0         -nan%                0         -nan%
                                                  -nan         -nan              -nan         -nan

LD_NO_DEPENDENTS                                 99884        3.720%           197161        3.660%
LD_DEPENDENTS                                  2585487       96.280%          5189291       96.340%
                                               2685371      100.000%          5386452      100.000%
                                                  0.96         0.95              0.96         0.95

LD_EXEC_CYCLES_0                                     0        0.000%                0        0.000%
LD_EXEC_CYCLES_1                                     0        0.000%                0        0.000%
LD_EXEC_CYCLES_2                                     0        0.000%                0        0.000%
LD_EXEC_CYCLES_3                                   109       70.323%              226       68.902%
LD_EXEC_CYCLES_4                                    46       29.677%              102       31.098%
                                                   155      100.000%              328      100.000%
                                                  3.30         1.86              3.31         1.91

ICACHE_STAGE_STARVED                               838        0.032%            30986        0.584%
ICACHE_STAGE_NOT_STARVED                       2637328       99.968%          5274433       99.416%
                                               2638166      100.000%          5305419      100.000%
                                                  1.00         1.00              0.99         0.99

ICACHE_STAGE_STALLED                            345446        6.003%           639002        5.447%
ICACHE_STAGE_NOT_STALLED                       2637782       45.838%          5290051       45.094%
ICACHE_STAGE_OFF_PATH                          2771387       48.159%          5802043       49.459%
                                               5754615      100.000%         11731096      100.000%
                                                  1.42         1.10              1.44         1.13

DECODE_STAGE_STARVED                           3598707       83.240%          7329236       83.675%
DECODE_STAGE_NOT_STARVED                        724586       16.760%          1429982       16.325%
                                               4323293      100.000%          8759218      100.000%
                                                  0.17         0.35              0.16         0.34

DECODE_STAGE_STALLED                             15305        0.266%            34699        0.296%
DECODE_STAGE_NOT_STALLED                       4307988       74.861%          8724519       74.371%
DECODE_STAGE_OFF_PATH                          1431322       24.873%          2971878       25.333%
                                               5754615      100.000%         11731096      100.000%
                                                  1.25         0.76              1.25         0.76

UOPQ_STAGE_STARVED                             1928559       56.499%          3934536       57.050%
UOPQ_STAGE_NOT_STARVED                         1484872       43.501%          2962109       42.950%
                                               3413431      100.000%          6896645      100.000%
                                                  0.44         0.47              0.43         0.47

UOPQ_STAGE_STALLED                              342566        5.953%           636007        5.422%
UOPQ_STAGE_NOT_STALLED                         3413431       59.316%          6896645       58.789%
UOPQ_STAGE_OFF_PATH                            1998618       34.731%          4198444       35.789%
                                               5754615      100.000%         11731096      100.000%
                                                  1.29         0.90              1.30         0.91

MAP_STAGE_STARVED                               691590       17.910%          1421103       18.371%
MAP_STAGE_NOT_STARVED                          3169896       82.090%          6314517       81.629%
                                               3861486      100.000%          7735620      100.000%
                                                  0.82         0.76              0.82         0.76

MAP_STAGE_STALLED                               357618        6.214%           682100        5.814%
MAP_STAGE_NOT_STALLED                          3503868       60.888%          7053520       60.127%
MAP_STAGE_OFF_PATH                             1893129       32.898%          3995476       34.059%
                                               5754615      100.000%         11731096      100.000%
                                                  1.27         0.86              1.28         0.89

EXEC_STAGE_STARVED                             3770453       65.521%          7678630       65.455%
EXEC_STAGE_NOT_STARVED                          577566       10.037%          1086786        9.264%
EXEC_STAGE_OFF_PATH                            1406596       24.443%          2965680       25.281%
                                               5754615      100.000%         11731096      100.000%
                                                  0.59         0.77              0.60         0.78

FU_BUSY_0                                      4159724                        8385796              

FU_BUSY_1                                      3414182                        6819139              

FU_BUSY_2                                      2086841                        4217930              

FU_BUSY_3                                      1699496                        3429214              

FU_BUSY_4                                      1928317                        3869309              

FU_BUSY_5                                      1911726                        3836987              

FU_BUSY_6                                       584831                        1175762              

FU_BUSY_7                                       718334                        1445142              

FU_BUSY_8                                            0                              0              

FU_BUSY_9                                            0                              0              

FU_BUSY_10                                           0                              0              

FU_BUSY_11                                           0                              0              

FU_BUSY_12                                           0                              0              

FU_BUSY_13                                           0                              0              

FU_BUSY_14                                           0                              0              

FU_BUSY_15                                           0                              0              

FU_BUSY_16                                           0                              0              

FU_BUSY_17                                           0                              0              

FU_BUSY_18                                           0                              0              

FU_BUSY_19                                           0                              0              

FU_BUSY_20                                           0                              0              

FU_BUSY_21                                           0                              0              

FU_BUSY_22                                           0                              0              

FU_BUSY_23                                           0                              0              

FU_BUSY_24                                           0                              0              

FU_BUSY_25                                           0                              0              

FU_BUSY_26                                           0                              0              

FU_BUSY_27                                           0                              0              

FU_BUSY_28                                           0                              0              

FU_BUSY_29                                           0                              0              

FU_BUSY_30                                           0                              0              

FU_BUSY_31                                           0                              0              

FU_REJECTED_OP_INV_NOT_SIMD                          0        0.000%                0        0.000%
FU_REJECTED_OP_NOP_NOT_SIMD                        164        0.032%              392        0.040%
FU_REJECTED_OP_CF_NOT_SIMD                        1822        0.356%             4054        0.416%
FU_REJECTED_OP_MOV_NOT_SIMD                      15699        3.067%            30447        3.123%
FU_REJECTED_OP_CMOV_NOT_SIMD                         1        0.000%                6        0.001%
FU_REJECTED_OP_LDA_NOT_SIMD                         26        0.005%               65        0.007%
FU_REJECTED_OP_IMEM_NOT_SIMD                       550        0.107%             1222        0.125%
FU_REJECTED_OP_IADD_NOT_SIMD                     34269        6.696%            67559        6.930%
FU_REJECTED_OP_IMUL_NOT_SIMD                     17841        3.486%            37095        3.805%
FU_REJECTED_OP_IDIV_NOT_SIMD                    188503       36.832%           351348       36.040%
FU_REJECTED_OP_ICMP_NOT_SIMD                    235702       46.054%           444091       45.553%
FU_REJECTED_OP_LOGIC_NOT_SIMD                     3549        0.693%             6864        0.704%
FU_REJECTED_OP_SHIFT_NOT_SIMD                     1128        0.220%             2384        0.245%
FU_REJECTED_OP_FMEM_NOT_SIMD                       390        0.076%              767        0.079%
FU_REJECTED_OP_FCVT_NOT_SIMD                         0        0.000%                0        0.000%
FU_REJECTED_OP_FADD_NOT_SIMD                         0        0.000%                0        0.000%
FU_REJECTED_OP_FMUL_NOT_SIMD                         0        0.000%                0        0.000%
FU_REJECTED_OP_FMA_NOT_SIMD                          0        0.000%                0        0.000%
FU_REJECTED_OP_FDIV_NOT_SIMD                         0        0.000%                0        0.000%
FU_REJECTED_OP_FCMP_NOT_SIMD                         0        0.000%                0        0.000%
FU_REJECTED_OP_FCMOV_NOT_SIMD                        0        0.000%                0        0.000%
FU_REJECTED_OP_GATHER_NOT_SIMD                       0        0.000%                0        0.000%
FU_REJECTED_OP_SCATTER_NOT_SIMD                      0        0.000%                0        0.000%
FU_REJECTED_OP_PIPELINED_FAST_NOT_SIMD               0        0.000%                0        0.000%
FU_REJECTED_OP_PIPELINED_MEDIUM_NOT_SIMD             0        0.000%                0        0.000%
FU_REJECTED_OP_PIPELINED_SLOW_NOT_SIMD               0        0.000%                0        0.000%
FU_REJECTED_OP_NOTPIPELINED_MEDIUM_NOT_SIMD             0        0.000%                0        0.000%
FU_REJECTED_OP_NOTPIPELINED_SLOW_NOT_SIMD             0        0.000%                0        0.000%
FU_REJECTED_OP_NOTPIPELINED_VERY_SLOW_NOT_SIMD             0        0.000%                0        0.000%
FU_REJECTED_OP_INV_SIMD                              0        0.000%                0        0.000%
FU_REJECTED_OP_NOP_SIMD                              0        0.000%                0        0.000%
FU_REJECTED_OP_CF_SIMD                               0        0.000%                0        0.000%
FU_REJECTED_OP_MOV_SIMD                              0        0.000%                0        0.000%
FU_REJECTED_OP_CMOV_SIMD                             0        0.000%                0        0.000%
FU_REJECTED_OP_LDA_SIMD                              0        0.000%                0        0.000%
FU_REJECTED_OP_IMEM_SIMD                             0        0.000%                0        0.000%
FU_REJECTED_OP_IADD_SIMD                             0        0.000%                0        0.000%
FU_REJECTED_OP_IMUL_SIMD                             0        0.000%                0        0.000%
FU_REJECTED_OP_IDIV_SIMD                             0        0.000%                0        0.000%
FU_REJECTED_OP_ICMP_SIMD                             0        0.000%                0        0.000%
FU_REJECTED_OP_LOGIC_SIMD                            0        0.000%                0        0.000%
FU_REJECTED_OP_SHIFT_SIMD                           40        0.008%               80        0.008%
FU_REJECTED_OP_FMEM_SIMD                             0        0.000%                0        0.000%
FU_REJECTED_OP_FCVT_SIMD                             0        0.000%             3182        0.326%
FU_REJECTED_OP_FADD_SIMD                         12087        2.362%            25299        2.595%
FU_REJECTED_OP_FMUL_SIMD                            24        0.005%               38        0.004%
FU_REJECTED_OP_FMA_SIMD                              0        0.000%                0        0.000%
FU_REJECTED_OP_FDIV_SIMD                             0        0.000%                0        0.000%
FU_REJECTED_OP_FCMP_SIMD                             0        0.000%                0        0.000%
FU_REJECTED_OP_FCMOV_SIMD                            0        0.000%                0        0.000%
FU_REJECTED_OP_GATHER_SIMD                           0        0.000%                0        0.000%
FU_REJECTED_OP_SCATTER_SIMD                          0        0.000%                0        0.000%
FU_REJECTED_OP_PIPELINED_FAST_SIMD                   0        0.000%                0        0.000%
FU_REJECTED_OP_PIPELINED_MEDIUM_SIMD                 0        0.000%                0        0.000%
FU_REJECTED_OP_PIPELINED_SLOW_SIMD                   0        0.000%                0        0.000%
FU_REJECTED_OP_NOTPIPELINED_MEDIUM_SIMD              0        0.000%                0        0.000%
FU_REJECTED_OP_NOTPIPELINED_SLOW_SIMD                0        0.000%                0        0.000%
FU_REJECTED_OP_NOTPIPELINED_VERY_SLOW_SIMD             0        0.000%                0        0.000%
                                                511795      100.000%           974893      100.000%
                                                  9.93         5.51             10.10         6.06

OP_WAIT_0                                      8390489                       16767740              

OP_WAIT_1                                      2620537                        5278410              

OP_WAIT_2                                       553332                        1117435              

OP_WAIT_3                                       218016                         439118              

OP_WAIT_4                                       118045                         231562              

OP_WAIT_5                                        72501                         139391              

OP_WAIT_6                                        51270                         100536              

OP_WAIT_7                                        22604                          43190              

OP_WAIT_8                                         9983                          18487              

OP_WAIT_9                                         9190                          17726              

OP_WAIT_10                                        8839                          16518              

OP_WAIT_11                                        3956                           7192              

OP_WAIT_12                                        4288                           7874              

OP_WAIT_13                                        2563                           4746              

OP_WAIT_14                                        2919                           5979              

OP_WAIT_15                                        3884                           7421              

OP_WAIT_16                                        1453                           3853              

OP_WAIT_17                                        4939                           9052              

OP_WAIT_18                                        8239                          15031              

OP_WAIT_19                                        1425                           3118              

OP_WAIT_20                                        1650                           2871              

OP_WAIT_21                                        1556                           2874              

OP_WAIT_22                                        2091                           3419              

OP_WAIT_23                                        2159                           3359              

OP_WAIT_24                                        3168                           5118              

OP_WAIT_25                                         776                           1260              

OP_WAIT_26                                         342                            794              

OP_WAIT_27                                        1010                           1791              

OP_WAIT_28                                         591                           1048              

OP_WAIT_29                                         634                           1644              

OP_WAIT_30                                         606                           2580              

OP_WAIT_31                                      119964                         221381              

ROW_SIZE_0                                     2179215                        4570572              

ROW_SIZE_1                                      863451                        1720576              

ROW_SIZE_2                                      319468                         634323              

ROW_SIZE_3                                      209694                         415408              

ROW_SIZE_4                                      261315                         522109              

ROW_SIZE_5                                      132364                         261586              

ROW_SIZE_6                                     1400745                        2808451              

ROW_SIZE_7                                           0                              0              

ROW_SIZE_8                                           0                              0              

ROW_SIZE_9                                           0                              0              

ROW_SIZE_10                                          0                              0              

ROW_SIZE_11                                          0                              0              

ROW_SIZE_12                                          0                              0              

ROW_SIZE_13                                          0                              0              

ROW_SIZE_14                                          0                              0              

ROW_SIZE_15                                          0                              0              

ROW_SIZE_16                                          0                              0              

ROW_SIZE_17                                          0                              0              

ROW_SIZE_18                                          0                              0              

ROW_SIZE_19                                          0                              0              

ROW_SIZE_20                                          0                              0              

ROW_SIZE_21                                          0                              0              

ROW_SIZE_22                                          0                              0              

ROW_SIZE_23                                          0                              0              

ROW_SIZE_24                                          0                              0              

ROW_SIZE_25                                          0                              0              

ROW_SIZE_26                                          0                              0              

ROW_SIZE_27                                          0                              0              

ROW_SIZE_28                                          0                              0              

ROW_SIZE_29                                          0                              0              

ROW_SIZE_30                                          0                              0              

ROW_SIZE_31                                          0                              0              

RET_OP_EXEC_COUNT_0                                  0        0.000%                0        0.000%
RET_OP_EXEC_COUNT_1                           12243019      100.000%         24482518      100.000%
RET_OP_EXEC_COUNT_2                                  0        0.000%                0        0.000%
RET_OP_EXEC_COUNT_3                                  0        0.000%                0        0.000%
RET_OP_EXEC_COUNT_4                                  0        0.000%                0        0.000%
RET_OP_EXEC_COUNT_5                                  0        0.000%                0        0.000%
RET_OP_EXEC_COUNT_6                                  0        0.000%                0        0.000%
RET_OP_EXEC_COUNT_7                                  0        0.000%                0        0.000%
RET_OP_EXEC_COUNT_8                                  0        0.000%                0        0.000%
RET_OP_EXEC_COUNT_9                                  0        0.000%                0        0.000%
RET_OP_EXEC_COUNT_10                                 0        0.000%                0        0.000%
RET_OP_EXEC_COUNT_11                                 0        0.000%                0        0.000%
RET_OP_EXEC_COUNT_12                                 0        0.000%                0        0.000%
RET_OP_EXEC_COUNT_13                                 0        0.000%                0        0.000%
RET_OP_EXEC_COUNT_14                                 0        0.000%                0        0.000%
RET_OP_EXEC_COUNT_15                                 0        0.000%                0        0.000%
RET_OP_EXEC_COUNT_16                                 0        0.000%                0        0.000%
RET_OP_EXEC_COUNT_17                                 0        0.000%                0        0.000%
RET_OP_EXEC_COUNT_18                                 0        0.000%                0        0.000%
RET_OP_EXEC_COUNT_19                                 0        0.000%                0        0.000%
RET_OP_EXEC_COUNT_20                                 0        0.000%                0        0.000%
RET_OP_EXEC_COUNT_21                                 0        0.000%                0        0.000%
RET_OP_EXEC_COUNT_22                                 0        0.000%                0        0.000%
RET_OP_EXEC_COUNT_23                                 0        0.000%                0        0.000%
RET_OP_EXEC_COUNT_24                                 0        0.000%                0        0.000%
RET_OP_EXEC_COUNT_25                                 0        0.000%                0        0.000%
RET_OP_EXEC_COUNT_26                                 0        0.000%                0        0.000%
RET_OP_EXEC_COUNT_27                                 0        0.000%                0        0.000%
RET_OP_EXEC_COUNT_28                                 0        0.000%                0        0.000%
RET_OP_EXEC_COUNT_29                                 0        0.000%                0        0.000%
RET_OP_EXEC_COUNT_30                                 0        0.000%                0        0.000%
RET_OP_EXEC_COUNT_31                                 0        0.000%                0        0.000%
RET_OP_EXEC_COUNT_32                                 0        0.000%                0        0.000%
                                              12243019      100.000%         24482518      100.000%
                                                  1.00         0.00              1.00         0.00

RET_STALL_LENGTH_0                            12242700       99.997%         24480446       99.992%
RET_STALL_LENGTH_100                               296        0.002%             1949        0.008%
RET_STALL_LENGTH_200                                 3        0.000%               49        0.000%
RET_STALL_LENGTH_300                                 3        0.000%                6        0.000%
RET_STALL_LENGTH_400                                 2        0.000%                7        0.000%
RET_STALL_LENGTH_500                                 2        0.000%                7        0.000%
RET_STALL_LENGTH_600                                 1        0.000%                3        0.000%
RET_STALL_LENGTH_700                                 3        0.000%                9        0.000%
RET_STALL_LENGTH_800                                 2        0.000%                7        0.000%
RET_STALL_LENGTH_900                                 1        0.000%                7        0.000%
RET_STALL_LENGTH_1000                                1        0.000%                8        0.000%
RET_STALL_LENGTH_1100                                1        0.000%                7        0.000%
RET_STALL_LENGTH_1200                                3        0.000%               11        0.000%
RET_STALL_LENGTH_1300                                1        0.000%                2        0.000%
RET_STALL_LENGTH_1400                                0        0.000%                0        0.000%
RET_STALL_LENGTH_1500                                0        0.000%                0        0.000%
RET_STALL_LENGTH_1600                                0        0.000%                0        0.000%
RET_STALL_LENGTH_1700                                0        0.000%                0        0.000%
RET_STALL_LENGTH_1800                                0        0.000%                0        0.000%
RET_STALL_LENGTH_1900                                0        0.000%                0        0.000%
RET_STALL_LENGTH_2000                                0        0.000%                0        0.000%
RET_STALL_LENGTH_2100                                0        0.000%                0        0.000%
RET_STALL_LENGTH_2200                                0        0.000%                0        0.000%
RET_STALL_LENGTH_2300                                0        0.000%                0        0.000%
RET_STALL_LENGTH_2400                                0        0.000%                0        0.000%
RET_STALL_LENGTH_2500                                0        0.000%                0        0.000%
RET_STALL_LENGTH_2600                                0        0.000%                0        0.000%
RET_STALL_LENGTH_2700                                0        0.000%                0        0.000%
RET_STALL_LENGTH_2800                                0        0.000%                0        0.000%
RET_STALL_LENGTH_2900                                0        0.000%                0        0.000%
RET_STALL_LENGTH_3000                                0        0.000%                0        0.000%
RET_STALL_LENGTH_3100                                0        0.000%                0        0.000%
RET_STALL_LENGTH_3200                                0        0.000%                0        0.000%
RET_STALL_LENGTH_3300                                0        0.000%                0        0.000%
RET_STALL_LENGTH_3400                                0        0.000%                0        0.000%
RET_STALL_LENGTH_3500                                0        0.000%                0        0.000%
RET_STALL_LENGTH_3600                                0        0.000%                0        0.000%
RET_STALL_LENGTH_3700                                0        0.000%                0        0.000%
RET_STALL_LENGTH_3800                                0        0.000%                0        0.000%
RET_STALL_LENGTH_3900                                0        0.000%                0        0.000%
RET_STALL_LENGTH_4000                                0        0.000%                0        0.000%
RET_STALL_LENGTH_4100                                0        0.000%                0        0.000%
RET_STALL_LENGTH_4200                                0        0.000%                0        0.000%
RET_STALL_LENGTH_4300                                0        0.000%                0        0.000%
RET_STALL_LENGTH_4400                                0        0.000%                0        0.000%
RET_STALL_LENGTH_4500                                0        0.000%                0        0.000%
RET_STALL_LENGTH_4600                                0        0.000%                0        0.000%
RET_STALL_LENGTH_4700                                0        0.000%                0        0.000%
RET_STALL_LENGTH_4800                                0        0.000%                0        0.000%
RET_STALL_LENGTH_4900                                0        0.000%                0        0.000%
RET_STALL_LENGTH_5000                                0        0.000%                0        0.000%
                                              12243019      100.000%         24482518      100.000%
                                                  0.00         0.01              0.00         0.02

MEM_BLOCK_LENGTH_0                                   0         -nan%               33       86.842%
MEM_BLOCK_LENGTH_100                                 0         -nan%                2        5.263%
MEM_BLOCK_LENGTH_200                                 0         -nan%                0        0.000%
MEM_BLOCK_LENGTH_300                                 0         -nan%                1        2.632%
MEM_BLOCK_LENGTH_400                                 0         -nan%                0        0.000%
MEM_BLOCK_LENGTH_500                                 0         -nan%                0        0.000%
MEM_BLOCK_LENGTH_600                                 0         -nan%                0        0.000%
MEM_BLOCK_LENGTH_700                                 0         -nan%                0        0.000%
MEM_BLOCK_LENGTH_800                                 0         -nan%                1        2.632%
MEM_BLOCK_LENGTH_900                                 0         -nan%                0        0.000%
MEM_BLOCK_LENGTH_1000                                0         -nan%                0        0.000%
MEM_BLOCK_LENGTH_1100                                0         -nan%                0        0.000%
MEM_BLOCK_LENGTH_1200                                0         -nan%                1        2.632%
MEM_BLOCK_LENGTH_1300                                0         -nan%                0        0.000%
MEM_BLOCK_LENGTH_1400                                0         -nan%                0        0.000%
MEM_BLOCK_LENGTH_1500                                0         -nan%                0        0.000%
MEM_BLOCK_LENGTH_1600                                0         -nan%                0        0.000%
MEM_BLOCK_LENGTH_1700                                0         -nan%                0        0.000%
MEM_BLOCK_LENGTH_1800                                0         -nan%                0        0.000%
MEM_BLOCK_LENGTH_1900                                0         -nan%                0        0.000%
MEM_BLOCK_LENGTH_2000                                0         -nan%                0        0.000%
MEM_BLOCK_LENGTH_2100                                0         -nan%                0        0.000%
MEM_BLOCK_LENGTH_2200                                0         -nan%                0        0.000%
MEM_BLOCK_LENGTH_2300                                0         -nan%                0        0.000%
MEM_BLOCK_LENGTH_2400                                0         -nan%                0        0.000%
MEM_BLOCK_LENGTH_2500                                0         -nan%                0        0.000%
MEM_BLOCK_LENGTH_2600                                0         -nan%                0        0.000%
MEM_BLOCK_LENGTH_2700                                0         -nan%                0        0.000%
MEM_BLOCK_LENGTH_2800                                0         -nan%                0        0.000%
MEM_BLOCK_LENGTH_2900                                0         -nan%                0        0.000%
MEM_BLOCK_LENGTH_3000                                0         -nan%                0        0.000%
MEM_BLOCK_LENGTH_3100                                0         -nan%                0        0.000%
MEM_BLOCK_LENGTH_3200                                0         -nan%                0        0.000%
MEM_BLOCK_LENGTH_3300                                0         -nan%                0        0.000%
MEM_BLOCK_LENGTH_3400                                0         -nan%                0        0.000%
MEM_BLOCK_LENGTH_3500                                0         -nan%                0        0.000%
MEM_BLOCK_LENGTH_3600                                0         -nan%                0        0.000%
MEM_BLOCK_LENGTH_3700                                0         -nan%                0        0.000%
MEM_BLOCK_LENGTH_3800                                0         -nan%                0        0.000%
MEM_BLOCK_LENGTH_3900                                0         -nan%                0        0.000%
MEM_BLOCK_LENGTH_4000                                0         -nan%                0        0.000%
MEM_BLOCK_LENGTH_4100                                0         -nan%                0        0.000%
MEM_BLOCK_LENGTH_4200                                0         -nan%                0        0.000%
MEM_BLOCK_LENGTH_4300                                0         -nan%                0        0.000%
MEM_BLOCK_LENGTH_4400                                0         -nan%                0        0.000%
MEM_BLOCK_LENGTH_4500                                0         -nan%                0        0.000%
MEM_BLOCK_LENGTH_4600                                0         -nan%                0        0.000%
MEM_BLOCK_LENGTH_4700                                0         -nan%                0        0.000%
MEM_BLOCK_LENGTH_4800                                0         -nan%                0        0.000%
MEM_BLOCK_LENGTH_4900                                0         -nan%                0        0.000%
MEM_BLOCK_LENGTH_5000                                0         -nan%                0        0.000%
                                                     0         -nan%               38      100.000%
                                                  -nan         -nan              0.66         2.26

FUS_BUSY_ON_PATH                              12783300        2.2214         25515140        2.1750

FUS_BUSY_OFF_PATH                              3720151        0.6465          7664139        0.6533

FU_BUSY_MEM_STALL                                93357        0.0162           190290        0.0162

FUS_EMPTY                                     29533469        5.1321         60669489        5.1717

FU_UNAVAILABLE                                  465776        0.0809           879430        0.0750

FU_MEM_UNAVAILABLE                               46019        0.0080            95463        0.0081

FU_REPLAY                                            0        0.0000                0        0.0000

FU_STARVED                                    29121672        5.0606         59833953        5.1005

CHIP_UTILIZATION                                     0        0.0000                0        0.0000

CYCLES_UNDER_MEM_REQ                                 0                              0              

CYCLES_UNDER_NO_MEM_REQ                              0                              0              

CYCLES_UNDER_CRITICAL_MEM_REQ                        0                              0              

CYCLES_UNDER_NONCRITICAL_MEM_REQ                     0                              0              

CHIP_UTILIZATION_UNDER_MEM_REQ                       0          -nan                0          -nan

CHIP_UTILIZATION_UNDER_NO_MEM_REQ                    0          -nan                0          -nan

CHIP_UTILIZATION_UNDER_CRITICAL_MEM_REQ              0          -nan                0          -nan

CHIP_UTILIZATION_UNDER_NONCRITICAL_MEM_REQ             0          -nan                0          -nan

CYCLES_NOT_WAITING_FOR_OFF_CHIP                      0        0.0000                0        0.0000

FUS_BUSY_NOT_WAITING_FOR_OFF_CHIP                    0          -nan                0          -nan

CYCLES_WAITING_FOR_OFF_CHIP                          0        0.0000                0        0.0000

FUS_BUSY_WAITING_FOR_OFF_CHIP                        0          -nan                0          -nan

TOTAL_OFF_CHIP_DELAYS_LEFT                           0                              0              

WRONG_IO_SCHED                                       0                              0              

DVFS_CONFIG_SWITCH                                   0                              0              

MAP_STAGE_RECEIVED_OPS_0                             0        0.000%                0        0.000%
MAP_STAGE_RECEIVED_OPS_1                        291545       10.790%           588773       10.888%
MAP_STAGE_RECEIVED_OPS_2                        186912        6.917%           384547        7.111%
MAP_STAGE_RECEIVED_OPS_3                        320046       11.845%           631667       11.681%
MAP_STAGE_RECEIVED_OPS_4                        167966        6.216%           335488        6.204%
MAP_STAGE_RECEIVED_OPS_5                        592492       21.928%          1165013       21.545%
MAP_STAGE_RECEIVED_OPS_6                       1143083       42.304%          2301979       42.570%
MAP_STAGE_RECEIVED_OPS_7                             0        0.000%                0        0.000%
MAP_STAGE_RECEIVED_OPS_8                             0        0.000%                0        0.000%
MAP_STAGE_RECEIVED_OPS_MAX                           0        0.000%                0        0.000%
                                               2702044      100.000%          5407467      100.000%
                                                  4.48         1.74              4.48         1.75

MAP_STAGE_WAIT_FOR_DECODE                            0         -nan%                0         -nan%
MAP_STAGE_CONSUME_DECODE                             0         -nan%                0         -nan%
                                                     0         -nan%                0         -nan%
                                                  -nan         -nan              -nan         -nan

MAP_STAGE_WAIT_FOR_DECODE2                           0         -nan%                0         -nan%
MAP_STAGE_CONSUME_DECODE2                            0         -nan%                0         -nan%
                                                     0         -nan%                0         -nan%
                                                  -nan         -nan              -nan         -nan

FTQ_RECOVER_EXEC                                110348                         225277              

FTQ_RECOVER_DECODE                                   2                            254              

FTQ_OFFPATH_CYCLES                             3531458                        7320315              

FTQ_CYCLES_OFFPATH                             4545761                        9385611              

FTQ_CYCLES_ONPATH                              1208854                        2345485              

FTQ_FETCHED_INS_OFFPATH                       39932843                       81705588              

FTQ_FETCHED_INS_ONPATH                        12132362                       24256987              

FTQ_BREAK_FULL_FT_ONPATH                        655637       59.690%          1235753       58.294%
FTQ_BREAK_MAX_CFS_TAKEN_ONPATH                  367907       33.495%           732579       34.558%
FTQ_BREAK_MAX_BYTES_ONPATH                       74866        6.816%           151527        7.148%
FTQ_BREAK_PRED_BR_ONPATH                             0        0.000%                0        0.000%
FTQ_BREAK_BAR_FETCH_ONPATH                           0        0.000%                0        0.000%
                                               1098410      100.000%          2119859      100.000%
                                                  0.47         0.50              0.49         0.50

FTQ_BREAK_FULL_FT_OFFPATH                      3480815       74.758%          7186721       74.775%
FTQ_BREAK_MAX_CFS_TAKEN_OFFPATH                 897884       19.284%          1848051       19.228%
FTQ_BREAK_MAX_BYTES_OFFPATH                     277411        5.958%           576370        5.997%
FTQ_BREAK_PRED_BR_OFFPATH                            0        0.000%                0        0.000%
FTQ_BREAK_BAR_FETCH_OFFPATH                          0        0.000%                0        0.000%
                                               4656110      100.000%          9611142      100.000%
                                                  0.31         0.51              0.31         0.51



