/* -*- Mode: c -*- */
####################################################################################################
Core 0
####################################################################################################
Cumulative:        Cycles: 7134929               Instructions: 20000000              IPC: 2.80311

Periodic:          Cycles: 3415796               Instructions: 10000000              IPC: 2.92758

EXECUTION_TIME                           1067436250000                  2229665312500              

NODE_CYCLE                                     3415796                        7134929              

NODE_INST_COUNT                               10000000                       20000000              

NODE_INST_COUNT_FETCHED                       10000000                       20000000              

NODE_UOP_COUNT                                12931172                       25864365              

FULL_WINDOW_STALL                               199047        5.827%           438119        6.140%

FULL_WINDOW_MEM_OP                               45815       29.896%           151735       43.311%
FULL_WINDOW_FP_OP                               103640       67.630%           190878       54.483%
FULL_WINDOW_OTHER_OP                              3791        2.474%             7729        2.206%
                                                153246      100.000%           350342      100.000%
                                                  0.73         0.32              0.59         0.38

RET_BLOCKED_DC_MISS                             131691        3.855%           383875        5.380%

RET_BLOCKED_L1_MISS                              12897        0.378%           107246        1.503%

RET_BLOCKED_L1_MISS_BW_PREF                         41        0.001%             1843        0.026%

RET_BLOCKED_L1_ACCESS                           118795        3.478%           276758        3.879%

RET_BLOCKED_MEM_STALL                            12897        0.378%           107275        1.504%

RET_BLOCKED_OFFCHIP_DEMAND                           0        0.000%                0        0.000%

OP_ISSUED                                     14234054                       29206187              

OP_RETIRED                                    12931172                       25864365              

REPLAY_SIGNALED                                      0                              0              

REPLAY_COUNTED                                       0                              0              

OFF_CRITICAL_PATH                                    0         -nan%                0         -nan%
ON_CRITICAL_PATH                                     0         -nan%                0         -nan%
                                                     0         -nan%                0         -nan%
                                                  -nan         -nan              -nan         -nan

LD_NO_DEPENDENTS                                115481        3.231%           233093        3.260%
LD_DEPENDENTS                                  3459223       96.769%          6916096       96.740%
                                               3574704      100.000%          7149189      100.000%
                                                  0.97         0.95              0.97         0.95

LD_EXEC_CYCLES_0                                     0        0.000%                0        0.000%
LD_EXEC_CYCLES_1                                     0        0.000%                0        0.000%
LD_EXEC_CYCLES_2                                     0        0.000%                0        0.000%
LD_EXEC_CYCLES_3                                   973       37.265%             1904       38.833%
LD_EXEC_CYCLES_4                                  1638       62.735%             2999       61.167%
                                                  2611      100.000%             4903      100.000%
                                                  3.63         2.91              3.61         2.87

ICACHE_STAGE_STARVED                             32035        1.129%           122249        2.133%
ICACHE_STAGE_NOT_STARVED                       2805292       98.871%          5609381       97.867%
                                               2837327      100.000%          5731630      100.000%
                                                  0.99         0.98              0.98         0.97

ICACHE_STAGE_STALLED                            154401        4.520%           284255        3.984%
ICACHE_STAGE_NOT_STALLED                       2821823       82.611%          5671608       79.491%
ICACHE_STAGE_OFF_PATH                           439572       12.869%          1179066       16.525%
                                               3415796      100.000%          7134929      100.000%
                                                  1.08         0.51              1.13         0.59

DECODE_STAGE_STARVED                           2604077       81.299%          5330041       81.590%
DECODE_STAGE_NOT_STARVED                        599018       18.701%          1202680       18.410%
                                               3203095      100.000%          6532721      100.000%
                                                  0.19         0.36              0.18         0.36

DECODE_STAGE_STALLED                             94594        2.769%           180754        2.533%
DECODE_STAGE_NOT_STALLED                       3108501       91.004%          6351967       89.026%
DECODE_STAGE_OFF_PATH                           212701        6.227%           602208        8.440%
                                               3415796      100.000%          7134929      100.000%
                                                  1.03         0.35              1.06         0.42

UOPQ_STAGE_STARVED                              803532       27.133%          1768821       29.354%
UOPQ_STAGE_NOT_STARVED                         2157897       72.867%          4257037       70.646%
                                               2961429      100.000%          6025858      100.000%
                                                  0.73         0.66              0.71         0.64

UOPQ_STAGE_STALLED                              109203        3.197%           195759        2.744%
UOPQ_STAGE_NOT_STALLED                         2961429       86.698%          6025858       84.456%
UOPQ_STAGE_OFF_PATH                             345164       10.105%           913312       12.801%
                                               3415796      100.000%          7134929      100.000%
                                                  1.07         0.46              1.10         0.52

MAP_STAGE_STARVED                                96517        3.124%           266612        4.273%
MAP_STAGE_NOT_STARVED                          2992889       96.876%          5972243       95.727%
                                               3089406      100.000%          6238855      100.000%
                                                  0.97         0.95              0.96         0.94

MAP_STAGE_STALLED                               167549        4.905%           311989        4.373%
MAP_STAGE_NOT_STALLED                          2921857       85.540%          5926866       83.068%
MAP_STAGE_OFF_PATH                              326390        9.555%           896074       12.559%
                                               3415796      100.000%          7134929      100.000%
                                                  1.05         0.44              1.08         0.51

EXEC_STAGE_STARVED                             1666005       48.774%          3480791       48.785%
EXEC_STAGE_NOT_STARVED                         1493304       43.718%          2927648       41.033%
EXEC_STAGE_OFF_PATH                             256487        7.509%           726490       10.182%
                                               3415796      100.000%          7134929      100.000%
                                                  0.59         0.50              0.61         0.54

FU_BUSY_0                                      3124737                        6386379              

FU_BUSY_1                                      2471941                        5013042              

FU_BUSY_2                                      1974285                        4042557              

FU_BUSY_3                                      1844948                        3753671              

FU_BUSY_4                                      1662285                        3353230              

FU_BUSY_5                                      1597115                        3237174              

FU_BUSY_6                                       924874                        1889402              

FU_BUSY_7                                       911583                        1855294              

FU_BUSY_8                                            0                              0              

FU_BUSY_9                                            0                              0              

FU_BUSY_10                                           0                              0              

FU_BUSY_11                                           0                              0              

FU_BUSY_12                                           0                              0              

FU_BUSY_13                                           0                              0              

FU_BUSY_14                                           0                              0              

FU_BUSY_15                                           0                              0              

FU_BUSY_16                                           0                              0              

FU_BUSY_17                                           0                              0              

FU_BUSY_18                                           0                              0              

FU_BUSY_19                                           0                              0              

FU_BUSY_20                                           0                              0              

FU_BUSY_21                                           0                              0              

FU_BUSY_22                                           0                              0              

FU_BUSY_23                                           0                              0              

FU_BUSY_24                                           0                              0              

FU_BUSY_25                                           0                              0              

FU_BUSY_26                                           0                              0              

FU_BUSY_27                                           0                              0              

FU_BUSY_28                                           0                              0              

FU_BUSY_29                                           0                              0              

FU_BUSY_30                                           0                              0              

FU_BUSY_31                                           0                              0              

FU_REJECTED_OP_INV_NOT_SIMD                          0        0.000%                0        0.000%
FU_REJECTED_OP_NOP_NOT_SIMD                      21122        2.700%            42627        2.712%
FU_REJECTED_OP_CF_NOT_SIMD                      184409       23.574%           369738       23.525%
FU_REJECTED_OP_MOV_NOT_SIMD                      47228        6.037%            94694        6.025%
FU_REJECTED_OP_CMOV_NOT_SIMD                        10        0.001%               23        0.001%
FU_REJECTED_OP_LDA_NOT_SIMD                       9213        1.178%            18301        1.164%
FU_REJECTED_OP_IMEM_NOT_SIMD                        47        0.006%              155        0.010%
FU_REJECTED_OP_IADD_NOT_SIMD                    171210       21.887%           344947       21.948%
FU_REJECTED_OP_IMUL_NOT_SIMD                    124570       15.925%           251964       16.032%
FU_REJECTED_OP_IDIV_NOT_SIMD                         0        0.000%                4        0.000%
FU_REJECTED_OP_ICMP_NOT_SIMD                         0        0.000%                0        0.000%
FU_REJECTED_OP_LOGIC_NOT_SIMD                     4616        0.590%             9548        0.608%
FU_REJECTED_OP_SHIFT_NOT_SIMD                    31589        4.038%            63945        4.069%
FU_REJECTED_OP_FMEM_NOT_SIMD                      5358        0.685%            11372        0.724%
FU_REJECTED_OP_FCVT_NOT_SIMD                         0        0.000%                0        0.000%
FU_REJECTED_OP_FADD_NOT_SIMD                         0        0.000%                0        0.000%
FU_REJECTED_OP_FMUL_NOT_SIMD                         0        0.000%                0        0.000%
FU_REJECTED_OP_FMA_NOT_SIMD                          0        0.000%                0        0.000%
FU_REJECTED_OP_FDIV_NOT_SIMD                         0        0.000%                0        0.000%
FU_REJECTED_OP_FCMP_NOT_SIMD                         0        0.000%                0        0.000%
FU_REJECTED_OP_FCMOV_NOT_SIMD                        0        0.000%                0        0.000%
FU_REJECTED_OP_GATHER_NOT_SIMD                       0        0.000%                0        0.000%
FU_REJECTED_OP_SCATTER_NOT_SIMD                      0        0.000%                0        0.000%
FU_REJECTED_OP_PIPELINED_FAST_NOT_SIMD               0        0.000%                0        0.000%
FU_REJECTED_OP_PIPELINED_MEDIUM_NOT_SIMD             0        0.000%                0        0.000%
FU_REJECTED_OP_PIPELINED_SLOW_NOT_SIMD               0        0.000%                0        0.000%
FU_REJECTED_OP_NOTPIPELINED_MEDIUM_NOT_SIMD             0        0.000%                0        0.000%
FU_REJECTED_OP_NOTPIPELINED_SLOW_NOT_SIMD             0        0.000%                0        0.000%
FU_REJECTED_OP_NOTPIPELINED_VERY_SLOW_NOT_SIMD             0        0.000%                0        0.000%
FU_REJECTED_OP_INV_SIMD                              0        0.000%                0        0.000%
FU_REJECTED_OP_NOP_SIMD                              0        0.000%                0        0.000%
FU_REJECTED_OP_CF_SIMD                               0        0.000%                0        0.000%
FU_REJECTED_OP_MOV_SIMD                           1906        0.244%             3866        0.246%
FU_REJECTED_OP_CMOV_SIMD                             0        0.000%                0        0.000%
FU_REJECTED_OP_LDA_SIMD                              0        0.000%                0        0.000%
FU_REJECTED_OP_IMEM_SIMD                             0        0.000%                0        0.000%
FU_REJECTED_OP_IADD_SIMD                             0        0.000%                0        0.000%
FU_REJECTED_OP_IMUL_SIMD                             0        0.000%                0        0.000%
FU_REJECTED_OP_IDIV_SIMD                             0        0.000%                0        0.000%
FU_REJECTED_OP_ICMP_SIMD                             0        0.000%                0        0.000%
FU_REJECTED_OP_LOGIC_SIMD                         4965        0.635%             9643        0.614%
FU_REJECTED_OP_SHIFT_SIMD                         4257        0.544%             8652        0.550%
FU_REJECTED_OP_FMEM_SIMD                             0        0.000%                0        0.000%
FU_REJECTED_OP_FCVT_SIMD                           134        0.017%              467        0.030%
FU_REJECTED_OP_FADD_SIMD                         77985        9.969%           161692       10.288%
FU_REJECTED_OP_FMUL_SIMD                          1231        0.157%             2475        0.157%
FU_REJECTED_OP_FMA_SIMD                           5599        0.716%            12082        0.769%
FU_REJECTED_OP_FDIV_SIMD                          5978        0.764%            11845        0.754%
FU_REJECTED_OP_FCMP_SIMD                         16140        2.063%            31665        2.015%
FU_REJECTED_OP_FCMOV_SIMD                        64206        8.208%           121036        7.701%
FU_REJECTED_OP_GATHER_SIMD                         472        0.060%              931        0.059%
FU_REJECTED_OP_SCATTER_SIMD                          0        0.000%                0        0.000%
FU_REJECTED_OP_PIPELINED_FAST_SIMD                   0        0.000%                0        0.000%
FU_REJECTED_OP_PIPELINED_MEDIUM_SIMD                 0        0.000%                0        0.000%
FU_REJECTED_OP_PIPELINED_SLOW_SIMD                   0        0.000%                0        0.000%
FU_REJECTED_OP_NOTPIPELINED_MEDIUM_SIMD              0        0.000%                0        0.000%
FU_REJECTED_OP_NOTPIPELINED_SLOW_SIMD                0        0.000%                0        0.000%
FU_REJECTED_OP_NOTPIPELINED_VERY_SLOW_SIMD             0        0.000%                0        0.000%
                                                782245      100.000%          1571672      100.000%
                                                 14.93        17.43             14.84        17.34

OP_WAIT_0                                      8191162                       16399424              

OP_WAIT_1                                      2278946                        4604412              

OP_WAIT_2                                       976966                        1956279              

OP_WAIT_3                                       513886                        1024530              

OP_WAIT_4                                       306105                         607713              

OP_WAIT_5                                       167671                         328144              

OP_WAIT_6                                        94837                         184427              

OP_WAIT_7                                        63584                         124535              

OP_WAIT_8                                        44474                          86193              

OP_WAIT_9                                        33375                          64283              

OP_WAIT_10                                       26461                          51275              

OP_WAIT_11                                       19787                          37947              

OP_WAIT_12                                       17717                          33672              

OP_WAIT_13                                       15355                          28745              

OP_WAIT_14                                       13779                          25548              

OP_WAIT_15                                       12144                          22821              

OP_WAIT_16                                       11412                          20946              

OP_WAIT_17                                       10159                          18509              

OP_WAIT_18                                        8634                          15974              

OP_WAIT_19                                        8202                          15242              

OP_WAIT_20                                        7730                          14351              

OP_WAIT_21                                        6472                          12172              

OP_WAIT_22                                        6101                          11379              

OP_WAIT_23                                        5110                           9793              

OP_WAIT_24                                        4708                           9035              

OP_WAIT_25                                        4478                           8455              

OP_WAIT_26                                        4041                           7757              

OP_WAIT_27                                        3849                           7197              

OP_WAIT_28                                        3964                           7214              

OP_WAIT_29                                        4063                           7253              

OP_WAIT_30                                        3764                           6685              

OP_WAIT_31                                       62236                         112455              

ROW_SIZE_0                                      925410                        2056830              

ROW_SIZE_1                                      201111                         437283              

ROW_SIZE_2                                      108479                         237253              

ROW_SIZE_3                                       64608                         141889              

ROW_SIZE_4                                       70532                         147122              

ROW_SIZE_5                                       50809                         107953              

ROW_SIZE_6                                     1963851                        3899776              

ROW_SIZE_7                                           0                              0              

ROW_SIZE_8                                           0                              0              

ROW_SIZE_9                                           0                              0              

ROW_SIZE_10                                          0                              0              

ROW_SIZE_11                                          0                              0              

ROW_SIZE_12                                          0                              0              

ROW_SIZE_13                                          0                              0              

ROW_SIZE_14                                          0                              0              

ROW_SIZE_15                                          0                              0              

ROW_SIZE_16                                          0                              0              

ROW_SIZE_17                                          0                              0              

ROW_SIZE_18                                          0                              0              

ROW_SIZE_19                                          0                              0              

ROW_SIZE_20                                          0                              0              

ROW_SIZE_21                                          0                              0              

ROW_SIZE_22                                          0                              0              

ROW_SIZE_23                                          0                              0              

ROW_SIZE_24                                          0                              0              

ROW_SIZE_25                                          0                              0              

ROW_SIZE_26                                          0                              0              

ROW_SIZE_27                                          0                              0              

ROW_SIZE_28                                          0                              0              

ROW_SIZE_29                                          0                              0              

ROW_SIZE_30                                          0                              0              

ROW_SIZE_31                                          0                              0              

RET_OP_EXEC_COUNT_0                                  0        0.000%                0        0.000%
RET_OP_EXEC_COUNT_1                           12931172      100.000%         25864365      100.000%
RET_OP_EXEC_COUNT_2                                  0        0.000%                0        0.000%
RET_OP_EXEC_COUNT_3                                  0        0.000%                0        0.000%
RET_OP_EXEC_COUNT_4                                  0        0.000%                0        0.000%
RET_OP_EXEC_COUNT_5                                  0        0.000%                0        0.000%
RET_OP_EXEC_COUNT_6                                  0        0.000%                0        0.000%
RET_OP_EXEC_COUNT_7                                  0        0.000%                0        0.000%
RET_OP_EXEC_COUNT_8                                  0        0.000%                0        0.000%
RET_OP_EXEC_COUNT_9                                  0        0.000%                0        0.000%
RET_OP_EXEC_COUNT_10                                 0        0.000%                0        0.000%
RET_OP_EXEC_COUNT_11                                 0        0.000%                0        0.000%
RET_OP_EXEC_COUNT_12                                 0        0.000%                0        0.000%
RET_OP_EXEC_COUNT_13                                 0        0.000%                0        0.000%
RET_OP_EXEC_COUNT_14                                 0        0.000%                0        0.000%
RET_OP_EXEC_COUNT_15                                 0        0.000%                0        0.000%
RET_OP_EXEC_COUNT_16                                 0        0.000%                0        0.000%
RET_OP_EXEC_COUNT_17                                 0        0.000%                0        0.000%
RET_OP_EXEC_COUNT_18                                 0        0.000%                0        0.000%
RET_OP_EXEC_COUNT_19                                 0        0.000%                0        0.000%
RET_OP_EXEC_COUNT_20                                 0        0.000%                0        0.000%
RET_OP_EXEC_COUNT_21                                 0        0.000%                0        0.000%
RET_OP_EXEC_COUNT_22                                 0        0.000%                0        0.000%
RET_OP_EXEC_COUNT_23                                 0        0.000%                0        0.000%
RET_OP_EXEC_COUNT_24                                 0        0.000%                0        0.000%
RET_OP_EXEC_COUNT_25                                 0        0.000%                0        0.000%
RET_OP_EXEC_COUNT_26                                 0        0.000%                0        0.000%
RET_OP_EXEC_COUNT_27                                 0        0.000%                0        0.000%
RET_OP_EXEC_COUNT_28                                 0        0.000%                0        0.000%
RET_OP_EXEC_COUNT_29                                 0        0.000%                0        0.000%
RET_OP_EXEC_COUNT_30                                 0        0.000%                0        0.000%
RET_OP_EXEC_COUNT_31                                 0        0.000%                0        0.000%
RET_OP_EXEC_COUNT_32                                 0        0.000%                0        0.000%
                                              12931172      100.000%         25864365      100.000%
                                                  1.00         0.00              1.00         0.00

RET_STALL_LENGTH_0                            12931084       99.999%         25863620       99.997%
RET_STALL_LENGTH_100                                84        0.001%              688        0.003%
RET_STALL_LENGTH_200                                 1        0.000%               31        0.000%
RET_STALL_LENGTH_300                                 0        0.000%                5        0.000%
RET_STALL_LENGTH_400                                 0        0.000%                5        0.000%
RET_STALL_LENGTH_500                                 0        0.000%                2        0.000%
RET_STALL_LENGTH_600                                 0        0.000%                1        0.000%
RET_STALL_LENGTH_700                                 0        0.000%                1        0.000%
RET_STALL_LENGTH_800                                 1        0.000%                3        0.000%
RET_STALL_LENGTH_900                                 1        0.000%                1        0.000%
RET_STALL_LENGTH_1000                                0        0.000%                1        0.000%
RET_STALL_LENGTH_1100                                0        0.000%                1        0.000%
RET_STALL_LENGTH_1200                                1        0.000%                5        0.000%
RET_STALL_LENGTH_1300                                0        0.000%                1        0.000%
RET_STALL_LENGTH_1400                                0        0.000%                0        0.000%
RET_STALL_LENGTH_1500                                0        0.000%                0        0.000%
RET_STALL_LENGTH_1600                                0        0.000%                0        0.000%
RET_STALL_LENGTH_1700                                0        0.000%                0        0.000%
RET_STALL_LENGTH_1800                                0        0.000%                0        0.000%
RET_STALL_LENGTH_1900                                0        0.000%                0        0.000%
RET_STALL_LENGTH_2000                                0        0.000%                0        0.000%
RET_STALL_LENGTH_2100                                0        0.000%                0        0.000%
RET_STALL_LENGTH_2200                                0        0.000%                0        0.000%
RET_STALL_LENGTH_2300                                0        0.000%                0        0.000%
RET_STALL_LENGTH_2400                                0        0.000%                0        0.000%
RET_STALL_LENGTH_2500                                0        0.000%                0        0.000%
RET_STALL_LENGTH_2600                                0        0.000%                0        0.000%
RET_STALL_LENGTH_2700                                0        0.000%                0        0.000%
RET_STALL_LENGTH_2800                                0        0.000%                0        0.000%
RET_STALL_LENGTH_2900                                0        0.000%                0        0.000%
RET_STALL_LENGTH_3000                                0        0.000%                0        0.000%
RET_STALL_LENGTH_3100                                0        0.000%                0        0.000%
RET_STALL_LENGTH_3200                                0        0.000%                0        0.000%
RET_STALL_LENGTH_3300                                0        0.000%                0        0.000%
RET_STALL_LENGTH_3400                                0        0.000%                0        0.000%
RET_STALL_LENGTH_3500                                0        0.000%                0        0.000%
RET_STALL_LENGTH_3600                                0        0.000%                0        0.000%
RET_STALL_LENGTH_3700                                0        0.000%                0        0.000%
RET_STALL_LENGTH_3800                                0        0.000%                0        0.000%
RET_STALL_LENGTH_3900                                0        0.000%                0        0.000%
RET_STALL_LENGTH_4000                                0        0.000%                0        0.000%
RET_STALL_LENGTH_4100                                0        0.000%                0        0.000%
RET_STALL_LENGTH_4200                                0        0.000%                0        0.000%
RET_STALL_LENGTH_4300                                0        0.000%                0        0.000%
RET_STALL_LENGTH_4400                                0        0.000%                0        0.000%
RET_STALL_LENGTH_4500                                0        0.000%                0        0.000%
RET_STALL_LENGTH_4600                                0        0.000%                0        0.000%
RET_STALL_LENGTH_4700                                0        0.000%                0        0.000%
RET_STALL_LENGTH_4800                                0        0.000%                0        0.000%
RET_STALL_LENGTH_4900                                0        0.000%                0        0.000%
RET_STALL_LENGTH_5000                                0        0.000%                0        0.000%
                                              12931172      100.000%         25864365      100.000%
                                                  0.00         0.01              0.00         0.01

MEM_BLOCK_LENGTH_0                                   0         -nan%               16       94.118%
MEM_BLOCK_LENGTH_100                                 0         -nan%                1        5.882%
MEM_BLOCK_LENGTH_200                                 0         -nan%                0        0.000%
MEM_BLOCK_LENGTH_300                                 0         -nan%                0        0.000%
MEM_BLOCK_LENGTH_400                                 0         -nan%                0        0.000%
MEM_BLOCK_LENGTH_500                                 0         -nan%                0        0.000%
MEM_BLOCK_LENGTH_600                                 0         -nan%                0        0.000%
MEM_BLOCK_LENGTH_700                                 0         -nan%                0        0.000%
MEM_BLOCK_LENGTH_800                                 0         -nan%                0        0.000%
MEM_BLOCK_LENGTH_900                                 0         -nan%                0        0.000%
MEM_BLOCK_LENGTH_1000                                0         -nan%                0        0.000%
MEM_BLOCK_LENGTH_1100                                0         -nan%                0        0.000%
MEM_BLOCK_LENGTH_1200                                0         -nan%                0        0.000%
MEM_BLOCK_LENGTH_1300                                0         -nan%                0        0.000%
MEM_BLOCK_LENGTH_1400                                0         -nan%                0        0.000%
MEM_BLOCK_LENGTH_1500                                0         -nan%                0        0.000%
MEM_BLOCK_LENGTH_1600                                0         -nan%                0        0.000%
MEM_BLOCK_LENGTH_1700                                0         -nan%                0        0.000%
MEM_BLOCK_LENGTH_1800                                0         -nan%                0        0.000%
MEM_BLOCK_LENGTH_1900                                0         -nan%                0        0.000%
MEM_BLOCK_LENGTH_2000                                0         -nan%                0        0.000%
MEM_BLOCK_LENGTH_2100                                0         -nan%                0        0.000%
MEM_BLOCK_LENGTH_2200                                0         -nan%                0        0.000%
MEM_BLOCK_LENGTH_2300                                0         -nan%                0        0.000%
MEM_BLOCK_LENGTH_2400                                0         -nan%                0        0.000%
MEM_BLOCK_LENGTH_2500                                0         -nan%                0        0.000%
MEM_BLOCK_LENGTH_2600                                0         -nan%                0        0.000%
MEM_BLOCK_LENGTH_2700                                0         -nan%                0        0.000%
MEM_BLOCK_LENGTH_2800                                0         -nan%                0        0.000%
MEM_BLOCK_LENGTH_2900                                0         -nan%                0        0.000%
MEM_BLOCK_LENGTH_3000                                0         -nan%                0        0.000%
MEM_BLOCK_LENGTH_3100                                0         -nan%                0        0.000%
MEM_BLOCK_LENGTH_3200                                0         -nan%                0        0.000%
MEM_BLOCK_LENGTH_3300                                0         -nan%                0        0.000%
MEM_BLOCK_LENGTH_3400                                0         -nan%                0        0.000%
MEM_BLOCK_LENGTH_3500                                0         -nan%                0        0.000%
MEM_BLOCK_LENGTH_3600                                0         -nan%                0        0.000%
MEM_BLOCK_LENGTH_3700                                0         -nan%                0        0.000%
MEM_BLOCK_LENGTH_3800                                0         -nan%                0        0.000%
MEM_BLOCK_LENGTH_3900                                0         -nan%                0        0.000%
MEM_BLOCK_LENGTH_4000                                0         -nan%                0        0.000%
MEM_BLOCK_LENGTH_4100                                0         -nan%                0        0.000%
MEM_BLOCK_LENGTH_4200                                0         -nan%                0        0.000%
MEM_BLOCK_LENGTH_4300                                0         -nan%                0        0.000%
MEM_BLOCK_LENGTH_4400                                0         -nan%                0        0.000%
MEM_BLOCK_LENGTH_4500                                0         -nan%                0        0.000%
MEM_BLOCK_LENGTH_4600                                0         -nan%                0        0.000%
MEM_BLOCK_LENGTH_4700                                0         -nan%                0        0.000%
MEM_BLOCK_LENGTH_4800                                0         -nan%                0        0.000%
MEM_BLOCK_LENGTH_4900                                0         -nan%                0        0.000%
MEM_BLOCK_LENGTH_5000                                0         -nan%                0        0.000%
                                                     0         -nan%               17      100.000%
                                                  -nan         -nan              0.06         0.24

FUS_BUSY_ON_PATH                              13806036        4.0418         27618895        3.8709

FUS_BUSY_OFF_PATH                               705732        0.2066          1911854        0.2680

FU_BUSY_MEM_STALL                               351109        0.1028           716865        0.1005

FUS_EMPTY                                     12814600        3.7516         27548683        3.8611

FU_UNAVAILABLE                                  533156        0.1561          1065027        0.1493

FU_MEM_UNAVAILABLE                              249089        0.0729           506645        0.0710

FU_REPLAY                                            0        0.0000                0        0.0000

FU_STARVED                                    12769426        3.7383         27432316        3.8448

CHIP_UTILIZATION                                     0        0.0000                0        0.0000

CYCLES_UNDER_MEM_REQ                                 0                              0              

CYCLES_UNDER_NO_MEM_REQ                              0                              0              

CYCLES_UNDER_CRITICAL_MEM_REQ                        0                              0              

CYCLES_UNDER_NONCRITICAL_MEM_REQ                     0                              0              

CHIP_UTILIZATION_UNDER_MEM_REQ                       0          -nan                0          -nan

CHIP_UTILIZATION_UNDER_NO_MEM_REQ                    0          -nan                0          -nan

CHIP_UTILIZATION_UNDER_CRITICAL_MEM_REQ              0          -nan                0          -nan

CHIP_UTILIZATION_UNDER_NONCRITICAL_MEM_REQ             0          -nan                0          -nan

CYCLES_NOT_WAITING_FOR_OFF_CHIP                      0        0.0000                0        0.0000

FUS_BUSY_NOT_WAITING_FOR_OFF_CHIP                    0          -nan                0          -nan

CYCLES_WAITING_FOR_OFF_CHIP                          0        0.0000                0        0.0000

FUS_BUSY_WAITING_FOR_OFF_CHIP                        0          -nan                0          -nan

TOTAL_OFF_CHIP_DELAYS_LEFT                           0                              0              

WRONG_IO_SCHED                                       0                              0              

DVFS_CONFIG_SWITCH                                   0                              0              

MAP_STAGE_RECEIVED_OPS_0                             0        0.000%                0        0.000%
MAP_STAGE_RECEIVED_OPS_1                        142194        5.053%           284888        5.060%
MAP_STAGE_RECEIVED_OPS_2                        230248        8.183%           465069        8.260%
MAP_STAGE_RECEIVED_OPS_3                        322652       11.467%           645040       11.457%
MAP_STAGE_RECEIVED_OPS_4                        301833       10.727%           603636       10.722%
MAP_STAGE_RECEIVED_OPS_5                        756273       26.877%          1513987       26.891%
MAP_STAGE_RECEIVED_OPS_6                       1060601       37.693%          2117500       37.610%
MAP_STAGE_RECEIVED_OPS_7                             0        0.000%                0        0.000%
MAP_STAGE_RECEIVED_OPS_8                             0        0.000%                0        0.000%
MAP_STAGE_RECEIVED_OPS_MAX                           0        0.000%                0        0.000%
                                               2813801      100.000%          5630120      100.000%
                                                  4.59         1.52              4.59         1.53

MAP_STAGE_WAIT_FOR_DECODE                            0         -nan%                0         -nan%
MAP_STAGE_CONSUME_DECODE                             0         -nan%                0         -nan%
                                                     0         -nan%                0         -nan%
                                                  -nan         -nan              -nan         -nan

MAP_STAGE_WAIT_FOR_DECODE2                           0         -nan%                0         -nan%
MAP_STAGE_CONSUME_DECODE2                            0         -nan%                0         -nan%
                                                     0         -nan%                0         -nan%
                                                  -nan         -nan              -nan         -nan

FTQ_RECOVER_EXEC                                 11556                          30179              

FTQ_RECOVER_DECODE                                   3                            261              

FTQ_OFFPATH_CYCLES                              494166                        1354157              

FTQ_CYCLES_OFFPATH                              862959                        2178236              

FTQ_CYCLES_ONPATH                              2552837                        4956693              

FTQ_FETCHED_INS_OFFPATH                        4839424                       12555903              

FTQ_FETCHED_INS_ONPATH                        12918942                       25833925              

FTQ_BREAK_FULL_FT_ONPATH                       2442998       96.136%          4697922       95.367%
FTQ_BREAK_MAX_CFS_TAKEN_ONPATH                   79079        3.112%           185563        3.767%
FTQ_BREAK_MAX_BYTES_ONPATH                       19116        0.752%            42683        0.866%
FTQ_BREAK_PRED_BR_ONPATH                             0        0.000%                0        0.000%
FTQ_BREAK_BAR_FETCH_ONPATH                           0        0.000%                0        0.000%
                                               2541193      100.000%          4926168      100.000%
                                                  0.05         0.24              0.05         0.26

FTQ_BREAK_FULL_FT_OFFPATH                       808945       92.502%          2004132       90.739%
FTQ_BREAK_MAX_CFS_TAKEN_OFFPATH                  51096        5.843%           160947        7.287%
FTQ_BREAK_MAX_BYTES_OFFPATH                      14477        1.655%            43597        1.974%
FTQ_BREAK_PRED_BR_OFFPATH                            0        0.000%                0        0.000%
FTQ_BREAK_BAR_FETCH_OFFPATH                          0        0.000%                0        0.000%
                                                874518      100.000%          2208676      100.000%
                                                  0.09         0.33              0.11         0.36



