/* -*- Mode: c -*- */
####################################################################################################
Core 0
####################################################################################################
Cumulative:        Cycles: 78576489              Instructions: 20000000              IPC: 0.25453

Periodic:          Cycles: 39018141              Instructions: 10000000              IPC: 0.25629

ST_OP_INV                                            0        0.000%                0        0.000%
ST_OP_NOP                                       136165        0.346%           800631        1.004%
ST_OP_CF                                       9731909       24.718%         19585520       24.568%
ST_OP_MOV                                        99231        0.252%           175374        0.220%
ST_OP_CMOV                                        2271        0.006%             4684        0.006%
ST_OP_LDA                                        33184        0.084%            61593        0.077%
ST_OP_ILD                                       254276        0.646%           458524        0.575%
ST_OP_IST                                      9666994       24.553%         19478685       24.434%
ST_OP_IADD                                    19265705       48.933%         38827353       48.705%
ST_OP_IMUL                                        1357        0.003%             2437        0.003%
ST_OP_IDIV                                         133        0.000%              287        0.000%
ST_OP_ICMP                                       65973        0.168%           119010        0.149%
ST_OP_LOGIC                                      99177        0.252%           177250        0.222%
ST_OP_SHIFT                                      11367        0.029%            20818        0.026%
ST_OP_FLD                                         1106        0.003%             2420        0.003%
ST_OP_FST                                         2396        0.006%             5259        0.007%
ST_OP_FCVT                                           0        0.000%                0        0.000%
ST_OP_FADD                                           0        0.000%                0        0.000%
ST_OP_FMUL                                           0        0.000%                0        0.000%
ST_OP_FMA                                            0        0.000%                0        0.000%
ST_OP_FDIV                                           0        0.000%                0        0.000%
ST_OP_FCMP                                           0        0.000%                0        0.000%
ST_OP_FCMOV                                          0        0.000%                0        0.000%
ST_OP_GATHER                                         0        0.000%                0        0.000%
ST_OP_SCATTER                                        0        0.000%                0        0.000%
ST_OP_PIPELINED_FAST                                14        0.000%               22        0.000%
ST_OP_PIPELINED_MEDIUM                               0        0.000%                0        0.000%
ST_OP_PIPELINED_SLOW                                 0        0.000%                0        0.000%
ST_OP_NOTPIPELINED_MEDIUM                           14        0.000%               24        0.000%
ST_OP_NOTPIPELINED_SLOW                              0        0.000%                0        0.000%
ST_OP_NOTPIPELINED_VERY_SLOW                         0        0.000%                0        0.000%
                                              39371272      100.000%         79719891      100.000%
                                                  6.24         2.52              6.20         2.55

ST_NOT_CF                                     29639363       75.282%         60134371       75.432%
ST_CF_BR                                         13788        0.035%            23527        0.030%
ST_CF_CBR                                      9670981       24.564%         19478441       24.434%
ST_CF_CALL                                       20929        0.053%            37153        0.047%
ST_CF_IBR                                         3432        0.009%             6283        0.008%
ST_CF_ICALL                                        919        0.002%             1625        0.002%
ST_CF_ICO                                            0        0.000%                0        0.000%
ST_CF_RET                                        21860        0.056%            38491        0.048%
ST_CF_SYS                                            0        0.000%                0        0.000%
                                              39371272      100.000%         79719891      100.000%
                                                  0.50         0.76              0.49         0.76

ST_BAR_NONE                                   39371272      100.000%         79719891      100.000%
ST_BAR_FETCH                                         0        0.000%                0        0.000%
ST_BAR_ISSUE                                         0        0.000%                0        0.000%
ST_BAR_BOTH                                          0        0.000%                0        0.000%
                                              39371272      100.000%         79719891      100.000%
                                                  0.00         0.00              0.00         0.00

ST_NOT_MEM                                    29446500       74.792%         59775003       74.981%
ST_MEM_LD                                       255382        0.649%           460944        0.578%
ST_MEM_ST                                      9669390       24.560%         19483944       24.441%
ST_MEM_PF                                            0        0.000%                0        0.000%
ST_MEM_WH                                            0        0.000%                0        0.000%
ST_MEM_EVICT                                         0        0.000%                0        0.000%
                                              39371272      100.000%         79719891      100.000%
                                                  0.50         0.75              0.49         0.75

ST_NOT_MEM_OFFPATH                              183597       70.680%           641004       79.037%
ST_MEM_LD_OFFPATH                                50085       19.281%           110161       13.583%
ST_MEM_ST_OFFPATH                                26077       10.039%            59852        7.380%
ST_MEM_PF_OFFPATH                                    0        0.000%                0        0.000%
ST_MEM_WH_OFFPATH                                    0        0.000%                0        0.000%
ST_MEM_EVIC_OFFPATHT                                 0        0.000%                0        0.000%
                                                259759      100.000%           811017      100.000%
                                                  0.39         0.57              0.28         0.54

ST_OP_ONPATH                                  39371272                       79719891              

ST_OP_OFFPATH                                   259759                         811017              

ST_FAKE_OP_OFFPATH                               41370       15.926%           331410       40.864%
ST_NOT_FAKE_OP_OFFPATH                          218389       84.074%           479607       59.136%
                                                259759      100.000%           811017      100.000%
                                                  0.84         0.78              0.59         0.55

ST_FAKE_REASON_NOT_FAKE                         218389       84.074%           479607       59.136%
ST_FAKE_REASON_REDIRECT_TO_NOT_INSTRUMENTED         41370       15.926%           331410       40.864%
ST_FAKE_REASON_RETURN_TO_NOT_INSTRUMENTED             0        0.000%                0        0.000%
ST_FAKE_REASON_NONRET_CF_TO_NOT_INSTRUMENTED             0        0.000%                0        0.000%
ST_FAKE_REASON_NOT_TAKEN_TO_NOT_INSTRUMENTED             0        0.000%                0        0.000%
ST_FAKE_REASON_WRONG_PATH_STORE_TO_NEW_REGION             0        0.000%                0        0.000%
                                                259759      100.000%           811017      100.000%
                                                  0.16         0.34              0.41         0.38

ST_INST_ONPATH                                10517868                       21563848              

ST_INST_OFFPATH                                 212679                         708095              

STATIC_PIN_NOP                                       0                              0              

DYNAMIC_PIN_REP_GREATER_256                          0                              0              

INST_MAP_UPDATE_JITTED                           23224        0.241%            37284        0.192%
INST_MAP_UPDATE_NPC_INV                              0        0.000%                0        0.000%
INST_MAP_UPDATE_NPC_NOP                              0        0.000%                0        0.000%
INST_MAP_UPDATE_NPC_CF                               0        0.000%                0        0.000%
INST_MAP_UPDATE_NPC_MOV                              0        0.000%                0        0.000%
INST_MAP_UPDATE_NPC_CMOV                             0        0.000%                0        0.000%
INST_MAP_UPDATE_NPC_LDA                              0        0.000%                0        0.000%
INST_MAP_UPDATE_NPC_IMEM                             0        0.000%                0        0.000%
INST_MAP_UPDATE_NPC_IADD                             0        0.000%                0        0.000%
INST_MAP_UPDATE_NPC_IMUL                          1220        0.013%             1864        0.010%
INST_MAP_UPDATE_NPC_IDIV                             0        0.000%                0        0.000%
INST_MAP_UPDATE_NPC_ICMP                             0        0.000%                0        0.000%
INST_MAP_UPDATE_NPC_LOGIC                            0        0.000%                0        0.000%
INST_MAP_UPDATE_NPC_SHIFT                            0        0.000%                0        0.000%
INST_MAP_UPDATE_NPC_FMEM                             0        0.000%                0        0.000%
INST_MAP_UPDATE_NPC_FCVT                             0        0.000%                0        0.000%
INST_MAP_UPDATE_NPC_FADD                             0        0.000%                0        0.000%
INST_MAP_UPDATE_NPC_FMUL                             0        0.000%                0        0.000%
INST_MAP_UPDATE_NPC_FMA                              0        0.000%                0        0.000%
INST_MAP_UPDATE_NPC_FDIV                             0        0.000%                0        0.000%
INST_MAP_UPDATE_NPC_FCMP                             0        0.000%                0        0.000%
INST_MAP_UPDATE_NPC_FCMOV                            0        0.000%                0        0.000%
INST_MAP_UPDATE_NPC_GATHER                           0        0.000%                0        0.000%
INST_MAP_UPDATE_NPC_SCATTER                          0        0.000%                0        0.000%
INST_MAP_UPDATE_NPC_PIPELINED_FAST                   0        0.000%                0        0.000%
INST_MAP_UPDATE_NPC_PIPELINED_MEDIUM                 0        0.000%                0        0.000%
INST_MAP_UPDATE_NPC_PIPELINED_SLOW                   0        0.000%                0        0.000%
INST_MAP_UPDATE_NPC_NOTPIPELINED_MEDIUM              0        0.000%                0        0.000%
INST_MAP_UPDATE_NPC_NOTPIPELINED_SLOW                0        0.000%                0        0.000%
INST_MAP_UPDATE_NPC_NOTPIPELINED_VERY_SLOW             0        0.000%                0        0.000%
INST_MAP_UPDATE_MEM_INV                              0        0.000%                0        0.000%
INST_MAP_UPDATE_MEM_NOP                              0        0.000%                0        0.000%
INST_MAP_UPDATE_MEM_CF                               0        0.000%                0        0.000%
INST_MAP_UPDATE_MEM_MOV                        9577078       99.388%         19305219       99.499%
INST_MAP_UPDATE_MEM_CMOV                             7        0.000%                9        0.000%
INST_MAP_UPDATE_MEM_LDA                              0        0.000%                0        0.000%
INST_MAP_UPDATE_MEM_IMEM                             0        0.000%                0        0.000%
INST_MAP_UPDATE_MEM_IADD                             0        0.000%                0        0.000%
INST_MAP_UPDATE_MEM_IMUL                         26788        0.278%            46468        0.239%
INST_MAP_UPDATE_MEM_IDIV                             0        0.000%                0        0.000%
INST_MAP_UPDATE_MEM_ICMP                             0        0.000%                0        0.000%
INST_MAP_UPDATE_MEM_LOGIC                         6497        0.067%             9506        0.049%
INST_MAP_UPDATE_MEM_SHIFT                          796        0.008%             1330        0.007%
INST_MAP_UPDATE_MEM_FMEM                            84        0.001%              128        0.001%
INST_MAP_UPDATE_MEM_FCVT                             0        0.000%                0        0.000%
INST_MAP_UPDATE_MEM_FADD                             0        0.000%                0        0.000%
INST_MAP_UPDATE_MEM_FMUL                             0        0.000%                0        0.000%
INST_MAP_UPDATE_MEM_FMA                              0        0.000%                0        0.000%
INST_MAP_UPDATE_MEM_FDIV                             0        0.000%                0        0.000%
INST_MAP_UPDATE_MEM_FCMP                             0        0.000%                0        0.000%
INST_MAP_UPDATE_MEM_FCMOV                            0        0.000%                0        0.000%
INST_MAP_UPDATE_MEM_GATHER                           0        0.000%                0        0.000%
INST_MAP_UPDATE_MEM_SCATTER                          0        0.000%                0        0.000%
INST_MAP_UPDATE_MEM_PIPELINED_FAST                   0        0.000%                0        0.000%
INST_MAP_UPDATE_MEM_PIPELINED_MEDIUM                 0        0.000%                0        0.000%
INST_MAP_UPDATE_MEM_PIPELINED_SLOW                 357        0.004%              607        0.003%
INST_MAP_UPDATE_MEM_NOTPIPELINED_MEDIUM              0        0.000%                0        0.000%
INST_MAP_UPDATE_MEM_NOTPIPELINED_SLOW                0        0.000%                0        0.000%
INST_MAP_UPDATE_MEM_NOTPIPELINED_VERY_SLOW             0        0.000%                0        0.000%
                                               9636051      100.000%         19402415      100.000%
                                                 32.94         0.47             32.95         0.41



